#
# A fatal error has been detected by the Java Runtime Environment:
#
#  EXCEPTION_ACCESS_VIOLATION (0xc0000005) at pc=0x00007ffb5a3a7fa8, pid=28356, tid=0x000000000000640c
#
# JRE version: Java(TM) SE Runtime Environment (8.0_261-b12) (build 1.8.0_261-b12)
# Java VM: Java HotSpot(TM) 64-Bit Server VM (25.261-b12 mixed mode windows-amd64 compressed oops)
# Problematic frame:
# C  [sgfplib.dll+0x7fa8]
#
# Failed to write core dump. Minidumps are not enabled by default on client versions of Windows
#
# If you would like to submit a bug report, please visit:
#   http://bugreport.java.com/bugreport/crash.jsp
# The crash happened outside the Java Virtual Machine in native code.
# See problematic frame for where to report the bug.
#

---------------  T H R E A D  ---------------

Current thread (0x000001f8feeab000):  JavaThread "pool-1-thread-1" [_thread_in_native, id=25612, stack(0x0000002d22200000,0x0000002d22300000)]

siginfo: ExceptionCode=0xc0000005, reading address 0x0000000000000008

Registers:
RAX=0x0000000000000400, RBX=0x0000000000000000, RCX=0x0000000000000200, RDX=0x0000000000000000
RSP=0x0000002d222fe790, RBP=0x0000002d222fea78, RSI=0x000001f8fd828060, RDI=0x0000000000000190
R8 =0x0000000000000100, R9 =0x0000000000000000, R10=0x00007ffb5a3c6a88, R11=0x0000000000000000
R12=0x0000000000000000, R13=0x0000000000000100, R14=0x0000000000000100, R15=0x0000000000000300
RIP=0x00007ffb5a3a7fa8, EFLAGS=0x0000000000010246

Top of Stack: (sp=0x0000002d222fe790)
0x0000002d222fe790:   000001f8feeab000 0000000000000100
0x0000002d222fe7a0:   000001f8ffe184c0 0000000000000000
0x0000002d222fe7b0:   0000002d222fe8f8 00007ffb5a3b0993
0x0000002d222fe7c0:   0000000000000002 00000000000000c8
0x0000002d222fe7d0:   fffffffffffffffe 00000000000000c8
0x0000002d222fe7e0:   00000000000000c6 00007ffb5a3afccb
0x0000002d222fe7f0:   00000000000000c8 000001f88a053310
0x0000002d222fe800:   00000000000000c6 00000000000000c6
0x0000002d222fe810:   000001f8feeab000 0000002d222feae0
0x0000002d222fe820:   000001f8ffe184c0 0000000000000000
0x0000002d222fe830:   000001f8fd828060 000000000000005a
0x0000002d222fe840:   0000002d222fea78 00007ffb5a3a8b52
0x0000002d222fe850:   0000000000000000 0000000000000000
0x0000002d222fe860:   0000000000000000 00007ffb00000000
0x0000002d222fe870:   000001f8fe65bb10 000001f88a050100
0x0000002d222fe880:   0000000000000000 0000002d222fe8a0 

Instructions: (pc=0x00007ffb5a3a7fa8)
0x00007ffb5a3a7f88:   8d 4c 24 48 e8 8f ca ff ff eb 10 66 45 3b f5 74
0x00007ffb5a3a7f98:   0f b8 66 00 00 00 e9 c1 01 00 00 b9 00 02 00 00
0x00007ffb5a3a7fa8:   0f b6 43 08 66 c1 e0 08 44 0f b7 e0 0f b6 43 09
0x00007ffb5a3a7fb8:   44 0b e0 b8 00 04 00 00 0f b7 ac 24 e8 00 00 00 


Register to memory mapping:

RAX=0x0000000000000400 is an unknown value
RBX=0x0000000000000000 is an unknown value
RCX=0x0000000000000200 is an unknown value
RDX=0x0000000000000000 is an unknown value
RSP=0x0000002d222fe790 is pointing into the stack for thread: 0x000001f8feeab000
RBP=0x0000002d222fea78 is pointing into the stack for thread: 0x000001f8feeab000
RSI=0x000001f8fd828060 is an unknown value
RDI=0x0000000000000190 is an unknown value
R8 =0x0000000000000100 is an unknown value
R9 =0x0000000000000000 is an unknown value
R10=0x00007ffb5a3c6a88 is an unknown value
R11=0x0000000000000000 is an unknown value
R12=0x0000000000000000 is an unknown value
R13=0x0000000000000100 is an unknown value
R14=0x0000000000000100 is an unknown value
R15=0x0000000000000300 is an unknown value


Stack: [0x0000002d22200000,0x0000002d22300000],  sp=0x0000002d222fe790,  free space=1017k
Native frames: (J=compiled Java code, j=interpreted, Vv=VM code, C=native code)
C  [sgfplib.dll+0x7fa8]
C  [sgfplib.dll+0x8b52]
C  [sgfplib.dll+0x8a07]
C  [jnisgfplib.dll+0x27a4]
C  0x000001f8e9a64c47

Java frames: (J=compiled Java code, j=interpreted, Vv=VM code)
j  SecuGen.FDxSDKPro.jni.JSGFPLib.MatchIsoTemplate([BJ[BJJ[Z)J+0
j  com.nmrs.umb.biometriclinux.main.FingerPrintUtilImpl.getMatchedRecord(Ljava/util/List;[Z[B)I+118
j  com.nmrs.umb.biometriclinux.main.FingerPrintUtilImpl.lambda$verify$0(Ljava/util/List;[Z[BLjava/util/concurrent/ConcurrentHashMap;Ljava/util/concurrent/ExecutorService;)V+4
j  com.nmrs.umb.biometriclinux.main.FingerPrintUtilImpl$$Lambda$414.run()V+24
j  java.lang.Thread.run()V+11
j  java.util.concurrent.Executors$RunnableAdapter.call()Ljava/lang/Object;+4
j  java.util.concurrent.FutureTask.run$$$capture()V+42
j  java.util.concurrent.FutureTask.run()V+5
j  java.util.concurrent.ThreadPoolExecutor.runWorker(Ljava/util/concurrent/ThreadPoolExecutor$Worker;)V+95
j  java.util.concurrent.ThreadPoolExecutor$Worker.run()V+5
j  java.lang.Thread.run()V+11
v  ~StubRoutines::call_stub

---------------  P R O C E S S  ---------------

Java Threads: ( => current thread )
=>0x000001f8feeab000 JavaThread "pool-1-thread-1" [_thread_in_native, id=25612, stack(0x0000002d22200000,0x0000002d22300000)]
  0x000001f8feead000 JavaThread "mysql-cj-abandoned-connection-cleanup" daemon [_thread_blocked, id=20704, stack(0x0000002d22100000,0x0000002d22200000)]
  0x000001f8feea9800 JavaThread "RMI TCP Connection(idle)" daemon [_thread_blocked, id=30808, stack(0x0000002d21d00000,0x0000002d21e00000)]
  0x000001f8fe86c000 JavaThread "DestroyJavaVM" [_thread_blocked, id=31656, stack(0x0000002d1f300000,0x0000002d1f400000)]
  0x000001f8fe86b800 JavaThread "http-nio-2018-Acceptor-0" daemon [_thread_in_native, id=32792, stack(0x0000002d21c00000,0x0000002d21d00000)]
  0x000001f8fe86a800 JavaThread "http-nio-2018-ClientPoller-1" daemon [_thread_in_native, id=30728, stack(0x0000002d21b00000,0x0000002d21c00000)]
  0x000001f8fe86f000 JavaThread "http-nio-2018-ClientPoller-0" daemon [_thread_in_native, id=25516, stack(0x0000002d21a00000,0x0000002d21b00000)]
  0x000001f8fe870800 JavaThread "http-nio-2018-exec-10" daemon [_thread_blocked, id=31200, stack(0x0000002d21900000,0x0000002d21a00000)]
  0x000001f8fe870000 JavaThread "http-nio-2018-exec-9" daemon [_thread_blocked, id=22384, stack(0x0000002d21800000,0x0000002d21900000)]
  0x000001f8fe86d000 JavaThread "http-nio-2018-exec-8" daemon [_thread_blocked, id=32080, stack(0x0000002d21700000,0x0000002d21800000)]
  0x000001f8fe86e800 JavaThread "http-nio-2018-exec-7" daemon [_thread_blocked, id=27392, stack(0x0000002d21600000,0x0000002d21700000)]
  0x000001f8fe871800 JavaThread "http-nio-2018-exec-6" daemon [_thread_blocked, id=3500, stack(0x0000002d21500000,0x0000002d21600000)]
  0x000001f8fe86d800 JavaThread "http-nio-2018-exec-5" daemon [_thread_blocked, id=30564, stack(0x0000002d21400000,0x0000002d21500000)]
  0x000001f8fee70800 JavaThread "http-nio-2018-exec-4" daemon [_thread_blocked, id=28496, stack(0x0000002d21300000,0x0000002d21400000)]
  0x000001f8fee70000 JavaThread "http-nio-2018-exec-3" daemon [_thread_blocked, id=23912, stack(0x0000002d21200000,0x0000002d21300000)]
  0x000001f8fee69000 JavaThread "http-nio-2018-exec-2" daemon [_thread_blocked, id=33128, stack(0x0000002d21100000,0x0000002d21200000)]
  0x000001f8fee68800 JavaThread "http-nio-2018-exec-1" daemon [_thread_blocked, id=19968, stack(0x0000002d21000000,0x0000002d21100000)]
  0x000001f8fee67800 JavaThread "NioBlockingSelector.BlockPoller-1" daemon [_thread_in_native, id=22828, stack(0x0000002d20f00000,0x0000002d21000000)]
  0x000001f8fe82d800 JavaThread "container-0" [_thread_blocked, id=27640, stack(0x0000002d20e00000,0x0000002d20f00000)]
  0x000001f8fe828000 JavaThread "Catalina-utility-1" [_thread_blocked, id=28012, stack(0x0000002d20d00000,0x0000002d20e00000)]
  0x000001f8fec9e000 JavaThread "RMI Scheduler(0)" daemon [_thread_blocked, id=31848, stack(0x0000002d20c00000,0x0000002d20d00000)]
  0x000001f8fec96800 JavaThread "RMI TCP Connection(idle)" daemon [_thread_blocked, id=27740, stack(0x0000002d20b00000,0x0000002d20c00000)]
  0x000001f8fd4fb800 JavaThread "RMI TCP Accept-0" daemon [_thread_in_native, id=31904, stack(0x0000002d20900000,0x0000002d20a00000)]
  0x000001f8fcf3f800 JavaThread "Service Thread" daemon [_thread_blocked, id=27060, stack(0x0000002d20800000,0x0000002d20900000)]
  0x000001f8fce13800 JavaThread "C1 CompilerThread3" daemon [_thread_blocked, id=12028, stack(0x0000002d20700000,0x0000002d20800000)]
  0x000001f8fce13000 JavaThread "C2 CompilerThread2" daemon [_thread_blocked, id=24212, stack(0x0000002d20600000,0x0000002d20700000)]
  0x000001f8fce12000 JavaThread "C2 CompilerThread1" daemon [_thread_blocked, id=29864, stack(0x0000002d20500000,0x0000002d20600000)]
  0x000001f8fce0f800 JavaThread "C2 CompilerThread0" daemon [_thread_blocked, id=28092, stack(0x0000002d20400000,0x0000002d20500000)]
  0x000001f8fae16000 JavaThread "JDWP Command Reader" daemon [_thread_in_native, id=29176, stack(0x0000002d20300000,0x0000002d20400000)]
  0x000001f8fae15000 JavaThread "JDWP Event Helper Thread" daemon [_thread_blocked, id=29576, stack(0x0000002d20200000,0x0000002d20300000)]
  0x000001f8fae13000 JavaThread "JDWP Transport Listener: dt_socket" daemon [_thread_blocked, id=31016, stack(0x0000002d20100000,0x0000002d20200000)]
  0x000001f8fadf7000 JavaThread "Attach Listener" daemon [_thread_blocked, id=28320, stack(0x0000002d20000000,0x0000002d20100000)]
  0x000001f8fadf6800 JavaThread "Signal Dispatcher" daemon [_thread_blocked, id=29172, stack(0x0000002d1ff00000,0x0000002d20000000)]
  0x000001f8fadc7000 JavaThread "Finalizer" daemon [_thread_blocked, id=6032, stack(0x0000002d1fe00000,0x0000002d1ff00000)]
  0x000001f8fadc5800 JavaThread "Reference Handler" daemon [_thread_blocked, id=31208, stack(0x0000002d1fd00000,0x0000002d1fe00000)]

Other Threads:
  0x000001f8fad9d800 VMThread [stack: 0x0000002d1fc00000,0x0000002d1fd00000] [id=29364]
  0x000001f8fd509800 WatcherThread [stack: 0x0000002d20a00000,0x0000002d20b00000] [id=29088]

VM state:not at safepoint (normal execution)

VM Mutex/Monitor currently owned by a thread: None

heap address: 0x00000006c0000000, size: 4096 MB, Compressed Oops mode: Zero based, Oop shift amount: 3
Narrow klass base: 0x0000000000000000, Narrow klass shift: 3
Compressed class space size: 1073741824 Address: 0x00000007c0000000

Heap:
 PSYoungGen      total 305664K, used 179548K [0x000000076ab00000, 0x0000000786380000, 0x00000007c0000000)
  eden space 262144K, 57% used [0x000000076ab00000,0x0000000773d41d98,0x000000077ab00000)
  from space 43520K, 68% used [0x000000077ab00000,0x000000077c8155d8,0x000000077d580000)
  to   space 43520K, 0% used [0x0000000783900000,0x0000000783900000,0x0000000786380000)
 ParOldGen       total 699392K, used 25008K [0x00000006c0000000, 0x00000006eab00000, 0x000000076ab00000)
  object space 699392K, 3% used [0x00000006c0000000,0x00000006c186c280,0x00000006eab00000)
 Metaspace       used 35509K, capacity 37128K, committed 37248K, reserved 1081344K
  class space    used 4638K, capacity 4964K, committed 4992K, reserved 1048576K

Card table byte_map: [0x000001f8f8e00000,0x000001f8f9610000] byte_map_base: 0x000001f8f5800000

Marking Bits: (ParMarkBitMap*) 0x000000006eaf4fb0
 Begin Bits: [0x000001f880000000, 0x000001f884000000)
 End Bits:   [0x000001f884000000, 0x000001f888000000)

Polling page: 0x000001f8e8180000

CodeCache: size=245760Kb used=7981Kb max_used=7981Kb free=237778Kb
 bounds [0x000001f8e9a40000, 0x000001f8ea210000, 0x000001f8f8a40000]
 total_blobs=4058 nmethods=3553 adapters=425
 compilation: enabled

Compilation events (10 events):
Event: 72.537 Thread 0x000001f8fce13800 3590       1       java.text.DecimalFormat::setMaximumIntegerDigits (87 bytes)
Event: 72.538 Thread 0x000001f8fce13800 nmethod 3590 0x000001f8ea20acd0 code [0x000001f8ea20ae20, 0x000001f8ea20afd8]
Event: 72.538 Thread 0x000001f8fce13800 3591       1       java.text.NumberFormat::setMaximumIntegerDigits (29 bytes)
Event: 72.538 Thread 0x000001f8fce13800 nmethod 3591 0x000001f8ea20b050 code [0x000001f8ea20b1a0, 0x000001f8ea20b2d8]
Event: 72.541 Thread 0x000001f8fce13800 3592   !   1       java.text.DecimalFormat::format (255 bytes)
Event: 72.543 Thread 0x000001f8fce13800 nmethod 3592 0x000001f8ea20b350 code [0x000001f8ea20b4e0, 0x000001f8ea20bba0]
Event: 72.543 Thread 0x000001f8fce13800 3593       1       java.text.DecimalFormat::getPositivePrefixFieldPositions (41 bytes)
Event: 72.543 Thread 0x000001f8fce13800 nmethod 3593 0x000001f8ea20bed0 code [0x000001f8ea20c020, 0x000001f8ea20c1f0]
Event: 72.543 Thread 0x000001f8fce13800 3594       1       java.text.DecimalFormat::getPositiveSuffixFieldPositions (41 bytes)
Event: 72.544 Thread 0x000001f8fce13800 nmethod 3594 0x000001f8ea20c290 code [0x000001f8ea20c3e0, 0x000001f8ea20c5b0]

GC Heap History (10 events):
Event: 5.899 GC heap before
{Heap before GC invocations=1 (full 0):
 PSYoungGen      total 305664K, used 157294K [0x000000076ab00000, 0x0000000780000000, 0x00000007c0000000)
  eden space 262144K, 60% used [0x000000076ab00000,0x000000077449ba48,0x000000077ab00000)
  from space 43520K, 0% used [0x000000077d580000,0x000000077d580000,0x0000000780000000)
  to   space 43520K, 0% used [0x000000077ab00000,0x000000077ab00000,0x000000077d580000)
 ParOldGen       total 699392K, used 0K [0x00000006c0000000, 0x00000006eab00000, 0x000000076ab00000)
  object space 699392K, 0% used [0x00000006c0000000,0x00000006c0000000,0x00000006eab00000)
 Metaspace       used 20691K, capacity 21226K, committed 21296K, reserved 1067008K
  class space    used 2726K, capacity 2896K, committed 2944K, reserved 1048576K
Event: 5.927 GC heap after
Heap after GC invocations=1 (full 0):
 PSYoungGen      total 305664K, used 14545K [0x000000076ab00000, 0x0000000780000000, 0x00000007c0000000)
  eden space 262144K, 0% used [0x000000076ab00000,0x000000076ab00000,0x000000077ab00000)
  from space 43520K, 33% used [0x000000077ab00000,0x000000077b934510,0x000000077d580000)
  to   space 43520K, 0% used [0x000000077d580000,0x000000077d580000,0x0000000780000000)
 ParOldGen       total 699392K, used 24K [0x00000006c0000000, 0x00000006eab00000, 0x000000076ab00000)
  object space 699392K, 0% used [0x00000006c0000000,0x00000006c0006000,0x00000006eab00000)
 Metaspace       used 20691K, capacity 21226K, committed 21296K, reserved 1067008K
  class space    used 2726K, capacity 2896K, committed 2944K, reserved 1048576K
}
Event: 5.927 GC heap before
{Heap before GC invocations=2 (full 1):
 PSYoungGen      total 305664K, used 14545K [0x000000076ab00000, 0x0000000780000000, 0x00000007c0000000)
  eden space 262144K, 0% used [0x000000076ab00000,0x000000076ab00000,0x000000077ab00000)
  from space 43520K, 33% used [0x000000077ab00000,0x000000077b934510,0x000000077d580000)
  to   space 43520K, 0% used [0x000000077d580000,0x000000077d580000,0x0000000780000000)
 ParOldGen       total 699392K, used 24K [0x00000006c0000000, 0x00000006eab00000, 0x000000076ab00000)
  object space 699392K, 0% used [0x00000006c0000000,0x00000006c0006000,0x00000006eab00000)
 Metaspace       used 20691K, capacity 21226K, committed 21296K, reserved 1067008K
  class space    used 2726K, capacity 2896K, committed 2944K, reserved 1048576K
Event: 6.008 GC heap after
Heap after GC invocations=2 (full 1):
 PSYoungGen      total 305664K, used 0K [0x000000076ab00000, 0x0000000780000000, 0x00000007c0000000)
  eden space 262144K, 0% used [0x000000076ab00000,0x000000076ab00000,0x000000077ab00000)
  from space 43520K, 0% used [0x000000077ab00000,0x000000077ab00000,0x000000077d580000)
  to   space 43520K, 0% used [0x000000077d580000,0x000000077d580000,0x0000000780000000)
 ParOldGen       total 699392K, used 13862K [0x00000006c0000000, 0x00000006eab00000, 0x000000076ab00000)
  object space 699392K, 1% used [0x00000006c0000000,0x00000006c0d89a30,0x00000006eab00000)
 Metaspace       used 20689K, capacity 21220K, committed 21296K, reserved 1067008K
  class space    used 2726K, capacity 2895K, committed 2944K, reserved 1048576K
}
Event: 70.205 GC heap before
{Heap before GC invocations=3 (full 1):
 PSYoungGen      total 305664K, used 199700K [0x000000076ab00000, 0x0000000780000000, 0x00000007c0000000)
  eden space 262144K, 76% used [0x000000076ab00000,0x0000000776e051e8,0x000000077ab00000)
  from space 43520K, 0% used [0x000000077ab00000,0x000000077ab00000,0x000000077d580000)
  to   space 43520K, 0% used [0x000000077d580000,0x000000077d580000,0x0000000780000000)
 ParOldGen       total 699392K, used 13862K [0x00000006c0000000, 0x00000006eab00000, 0x000000076ab00000)
  object space 699392K, 1% used [0x00000006c0000000,0x00000006c0d89a30,0x00000006eab00000)
 Metaspace       used 33809K, capacity 35398K, committed 35496K, reserved 1079296K
  class space    used 4477K, capacity 4797K, committed 4864K, reserved 1048576K
Event: 70.228 GC heap after
Heap after GC invocations=3 (full 1):
 PSYoungGen      total 305664K, used 20971K [0x000000076ab00000, 0x0000000782880000, 0x00000007c0000000)
  eden space 262144K, 0% used [0x000000076ab00000,0x000000076ab00000,0x000000077ab00000)
  from space 43520K, 48% used [0x000000077d580000,0x000000077e9fad00,0x0000000780000000)
  to   space 43520K, 0% used [0x000000077ab00000,0x000000077ab00000,0x000000077d580000)
 ParOldGen       total 699392K, used 13934K [0x00000006c0000000, 0x00000006eab00000, 0x000000076ab00000)
  object space 699392K, 1% used [0x00000006c0000000,0x00000006c0d9ba40,0x00000006eab00000)
 Metaspace       used 33809K, capacity 35398K, committed 35496K, reserved 1079296K
  class space    used 4477K, capacity 4797K, committed 4864K, reserved 1048576K
}
Event: 70.228 GC heap before
{Heap before GC invocations=4 (full 2):
 PSYoungGen      total 305664K, used 20971K [0x000000076ab00000, 0x0000000782880000, 0x00000007c0000000)
  eden space 262144K, 0% used [0x000000076ab00000,0x000000076ab00000,0x000000077ab00000)
  from space 43520K, 48% used [0x000000077d580000,0x000000077e9fad00,0x0000000780000000)
  to   space 43520K, 0% used [0x000000077ab00000,0x000000077ab00000,0x000000077d580000)
 ParOldGen       total 699392K, used 13934K [0x00000006c0000000, 0x00000006eab00000, 0x000000076ab00000)
  object space 699392K, 1% used [0x00000006c0000000,0x00000006c0d9ba40,0x00000006eab00000)
 Metaspace       used 33809K, capacity 35398K, committed 35496K, reserved 1079296K
  class space    used 4477K, capacity 4797K, committed 4864K, reserved 1048576K
Event: 70.296 GC heap after
Heap after GC invocations=4 (full 2):
 PSYoungGen      total 305664K, used 0K [0x000000076ab00000, 0x0000000782880000, 0x00000007c0000000)
  eden space 262144K, 0% used [0x000000076ab00000,0x000000076ab00000,0x000000077ab00000)
  from space 43520K, 0% used [0x000000077d580000,0x000000077d580000,0x0000000780000000)
  to   space 43520K, 0% used [0x000000077ab00000,0x000000077ab00000,0x000000077d580000)
 ParOldGen       total 699392K, used 25000K [0x00000006c0000000, 0x00000006eab00000, 0x000000076ab00000)
  object space 699392K, 3% used [0x00000006c0000000,0x00000006c186a280,0x00000006eab00000)
 Metaspace       used 33809K, capacity 35398K, committed 35496K, reserved 1079296K
  class space    used 4477K, capacity 4797K, committed 4864K, reserved 1048576K
}
Event: 72.143 GC heap before
{Heap before GC invocations=5 (full 2):
 PSYoungGen      total 305664K, used 262144K [0x000000076ab00000, 0x0000000782880000, 0x00000007c0000000)
  eden space 262144K, 100% used [0x000000076ab00000,0x000000077ab00000,0x000000077ab00000)
  from space 43520K, 0% used [0x000000077d580000,0x000000077d580000,0x0000000780000000)
  to   space 43520K, 0% used [0x000000077ab00000,0x000000077ab00000,0x000000077d580000)
 ParOldGen       total 699392K, used 25000K [0x00000006c0000000, 0x00000006eab00000, 0x000000076ab00000)
  object space 699392K, 3% used [0x00000006c0000000,0x00000006c186a280,0x00000006eab00000)
 Metaspace       used 35472K, capacity 37128K, committed 37248K, reserved 1081344K
  class space    used 4638K, capacity 4964K, committed 4992K, reserved 1048576K
Event: 72.161 GC heap after
Heap after GC invocations=5 (full 2):
 PSYoungGen      total 305664K, used 29781K [0x000000076ab00000, 0x0000000786380000, 0x00000007c0000000)
  eden space 262144K, 0% used [0x000000076ab00000,0x000000076ab00000,0x000000077ab00000)
  from space 43520K, 68% used [0x000000077ab00000,0x000000077c8155d8,0x000000077d580000)
  to   space 43520K, 0% used [0x0000000783900000,0x0000000783900000,0x0000000786380000)
 ParOldGen       total 699392K, used 25008K [0x00000006c0000000, 0x00000006eab00000, 0x000000076ab00000)
  object space 699392K, 3% used [0x00000006c0000000,0x00000006c186c280,0x00000006eab00000)
 Metaspace       used 35472K, capacity 37128K, committed 37248K, reserved 1081344K
  class space    used 4638K, capacity 4964K, committed 4992K, reserved 1048576K
}

Deoptimization events (0 events):
No events

Classes redefined (0 events):
No events

Internal exceptions (10 events):
Event: 11.078 Thread 0x000001f8e7fd9000 Exception <a 'java/lang/ArrayIndexOutOfBoundsException'> (0x000000077426fc28) thrown at [C:\jenkins\workspace\8-2-build-windows-amd64-cygwin\jdk8u261\295\hotspot\src\share\vm\runtime\sharedRuntime.cpp, line 605]
Event: 11.078 Thread 0x000001f8e7fd9000 Exception <a 'java/lang/ArrayIndexOutOfBoundsException'> (0x00000007742726f8) thrown at [C:\jenkins\workspace\8-2-build-windows-amd64-cygwin\jdk8u261\295\hotspot\src\share\vm\runtime\sharedRuntime.cpp, line 605]
Event: 11.079 Thread 0x000001f8e7fd9000 Exception <a 'java/lang/ArrayIndexOutOfBoundsException'> (0x0000000774274f90) thrown at [C:\jenkins\workspace\8-2-build-windows-amd64-cygwin\jdk8u261\295\hotspot\src\share\vm\runtime\sharedRuntime.cpp, line 605]
Event: 11.086 Thread 0x000001f8e7fd9000 Exception <a 'java/lang/ArrayIndexOutOfBoundsException'> (0x000000077429dfc8) thrown at [C:\jenkins\workspace\8-2-build-windows-amd64-cygwin\jdk8u261\295\hotspot\src\share\vm\runtime\sharedRuntime.cpp, line 605]
Event: 11.211 Thread 0x000001f8e7fd9000 Exception <a 'java/lang/ArrayIndexOutOfBoundsException'> (0x00000007749611e0) thrown at [C:\jenkins\workspace\8-2-build-windows-amd64-cygwin\jdk8u261\295\hotspot\src\share\vm\runtime\sharedRuntime.cpp, line 605]
Event: 11.250 Thread 0x000001f8e7fd9000 Exception <a 'java/lang/ArrayIndexOutOfBoundsException'> (0x0000000774b36468) thrown at [C:\jenkins\workspace\8-2-build-windows-amd64-cygwin\jdk8u261\295\hotspot\src\share\vm\runtime\sharedRuntime.cpp, line 605]
Event: 11.316 Thread 0x000001f8e7fd9000 Exception <a 'java/lang/ArrayIndexOutOfBoundsException'> (0x0000000774d8ec38) thrown at [C:\jenkins\workspace\8-2-build-windows-amd64-cygwin\jdk8u261\295\hotspot\src\share\vm\runtime\sharedRuntime.cpp, line 605]
Event: 11.316 Thread 0x000001f8e7fd9000 Exception <a 'java/lang/ArrayIndexOutOfBoundsException'> (0x0000000774d8fbf8) thrown at [C:\jenkins\workspace\8-2-build-windows-amd64-cygwin\jdk8u261\295\hotspot\src\share\vm\runtime\sharedRuntime.cpp, line 605]
Event: 11.316 Thread 0x000001f8e7fd9000 Exception <a 'java/lang/ArrayIndexOutOfBoundsException'> (0x0000000774d91f68) thrown at [C:\jenkins\workspace\8-2-build-windows-amd64-cygwin\jdk8u261\295\hotspot\src\share\vm\runtime\sharedRuntime.cpp, line 605]
Event: 64.421 Thread 0x000001f8fee68800 Exception <a 'java/io/FileNotFoundException'> (0x0000000776779628) thrown at [C:\jenkins\workspace\8-2-build-windows-amd64-cygwin\jdk8u261\295\hotspot\src\share\vm\prims\jni.cpp, line 710]

Events (10 events):
Event: 72.120 loading class java/lang/StrictMath done
Event: 72.121 loading class com/nmrs/umb/biometriclinux/main/FingerPrintUtilImpl
Event: 72.121 loading class com/nmrs/umb/biometriclinux/main/FingerPrintUtilImpl done
Event: 72.123 Thread 0x000001f8feeab000 Thread added: 0x000001f8feeab000
Event: 72.143 Executing VM operation: ParallelGCFailedAllocation
Event: 72.161 Executing VM operation: ParallelGCFailedAllocation done
Event: 72.161 Executing VM operation: RevokeBias
Event: 72.161 Executing VM operation: RevokeBias done
Event: 72.162 Executing VM operation: RevokeBias
Event: 72.162 Executing VM operation: RevokeBias done


Dynamic libraries:
0x00007ff659db0000 - 0x00007ff659df7000 	C:\Program Files\Java\jdk1.8.0_261\bin\java.exe
0x00007ffb82d00000 - 0x00007ffb82ef0000 	C:\WINDOWS\SYSTEM32\ntdll.dll
0x00007ffb81320000 - 0x00007ffb813d2000 	C:\WINDOWS\System32\KERNEL32.DLL
0x00007ffb7ffe0000 - 0x00007ffb80285000 	C:\WINDOWS\System32\KERNELBASE.dll
0x00007ffb819e0000 - 0x00007ffb81a83000 	C:\WINDOWS\System32\ADVAPI32.dll
0x00007ffb81dc0000 - 0x00007ffb81e5e000 	C:\WINDOWS\System32\msvcrt.dll
0x00007ffb82340000 - 0x00007ffb823d7000 	C:\WINDOWS\System32\sechost.dll
0x00007ffb81440000 - 0x00007ffb81560000 	C:\WINDOWS\System32\RPCRT4.dll
0x00007ffb81770000 - 0x00007ffb81904000 	C:\WINDOWS\System32\USER32.dll
0x00007ffb7fee0000 - 0x00007ffb7ff01000 	C:\WINDOWS\System32\win32u.dll
0x00007ffb812f0000 - 0x00007ffb81316000 	C:\WINDOWS\System32\GDI32.dll
0x00007ffb80aa0000 - 0x00007ffb80c36000 	C:\WINDOWS\System32\gdi32full.dll
0x00007ffb80d10000 - 0x00007ffb80dae000 	C:\WINDOWS\System32\msvcp_win.dll
0x00007ffb7fde0000 - 0x00007ffb7feda000 	C:\WINDOWS\System32\ucrtbase.dll
0x00007ffb63430000 - 0x00007ffb636b4000 	C:\WINDOWS\WinSxS\amd64_microsoft.windows.common-controls_6595b64144ccf1df_6.0.18362.1139_none_9e7bf2d3e4605ac6\COMCTL32.dll
0x00007ffb80db0000 - 0x00007ffb810e5000 	C:\WINDOWS\System32\combase.dll
0x00007ffb80c40000 - 0x00007ffb80cc0000 	C:\WINDOWS\System32\bcryptPrimitives.dll
0x00007ffb823f0000 - 0x00007ffb8241e000 	C:\WINDOWS\System32\IMM32.DLL
0x00007ffb4d840000 - 0x00007ffb4d855000 	C:\Program Files\Java\jdk1.8.0_261\jre\bin\vcruntime140.dll
0x00007ffb0ec30000 - 0x00007ffb0eccb000 	C:\Program Files\Java\jdk1.8.0_261\jre\bin\msvcp140.dll
0x000000006e300000 - 0x000000006eb6c000 	C:\Program Files\Java\jdk1.8.0_261\jre\bin\server\jvm.dll
0x00007ffb81b50000 - 0x00007ffb81b58000 	C:\WINDOWS\System32\PSAPI.DLL
0x00007ffb65770000 - 0x00007ffb65779000 	C:\WINDOWS\SYSTEM32\WSOCK32.dll
0x00007ffb81e60000 - 0x00007ffb81ecf000 	C:\WINDOWS\System32\WS2_32.dll
0x00007ffb70050000 - 0x00007ffb70074000 	C:\WINDOWS\SYSTEM32\WINMM.dll
0x00007ffb70010000 - 0x00007ffb7003d000 	C:\WINDOWS\SYSTEM32\WINMMBASE.dll
0x00007ffb80cc0000 - 0x00007ffb80d0a000 	C:\WINDOWS\System32\cfgmgr32.dll
0x00007ffb7ec70000 - 0x00007ffb7ec7a000 	C:\WINDOWS\SYSTEM32\VERSION.dll
0x00007ffb7fc50000 - 0x00007ffb7fc61000 	C:\WINDOWS\System32\kernel.appcore.dll
0x00007ffb524c0000 - 0x00007ffb524d0000 	C:\Program Files\Java\jdk1.8.0_261\jre\bin\verify.dll
0x00007ffb3a520000 - 0x00007ffb3a54b000 	C:\Program Files\Java\jdk1.8.0_261\jre\bin\java.dll
0x00007ffb5a310000 - 0x00007ffb5a346000 	C:\Program Files\Java\jdk1.8.0_261\jre\bin\jdwp.dll
0x00007ffb74730000 - 0x00007ffb74739000 	C:\Program Files\Java\jdk1.8.0_261\jre\bin\npt.dll
0x00007ffb39430000 - 0x00007ffb39462000 	C:\Program Files\Java\jdk1.8.0_261\jre\bin\instrument.dll
0x00007ffb48d30000 - 0x00007ffb48d48000 	C:\Program Files\Java\jdk1.8.0_261\jre\bin\zip.dll
0x00007ffb825d0000 - 0x00007ffb82cb7000 	C:\WINDOWS\System32\SHELL32.dll
0x00007ffb81a90000 - 0x00007ffb81b39000 	C:\WINDOWS\System32\shcore.dll
0x00007ffb80290000 - 0x00007ffb80a10000 	C:\WINDOWS\System32\windows.storage.dll
0x00007ffb7fbd0000 - 0x00007ffb7fbf3000 	C:\WINDOWS\System32\profapi.dll
0x00007ffb7fc00000 - 0x00007ffb7fc4a000 	C:\WINDOWS\System32\powrprof.dll
0x00007ffb7fbc0000 - 0x00007ffb7fbd0000 	C:\WINDOWS\System32\UMPDC.dll
0x00007ffb81290000 - 0x00007ffb812e2000 	C:\WINDOWS\System32\shlwapi.dll
0x00007ffb7ffc0000 - 0x00007ffb7ffd7000 	C:\WINDOWS\System32\cryptsp.dll
0x00007ffb71010000 - 0x00007ffb7101a000 	C:\Program Files\Java\jdk1.8.0_261\jre\bin\dt_socket.dll
0x00007ffb7f410000 - 0x00007ffb7f477000 	C:\WINDOWS\system32\mswsock.dll
0x00007ffb3b880000 - 0x00007ffb3b89c000 	C:\Program Files\Java\jdk1.8.0_261\jre\bin\net.dll
0x00007ffb7f160000 - 0x00007ffb7f22b000 	C:\WINDOWS\SYSTEM32\DNSAPI.dll
0x00007ffb823e0000 - 0x00007ffb823e8000 	C:\WINDOWS\System32\NSI.dll
0x00007ffb7f0c0000 - 0x00007ffb7f0fa000 	C:\WINDOWS\SYSTEM32\IPHLPAPI.DLL
0x00007ffb799f0000 - 0x00007ffb799fa000 	C:\Windows\System32\rasadhlp.dll
0x00007ffb74e40000 - 0x00007ffb74eb7000 	C:\WINDOWS\System32\fwpuclnt.dll
0x00007ffb80a10000 - 0x00007ffb80a36000 	C:\WINDOWS\System32\bcrypt.dll
0x00007ffb4ec80000 - 0x00007ffb4ec8d000 	C:\Program Files\Java\jdk1.8.0_261\jre\bin\management.dll
0x00007ffb33a50000 - 0x00007ffb33a63000 	C:\Program Files\Java\jdk1.8.0_261\jre\bin\nio.dll
0x00007ffb7ef20000 - 0x00007ffb7ef53000 	C:\WINDOWS\system32\rsaenh.dll
0x00007ffb7faa0000 - 0x00007ffb7fac5000 	C:\WINDOWS\SYSTEM32\USERENV.dll
0x00007ffb7f5e0000 - 0x00007ffb7f5ec000 	C:\WINDOWS\SYSTEM32\CRYPTBASE.dll
0x00007ffb76b80000 - 0x00007ffb76b96000 	C:\WINDOWS\SYSTEM32\dhcpcsvc6.DLL
0x00007ffb780f0000 - 0x00007ffb7810c000 	C:\WINDOWS\SYSTEM32\dhcpcsvc.DLL
0x00007ffb60340000 - 0x00007ffb60356000 	C:\WINDOWS\system32\napinsp.dll
0x00007ffb602e0000 - 0x00007ffb602fa000 	C:\WINDOWS\system32\pnrpnsp.dll
0x00007ffb62800000 - 0x00007ffb6280e000 	C:\WINDOWS\System32\winrnr.dll
0x00007ffb7c230000 - 0x00007ffb7c24c000 	C:\WINDOWS\system32\NLAapi.dll
0x00007ffb7b430000 - 0x00007ffb7b445000 	C:\WINDOWS\system32\wshbth.dll
0x0000000180000000 - 0x000000018000b000 	C:\Windows\SysWOW64\jnisgfplib.dll
0x000000006f610000 - 0x000000006f6b3000 	C:\WINDOWS\WinSxS\amd64_microsoft.vc90.crt_1fc8b3b9a1e18e3b_9.0.30729.9619_none_08e065a3a84109b0\MSVCR90.dll
0x00007ffb5a3a0000 - 0x00007ffb5a3dc000 	C:\windows\SysWOW64\sgfplib.dll
0x00007ffb81ed0000 - 0x00007ffb82340000 	C:\WINDOWS\System32\SETUPAPI.dll
0x00007ffb395d0000 - 0x00007ffb395e8000 	C:\windows\SysWOW64\sgwsqlib.dll
0x00007ffb81c60000 - 0x00007ffb81db7000 	C:\WINDOWS\System32\ole32.dll
0x00007ffb81560000 - 0x00007ffb81625000 	C:\WINDOWS\System32\OLEAUT32.dll
0x00007ffb7bde0000 - 0x00007ffb7bed0000 	C:\WINDOWS\SYSTEM32\PROPSYS.dll
0x00007ffb66c90000 - 0x00007ffb66cc1000 	C:\WINDOWS\SYSTEM32\winbio.dll
0x00007ffb66eb0000 - 0x00007ffb66ebf000 	C:\WINDOWS\SYSTEM32\winbioext.dll
0x000001f888e30000 - 0x000001f888e8f000 	C:\WINDOWS\SYSTEM32\sgfdu04x64.dll
0x00007ffb62d80000 - 0x00007ffb62e09000 	C:\WINDOWS\SYSTEM32\WINSPOOL.DRV
0x0000000010000000 - 0x0000000010033000 	C:\WINDOWS\SYSTEM32\sgfpaMX.dll
0x00007ffae8980000 - 0x00007ffae8b14000 	C:\Program Files\Java\jdk1.8.0_261\jre\bin\awt.dll
0x00007ffb7d8f0000 - 0x00007ffb7d97f000 	C:\WINDOWS\SYSTEM32\apphelp.dll
0x00007ffb7e410000 - 0x00007ffb7e604000 	C:\WINDOWS\SYSTEM32\dbghelp.dll

VM Arguments:
jvm_args: -agentlib:jdwp=transport=dt_socket,address=127.0.0.1:54502,suspend=y,server=n -Xms1024m -Xmx4096m -XX:MaxPermSize=1024m -XX:TieredStopAtLevel=1 -Xverify:none -Dspring.output.ansi.enabled=always -Dcom.sun.management.jmxremote -Dspring.jmx.enabled=true -Dspring.liveBeansView.mbeanDomain -Dspring.application.admin.enabled=true -javaagent:C:\Users\MGIC\AppData\Local\JetBrains\IntelliJIdea2020.1\captureAgent\debugger-agent.jar -Dfile.encoding=UTF-8 
java_command: com.nmrs.umb.biometriclinux.main.BiometricLinuxApplication
java_class_path (initial): C:\Program Files\Java\jdk1.8.0_261\jre\lib\charsets.jar;C:\Program Files\Java\jdk1.8.0_261\jre\lib\deploy.jar;C:\Program Files\Java\jdk1.8.0_261\jre\lib\ext\access-bridge-64.jar;C:\Program Files\Java\jdk1.8.0_261\jre\lib\ext\cldrdata.jar;C:\Program Files\Java\jdk1.8.0_261\jre\lib\ext\dnsns.jar;C:\Program Files\Java\jdk1.8.0_261\jre\lib\ext\jaccess.jar;C:\Program Files\Java\jdk1.8.0_261\jre\lib\ext\jfxrt.jar;C:\Program Files\Java\jdk1.8.0_261\jre\lib\ext\localedata.jar;C:\Program Files\Java\jdk1.8.0_261\jre\lib\ext\nashorn.jar;C:\Program Files\Java\jdk1.8.0_261\jre\lib\ext\sunec.jar;C:\Program Files\Java\jdk1.8.0_261\jre\lib\ext\sunjce_provider.jar;C:\Program Files\Java\jdk1.8.0_261\jre\lib\ext\sunmscapi.jar;C:\Program Files\Java\jdk1.8.0_261\jre\lib\ext\sunpkcs11.jar;C:\Program Files\Java\jdk1.8.0_261\jre\lib\ext\zipfs.jar;C:\Program Files\Java\jdk1.8.0_261\jre\lib\javaws.jar;C:\Program Files\Java\jdk1.8.0_261\jre\lib\jce.jar;C:\Program Files\Java\jdk1.8.0_261\jre\lib\jfr.jar;C:\Program Files\Java\jdk1.8.0_261\jre\lib\jfxswt.jar;C:\Program Files\Java\jdk1.8.0_261\jre\lib\jsse.jar;C:\Program Files\Java\jdk1.8.0_261\jre\lib\management-agent.jar;C:\Program Files\Java\jdk1.8.0_261\jre\lib\plugin.jar;C:\Program Files\Java\jdk1.8.0_261\jre\lib\resources.jar;C:\Program Files\Java\jdk1.8.0_261\jre\lib\rt.jar;C:\MGIC\nmrs-biometric\target\classes;C:\Users\MGIC\.m2\repository\mysql\mysql-connector-java\8.0.15\mysql-connector-java-8.0.15.jar;C:\Users\MGIC\.m2\repository\org\springframework\boot\spring-boot-starter-web\2.1.2.RELEASE\spring-boot-starter-web-2.1.2.RELEASE.jar;C:\Users\MGIC\.m2\repository\org\springframework\boot\spring-boot-starter\2.1.2.RELEASE\spring-boot-starter-2.1.2.RELEASE.jar;C:\Users\MGIC\.m2\repository\org\springframework\boot\spring-boot\2.1.2.RELEASE\spring-boot-2.1.2.RELEASE.jar;C:\Users\MGIC\.m2\repository\org\springframework\boot\spring-boot-autoconfigure\2.1.2.RELEASE\spring-boot-autoconfigure-2.1.2.RELEASE.jar;C:\Users
Launcher Type: SUN_STANDARD

Environment Variables:
JAVA_HOME=C:\Program Files\Java\jdk1.8.0_271
PATH=C:\Program Files (x86)\Common Files\Oracle\Java\javapath;C:\WINDOWS\system32;C:\WINDOWS;C:\WINDOWS\System32\Wbem;C:\WINDOWS\System32\WindowsPowerShell\v1.0\;C:\WINDOWS\System32\OpenSSH\;C:\Program Files\Java\jdk1.8.0_271\bin;C:\Program Files\Git\cmd;C:\apache-maven-3.6.3\bin;C:\Program Files\MySQL\MySQL Server 5.7\bin;C:\Program Files\Git\bin;C:\Program Files\liquibase;C:\windows\SysWOW64;C:\Program Files\MySQL\MySQL Shell 8.0\bin\;C:\Users\MGIC\AppData\Local\Microsoft\WindowsApps;C:\Users\MGIC\AppData\Local\GitHubDesktop\bin;C:\Program Files\Java\jdk1.8.0_261\bin;C:\Users\MGIC\AppData\Local\Programs\Microsoft VS Code\bin;C:\apache-maven-3.6.3\bin;C:\Program Files\MySQL\MySQL Server 5.7\bin;C:\Program Files\Git\bin;C:\Program Files\liquibase;
USERNAME=MGIC
OS=Windows_NT
PROCESSOR_IDENTIFIER=Intel64 Family 6 Model 142 Stepping 12, GenuineIntel



---------------  S Y S T E M  ---------------

OS: Windows 10.0 , 64 bit Build 18362 (10.0.18362.1110)

CPU:total 8 (initial active 8) (4 cores per cpu, 2 threads per core) family 6 model 142 stepping 12, cmov, cx8, fxsr, mmx, sse, sse2, sse3, ssse3, sse4.1, sse4.2, popcnt, avx, avx2, aes, clmul, erms, 3dnowpref, lzcnt, ht, tsc, tscinvbit, bmi1, bmi2, adx

Memory: 4k page, physical 33356064k(15273316k free), swap 38336800k(8925768k free)

vm_info: Java HotSpot(TM) 64-Bit Server VM (25.261-b12) for windows-amd64 JRE (1.8.0_261-b12), built on Jun 18 2020 06:56:32 by "" with unknown MS VC++:1916

time: Wed Nov  4 20:24:10 2020
timezone: W. Central Africa Standard Time
elapsed time: 73 seconds (0d 0h 1m 13s)

