#
# A fatal error has been detected by the Java Runtime Environment:
#
#  EXCEPTION_ACCESS_VIOLATION (0xc0000005) at pc=0x00000243fce8f1fd, pid=20596, tid=0x0000000000005390
#
# JRE version: Java(TM) SE Runtime Environment (8.0_261-b12) (build 1.8.0_261-b12)
# Java VM: Java HotSpot(TM) 64-Bit Server VM (25.261-b12 mixed mode windows-amd64 compressed oops)
# Problematic frame:
# C  0x00000243fce8f1fd
#
# Failed to write core dump. Minidumps are not enabled by default on client versions of Windows
#
# If you would like to submit a bug report, please visit:
#   http://bugreport.java.com/bugreport/crash.jsp
# The crash happened outside the Java Virtual Machine in native code.
# See problematic frame for where to report the bug.
#

---------------  T H R E A D  ---------------

Current thread (0x00000243fb096000):  JavaThread "http-nio-2018-exec-2" daemon [_thread_in_native, id=21392, stack(0x00000073f6900000,0x00000073f6a00000)]

siginfo: ExceptionCode=0xc0000005, ExceptionInformation=0x0000000000000008 0x00000243fce8f1fd

Registers:
RAX=0x0000000000000000, RBX=0x00000243fdf70b30, RCX=0x0000000000000000, RDX=0x0000000000000013
RSP=0x00000073f69fc7d0, RBP=0x00000073f69fcab8, RSI=0x000000000001529f, RDI=0x00000243fdf70b30
R8 =0x00000243fb453770, R9 =0x0000000000000001, R10=0x0000000000008000, R11=0x00000073f69fc680
R12=0x0000000000000000, R13=0x00000243fc70a090, R14=0x00000073f69fcad8, R15=0x00000243fb096000
RIP=0x00000243fce8f1fd, EFLAGS=0x0000000000010202

Top of Stack: (sp=0x00000073f69fc7d0)
0x00000073f69fc7d0:   00000243fdf70b30 00000243f990a830
0x00000073f69fc7e0:   00000243fb03b4a0 00000243fce8a896
0x00000073f69fc7f0:   00000243fdf70b30 00000243fce8f80a
0x00000073f69fc800:   0000000000000000 00000243fb096000
0x00000073f69fc810:   0000024300000000 0000000000000011
0x00000073f69fc820:   fffffffffffffffe 0000000000000000
0x00000073f69fc830:   00000243fdf70b30 00000243fce8fc54
0x00000073f69fc840:   00000243fdf70b30 0000000000000001
0x00000073f69fc850:   00000243fc70a090 0000000000000000
0x00000073f69fc860:   00000243fdf79c00 00000243fce84c19
0x00000073f69fc870:   00000243fdf79c00 00000243dc8c0000
0x00000073f69fc880:   0000b142fa8ba917 0000000000000000
0x00000073f69fc890:   00000243fdf79c00 00000243fce85970
0x00000073f69fc8a0:   00000243fb0e5f70 00000243fb096000
0x00000073f69fc8b0:   00000073f69fcad8 00000243fc70a090
0x00000073f69fc8c0:   fffffffffffffffe 00000243fce80000 

Instructions: (pc=0x00000243fce8f1fd)
0x00000243fce8f1dd:   
[error occurred during error reporting (printing registers, top of stack, instructions near pc), id 0xc0000005]

Register to memory mapping:

RAX=0x0000000000000000 is an unknown value
RBX=0x00000243fdf70b30 is an unknown value
RCX=0x0000000000000000 is an unknown value
RDX=0x0000000000000013 is an unknown value
RSP=0x00000073f69fc7d0 is pointing into the stack for thread: 0x00000243fb096000
RBP=0x00000073f69fcab8 is pointing into the stack for thread: 0x00000243fb096000
RSI=0x000000000001529f is an unknown value
RDI=0x00000243fdf70b30 is an unknown value
R8 =0x00000243fb453770 is an unknown value
R9 =0x0000000000000001 is an unknown value
R10=0x0000000000008000 is an unknown value
R11=0x00000073f69fc680 is pointing into the stack for thread: 0x00000243fb096000
R12=0x0000000000000000 is an unknown value
R13={method} {0x00000243fc70a098} 'SGFPM_Terminate' '()J' in 'SecuGen/FDxSDKPro/jni/JSGFPLib'
R14=0x00000073f69fcad8 is pointing into the stack for thread: 0x00000243fb096000
R15=0x00000243fb096000 is a thread


Stack: [0x00000073f6900000,0x00000073f6a00000],  sp=0x00000073f69fc7d0,  free space=1009k
Native frames: (J=compiled Java code, j=interpreted, Vv=VM code, C=native code)
C  0x00000243fce8f1fd

Java frames: (J=compiled Java code, j=interpreted, Vv=VM code)
j  SecuGen.FDxSDKPro.jni.JSGFPLib.SGFPM_Terminate()J+0
j  SecuGen.FDxSDKPro.jni.JSGFPLib.Close()J+1
j  com.nmrs.umb.biometriclinux.main.FingerPrintUtilImpl.capture(ILjava/lang/String;Z)Lcom/nmrs/umb/biometriclinux/models/FingerPrintInfo;+100
j  com.nmrs.umb.biometriclinux.controllers.FingerPrintController.reCapturePrint(ILjava/lang/String;)Lorg/springframework/http/ResponseEntity;+7
v  ~StubRoutines::call_stub
J 1800  sun.reflect.NativeMethodAccessorImpl.invoke0(Ljava/lang/reflect/Method;Ljava/lang/Object;[Ljava/lang/Object;)Ljava/lang/Object; (0 bytes) @ 0x00000243de71b67f [0x00000243de71b600+0x7f]
J 1583 C1 sun.reflect.NativeMethodAccessorImpl.invoke(Ljava/lang/Object;[Ljava/lang/Object;)Ljava/lang/Object; (104 bytes) @ 0x00000243de69efdc [0x00000243de69ebe0+0x3fc]
J 1509 C1 sun.reflect.DelegatingMethodAccessorImpl.invoke(Ljava/lang/Object;[Ljava/lang/Object;)Ljava/lang/Object; (10 bytes) @ 0x00000243de659ac4 [0x00000243de659a60+0x64]
J 1495 C1 java.lang.reflect.Method.invoke(Ljava/lang/Object;[Ljava/lang/Object;)Ljava/lang/Object; (62 bytes) @ 0x00000243de6542dc [0x00000243de6541a0+0x13c]
j  org.springframework.web.method.support.InvocableHandlerMethod.doInvoke([Ljava/lang/Object;)Ljava/lang/Object;+16
j  org.springframework.web.method.support.InvocableHandlerMethod.invokeForRequest(Lorg/springframework/web/context/request/NativeWebRequest;Lorg/springframework/web/method/support/ModelAndViewContainer;[Ljava/lang/Object;)Ljava/lang/Object;+56
j  org.springframework.web.servlet.mvc.method.annotation.ServletInvocableHandlerMethod.invokeAndHandle(Lorg/springframework/web/context/request/ServletWebRequest;Lorg/springframework/web/method/support/ModelAndViewContainer;[Ljava/lang/Object;)V+4
j  org.springframework.web.servlet.mvc.method.annotation.RequestMappingHandlerAdapter.invokeHandlerMethod(Ljavax/servlet/http/HttpServletRequest;Ljavax/servlet/http/HttpServletResponse;Lorg/springframework/web/method/HandlerMethod;)Lorg/springframework/web/servlet/ModelAndView;+244
j  org.springframework.web.servlet.mvc.method.annotation.RequestMappingHandlerAdapter.handleInternal(Ljavax/servlet/http/HttpServletRequest;Ljavax/servlet/http/HttpServletResponse;Lorg/springframework/web/method/HandlerMethod;)Lorg/springframework/web/servlet/ModelAndView;+81
j  org.springframework.web.servlet.mvc.method.AbstractHandlerMethodAdapter.handle(Ljavax/servlet/http/HttpServletRequest;Ljavax/servlet/http/HttpServletResponse;Ljava/lang/Object;)Lorg/springframework/web/servlet/ModelAndView;+7
j  org.springframework.web.servlet.DispatcherServlet.doDispatch(Ljavax/servlet/http/HttpServletRequest;Ljavax/servlet/http/HttpServletResponse;)V+257
j  org.springframework.web.servlet.DispatcherServlet.doService(Ljavax/servlet/http/HttpServletRequest;Ljavax/servlet/http/HttpServletResponse;)V+212
j  org.springframework.web.servlet.FrameworkServlet.processRequest(Ljavax/servlet/http/HttpServletRequest;Ljavax/servlet/http/HttpServletResponse;)V+71
j  org.springframework.web.servlet.FrameworkServlet.doGet(Ljavax/servlet/http/HttpServletRequest;Ljavax/servlet/http/HttpServletResponse;)V+3
j  javax.servlet.http.HttpServlet.service(Ljavax/servlet/http/HttpServletRequest;Ljavax/servlet/http/HttpServletResponse;)V+35
j  org.springframework.web.servlet.FrameworkServlet.service(Ljavax/servlet/http/HttpServletRequest;Ljavax/servlet/http/HttpServletResponse;)V+33
j  javax.servlet.http.HttpServlet.service(Ljavax/servlet/ServletRequest;Ljavax/servlet/ServletResponse;)V+30
j  org.apache.catalina.core.ApplicationFilterChain.internalDoFilter(Ljavax/servlet/ServletRequest;Ljavax/servlet/ServletResponse;)V+304
j  org.apache.catalina.core.ApplicationFilterChain.doFilter(Ljavax/servlet/ServletRequest;Ljavax/servlet/ServletResponse;)V+101
j  org.apache.tomcat.websocket.server.WsFilter.doFilter(Ljavax/servlet/ServletRequest;Ljavax/servlet/ServletResponse;Ljavax/servlet/FilterChain;)V+21
j  org.apache.catalina.core.ApplicationFilterChain.internalDoFilter(Ljavax/servlet/ServletRequest;Ljavax/servlet/ServletResponse;)V+135
j  org.apache.catalina.core.ApplicationFilterChain.doFilter(Ljavax/servlet/ServletRequest;Ljavax/servlet/ServletResponse;)V+101
j  org.springframework.web.filter.RequestContextFilter.doFilterInternal(Ljavax/servlet/http/HttpServletRequest;Ljavax/servlet/http/HttpServletResponse;Ljavax/servlet/FilterChain;)V+21
j  org.springframework.web.filter.OncePerRequestFilter.doFilter(Ljavax/servlet/ServletRequest;Ljavax/servlet/ServletResponse;Ljavax/servlet/FilterChain;)V+111
j  org.apache.catalina.core.ApplicationFilterChain.internalDoFilter(Ljavax/servlet/ServletRequest;Ljavax/servlet/ServletResponse;)V+135
j  org.apache.catalina.core.ApplicationFilterChain.doFilter(Ljavax/servlet/ServletRequest;Ljavax/servlet/ServletResponse;)V+101
j  org.springframework.web.filter.FormContentFilter.doFilterInternal(Ljavax/servlet/http/HttpServletRequest;Ljavax/servlet/http/HttpServletResponse;Ljavax/servlet/FilterChain;)V+38
j  org.springframework.web.filter.OncePerRequestFilter.doFilter(Ljavax/servlet/ServletRequest;Ljavax/servlet/ServletResponse;Ljavax/servlet/FilterChain;)V+111
j  org.apache.catalina.core.ApplicationFilterChain.internalDoFilter(Ljavax/servlet/ServletRequest;Ljavax/servlet/ServletResponse;)V+135
j  org.apache.catalina.core.ApplicationFilterChain.doFilter(Ljavax/servlet/ServletRequest;Ljavax/servlet/ServletResponse;)V+101
j  org.springframework.web.filter.HiddenHttpMethodFilter.doFilterInternal(Ljavax/servlet/http/HttpServletRequest;Ljavax/servlet/http/HttpServletResponse;Ljavax/servlet/FilterChain;)V+87
j  org.springframework.web.filter.OncePerRequestFilter.doFilter(Ljavax/servlet/ServletRequest;Ljavax/servlet/ServletResponse;Ljavax/servlet/FilterChain;)V+111
j  org.apache.catalina.core.ApplicationFilterChain.internalDoFilter(Ljavax/servlet/ServletRequest;Ljavax/servlet/ServletResponse;)V+135
j  org.apache.catalina.core.ApplicationFilterChain.doFilter(Ljavax/servlet/ServletRequest;Ljavax/servlet/ServletResponse;)V+101
j  org.springframework.web.filter.CharacterEncodingFilter.doFilterInternal(Ljavax/servlet/http/HttpServletRequest;Ljavax/servlet/http/HttpServletResponse;Ljavax/servlet/FilterChain;)V+53
j  org.springframework.web.filter.OncePerRequestFilter.doFilter(Ljavax/servlet/ServletRequest;Ljavax/servlet/ServletResponse;Ljavax/servlet/FilterChain;)V+111
j  org.apache.catalina.core.ApplicationFilterChain.internalDoFilter(Ljavax/servlet/ServletRequest;Ljavax/servlet/ServletResponse;)V+135
j  org.apache.catalina.core.ApplicationFilterChain.doFilter(Ljavax/servlet/ServletRequest;Ljavax/servlet/ServletResponse;)V+101
j  org.apache.catalina.core.StandardWrapperValve.invoke(Lorg/apache/catalina/connector/Request;Lorg/apache/catalina/connector/Response;)V+688
j  org.apache.catalina.core.StandardContextValve.invoke(Lorg/apache/catalina/connector/Request;Lorg/apache/catalina/connector/Response;)V+166
j  org.apache.catalina.authenticator.AuthenticatorBase.invoke(Lorg/apache/catalina/connector/Request;Lorg/apache/catalina/connector/Response;)V+260
j  org.apache.catalina.core.StandardHostValve.invoke(Lorg/apache/catalina/connector/Request;Lorg/apache/catalina/connector/Response;)V+114
j  org.apache.catalina.valves.ErrorReportValve.invoke(Lorg/apache/catalina/connector/Request;Lorg/apache/catalina/connector/Response;)V+6
j  org.apache.catalina.core.StandardEngineValve.invoke(Lorg/apache/catalina/connector/Request;Lorg/apache/catalina/connector/Response;)V+45
j  org.apache.catalina.connector.CoyoteAdapter.service(Lorg/apache/coyote/Request;Lorg/apache/coyote/Response;)V+199
j  org.apache.coyote.http11.Http11Processor.service(Lorg/apache/tomcat/util/net/SocketWrapperBase;)Lorg/apache/tomcat/util/net/AbstractEndpoint$Handler$SocketState;+791
j  org.apache.coyote.AbstractProcessorLight.process(Lorg/apache/tomcat/util/net/SocketWrapperBase;Lorg/apache/tomcat/util/net/SocketEvent;)Lorg/apache/tomcat/util/net/AbstractEndpoint$Handler$SocketState;+113
j  org.apache.coyote.AbstractProtocol$ConnectionHandler.process(Lorg/apache/tomcat/util/net/SocketWrapperBase;Lorg/apache/tomcat/util/net/SocketEvent;)Lorg/apache/tomcat/util/net/AbstractEndpoint$Handler$SocketState;+414
j  org.apache.tomcat.util.net.NioEndpoint$SocketProcessor.doRun()V+191
j  org.apache.tomcat.util.net.SocketProcessorBase.run()V+21
j  java.util.concurrent.ThreadPoolExecutor.runWorker(Ljava/util/concurrent/ThreadPoolExecutor$Worker;)V+95
j  java.util.concurrent.ThreadPoolExecutor$Worker.run()V+5
j  org.apache.tomcat.util.threads.TaskThread$WrappingRunnable.run()V+4
j  java.lang.Thread.run()V+11
v  ~StubRoutines::call_stub

---------------  P R O C E S S  ---------------

Java Threads: ( => current thread )
  0x00000243fb09d800 JavaThread "mysql-cj-abandoned-connection-cleanup" daemon [_thread_blocked, id=17592, stack(0x00000073f7900000,0x00000073f7a00000)]
  0x00000243fb0a0000 JavaThread "RMI TCP Connection(3)-172.16.5.135" daemon [_thread_in_native, id=20020, stack(0x00000073f7500000,0x00000073f7600000)]
  0x00000243fb0a0800 JavaThread "DestroyJavaVM" [_thread_blocked, id=21460, stack(0x00000073f4b00000,0x00000073f4c00000)]
  0x00000243fb094000 JavaThread "http-nio-2018-Acceptor-0" daemon [_thread_in_native, id=21424, stack(0x00000073f7400000,0x00000073f7500000)]
  0x00000243fb09a800 JavaThread "http-nio-2018-ClientPoller-1" daemon [_thread_in_native, id=21024, stack(0x00000073f7300000,0x00000073f7400000)]
  0x00000243fb093000 JavaThread "http-nio-2018-ClientPoller-0" daemon [_thread_in_native, id=7576, stack(0x00000073f7200000,0x00000073f7300000)]
  0x00000243fb09a000 JavaThread "http-nio-2018-exec-10" daemon [_thread_blocked, id=21488, stack(0x00000073f7100000,0x00000073f7200000)]
  0x00000243fb094800 JavaThread "http-nio-2018-exec-9" daemon [_thread_blocked, id=6892, stack(0x00000073f7000000,0x00000073f7100000)]
  0x00000243fb092000 JavaThread "http-nio-2018-exec-8" daemon [_thread_blocked, id=2280, stack(0x00000073f6f00000,0x00000073f7000000)]
  0x00000243fb098800 JavaThread "http-nio-2018-exec-7" daemon [_thread_blocked, id=21332, stack(0x00000073f6e00000,0x00000073f6f00000)]
  0x00000243fb099000 JavaThread "http-nio-2018-exec-6" daemon [_thread_blocked, id=21264, stack(0x00000073f6d00000,0x00000073f6e00000)]
  0x00000243fb097800 JavaThread "http-nio-2018-exec-5" daemon [_thread_blocked, id=6116, stack(0x00000073f6c00000,0x00000073f6d00000)]
  0x00000243fb097000 JavaThread "http-nio-2018-exec-4" daemon [_thread_in_native, id=21184, stack(0x00000073f6b00000,0x00000073f6c00000)]
  0x00000243fb095800 JavaThread "http-nio-2018-exec-3" daemon [_thread_blocked, id=21240, stack(0x00000073f6a00000,0x00000073f6b00000)]
=>0x00000243fb096000 JavaThread "http-nio-2018-exec-2" daemon [_thread_in_native, id=21392, stack(0x00000073f6900000,0x00000073f6a00000)]
  0x00000243f7705000 JavaThread "http-nio-2018-exec-1" daemon [_thread_blocked, id=10648, stack(0x00000073f6800000,0x00000073f6900000)]
  0x00000243f7704000 JavaThread "NioBlockingSelector.BlockPoller-1" daemon [_thread_in_native, id=21360, stack(0x00000073f6700000,0x00000073f6800000)]
  0x00000243f76ff800 JavaThread "container-0" [_thread_blocked, id=20920, stack(0x00000073f6600000,0x00000073f6700000)]
  0x00000243f7703800 JavaThread "Catalina-utility-1" [_thread_blocked, id=9128, stack(0x00000073f6500000,0x00000073f6600000)]
  0x00000243f7705800 JavaThread "RMI Scheduler(0)" daemon [_thread_blocked, id=12344, stack(0x00000073f6400000,0x00000073f6500000)]
  0x00000243f7702800 JavaThread "RMI TCP Connection(idle)" daemon [_thread_blocked, id=21000, stack(0x00000073f6300000,0x00000073f6400000)]
  0x00000243f76ff000 JavaThread "RMI TCP Accept-0" daemon [_thread_in_native, id=20496, stack(0x00000073f6100000,0x00000073f6200000)]
  0x00000243f7701000 JavaThread "Service Thread" daemon [_thread_blocked, id=11944, stack(0x00000073f6000000,0x00000073f6100000)]
  0x00000243f978e000 JavaThread "C1 CompilerThread3" daemon [_thread_blocked, id=10808, stack(0x00000073f5f00000,0x00000073f6000000)]
  0x00000243f978d000 JavaThread "C2 CompilerThread2" daemon [_thread_blocked, id=21284, stack(0x00000073f5e00000,0x00000073f5f00000)]
  0x00000243f978c800 JavaThread "C2 CompilerThread1" daemon [_thread_blocked, id=8988, stack(0x00000073f5d00000,0x00000073f5e00000)]
  0x00000243f96f8000 JavaThread "C2 CompilerThread0" daemon [_thread_blocked, id=16132, stack(0x00000073f5c00000,0x00000073f5d00000)]
  0x00000243f76f6800 JavaThread "JDWP Command Reader" daemon [_thread_in_native, id=20460, stack(0x00000073f5b00000,0x00000073f5c00000)]
  0x00000243f76e8800 JavaThread "JDWP Event Helper Thread" daemon [_thread_blocked, id=21228, stack(0x00000073f5a00000,0x00000073f5b00000)]
  0x00000243f76e7000 JavaThread "JDWP Transport Listener: dt_socket" daemon [_thread_blocked, id=19892, stack(0x00000073f5900000,0x00000073f5a00000)]
  0x00000243f76ce000 JavaThread "Attach Listener" daemon [_thread_blocked, id=19920, stack(0x00000073f5800000,0x00000073f5900000)]
  0x00000243f76cd000 JavaThread "Signal Dispatcher" daemon [_thread_blocked, id=8720, stack(0x00000073f5700000,0x00000073f5800000)]
  0x00000243f76a1800 JavaThread "Finalizer" daemon [_thread_blocked, id=20700, stack(0x00000073f5600000,0x00000073f5700000)]
  0x00000243f769a000 JavaThread "Reference Handler" daemon [_thread_blocked, id=580, stack(0x00000073f5500000,0x00000073f5600000)]

Other Threads:
  0x00000243f766d800 VMThread [stack: 0x00000073f5400000,0x00000073f5500000] [id=20716]
  0x00000243f9ad3000 WatcherThread [stack: 0x00000073f6200000,0x00000073f6300000] [id=20520]

VM state:not at safepoint (normal execution)

VM Mutex/Monitor currently owned by a thread: None

heap address: 0x00000006c0000000, size: 4096 MB, Compressed Oops mode: Zero based, Oop shift amount: 3
Narrow klass base: 0x0000000000000000, Narrow klass shift: 3
Compressed class space size: 1073741824 Address: 0x00000007c0000000

Heap:
 PSYoungGen      total 305664K, used 43343K [0x000000076ab00000, 0x0000000782880000, 0x00000007c0000000)
  eden space 262144K, 16% used [0x000000076ab00000,0x000000076d553f58,0x000000077ab00000)
  from space 43520K, 0% used [0x000000077d580000,0x000000077d580000,0x0000000780000000)
  to   space 43520K, 0% used [0x000000077ab00000,0x000000077ab00000,0x000000077d580000)
 ParOldGen       total 699392K, used 24443K [0x00000006c0000000, 0x00000006eab00000, 0x000000076ab00000)
  object space 699392K, 3% used [0x00000006c0000000,0x00000006c17ded38,0x00000006eab00000)
 Metaspace       used 36464K, capacity 38222K, committed 38528K, reserved 1083392K
  class space    used 4775K, capacity 5131K, committed 5248K, reserved 1048576K

Card table byte_map: [0x00000243ed680000,0x00000243ede90000] byte_map_base: 0x00000243ea080000

Marking Bits: (ParMarkBitMap*) 0x0000000066274fb0
 Begin Bits: [0x00000243ee3f0000, 0x00000243f23f0000)
 End Bits:   [0x00000243f23f0000, 0x00000243f63f0000)

Polling page: 0x00000243dc8b0000

CodeCache: size=245760Kb used=7344Kb max_used=7350Kb free=238415Kb
 bounds [0x00000243de2c0000, 0x00000243de9f0000, 0x00000243ed2c0000]
 total_blobs=3877 nmethods=3364 adapters=433
 compilation: enabled

Compilation events (10 events):
Event: 70.979 Thread 0x00000243f978e000 3409       1       sun.nio.ch.WindowsSelectorImpl::access$1600 (5 bytes)
Event: 70.979 Thread 0x00000243f978e000 nmethod 3409 0x00000243de6f69d0 code [0x00000243de6f6b20, 0x00000243de6f6c18]
Event: 70.979 Thread 0x00000243f978e000 3410       1       org.apache.tomcat.util.buf.MessageBytes::toString (88 bytes)
Event: 70.981 Thread 0x00000243f978e000 nmethod 3410 0x00000243de41bfd0 code [0x00000243de41c140, 0x00000243de41c440]
Event: 70.981 Thread 0x00000243f978e000 3412       1       java.util.concurrent.ConcurrentHashMap::put (8 bytes)
Event: 70.981 Thread 0x00000243f978e000 nmethod 3412 0x00000243de41bc90 code [0x00000243de41bde0, 0x00000243de41bf30]
Event: 70.981 Thread 0x00000243f978e000 3411       1       org.springframework.web.servlet.mvc.condition.AbstractRequestCondition::hashCode (10 bytes)
Event: 70.981 Thread 0x00000243f978e000 nmethod 3411 0x00000243de41b910 code [0x00000243de41ba80, 0x00000243de41bc00]
Event: 71.234 Thread 0x00000243f978e000 3413       1       org.apache.catalina.LifecycleEvent::getType (5 bytes)
Event: 71.234 Thread 0x00000243f978e000 nmethod 3413 0x00000243de41b650 code [0x00000243de41b7a0, 0x00000243de41b8b8]

GC Heap History (8 events):
Event: 6.597 GC heap before
{Heap before GC invocations=1 (full 0):
 PSYoungGen      total 305664K, used 152079K [0x000000076ab00000, 0x0000000780000000, 0x00000007c0000000)
  eden space 262144K, 58% used [0x000000076ab00000,0x0000000773f83f48,0x000000077ab00000)
  from space 43520K, 0% used [0x000000077d580000,0x000000077d580000,0x0000000780000000)
  to   space 43520K, 0% used [0x000000077ab00000,0x000000077ab00000,0x000000077d580000)
 ParOldGen       total 699392K, used 0K [0x00000006c0000000, 0x00000006eab00000, 0x000000076ab00000)
  object space 699392K, 0% used [0x00000006c0000000,0x00000006c0000000,0x00000006eab00000)
 Metaspace       used 20700K, capacity 21190K, committed 21296K, reserved 1067008K
  class space    used 2713K, capacity 2862K, committed 2944K, reserved 1048576K
Event: 6.618 GC heap after
Heap after GC invocations=1 (full 0):
 PSYoungGen      total 305664K, used 14118K [0x000000076ab00000, 0x0000000780000000, 0x00000007c0000000)
  eden space 262144K, 0% used [0x000000076ab00000,0x000000076ab00000,0x000000077ab00000)
  from space 43520K, 32% used [0x000000077ab00000,0x000000077b8c9ad0,0x000000077d580000)
  to   space 43520K, 0% used [0x000000077d580000,0x000000077d580000,0x0000000780000000)
 ParOldGen       total 699392K, used 24K [0x00000006c0000000, 0x00000006eab00000, 0x000000076ab00000)
  object space 699392K, 0% used [0x00000006c0000000,0x00000006c0006000,0x00000006eab00000)
 Metaspace       used 20700K, capacity 21190K, committed 21296K, reserved 1067008K
  class space    used 2713K, capacity 2862K, committed 2944K, reserved 1048576K
}
Event: 6.618 GC heap before
{Heap before GC invocations=2 (full 1):
 PSYoungGen      total 305664K, used 14118K [0x000000076ab00000, 0x0000000780000000, 0x00000007c0000000)
  eden space 262144K, 0% used [0x000000076ab00000,0x000000076ab00000,0x000000077ab00000)
  from space 43520K, 32% used [0x000000077ab00000,0x000000077b8c9ad0,0x000000077d580000)
  to   space 43520K, 0% used [0x000000077d580000,0x000000077d580000,0x0000000780000000)
 ParOldGen       total 699392K, used 24K [0x00000006c0000000, 0x00000006eab00000, 0x000000076ab00000)
  object space 699392K, 0% used [0x00000006c0000000,0x00000006c0006000,0x00000006eab00000)
 Metaspace       used 20700K, capacity 21190K, committed 21296K, reserved 1067008K
  class space    used 2713K, capacity 2862K, committed 2944K, reserved 1048576K
Event: 6.686 GC heap after
Heap after GC invocations=2 (full 1):
 PSYoungGen      total 305664K, used 0K [0x000000076ab00000, 0x0000000780000000, 0x00000007c0000000)
  eden space 262144K, 0% used [0x000000076ab00000,0x000000076ab00000,0x000000077ab00000)
  from space 43520K, 0% used [0x000000077ab00000,0x000000077ab00000,0x000000077d580000)
  to   space 43520K, 0% used [0x000000077d580000,0x000000077d580000,0x0000000780000000)
 ParOldGen       total 699392K, used 13519K [0x00000006c0000000, 0x00000006eab00000, 0x000000076ab00000)
  object space 699392K, 1% used [0x00000006c0000000,0x00000006c0d33fb0,0x00000006eab00000)
 Metaspace       used 20699K, capacity 21184K, committed 21296K, reserved 1067008K
  class space    used 2713K, capacity 2861K, committed 2944K, reserved 1048576K
}
Event: 42.579 GC heap before
{Heap before GC invocations=3 (full 1):
 PSYoungGen      total 305664K, used 201655K [0x000000076ab00000, 0x0000000780000000, 0x00000007c0000000)
  eden space 262144K, 76% used [0x000000076ab00000,0x0000000776fedf70,0x000000077ab00000)
  from space 43520K, 0% used [0x000000077ab00000,0x000000077ab00000,0x000000077d580000)
  to   space 43520K, 0% used [0x000000077d580000,0x000000077d580000,0x0000000780000000)
 ParOldGen       total 699392K, used 13519K [0x00000006c0000000, 0x00000006eab00000, 0x000000076ab00000)
  object space 699392K, 1% used [0x00000006c0000000,0x00000006c0d33fb0,0x00000006eab00000)
 Metaspace       used 33781K, capacity 35412K, committed 35496K, reserved 1079296K
  class space    used 4487K, capacity 4826K, committed 4864K, reserved 1048576K
Event: 42.603 GC heap after
Heap after GC invocations=3 (full 1):
 PSYoungGen      total 305664K, used 20271K [0x000000076ab00000, 0x0000000782880000, 0x00000007c0000000)
  eden space 262144K, 0% used [0x000000076ab00000,0x000000076ab00000,0x000000077ab00000)
  from space 43520K, 46% used [0x000000077d580000,0x000000077e94bfd0,0x0000000780000000)
  to   space 43520K, 0% used [0x000000077ab00000,0x000000077ab00000,0x000000077d580000)
 ParOldGen       total 699392K, used 13591K [0x00000006c0000000, 0x00000006eab00000, 0x000000076ab00000)
  object space 699392K, 1% used [0x00000006c0000000,0x00000006c0d45fc0,0x00000006eab00000)
 Metaspace       used 33781K, capacity 35412K, committed 35496K, reserved 1079296K
  class space    used 4487K, capacity 4826K, committed 4864K, reserved 1048576K
}
Event: 42.603 GC heap before
{Heap before GC invocations=4 (full 2):
 PSYoungGen      total 305664K, used 20271K [0x000000076ab00000, 0x0000000782880000, 0x00000007c0000000)
  eden space 262144K, 0% used [0x000000076ab00000,0x000000076ab00000,0x000000077ab00000)
  from space 43520K, 46% used [0x000000077d580000,0x000000077e94bfd0,0x0000000780000000)
  to   space 43520K, 0% used [0x000000077ab00000,0x000000077ab00000,0x000000077d580000)
 ParOldGen       total 699392K, used 13591K [0x00000006c0000000, 0x00000006eab00000, 0x000000076ab00000)
  object space 699392K, 1% used [0x00000006c0000000,0x00000006c0d45fc0,0x00000006eab00000)
 Metaspace       used 33781K, capacity 35412K, committed 35496K, reserved 1079296K
  class space    used 4487K, capacity 4826K, committed 4864K, reserved 1048576K
Event: 42.682 GC heap after
Heap after GC invocations=4 (full 2):
 PSYoungGen      total 305664K, used 0K [0x000000076ab00000, 0x0000000782880000, 0x00000007c0000000)
  eden space 262144K, 0% used [0x000000076ab00000,0x000000076ab00000,0x000000077ab00000)
  from space 43520K, 0% used [0x000000077d580000,0x000000077d580000,0x0000000780000000)
  to   space 43520K, 0% used [0x000000077ab00000,0x000000077ab00000,0x000000077d580000)
 ParOldGen       total 699392K, used 24443K [0x00000006c0000000, 0x00000006eab00000, 0x000000076ab00000)
  object space 699392K, 3% used [0x00000006c0000000,0x00000006c17ded38,0x00000006eab00000)
 Metaspace       used 33781K, capacity 35412K, committed 35496K, reserved 1079296K
  class space    used 4487K, capacity 4826K, committed 4864K, reserved 1048576K
}

Deoptimization events (0 events):
No events

Classes redefined (0 events):
No events

Internal exceptions (10 events):
Event: 11.428 Thread 0x00000243dc908000 Exception <a 'java/lang/ArrayIndexOutOfBoundsException'> (0x000000077541d350) thrown at [C:\jenkins\workspace\8-2-build-windows-amd64-cygwin\jdk8u261\295\hotspot\src\share\vm\runtime\sharedRuntime.cpp, line 605]
Event: 11.429 Thread 0x00000243dc908000 Exception <a 'java/lang/ArrayIndexOutOfBoundsException'> (0x000000077541e310) thrown at [C:\jenkins\workspace\8-2-build-windows-amd64-cygwin\jdk8u261\295\hotspot\src\share\vm\runtime\sharedRuntime.cpp, line 605]
Event: 11.429 Thread 0x00000243dc908000 Exception <a 'java/lang/ArrayIndexOutOfBoundsException'> (0x0000000775420378) thrown at [C:\jenkins\workspace\8-2-build-windows-amd64-cygwin\jdk8u261\295\hotspot\src\share\vm\runtime\sharedRuntime.cpp, line 605]
Event: 41.412 Thread 0x00000243f7705000 Exception <a 'java/io/FileNotFoundException'> (0x0000000776de18a0) thrown at [C:\jenkins\workspace\8-2-build-windows-amd64-cygwin\jdk8u261\295\hotspot\src\share\vm\prims\jni.cpp, line 710]
Event: 61.241 Thread 0x00000243f7705000 Exception <a 'java/lang/ArrayIndexOutOfBoundsException'> (0x000000076bd5e210) thrown at [C:\jenkins\workspace\8-2-build-windows-amd64-cygwin\jdk8u261\295\hotspot\src\share\vm\runtime\sharedRuntime.cpp, line 605]
Event: 61.247 Thread 0x00000243f7705000 Exception <a 'java/lang/NoSuchMethodError': java.lang.Object.lambda$thenComparing$36697e65$1(Ljava/util/Comparator;Ljava/lang/Object;Ljava/lang/Object;)I> (0x000000076bd93a80) thrown at [C:\jenkins\workspace\8-2-build-windows-amd64-cygwin\jdk8u261\295\hot
Event: 61.315 Thread 0x00000243f7705000 Exception <a 'java/lang/ArrayIndexOutOfBoundsException'> (0x000000076c055988) thrown at [C:\jenkins\workspace\8-2-build-windows-amd64-cygwin\jdk8u261\295\hotspot\src\share\vm\runtime\sharedRuntime.cpp, line 605]
Event: 61.316 Thread 0x00000243f7705000 Exception <a 'java/lang/ArrayIndexOutOfBoundsException'> (0x000000076c064408) thrown at [C:\jenkins\workspace\8-2-build-windows-amd64-cygwin\jdk8u261\295\hotspot\src\share\vm\runtime\sharedRuntime.cpp, line 605]
Event: 61.317 Thread 0x00000243f7705000 Exception <a 'java/lang/ArrayIndexOutOfBoundsException'> (0x000000076c065f58) thrown at [C:\jenkins\workspace\8-2-build-windows-amd64-cygwin\jdk8u261\295\hotspot\src\share\vm\runtime\sharedRuntime.cpp, line 605]
Event: 61.444 Thread 0x00000243f7705000 Exception <a 'java/lang/ArrayIndexOutOfBoundsException'> (0x000000076c3c8110) thrown at [C:\jenkins\workspace\8-2-build-windows-amd64-cygwin\jdk8u261\295\hotspot\src\share\vm\runtime\sharedRuntime.cpp, line 605]

Events (10 events):
Event: 69.095 Executing VM operation: RevokeBias
Event: 69.095 Executing VM operation: RevokeBias done
Event: 69.096 Executing VM operation: RevokeBias
Event: 69.096 Executing VM operation: RevokeBias done
Event: 69.097 Executing VM operation: RevokeBias
Event: 69.097 Executing VM operation: RevokeBias done
Event: 69.116 Executing VM operation: RevokeBias
Event: 69.116 Executing VM operation: RevokeBias done
Event: 69.117 Executing VM operation: RevokeBias
Event: 69.117 Executing VM operation: RevokeBias done


Dynamic libraries:
0x00007ff722530000 - 0x00007ff722577000 	C:\Program Files\Java\jdk1.8.0_261\bin\java.exe
0x00007ff83da60000 - 0x00007ff83dc50000 	C:\WINDOWS\SYSTEM32\ntdll.dll
0x00007ff83d320000 - 0x00007ff83d3d2000 	C:\WINDOWS\System32\KERNEL32.DLL
0x00007ff83aa70000 - 0x00007ff83ad15000 	C:\WINDOWS\System32\KERNELBASE.dll
0x00007ff83bc00000 - 0x00007ff83bca3000 	C:\WINDOWS\System32\ADVAPI32.dll
0x00007ff83d500000 - 0x00007ff83d59e000 	C:\WINDOWS\System32\msvcrt.dll
0x00007ff83bf70000 - 0x00007ff83c007000 	C:\WINDOWS\System32\sechost.dll
0x00007ff83d3e0000 - 0x00007ff83d500000 	C:\WINDOWS\System32\RPCRT4.dll
0x00007ff83cc90000 - 0x00007ff83ce24000 	C:\WINDOWS\System32\USER32.dll
0x00007ff83afe0000 - 0x00007ff83b001000 	C:\WINDOWS\System32\win32u.dll
0x00007ff83bbd0000 - 0x00007ff83bbf6000 	C:\WINDOWS\System32\GDI32.dll
0x00007ff83ae20000 - 0x00007ff83afb6000 	C:\WINDOWS\System32\gdi32full.dll
0x00007ff83ba70000 - 0x00007ff83bb0e000 	C:\WINDOWS\System32\msvcp_win.dll
0x00007ff83ad20000 - 0x00007ff83ae1a000 	C:\WINDOWS\System32\ucrtbase.dll
0x00007ff8203b0000 - 0x00007ff820634000 	C:\WINDOWS\WinSxS\amd64_microsoft.windows.common-controls_6595b64144ccf1df_6.0.18362.1139_none_9e7bf2d3e4605ac6\COMCTL32.dll
0x00007ff83d6e0000 - 0x00007ff83da15000 	C:\WINDOWS\System32\combase.dll
0x00007ff83a9f0000 - 0x00007ff83aa70000 	C:\WINDOWS\System32\bcryptPrimitives.dll
0x00007ff83cc60000 - 0x00007ff83cc8e000 	C:\WINDOWS\System32\IMM32.DLL
0x00007ff836c10000 - 0x00007ff836c25000 	C:\Program Files\Java\jdk1.8.0_261\jre\bin\vcruntime140.dll
0x00007fffc7070000 - 0x00007fffc710b000 	C:\Program Files\Java\jdk1.8.0_261\jre\bin\msvcp140.dll
0x0000000065a80000 - 0x00000000662ec000 	C:\Program Files\Java\jdk1.8.0_261\jre\bin\server\jvm.dll
0x00007ff83c0e0000 - 0x00007ff83c0e8000 	C:\WINDOWS\System32\PSAPI.DLL
0x00007ff838340000 - 0x00007ff838364000 	C:\WINDOWS\SYSTEM32\WINMM.dll
0x00007ff839a30000 - 0x00007ff839a3a000 	C:\WINDOWS\SYSTEM32\VERSION.dll
0x00007ff81e280000 - 0x00007ff81e289000 	C:\WINDOWS\SYSTEM32\WSOCK32.dll
0x00007ff83c970000 - 0x00007ff83c9df000 	C:\WINDOWS\System32\WS2_32.dll
0x00007ff837ec0000 - 0x00007ff837eed000 	C:\WINDOWS\SYSTEM32\winmmbase.dll
0x00007ff83b010000 - 0x00007ff83b05a000 	C:\WINDOWS\System32\cfgmgr32.dll
0x00007ff83a930000 - 0x00007ff83a941000 	C:\WINDOWS\System32\kernel.appcore.dll
0x00007ff836c00000 - 0x00007ff836c10000 	C:\Program Files\Java\jdk1.8.0_261\jre\bin\verify.dll
0x00007ff821770000 - 0x00007ff82179b000 	C:\Program Files\Java\jdk1.8.0_261\jre\bin\java.dll
0x00007fffefa90000 - 0x00007fffefac6000 	C:\Program Files\Java\jdk1.8.0_261\jre\bin\jdwp.dll
0x00007ff836bb0000 - 0x00007ff836bb9000 	C:\Program Files\Java\jdk1.8.0_261\jre\bin\npt.dll
0x00007fffef250000 - 0x00007fffef282000 	C:\Program Files\Java\jdk1.8.0_261\jre\bin\instrument.dll
0x00007ff821750000 - 0x00007ff821768000 	C:\Program Files\Java\jdk1.8.0_261\jre\bin\zip.dll
0x00007ff83c220000 - 0x00007ff83c907000 	C:\WINDOWS\System32\SHELL32.dll
0x00007ff83c0f0000 - 0x00007ff83c199000 	C:\WINDOWS\System32\shcore.dll
0x00007ff83b170000 - 0x00007ff83b8f0000 	C:\WINDOWS\System32\windows.storage.dll
0x00007ff83a970000 - 0x00007ff83a993000 	C:\WINDOWS\System32\profapi.dll
0x00007ff83a9a0000 - 0x00007ff83a9ea000 	C:\WINDOWS\System32\powrprof.dll
0x00007ff83a920000 - 0x00007ff83a930000 	C:\WINDOWS\System32\UMPDC.dll
0x00007ff83c9e0000 - 0x00007ff83ca32000 	C:\WINDOWS\System32\shlwapi.dll
0x00007ff83afc0000 - 0x00007ff83afd7000 	C:\WINDOWS\System32\cryptsp.dll
0x00007ff834480000 - 0x00007ff83448a000 	C:\Program Files\Java\jdk1.8.0_261\jre\bin\dt_socket.dll
0x00007ff83a170000 - 0x00007ff83a1d7000 	C:\WINDOWS\system32\mswsock.dll
0x00007ff8215b0000 - 0x00007ff8215cc000 	C:\Program Files\Java\jdk1.8.0_261\jre\bin\net.dll
0x00007ff839ec0000 - 0x00007ff839f8b000 	C:\WINDOWS\SYSTEM32\DNSAPI.dll
0x00007ff83cbf0000 - 0x00007ff83cbf8000 	C:\WINDOWS\System32\NSI.dll
0x00007ff839e80000 - 0x00007ff839eba000 	C:\WINDOWS\SYSTEM32\IPHLPAPI.DLL
0x00007ff833570000 - 0x00007ff83357a000 	C:\Windows\System32\rasadhlp.dll
0x00007ff830420000 - 0x00007ff830497000 	C:\WINDOWS\System32\fwpuclnt.dll
0x00007ff83b8f0000 - 0x00007ff83b916000 	C:\WINDOWS\System32\bcrypt.dll
0x00007ff822c00000 - 0x00007ff822c0d000 	C:\Program Files\Java\jdk1.8.0_261\jre\bin\management.dll
0x00007ff821390000 - 0x00007ff8213a3000 	C:\Program Files\Java\jdk1.8.0_261\jre\bin\nio.dll
0x00007ff839ce0000 - 0x00007ff839d13000 	C:\WINDOWS\system32\rsaenh.dll
0x00007ff83a800000 - 0x00007ff83a825000 	C:\WINDOWS\SYSTEM32\USERENV.dll
0x00007ff83a340000 - 0x00007ff83a34c000 	C:\WINDOWS\SYSTEM32\CRYPTBASE.dll
0x00007ff832080000 - 0x00007ff832096000 	C:\WINDOWS\SYSTEM32\dhcpcsvc6.DLL
0x00007ff8322d0000 - 0x00007ff8322ec000 	C:\WINDOWS\SYSTEM32\dhcpcsvc.DLL
0x00007ff817f40000 - 0x00007ff817f56000 	C:\WINDOWS\system32\napinsp.dll
0x00007ff817f20000 - 0x00007ff817f3a000 	C:\WINDOWS\system32\pnrpnsp.dll
0x00007ff817a50000 - 0x00007ff817a5e000 	C:\WINDOWS\System32\winrnr.dll
0x00007ff836b00000 - 0x00007ff836b1c000 	C:\WINDOWS\system32\NLAapi.dll
0x00007ff835500000 - 0x00007ff835515000 	C:\WINDOWS\system32\wshbth.dll
0x0000000180000000 - 0x000000018000b000 	C:\Windows\SysWOW64\jnisgfplib.dll
0x0000000066520000 - 0x00000000665c3000 	C:\WINDOWS\WinSxS\amd64_microsoft.vc90.crt_1fc8b3b9a1e18e3b_9.0.30729.9619_none_08e065a3a84109b0\MSVCR90.dll
0x00007fffebe20000 - 0x00007fffebe5c000 	C:\windows\SysWOW64\sgfplib.dll
0x00007ff83ce30000 - 0x00007ff83d2a0000 	C:\WINDOWS\System32\SETUPAPI.dll
0x00007ff8133c0000 - 0x00007ff8133d8000 	C:\windows\SysWOW64\sgwsqlib.dll
0x00007ff83bcb0000 - 0x00007ff83be07000 	C:\WINDOWS\System32\ole32.dll
0x00007ff83c010000 - 0x00007ff83c0d5000 	C:\WINDOWS\System32\OLEAUT32.dll
0x00007ff836db0000 - 0x00007ff836ea0000 	C:\WINDOWS\SYSTEM32\PROPSYS.dll
0x00007ff822910000 - 0x00007ff822941000 	C:\WINDOWS\SYSTEM32\winbio.dll
0x00007ff822890000 - 0x00007ff82289f000 	C:\WINDOWS\SYSTEM32\winbioext.dll
0x00007fffa9110000 - 0x00007fffa92a4000 	C:\Program Files\Java\jdk1.8.0_261\jre\bin\awt.dll
0x00007ff8385a0000 - 0x00007ff83862f000 	C:\WINDOWS\SYSTEM32\apphelp.dll
0x00007fffa8e70000 - 0x00007fffa910f000 	C:\WINDOWS\SYSTEM32\sgfdu06x64.dll
0x00007ff838690000 - 0x00007ff838729000 	C:\WINDOWS\SYSTEM32\UxTheme.dll
0x00007ff81db40000 - 0x00007ff81dbc9000 	C:\WINDOWS\SYSTEM32\WINSPOOL.DRV
0x00007ff819d40000 - 0x00007ff819d47000 	C:\WINDOWS\SYSTEM32\MSIMG32.dll
0x00007ff819cd0000 - 0x00007ff819d35000 	C:\WINDOWS\SYSTEM32\OLEACC.dll
0x00007ff81dce0000 - 0x00007ff81de83000 	C:\WINDOWS\WinSxS\amd64_microsoft.windows.gdiplus_6595b64144ccf1df_1.1.18362.1139_none_cf66e5b93ef2d494\gdiplus.dll
0x0000000010000000 - 0x0000000010033000 	C:\WINDOWS\SYSTEM32\sgfpaMX.dll
0x00007ff839170000 - 0x00007ff839364000 	C:\WINDOWS\SYSTEM32\dbghelp.dll

VM Arguments:
jvm_args: -agentlib:jdwp=transport=dt_socket,address=127.0.0.1:52626,suspend=y,server=n -Xms1024m -Xmx4096m -XX:MaxPermSize=1024m -XX:TieredStopAtLevel=1 -Xverify:none -Dspring.output.ansi.enabled=always -Dcom.sun.management.jmxremote -Dspring.jmx.enabled=true -Dspring.liveBeansView.mbeanDomain -Dspring.application.admin.enabled=true -javaagent:C:\Users\MGIC\AppData\Local\JetBrains\IntelliJIdea2020.1\captureAgent\debugger-agent.jar -Dfile.encoding=UTF-8 
java_command: com.nmrs.umb.biometriclinux.main.BiometricLinuxApplication
java_class_path (initial): C:\Program Files\Java\jdk1.8.0_261\jre\lib\charsets.jar;C:\Program Files\Java\jdk1.8.0_261\jre\lib\deploy.jar;C:\Program Files\Java\jdk1.8.0_261\jre\lib\ext\access-bridge-64.jar;C:\Program Files\Java\jdk1.8.0_261\jre\lib\ext\cldrdata.jar;C:\Program Files\Java\jdk1.8.0_261\jre\lib\ext\dnsns.jar;C:\Program Files\Java\jdk1.8.0_261\jre\lib\ext\jaccess.jar;C:\Program Files\Java\jdk1.8.0_261\jre\lib\ext\jfxrt.jar;C:\Program Files\Java\jdk1.8.0_261\jre\lib\ext\localedata.jar;C:\Program Files\Java\jdk1.8.0_261\jre\lib\ext\nashorn.jar;C:\Program Files\Java\jdk1.8.0_261\jre\lib\ext\sunec.jar;C:\Program Files\Java\jdk1.8.0_261\jre\lib\ext\sunjce_provider.jar;C:\Program Files\Java\jdk1.8.0_261\jre\lib\ext\sunmscapi.jar;C:\Program Files\Java\jdk1.8.0_261\jre\lib\ext\sunpkcs11.jar;C:\Program Files\Java\jdk1.8.0_261\jre\lib\ext\zipfs.jar;C:\Program Files\Java\jdk1.8.0_261\jre\lib\javaws.jar;C:\Program Files\Java\jdk1.8.0_261\jre\lib\jce.jar;C:\Program Files\Java\jdk1.8.0_261\jre\lib\jfr.jar;C:\Program Files\Java\jdk1.8.0_261\jre\lib\jfxswt.jar;C:\Program Files\Java\jdk1.8.0_261\jre\lib\jsse.jar;C:\Program Files\Java\jdk1.8.0_261\jre\lib\management-agent.jar;C:\Program Files\Java\jdk1.8.0_261\jre\lib\plugin.jar;C:\Program Files\Java\jdk1.8.0_261\jre\lib\resources.jar;C:\Program Files\Java\jdk1.8.0_261\jre\lib\rt.jar;C:\MGIC\nmrs-biometric\target\classes;C:\Users\MGIC\.m2\repository\mysql\mysql-connector-java\8.0.15\mysql-connector-java-8.0.15.jar;C:\Users\MGIC\.m2\repository\org\springframework\boot\spring-boot-starter-web\2.1.2.RELEASE\spring-boot-starter-web-2.1.2.RELEASE.jar;C:\Users\MGIC\.m2\repository\org\springframework\boot\spring-boot-starter\2.1.2.RELEASE\spring-boot-starter-2.1.2.RELEASE.jar;C:\Users\MGIC\.m2\repository\org\springframework\boot\spring-boot\2.1.2.RELEASE\spring-boot-2.1.2.RELEASE.jar;C:\Users\MGIC\.m2\repository\org\springframework\boot\spring-boot-autoconfigure\2.1.2.RELEASE\spring-boot-autoconfigure-2.1.2.RELEASE.jar;C:\Users
Launcher Type: SUN_STANDARD

Environment Variables:
JAVA_HOME=C:\Program Files\Java\jdk1.8.0_271
PATH=C:\Program Files (x86)\Common Files\Oracle\Java\javapath;C:\WINDOWS\system32;C:\WINDOWS;C:\WINDOWS\System32\Wbem;C:\WINDOWS\System32\WindowsPowerShell\v1.0\;C:\WINDOWS\System32\OpenSSH\;C:\Program Files\Java\jdk1.8.0_271\bin;C:\Program Files\Git\cmd;C:\apache-maven-3.6.3\bin;C:\Program Files\MySQL\MySQL Server 5.7\bin;C:\Program Files\Git\bin;C:\Program Files\liquibase;C:\windows\SysWOW64;C:\Program Files\MySQL\MySQL Shell 8.0\bin\;C:\Users\MGIC\AppData\Local\Microsoft\WindowsApps;C:\Users\MGIC\AppData\Local\GitHubDesktop\bin;C:\Program Files\Java\jdk1.8.0_261\bin;C:\Users\MGIC\AppData\Local\Programs\Microsoft VS Code\bin;C:\apache-maven-3.6.3\bin;C:\Program Files\MySQL\MySQL Server 5.7\bin;C:\Program Files\Git\bin;C:\Program Files\liquibase;
USERNAME=MGIC
OS=Windows_NT
PROCESSOR_IDENTIFIER=Intel64 Family 6 Model 142 Stepping 12, GenuineIntel



---------------  S Y S T E M  ---------------

OS: Windows 10.0 , 64 bit Build 18362 (10.0.18362.1110)

CPU:total 8 (initial active 8) (4 cores per cpu, 2 threads per core) family 6 model 142 stepping 12, cmov, cx8, fxsr, mmx, sse, sse2, sse3, ssse3, sse4.1, sse4.2, popcnt, avx, avx2, aes, clmul, erms, 3dnowpref, lzcnt, ht, tsc, tscinvbit, bmi1, bmi2, adx

Memory: 4k page, physical 33356064k(17074848k free), swap 38336800k(16823312k free)

vm_info: Java HotSpot(TM) 64-Bit Server VM (25.261-b12) for windows-amd64 JRE (1.8.0_261-b12), built on Jun 18 2020 06:56:32 by "" with unknown MS VC++:1916

time: Mon Nov  2 15:15:00 2020
timezone: W. Central Africa Standard Time
elapsed time: 72 seconds (0d 0h 1m 12s)

