#
# A fatal error has been detected by the Java Runtime Environment:
#
#  EXCEPTION_ACCESS_VIOLATION (0xc0000005) at pc=0x000000002453c58e, pid=94972, tid=0x000000000000f980
#
# JRE version: Java(TM) SE Runtime Environment (8.0_181-b13) (build 1.8.0_181-b13)
# Java VM: Java HotSpot(TM) 64-Bit Server VM (25.181-b13 mixed mode windows-amd64 compressed oops)
# Problematic frame:
# C  [sgfpaMX.dll+0xc58e]
#
# Failed to write core dump. Minidumps are not enabled by default on client versions of Windows
#
# If you would like to submit a bug report, please visit:
#   http://bugreport.java.com/bugreport/crash.jsp
# The crash happened outside the Java Virtual Machine in native code.
# See problematic frame for where to report the bug.
#

---------------  T H R E A D  ---------------

Current thread (0x000000002112c000):  JavaThread "http-nio-2018-exec-1" daemon [_thread_in_native, id=63872, stack(0x0000000023630000,0x0000000023730000)]

siginfo: ExceptionCode=0xc0000005, reading address 0x0000000000000008

Registers:
RAX=0x0000000024b37c30, RBX=0x0000000000000000, RCX=0x000000007ffe0380, RDX=0x0000000000000000
RSP=0x000000002372af80, RBP=0x0000000000000000, RSI=0x000000002372b220, RDI=0x000000002372b220
R8 =0x0000000000000007, R9 =0x0000000000000007, R10=0x0000000024b37a90, R11=0x0000000000000000
R12=0x0000000000000000, R13=0x00000000244207e0, R14=0x000000002372b030, R15=0x000000002112c000
RIP=0x000000002453c58e, EFLAGS=0x0000000000010206

Top of Stack: (sp=0x000000002372af80)
0x000000002372af80:   0000000002a86e60 0000000000000000
0x000000002372af90:   000000002372b220 000000002372b220
0x000000002372afa0:   000000002112c000 0000000024cac890
0x000000002372afb0:   00000000244207e0 0000000000000000
0x000000002372afc0:   000000002372b220 000000002112c000
0x000000002372afd0:   000000002372ca68 00000000244207e0
0x000000002372afe0:   0000000000000000 000000002372b220
0x000000002372aff0:   0000000020000021 000000002372ca38
0x000000002372b000:   0000000000000000 000000002453ceaa
0x000000002372b010:   000000002372b960 0000000000000000
0x000000002372b020:   0000000020000021 0000000000000000
0x000000002372b030:   000000002372b2c0 00000000771bd449
0x000000002372b040:   0000000000000000 0000000024cac890
0x000000002372b050:   000000001fab2db0 000000001f9e4300
0x000000002372b060:   000000001f9e4378 000000001f9e43e8
0x000000002372b070:   00000000000000d8 000000002372bdc8 

Instructions: (pc=0x000000002453c58e)
0x000000002453c56e:   c0 48 8b 41 18 4c 8b f1 b9 28 00 00 00 41 8b d9
0x000000002453c57e:   48 89 44 24 28 49 8b e8 48 8b f2 e8 52 4a 00 00
0x000000002453c58e:   66 83 7d 08 00 4c 8b e8 48 89 44 24 30 0f 84 b9
0x000000002453c59e:   03 00 00 48 8b 45 00 48 83 c5 1a 49 89 45 00 48 


Register to memory mapping:

RAX=0x0000000024b37c30 is an unknown value
RBX=0x0000000000000000 is an unknown value
RCX=0x000000007ffe0380 is an unknown value
RDX=0x0000000000000000 is an unknown value
RSP=0x000000002372af80 is pointing into the stack for thread: 0x000000002112c000
RBP=0x0000000000000000 is an unknown value
RSI=0x000000002372b220 is pointing into the stack for thread: 0x000000002112c000
RDI=0x000000002372b220 is pointing into the stack for thread: 0x000000002112c000
R8 =0x0000000000000007 is an unknown value
R9 =0x0000000000000007 is an unknown value
R10=0x0000000024b37a90 is an unknown value
R11=0x0000000000000000 is an unknown value
R12=0x0000000000000000 is an unknown value
R13={method} {0x00000000244207e8} 'GetIsoTemplateInfo' '([BLSecuGen/FDxSDKPro/jni/SGISOTemplateInfo;)J' in 'SecuGen/FDxSDKPro/jni/JSGFPLib'
R14=0x000000002372b030 is pointing into the stack for thread: 0x000000002112c000
R15=0x000000002112c000 is a thread


Stack: [0x0000000023630000,0x0000000023730000],  sp=0x000000002372af80,  free space=1003k
Native frames: (J=compiled Java code, j=interpreted, Vv=VM code, C=native code)

Java frames: (J=compiled Java code, j=interpreted, Vv=VM code)
j  SecuGen.FDxSDKPro.jni.JSGFPLib.GetIsoTemplateInfo([BLSecuGen/FDxSDKPro/jni/SGISOTemplateInfo;)J+0
j  com.nmrs.umb.biometriclinux.main.FingerPrintUtilImpl.verify(Lcom/nmrs/umb/biometriclinux/models/FingerPrintMatchInputModel;)I+82
j  com.nmrs.umb.biometriclinux.controllers.FingerPrintController.CapturePrint(I)Lorg/springframework/http/ResponseEntity;+93
v  ~StubRoutines::call_stub
J 2214  sun.reflect.NativeMethodAccessorImpl.invoke0(Ljava/lang/reflect/Method;Ljava/lang/Object;[Ljava/lang/Object;)Ljava/lang/Object; (0 bytes) @ 0x00000000031ed6ff [0x00000000031ed680+0x7f]
J 2213 C1 sun.reflect.NativeMethodAccessorImpl.invoke(Ljava/lang/Object;[Ljava/lang/Object;)Ljava/lang/Object; (104 bytes) @ 0x00000000031efa7c [0x00000000031ee880+0x11fc]
J 2759 C2 java.lang.reflect.Method.invoke(Ljava/lang/Object;[Ljava/lang/Object;)Ljava/lang/Object; (62 bytes) @ 0x00000000033e1b88 [0x00000000033e1ae0+0xa8]
j  org.springframework.web.method.support.InvocableHandlerMethod.doInvoke([Ljava/lang/Object;)Ljava/lang/Object;+16
j  org.springframework.web.method.support.InvocableHandlerMethod.invokeForRequest(Lorg/springframework/web/context/request/NativeWebRequest;Lorg/springframework/web/method/support/ModelAndViewContainer;[Ljava/lang/Object;)Ljava/lang/Object;+56
j  org.springframework.web.servlet.mvc.method.annotation.ServletInvocableHandlerMethod.invokeAndHandle(Lorg/springframework/web/context/request/ServletWebRequest;Lorg/springframework/web/method/support/ModelAndViewContainer;[Ljava/lang/Object;)V+4
j  org.springframework.web.servlet.mvc.method.annotation.RequestMappingHandlerAdapter.invokeHandlerMethod(Ljavax/servlet/http/HttpServletRequest;Ljavax/servlet/http/HttpServletResponse;Lorg/springframework/web/method/HandlerMethod;)Lorg/springframework/web/servlet/ModelAndView;+244
j  org.springframework.web.servlet.mvc.method.annotation.RequestMappingHandlerAdapter.handleInternal(Ljavax/servlet/http/HttpServletRequest;Ljavax/servlet/http/HttpServletResponse;Lorg/springframework/web/method/HandlerMethod;)Lorg/springframework/web/servlet/ModelAndView;+81
j  org.springframework.web.servlet.mvc.method.AbstractHandlerMethodAdapter.handle(Ljavax/servlet/http/HttpServletRequest;Ljavax/servlet/http/HttpServletResponse;Ljava/lang/Object;)Lorg/springframework/web/servlet/ModelAndView;+7
j  org.springframework.web.servlet.DispatcherServlet.doDispatch(Ljavax/servlet/http/HttpServletRequest;Ljavax/servlet/http/HttpServletResponse;)V+257
j  org.springframework.web.servlet.DispatcherServlet.doService(Ljavax/servlet/http/HttpServletRequest;Ljavax/servlet/http/HttpServletResponse;)V+212
j  org.springframework.web.servlet.FrameworkServlet.processRequest(Ljavax/servlet/http/HttpServletRequest;Ljavax/servlet/http/HttpServletResponse;)V+71
j  org.springframework.web.servlet.FrameworkServlet.doGet(Ljavax/servlet/http/HttpServletRequest;Ljavax/servlet/http/HttpServletResponse;)V+3
j  javax.servlet.http.HttpServlet.service(Ljavax/servlet/http/HttpServletRequest;Ljavax/servlet/http/HttpServletResponse;)V+35
j  org.springframework.web.servlet.FrameworkServlet.service(Ljavax/servlet/http/HttpServletRequest;Ljavax/servlet/http/HttpServletResponse;)V+33
j  javax.servlet.http.HttpServlet.service(Ljavax/servlet/ServletRequest;Ljavax/servlet/ServletResponse;)V+30
j  org.apache.catalina.core.ApplicationFilterChain.internalDoFilter(Ljavax/servlet/ServletRequest;Ljavax/servlet/ServletResponse;)V+304
j  org.apache.catalina.core.ApplicationFilterChain.doFilter(Ljavax/servlet/ServletRequest;Ljavax/servlet/ServletResponse;)V+101
j  org.apache.tomcat.websocket.server.WsFilter.doFilter(Ljavax/servlet/ServletRequest;Ljavax/servlet/ServletResponse;Ljavax/servlet/FilterChain;)V+21
j  org.apache.catalina.core.ApplicationFilterChain.internalDoFilter(Ljavax/servlet/ServletRequest;Ljavax/servlet/ServletResponse;)V+135
j  org.apache.catalina.core.ApplicationFilterChain.doFilter(Ljavax/servlet/ServletRequest;Ljavax/servlet/ServletResponse;)V+101
j  org.springframework.web.filter.RequestContextFilter.doFilterInternal(Ljavax/servlet/http/HttpServletRequest;Ljavax/servlet/http/HttpServletResponse;Ljavax/servlet/FilterChain;)V+21
j  org.springframework.web.filter.OncePerRequestFilter.doFilter(Ljavax/servlet/ServletRequest;Ljavax/servlet/ServletResponse;Ljavax/servlet/FilterChain;)V+111
j  org.apache.catalina.core.ApplicationFilterChain.internalDoFilter(Ljavax/servlet/ServletRequest;Ljavax/servlet/ServletResponse;)V+135
j  org.apache.catalina.core.ApplicationFilterChain.doFilter(Ljavax/servlet/ServletRequest;Ljavax/servlet/ServletResponse;)V+101
j  org.springframework.web.filter.FormContentFilter.doFilterInternal(Ljavax/servlet/http/HttpServletRequest;Ljavax/servlet/http/HttpServletResponse;Ljavax/servlet/FilterChain;)V+38
j  org.springframework.web.filter.OncePerRequestFilter.doFilter(Ljavax/servlet/ServletRequest;Ljavax/servlet/ServletResponse;Ljavax/servlet/FilterChain;)V+111
j  org.apache.catalina.core.ApplicationFilterChain.internalDoFilter(Ljavax/servlet/ServletRequest;Ljavax/servlet/ServletResponse;)V+135
j  org.apache.catalina.core.ApplicationFilterChain.doFilter(Ljavax/servlet/ServletRequest;Ljavax/servlet/ServletResponse;)V+101
j  org.springframework.web.filter.HiddenHttpMethodFilter.doFilterInternal(Ljavax/servlet/http/HttpServletRequest;Ljavax/servlet/http/HttpServletResponse;Ljavax/servlet/FilterChain;)V+87
j  org.springframework.web.filter.OncePerRequestFilter.doFilter(Ljavax/servlet/ServletRequest;Ljavax/servlet/ServletResponse;Ljavax/servlet/FilterChain;)V+111
j  org.apache.catalina.core.ApplicationFilterChain.internalDoFilter(Ljavax/servlet/ServletRequest;Ljavax/servlet/ServletResponse;)V+135
j  org.apache.catalina.core.ApplicationFilterChain.doFilter(Ljavax/servlet/ServletRequest;Ljavax/servlet/ServletResponse;)V+101
j  org.springframework.web.filter.CharacterEncodingFilter.doFilterInternal(Ljavax/servlet/http/HttpServletRequest;Ljavax/servlet/http/HttpServletResponse;Ljavax/servlet/FilterChain;)V+53
j  org.springframework.web.filter.OncePerRequestFilter.doFilter(Ljavax/servlet/ServletRequest;Ljavax/servlet/ServletResponse;Ljavax/servlet/FilterChain;)V+111
j  org.apache.catalina.core.ApplicationFilterChain.internalDoFilter(Ljavax/servlet/ServletRequest;Ljavax/servlet/ServletResponse;)V+135
j  org.apache.catalina.core.ApplicationFilterChain.doFilter(Ljavax/servlet/ServletRequest;Ljavax/servlet/ServletResponse;)V+101
j  org.apache.catalina.core.StandardWrapperValve.invoke(Lorg/apache/catalina/connector/Request;Lorg/apache/catalina/connector/Response;)V+688
j  org.apache.catalina.core.StandardContextValve.invoke(Lorg/apache/catalina/connector/Request;Lorg/apache/catalina/connector/Response;)V+166
j  org.apache.catalina.authenticator.AuthenticatorBase.invoke(Lorg/apache/catalina/connector/Request;Lorg/apache/catalina/connector/Response;)V+260
j  org.apache.catalina.core.StandardHostValve.invoke(Lorg/apache/catalina/connector/Request;Lorg/apache/catalina/connector/Response;)V+114
j  org.apache.catalina.valves.ErrorReportValve.invoke(Lorg/apache/catalina/connector/Request;Lorg/apache/catalina/connector/Response;)V+6
j  org.apache.catalina.core.StandardEngineValve.invoke(Lorg/apache/catalina/connector/Request;Lorg/apache/catalina/connector/Response;)V+45
j  org.apache.catalina.connector.CoyoteAdapter.service(Lorg/apache/coyote/Request;Lorg/apache/coyote/Response;)V+199
j  org.apache.coyote.http11.Http11Processor.service(Lorg/apache/tomcat/util/net/SocketWrapperBase;)Lorg/apache/tomcat/util/net/AbstractEndpoint$Handler$SocketState;+791
j  org.apache.coyote.AbstractProcessorLight.process(Lorg/apache/tomcat/util/net/SocketWrapperBase;Lorg/apache/tomcat/util/net/SocketEvent;)Lorg/apache/tomcat/util/net/AbstractEndpoint$Handler$SocketState;+113
j  org.apache.coyote.AbstractProtocol$ConnectionHandler.process(Lorg/apache/tomcat/util/net/SocketWrapperBase;Lorg/apache/tomcat/util/net/SocketEvent;)Lorg/apache/tomcat/util/net/AbstractEndpoint$Handler$SocketState;+414
j  org.apache.tomcat.util.net.NioEndpoint$SocketProcessor.doRun()V+191
j  org.apache.tomcat.util.net.SocketProcessorBase.run()V+21
j  java.util.concurrent.ThreadPoolExecutor.runWorker(Ljava/util/concurrent/ThreadPoolExecutor$Worker;)V+95
j  java.util.concurrent.ThreadPoolExecutor$Worker.run()V+5
j  org.apache.tomcat.util.threads.TaskThread$WrappingRunnable.run()V+4
j  java.lang.Thread.run()V+11
v  ~StubRoutines::call_stub

---------------  P R O C E S S  ---------------

Java Threads: ( => current thread )
  0x0000000021122800 JavaThread "mysql-cj-abandoned-connection-cleanup" daemon [_thread_blocked, id=91168, stack(0x000000002aab0000,0x000000002abb0000)]
  0x000000002111f000 JavaThread "DestroyJavaVM" [_thread_blocked, id=36520, stack(0x0000000002840000,0x0000000002940000)]
  0x0000000021122000 JavaThread "http-nio-2018-Acceptor-0" daemon [_thread_in_native, id=43184, stack(0x0000000024230000,0x0000000024330000)]
  0x0000000021121000 JavaThread "http-nio-2018-ClientPoller-1" daemon [_thread_in_native, id=13980, stack(0x0000000024130000,0x0000000024230000)]
  0x000000002111e000 JavaThread "http-nio-2018-ClientPoller-0" daemon [_thread_in_native, id=95752, stack(0x0000000024030000,0x0000000024130000)]
  0x0000000021125000 JavaThread "http-nio-2018-exec-10" daemon [_thread_blocked, id=52124, stack(0x0000000023f30000,0x0000000024030000)]
  0x000000002111f800 JavaThread "http-nio-2018-exec-9" daemon [_thread_blocked, id=79048, stack(0x0000000023e30000,0x0000000023f30000)]
  0x0000000021124000 JavaThread "http-nio-2018-exec-8" daemon [_thread_blocked, id=30780, stack(0x0000000023d30000,0x0000000023e30000)]
  0x0000000021120800 JavaThread "http-nio-2018-exec-7" daemon [_thread_blocked, id=7296, stack(0x0000000023c30000,0x0000000023d30000)]
  0x0000000020f03800 JavaThread "http-nio-2018-exec-6" daemon [_thread_blocked, id=28048, stack(0x0000000023b30000,0x0000000023c30000)]
  0x0000000020f03000 JavaThread "http-nio-2018-exec-5" daemon [_thread_blocked, id=55560, stack(0x0000000023a30000,0x0000000023b30000)]
  0x0000000020fb5000 JavaThread "http-nio-2018-exec-4" daemon [_thread_blocked, id=101556, stack(0x0000000023930000,0x0000000023a30000)]
  0x00000000217a8800 JavaThread "http-nio-2018-exec-3" daemon [_thread_blocked, id=35408, stack(0x0000000023830000,0x0000000023930000)]
  0x0000000020d57000 JavaThread "http-nio-2018-exec-2" daemon [_thread_blocked, id=60168, stack(0x0000000023730000,0x0000000023830000)]
=>0x000000002112c000 JavaThread "http-nio-2018-exec-1" daemon [_thread_in_native, id=63872, stack(0x0000000023630000,0x0000000023730000)]
  0x00000000217a7800 JavaThread "NioBlockingSelector.BlockPoller-1" daemon [_thread_in_native, id=43140, stack(0x0000000023530000,0x0000000023630000)]
  0x00000000213da800 JavaThread "container-0" [_thread_blocked, id=60372, stack(0x0000000023230000,0x0000000023330000)]
  0x0000000021160800 JavaThread "Catalina-utility-1" [_thread_blocked, id=101256, stack(0x0000000023130000,0x0000000023230000)]
  0x000000001d960800 JavaThread "Service Thread" daemon [_thread_blocked, id=51332, stack(0x000000001dd40000,0x000000001de40000)]
  0x000000001c00d800 JavaThread "C1 CompilerThread2" daemon [_thread_blocked, id=78048, stack(0x000000001d840000,0x000000001d940000)]
  0x000000001c008800 JavaThread "C2 CompilerThread1" daemon [_thread_blocked, id=28624, stack(0x000000001d740000,0x000000001d840000)]
  0x000000001c005800 JavaThread "C2 CompilerThread0" daemon [_thread_blocked, id=103152, stack(0x000000001d640000,0x000000001d740000)]
  0x000000001c004000 JavaThread "Attach Listener" daemon [_thread_blocked, id=85608, stack(0x000000001d540000,0x000000001d640000)]
  0x000000001c002800 JavaThread "Signal Dispatcher" daemon [_thread_blocked, id=49780, stack(0x000000001d440000,0x000000001d540000)]
  0x0000000002a38800 JavaThread "Finalizer" daemon [_thread_blocked, id=100828, stack(0x000000001d250000,0x000000001d350000)]
  0x0000000002a35000 JavaThread "Reference Handler" daemon [_thread_blocked, id=104748, stack(0x000000001d150000,0x000000001d250000)]

Other Threads:
  0x000000001bfc7800 VMThread [stack: 0x000000001d050000,0x000000001d150000] [id=21696]
  0x000000001c05e800 WatcherThread [stack: 0x000000001de40000,0x000000001df40000] [id=33912]

VM state:not at safepoint (normal execution)

VM Mutex/Monitor currently owned by a thread: None

Heap:
 PSYoungGen      total 96256K, used 17861K [0x000000076b500000, 0x0000000772180000, 0x00000007c0000000)
  eden space 85504K, 20% used [0x000000076b500000,0x000000076c671668,0x0000000770880000)
  from space 10752K, 0% used [0x0000000771700000,0x0000000771700000,0x0000000772180000)
  to   space 10752K, 0% used [0x0000000770c80000,0x0000000770c80000,0x0000000771700000)
 ParOldGen       total 184320K, used 17571K [0x00000006c1e00000, 0x00000006cd200000, 0x000000076b500000)
  object space 184320K, 9% used [0x00000006c1e00000,0x00000006c2f28ee0,0x00000006cd200000)
 Metaspace       used 38253K, capacity 39834K, committed 40104K, reserved 1083392K
  class space    used 4874K, capacity 5174K, committed 5288K, reserved 1048576K

Card table byte_map: [0x0000000011e00000,0x0000000012600000] byte_map_base: 0x000000000e7f1000

Marking Bits: (ParMarkBitMap*) 0x0000000077852d00
 Begin Bits: [0x0000000012f50000, 0x0000000016ed8000)
 End Bits:   [0x0000000016ed8000, 0x000000001ae60000)

Polling page: 0x0000000000a60000

CodeCache: size=245760Kb used=12598Kb max_used=12598Kb free=233161Kb
 bounds [0x0000000002a40000, 0x00000000036a0000, 0x0000000011a40000]
 total_blobs=3910 nmethods=3424 adapters=398
 compilation: enabled

Compilation events (10 events):
Event: 18.839 Thread 0x000000001c00d800 nmethod 3453 0x000000000367c610 code [0x000000000367c780, 0x000000000367ca68]
Event: 18.839 Thread 0x000000001c00d800 3455       3       com.mysql.cj.util.StringUtils::getLong (324 bytes)
Event: 18.842 Thread 0x000000001c00d800 nmethod 3455 0x000000000367cb10 code [0x000000000367cfa0, 0x000000000367f848]
Event: 18.842 Thread 0x000000001c005800 3464  s    4       java.lang.Throwable::fillInStackTrace (29 bytes)
Event: 18.842 Thread 0x000000001c00d800 3460       1       java.util.Calendar::internalGet (7 bytes)
Event: 18.842 Thread 0x000000001c00d800 nmethod 3460 0x0000000003681d50 code [0x0000000003681ea0, 0x0000000003681fd0]
Event: 18.842 Thread 0x000000001c00d800 3461       1       java.util.Calendar::internalSet (8 bytes)
Event: 18.842 Thread 0x000000001c00d800 nmethod 3461 0x0000000003682090 code [0x00000000036821e0, 0x0000000003682310]
Event: 18.842 Thread 0x000000001c00d800 3462   !   3       com.mysql.cj.jdbc.result.ResultSetImpl::checkColumnBounds (149 bytes)
Event: 18.843 Thread 0x000000001c005800 nmethod 3464 0x00000000036852d0 code [0x0000000003685420, 0x0000000003685748]

GC Heap History (10 events):
Event: 1.559 GC heap before
{Heap before GC invocations=2 (full 0):
 PSYoungGen      total 76288K, used 47997K [0x000000076b500000, 0x0000000770a00000, 0x00000007c0000000)
  eden space 65536K, 58% used [0x000000076b500000,0x000000076dabf2f0,0x000000076f500000)
  from space 10752K, 86% used [0x000000076f500000,0x000000076fe203d8,0x000000076ff80000)
  to   space 10752K, 0% used [0x000000076ff80000,0x000000076ff80000,0x0000000770a00000)
 ParOldGen       total 175104K, used 8K [0x00000006c1e00000, 0x00000006cc900000, 0x000000076b500000)
  object space 175104K, 0% used [0x00000006c1e00000,0x00000006c1e02000,0x00000006cc900000)
 Metaspace       used 20693K, capacity 21196K, committed 21296K, reserved 1067008K
  class space    used 2680K, capacity 2823K, committed 2864K, reserved 1048576K
Event: 1.573 GC heap after
Heap after GC invocations=2 (full 0):
 PSYoungGen      total 76288K, used 9832K [0x000000076b500000, 0x0000000774a00000, 0x00000007c0000000)
  eden space 65536K, 0% used [0x000000076b500000,0x000000076b500000,0x000000076f500000)
  from space 10752K, 91% used [0x000000076ff80000,0x000000077091a060,0x0000000770a00000)
  to   space 10752K, 0% used [0x000000076f500000,0x000000076f500000,0x000000076ff80000)
 ParOldGen       total 175104K, used 16K [0x00000006c1e00000, 0x00000006cc900000, 0x000000076b500000)
  object space 175104K, 0% used [0x00000006c1e00000,0x00000006c1e04000,0x00000006cc900000)
 Metaspace       used 20693K, capacity 21196K, committed 21296K, reserved 1067008K
  class space    used 2680K, capacity 2823K, committed 2864K, reserved 1048576K
}
Event: 1.573 GC heap before
{Heap before GC invocations=3 (full 1):
 PSYoungGen      total 76288K, used 9832K [0x000000076b500000, 0x0000000774a00000, 0x00000007c0000000)
  eden space 65536K, 0% used [0x000000076b500000,0x000000076b500000,0x000000076f500000)
  from space 10752K, 91% used [0x000000076ff80000,0x000000077091a060,0x0000000770a00000)
  to   space 10752K, 0% used [0x000000076f500000,0x000000076f500000,0x000000076ff80000)
 ParOldGen       total 175104K, used 16K [0x00000006c1e00000, 0x00000006cc900000, 0x000000076b500000)
  object space 175104K, 0% used [0x00000006c1e00000,0x00000006c1e04000,0x00000006cc900000)
 Metaspace       used 20693K, capacity 21196K, committed 21296K, reserved 1067008K
  class space    used 2680K, capacity 2823K, committed 2864K, reserved 1048576K
Event: 1.613 GC heap after
Heap after GC invocations=3 (full 1):
 PSYoungGen      total 76288K, used 0K [0x000000076b500000, 0x0000000774a00000, 0x00000007c0000000)
  eden space 65536K, 0% used [0x000000076b500000,0x000000076b500000,0x000000076f500000)
  from space 10752K, 0% used [0x000000076ff80000,0x000000076ff80000,0x0000000770a00000)
  to   space 10752K, 0% used [0x000000076f500000,0x000000076f500000,0x000000076ff80000)
 ParOldGen       total 112640K, used 9381K [0x00000006c1e00000, 0x00000006c8c00000, 0x000000076b500000)
  object space 112640K, 8% used [0x00000006c1e00000,0x00000006c27295e8,0x00000006c8c00000)
 Metaspace       used 20691K, capacity 21190K, committed 21296K, reserved 1067008K
  class space    used 2680K, capacity 2822K, committed 2864K, reserved 1048576K
}
Event: 3.463 GC heap before
{Heap before GC invocations=4 (full 1):
 PSYoungGen      total 76288K, used 65536K [0x000000076b500000, 0x0000000774a00000, 0x00000007c0000000)
  eden space 65536K, 100% used [0x000000076b500000,0x000000076f500000,0x000000076f500000)
  from space 10752K, 0% used [0x000000076ff80000,0x000000076ff80000,0x0000000770a00000)
  to   space 10752K, 0% used [0x000000076f500000,0x000000076f500000,0x000000076ff80000)
 ParOldGen       total 112640K, used 9381K [0x00000006c1e00000, 0x00000006c8c00000, 0x000000076b500000)
  object space 112640K, 8% used [0x00000006c1e00000,0x00000006c27295e8,0x00000006c8c00000)
 Metaspace       used 28636K, capacity 29782K, committed 30128K, reserved 1075200K
  class space    used 3700K, capacity 3948K, committed 4016K, reserved 1048576K
Event: 3.471 GC heap after
Heap after GC invocations=4 (full 1):
 PSYoungGen      total 76288K, used 10749K [0x000000076b500000, 0x0000000772180000, 0x00000007c0000000)
  eden space 65536K, 0% used [0x000000076b500000,0x000000076b500000,0x000000076f500000)
  from space 10752K, 99% used [0x000000076f500000,0x000000076ff7f680,0x000000076ff80000)
  to   space 10752K, 0% used [0x0000000771700000,0x0000000771700000,0x0000000772180000)
 ParOldGen       total 112640K, used 9698K [0x00000006c1e00000, 0x00000006c8c00000, 0x000000076b500000)
  object space 112640K, 8% used [0x00000006c1e00000,0x00000006c2778a90,0x00000006c8c00000)
 Metaspace       used 28636K, capacity 29782K, committed 30128K, reserved 1075200K
  class space    used 3700K, capacity 3948K, committed 4016K, reserved 1048576K
}
Event: 16.812 GC heap before
{Heap before GC invocations=5 (full 1):
 PSYoungGen      total 76288K, used 66807K [0x000000076b500000, 0x0000000772180000, 0x00000007c0000000)
  eden space 65536K, 85% used [0x000000076b500000,0x000000076ebbe920,0x000000076f500000)
  from space 10752K, 99% used [0x000000076f500000,0x000000076ff7f680,0x000000076ff80000)
  to   space 10752K, 0% used [0x0000000771700000,0x0000000771700000,0x0000000772180000)
 ParOldGen       total 112640K, used 9698K [0x00000006c1e00000, 0x00000006c8c00000, 0x000000076b500000)
  object space 112640K, 8% used [0x00000006c1e00000,0x00000006c2778a90,0x00000006c8c00000)
 Metaspace       used 33861K, capacity 35364K, committed 35496K, reserved 1079296K
  class space    used 4370K, capacity 4661K, committed 4776K, reserved 1048576K
Event: 16.823 GC heap after
Heap after GC invocations=5 (full 1):
 PSYoungGen      total 96256K, used 10740K [0x000000076b500000, 0x0000000772180000, 0x00000007c0000000)
  eden space 85504K, 0% used [0x000000076b500000,0x000000076b500000,0x0000000770880000)
  from space 10752K, 99% used [0x0000000771700000,0x000000077217d000,0x0000000772180000)
  to   space 10752K, 0% used [0x0000000770c80000,0x0000000770c80000,0x0000000771700000)
 ParOldGen       total 112640K, used 13371K [0x00000006c1e00000, 0x00000006c8c00000, 0x000000076b500000)
  object space 112640K, 11% used [0x00000006c1e00000,0x00000006c2b0ed88,0x00000006c8c00000)
 Metaspace       used 33861K, capacity 35364K, committed 35496K, reserved 1079296K
  class space    used 4370K, capacity 4661K, committed 4776K, reserved 1048576K
}
Event: 16.823 GC heap before
{Heap before GC invocations=6 (full 2):
 PSYoungGen      total 96256K, used 10740K [0x000000076b500000, 0x0000000772180000, 0x00000007c0000000)
  eden space 85504K, 0% used [0x000000076b500000,0x000000076b500000,0x0000000770880000)
  from space 10752K, 99% used [0x0000000771700000,0x000000077217d000,0x0000000772180000)
  to   space 10752K, 0% used [0x0000000770c80000,0x0000000770c80000,0x0000000771700000)
 ParOldGen       total 112640K, used 13371K [0x00000006c1e00000, 0x00000006c8c00000, 0x000000076b500000)
  object space 112640K, 11% used [0x00000006c1e00000,0x00000006c2b0ed88,0x00000006c8c00000)
 Metaspace       used 33861K, capacity 35364K, committed 35496K, reserved 1079296K
  class space    used 4370K, capacity 4661K, committed 4776K, reserved 1048576K
Event: 16.902 GC heap after
Heap after GC invocations=6 (full 2):
 PSYoungGen      total 96256K, used 0K [0x000000076b500000, 0x0000000772180000, 0x00000007c0000000)
  eden space 85504K, 0% used [0x000000076b500000,0x000000076b500000,0x0000000770880000)
  from space 10752K, 0% used [0x0000000771700000,0x0000000771700000,0x0000000772180000)
  to   space 10752K, 0% used [0x0000000770c80000,0x0000000770c80000,0x0000000771700000)
 ParOldGen       total 184320K, used 17571K [0x00000006c1e00000, 0x00000006cd200000, 0x000000076b500000)
  object space 184320K, 9% used [0x00000006c1e00000,0x00000006c2f28ee0,0x00000006cd200000)
 Metaspace       used 33861K, capacity 35364K, committed 35496K, reserved 1079296K
  class space    used 4370K, capacity 4661K, committed 4776K, reserved 1048576K
}

Deoptimization events (10 events):
Event: 18.655 Thread 0x000000002112c000 Uncommon trap: reason=class_check action=maybe_recompile pc=0x00000000031a85d8 method=java.util.AbstractList$Itr.hasNext()Z @ 8
Event: 18.655 Thread 0x000000002112c000 Uncommon trap: reason=class_check action=maybe_recompile pc=0x0000000003337bd8 method=java.util.AbstractList$Itr.next()Ljava/lang/Object; @ 14
Event: 18.689 Thread 0x0000000021122800 Uncommon trap: reason=unstable_if action=reinterpret pc=0x0000000002e60df4 method=java.net.URL.<init>(Ljava/net/URL;Ljava/lang/String;Ljava/net/URLStreamHandler;)V @ 57
Event: 18.689 Thread 0x0000000021122800 Uncommon trap: reason=unstable_if action=reinterpret pc=0x000000000346aa44 method=java.net.URLStreamHandler.parseURL(Ljava/net/URL;Ljava/lang/String;II)V @ 57
Event: 18.690 Thread 0x000000002112c000 Uncommon trap: reason=unstable_if action=reinterpret pc=0x0000000002c9ae64 method=java.lang.AbstractStringBuilder.append(Ljava/lang/String;)Ljava/lang/AbstractStringBuilder; @ 1
Event: 18.703 Thread 0x000000002112c000 Uncommon trap: reason=unstable_if action=reinterpret pc=0x000000000343977c method=java.net.URI.match(CJJ)Z @ 45
Event: 18.707 Thread 0x000000002112c000 Uncommon trap: reason=unstable_if action=reinterpret pc=0x0000000003465148 method=java.util.Properties.load0(Ljava/util/Properties$LineReader;)V @ 161
Event: 18.707 Thread 0x000000002112c000 Uncommon trap: reason=unstable_if action=reinterpret pc=0x0000000003417038 method=java.util.Properties$LineReader.readLine()I @ 271
Event: 18.707 Thread 0x000000002112c000 Uncommon trap: reason=unstable_if action=reinterpret pc=0x00000000033b73d4 method=java.util.Properties.loadConvert([CII[C)Ljava/lang/String; @ 4
Event: 18.803 Thread 0x000000002112c000 Uncommon trap: reason=unstable_if action=reinterpret pc=0x0000000002c7f990 method=java.lang.AbstractStringBuilder.append(Ljava/lang/String;)Ljava/lang/AbstractStringBuilder; @ 1

Classes redefined (0 events):
No events

Internal exceptions (10 events):
Event: 3.982 Thread 0x0000000002944800 Exception <a 'java/lang/ClassNotFoundException': org/springframework/beans/factory/BeanFactoryAwareCustomizer> (0x000000076cf311a8) thrown at [C:\re\workspace\8-2-build-windows-amd64-cygwin\jdk8u181\11358\hotspot\src\share\vm\classfile\systemDictionary.cp
Event: 3.983 Thread 0x0000000002944800 Exception <a 'java/lang/ClassNotFoundException': org/springframework/beans/factory/AwareCustomizer> (0x000000076cf3dd00) thrown at [C:\re\workspace\8-2-build-windows-amd64-cygwin\jdk8u181\11358\hotspot\src\share\vm\classfile\systemDictionary.cpp, line 210
Event: 3.983 Thread 0x0000000002944800 Exception <a 'java/lang/ClassNotFoundException': org/springframework/context/ApplicationContextAwareCustomizer> (0x000000076cf4ad38) thrown at [C:\re\workspace\8-2-build-windows-amd64-cygwin\jdk8u181\11358\hotspot\src\share\vm\classfile\systemDictionary.c
Event: 3.983 Thread 0x0000000002944800 Exception <a 'java/lang/ClassNotFoundException': org/springframework/beans/factory/AwareCustomizer> (0x000000076cf57868) thrown at [C:\re\workspace\8-2-build-windows-amd64-cygwin\jdk8u181\11358\hotspot\src\share\vm\classfile\systemDictionary.cpp, line 210
Event: 3.983 Thread 0x0000000002944800 Exception <a 'java/lang/ClassNotFoundException': org/springframework/web/context/ServletContextAwareCustomizer> (0x000000076cf647e0) thrown at [C:\re\workspace\8-2-build-windows-amd64-cygwin\jdk8u181\11358\hotspot\src\share\vm\classfile\systemDictionary.c
Event: 3.984 Thread 0x0000000002944800 Exception <a 'java/lang/ClassNotFoundException': org/springframework/beans/factory/AwareCustomizer> (0x000000076cf70d80) thrown at [C:\re\workspace\8-2-build-windows-amd64-cygwin\jdk8u181\11358\hotspot\src\share\vm\classfile\systemDictionary.cpp, line 210
Event: 3.984 Thread 0x0000000002944800 Implicit null exception at 0x00000000032ba74c to 0x00000000032ba7c9
Event: 18.106 Thread 0x000000002112c000 Exception <a 'java/io/FileNotFoundException'> (0x000000076bb920d0) thrown at [C:\re\workspace\8-2-build-windows-amd64-cygwin\jdk8u181\11358\hotspot\src\share\vm\prims\jni.cpp, line 709]
Event: 18.690 Thread 0x000000002112c000 Implicit null exception at 0x0000000002c9aa94 to 0x0000000002c9ae4d
Event: 18.803 Thread 0x000000002112c000 Implicit null exception at 0x0000000002c7f5d6 to 0x0000000002c7f979

Events (10 events):
Event: 18.835 loading class com/mysql/cj/result/StringConverter
Event: 18.835 loading class com/mysql/cj/result/StringConverter done
Event: 18.835 loading class com/mysql/cj/result/YearToDateValueFactory
Event: 18.835 loading class com/mysql/cj/result/YearToDateValueFactory done
Event: 18.842 loading class com/nmrs/umb/biometriclinux/models/FingerPrintMatchInputModel
Event: 18.842 loading class com/nmrs/umb/biometriclinux/models/FingerPrintMatchInputModel done
Event: 18.843 loading class java/util/Base64$Decoder
Event: 18.843 loading class java/util/Base64$Decoder done
Event: 18.843 loading class SecuGen/FDxSDKPro/jni/SGISOTemplateInfo
Event: 18.843 loading class SecuGen/FDxSDKPro/jni/SGISOTemplateInfo done


Dynamic libraries:
0x00007ff640ba0000 - 0x00007ff640bd7000 	C:\Program Files\Java\jdk1.8.0_181\bin\java.exe
0x00007ff969a70000 - 0x00007ff969c51000 	C:\WINDOWS\SYSTEM32\ntdll.dll
0x00007ff968810000 - 0x00007ff9688c2000 	C:\WINDOWS\System32\KERNEL32.DLL
0x00007ff965e40000 - 0x00007ff9660b3000 	C:\WINDOWS\System32\KERNELBASE.dll
0x00007ff968cb0000 - 0x00007ff968d51000 	C:\WINDOWS\System32\ADVAPI32.dll
0x00007ff9688d0000 - 0x00007ff96896e000 	C:\WINDOWS\System32\msvcrt.dll
0x00007ff9699e0000 - 0x00007ff969a3b000 	C:\WINDOWS\System32\sechost.dll
0x00007ff9692b0000 - 0x00007ff9693d4000 	C:\WINDOWS\System32\RPCRT4.dll
0x00007ff968e00000 - 0x00007ff968f90000 	C:\WINDOWS\System32\USER32.dll
0x00007ff966c10000 - 0x00007ff966c30000 	C:\WINDOWS\System32\win32u.dll
0x00007ff968b90000 - 0x00007ff968bb8000 	C:\WINDOWS\System32\GDI32.dll
0x00007ff9660c0000 - 0x00007ff966252000 	C:\WINDOWS\System32\gdi32full.dll
0x00007ff966d90000 - 0x00007ff966e2f000 	C:\WINDOWS\System32\msvcp_win.dll
0x00007ff966c90000 - 0x00007ff966d88000 	C:\WINDOWS\System32\ucrtbase.dll
0x00007ff950a10000 - 0x00007ff950c79000 	C:\WINDOWS\WinSxS\amd64_microsoft.windows.common-controls_6595b64144ccf1df_6.0.17134.648_none_fb45a0e93062a6d2\COMCTL32.dll
0x00007ff9684e0000 - 0x00007ff968802000 	C:\WINDOWS\System32\combase.dll
0x00007ff966e80000 - 0x00007ff966efa000 	C:\WINDOWS\System32\bcryptPrimitives.dll
0x00007ff969280000 - 0x00007ff9692ad000 	C:\WINDOWS\System32\IMM32.DLL
0x0000000051040000 - 0x0000000051112000 	C:\Program Files\Java\jdk1.8.0_181\jre\bin\msvcr100.dll
0x0000000077030000 - 0x00000000778d2000 	C:\Program Files\Java\jdk1.8.0_181\jre\bin\server\jvm.dll
0x00007ff9693e0000 - 0x00007ff9693e8000 	C:\WINDOWS\System32\PSAPI.DLL
0x00007ff943320000 - 0x00007ff943329000 	C:\WINDOWS\SYSTEM32\WSOCK32.dll
0x00007ff968b10000 - 0x00007ff968b7c000 	C:\WINDOWS\System32\WS2_32.dll
0x00007ff95aae0000 - 0x00007ff95ab03000 	C:\WINDOWS\SYSTEM32\WINMM.dll
0x00007ff964e60000 - 0x00007ff964e6a000 	C:\WINDOWS\SYSTEM32\VERSION.dll
0x00007ff95aab0000 - 0x00007ff95aada000 	C:\WINDOWS\SYSTEM32\WINMMBASE.dll
0x00007ff966e30000 - 0x00007ff966e79000 	C:\WINDOWS\System32\cfgmgr32.dll
0x0000000050ff0000 - 0x0000000050fff000 	C:\Program Files\Java\jdk1.8.0_181\jre\bin\verify.dll
0x00000000505e0000 - 0x0000000050609000 	C:\Program Files\Java\jdk1.8.0_181\jre\bin\java.dll
0x00000000505c0000 - 0x00000000505d6000 	C:\Program Files\Java\jdk1.8.0_181\jre\bin\zip.dll
0x00007ff966f00000 - 0x00007ff968340000 	C:\WINDOWS\System32\SHELL32.dll
0x00007ff968410000 - 0x00007ff9684b9000 	C:\WINDOWS\System32\shcore.dll
0x00007ff966500000 - 0x00007ff966c0d000 	C:\WINDOWS\System32\windows.storage.dll
0x00007ff969980000 - 0x00007ff9699d1000 	C:\WINDOWS\System32\shlwapi.dll
0x00007ff965da0000 - 0x00007ff965db1000 	C:\WINDOWS\System32\kernel.appcore.dll
0x00007ff965d80000 - 0x00007ff965d9f000 	C:\WINDOWS\System32\profapi.dll
0x00007ff965dc0000 - 0x00007ff965e0c000 	C:\WINDOWS\System32\powrprof.dll
0x00007ff965e10000 - 0x00007ff965e1a000 	C:\WINDOWS\System32\FLTLIB.DLL
0x0000000050330000 - 0x000000005033d000 	C:\Program Files\Java\jdk1.8.0_181\jre\bin\management.dll
0x00000000505a0000 - 0x00000000505ba000 	C:\Program Files\Java\jdk1.8.0_181\jre\bin\net.dll
0x00007ff965600000 - 0x00007ff965666000 	C:\WINDOWS\system32\mswsock.dll
0x00007ff94e240000 - 0x00007ff94e256000 	C:\WINDOWS\system32\napinsp.dll
0x00007ff94e220000 - 0x00007ff94e23a000 	C:\WINDOWS\system32\pnrpnsp.dll
0x00007ff95ea40000 - 0x00007ff95ea59000 	C:\WINDOWS\system32\NLAapi.dll
0x00007ff9653c0000 - 0x00007ff96547e000 	C:\WINDOWS\SYSTEM32\DNSAPI.dll
0x00007ff969270000 - 0x00007ff969278000 	C:\WINDOWS\System32\NSI.dll
0x00007ff965380000 - 0x00007ff9653b8000 	C:\WINDOWS\SYSTEM32\IPHLPAPI.DLL
0x00007ff951720000 - 0x00007ff95172e000 	C:\WINDOWS\System32\winrnr.dll
0x00007ff95fde0000 - 0x00007ff95fdf5000 	C:\WINDOWS\System32\wshbth.dll
0x00007ff95c360000 - 0x00007ff95c36a000 	C:\Windows\System32\rasadhlp.dll
0x00007ff95c370000 - 0x00007ff95c3e2000 	C:\WINDOWS\System32\fwpuclnt.dll
0x00007ff9658e0000 - 0x00007ff965905000 	C:\WINDOWS\SYSTEM32\bcrypt.dll
0x0000000050580000 - 0x0000000050591000 	C:\Program Files\Java\jdk1.8.0_181\jre\bin\nio.dll
0x00007ff9657b0000 - 0x00007ff9657c7000 	C:\WINDOWS\SYSTEM32\CRYPTSP.dll
0x00007ff9651e0000 - 0x00007ff965213000 	C:\WINDOWS\system32\rsaenh.dll
0x00007ff965cb0000 - 0x00007ff965cd8000 	C:\WINDOWS\SYSTEM32\USERENV.dll
0x00007ff9657d0000 - 0x00007ff9657db000 	C:\WINDOWS\SYSTEM32\CRYPTBASE.dll
0x00007ff95e210000 - 0x00007ff95e226000 	C:\WINDOWS\SYSTEM32\dhcpcsvc6.DLL
0x00007ff95e1a0000 - 0x00007ff95e1ba000 	C:\WINDOWS\SYSTEM32\dhcpcsvc.DLL
0x0000000180000000 - 0x000000018000b000 	C:\Windows\SysWOW64\jnifplib\x64\jnisgfplib.dll
0x00007ff92a640000 - 0x00007ff92a67c000 	C:\Windows\SysWOW64\jnifplib\x64\sgfplib.dll
0x00007ff9694b0000 - 0x00007ff9698fb000 	C:\WINDOWS\System32\SETUPAPI.dll
0x0000000050140000 - 0x00000000501e3000 	C:\WINDOWS\WinSxS\amd64_microsoft.vc90.crt_1fc8b3b9a1e18e3b_9.0.30729.9415_none_08e0c10ba840a28a\MSVCR90.dll
0x00007ff93d2b0000 - 0x00007ff93d2c8000 	C:\Windows\SysWOW64\jnifplib\x64\sgwsqlib.dll
0x00007ff968340000 - 0x00007ff968403000 	C:\WINDOWS\System32\OLEAUT32.dll
0x00007ff962320000 - 0x00007ff9624d4000 	C:\WINDOWS\SYSTEM32\PROPSYS.dll
0x00007ff964860000 - 0x00007ff96488f000 	C:\WINDOWS\SYSTEM32\winbio.dll
0x00007ff953190000 - 0x00007ff95319f000 	C:\WINDOWS\SYSTEM32\winbioext.dll
0x0000000024570000 - 0x0000000024622000 	C:\WINDOWS\SYSTEM32\SGFu03x64.dll
0x00007ff968bc0000 - 0x00007ff968cad000 	C:\WINDOWS\System32\COMDLG32.dll
0x00007ff95fad0000 - 0x00007ff95fb55000 	C:\WINDOWS\SYSTEM32\WINSPOOL.DRV
0x0000000024530000 - 0x0000000024563000 	C:\WINDOWS\SYSTEM32\sgfpaMX.dll
0x00000000503e0000 - 0x0000000050579000 	C:\Program Files\Java\jdk1.8.0_181\jre\bin\awt.dll
0x00007ff963a10000 - 0x00007ff963a9b000 	C:\WINDOWS\SYSTEM32\apphelp.dll
0x00007ff95e870000 - 0x00007ff95ea39000 	C:\WINDOWS\SYSTEM32\dbghelp.dll

VM Arguments:
java_command: com.nmrs.umb.biometriclinux.main.BiometricLinuxApplication
java_class_path (initial): C:\Users\MORRISON.I\Documents\NetBeansProjects\biometric-linux\target\classes;C:\Users\MORRISON.I\.m2\repository\mysql\mysql-connector-java\8.0.15\mysql-connector-java-8.0.15.jar;C:\Users\MORRISON.I\.m2\repository\org\springframework\boot\spring-boot-starter-web\2.1.2.RELEASE\spring-boot-starter-web-2.1.2.RELEASE.jar;C:\Users\MORRISON.I\.m2\repository\org\springframework\boot\spring-boot-starter\2.1.2.RELEASE\spring-boot-starter-2.1.2.RELEASE.jar;C:\Users\MORRISON.I\.m2\repository\org\springframework\boot\spring-boot\2.1.2.RELEASE\spring-boot-2.1.2.RELEASE.jar;C:\Users\MORRISON.I\.m2\repository\org\springframework\boot\spring-boot-autoconfigure\2.1.2.RELEASE\spring-boot-autoconfigure-2.1.2.RELEASE.jar;C:\Users\MORRISON.I\.m2\repository\org\springframework\boot\spring-boot-starter-logging\2.1.2.RELEASE\spring-boot-starter-logging-2.1.2.RELEASE.jar;C:\Users\MORRISON.I\.m2\repository\ch\qos\logback\logback-classic\1.2.3\logback-classic-1.2.3.jar;C:\Users\MORRISON.I\.m2\repository\ch\qos\logback\logback-core\1.2.3\logback-core-1.2.3.jar;C:\Users\MORRISON.I\.m2\repository\org\apache\logging\log4j\log4j-to-slf4j\2.11.1\log4j-to-slf4j-2.11.1.jar;C:\Users\MORRISON.I\.m2\repository\org\apache\logging\log4j\log4j-api\2.11.1\log4j-api-2.11.1.jar;C:\Users\MORRISON.I\.m2\repository\org\slf4j\jul-to-slf4j\1.7.25\jul-to-slf4j-1.7.25.jar;C:\Users\MORRISON.I\.m2\repository\javax\annotation\javax.annotation-api\1.3.2\javax.annotation-api-1.3.2.jar;C:\Users\MORRISON.I\.m2\repository\org\yaml\snakeyaml\1.23\snakeyaml-1.23.jar;C:\Users\MORRISON.I\.m2\repository\org\springframework\boot\spring-boot-starter-json\2.1.2.RELEASE\spring-boot-starter-json-2.1.2.RELEASE.jar;C:\Users\MORRISON.I\.m2\repository\com\fasterxml\jackson\core\jackson-databind\2.9.8\jackson-databind-2.9.8.jar;C:\Users\MORRISON.I\.m2\repository\com\fasterxml\jackson\core\jackson-annotations\2.9.0\jackson-annotations-2.9.0.jar;C:\Users\MORRISON.I\.m2\repository\com\fasterxml\jackson\core\jacks
Launcher Type: SUN_STANDARD

Environment Variables:
JAVA_HOME=C:\Program Files\Java\jdk1.8.0_181
JRE_HOME=C:\Program Files\Java\jre1.8.0_181
PATH=C:\Program Files\Docker\Docker\Resources\bin;C:\Python3\Scripts\;C:\Python3\;C:\Program Files (x86)\Common Files\Oracle\Java\javapath;C:\WINDOWS\system32;C:\WINDOWS;C:\WINDOWS\System32\Wbem;C:\WINDOWS\System32\WindowsPowerShell\v1.0\;C:\Program Files\dotnet\;C:\Program Files\Microsoft SQL Server\130\Tools\Binn\;C:\Program Files\Microsoft SQL Server\Client SDK\ODBC\130\Tools\Binn\;C:\Program Files (x86)\Microsoft SQL Server\140\Tools\Binn\;C:\Program Files\Microsoft SQL Server\140\Tools\Binn\;C:\Program Files\Microsoft SQL Server\140\DTS\Binn\;C:\Program Files (x86)\Microsoft SQL Server\Client SDK\ODBC\130\Tools\Binn\;C:\Program Files (x86)\Microsoft SQL Server\140\DTS\Binn\;C:\Program Files (x86)\Microsoft SQL Server\140\Tools\Binn\ManagementStudio\;C:\Program Files\Git\cmd;C:\WINDOWS\System32\OpenSSH\;C:\Program Files\Microsoft VS Code\bin;C:\Program Files\nodejs\;C:\Program Files\MongoDB\Server\4.0\bin;C:\Program Files\Intel\WiFi\bin\;C:\Program Files\Common Files\Intel\WirelessCommon\;C:\apache-maven-3.5.4\bin;C:\Windows\SysWOW64\jnifplib\x64;C:\Windows\SysWOW64\jnifplib\win32;C:\apache-tomcat-8.5.32\bin;C:\Program Files (x86)\Intel\Intel(R) Management Engine Components\DAL;C:\Program Files\Intel\Intel(R) Management Engine Components\DAL;C:\Users\MORRISON.I\AppData\Local\Microsoft\WindowsApps;C:\apache-maven-3.5.4\bin;C:\apache-tomcat-8.5.32\bin;C:\Program Files\Java\jdk1.8.0_181\bin;C:\Program Files\Java\jdk1.8.0_181\jre\bin;C:\Program Files\Java\jre1.8.0_181\bin;C:\src\flutter\bin;C:\Program Files (x86)\Microsoft Visual Studio\2017\Enterprise\SDK\ScopeCppSDK\VC\bin;C:\Users\MORRISON.I\.dotnet\tools;C:\Users\MORRISON.I\AppData\Roaming\npm;C:\Program Files\nodejs\node_modules\npm;
USERNAME=MORRISON.I
OS=Windows_NT
PROCESSOR_IDENTIFIER=Intel64 Family 6 Model 142 Stepping 9, GenuineIntel



---------------  S Y S T E M  ---------------

OS: Windows 10.0 , 64 bit Build 17134 (10.0.17134.648)

CPU:total 4 (initial active 4) (2 cores per cpu, 2 threads per core) family 6 model 142 stepping 9, cmov, cx8, fxsr, mmx, sse, sse2, sse3, ssse3, sse4.1, sse4.2, popcnt, avx, avx2, aes, clmul, erms, rtm, 3dnowpref, lzcnt, ht, tsc, tscinvbit, bmi1, bmi2, adx

Memory: 4k page, physical 16653528k(5428676k free), swap 20666088k(2088560k free)

vm_info: Java HotSpot(TM) 64-Bit Server VM (25.181-b13) for windows-amd64 JRE (1.8.0_181-b13), built on Jul  7 2018 04:01:33 by "java_re" with MS VC++ 10.0 (VS2010)

time: Mon Mar 18 11:27:46 2019
elapsed time: 18 seconds (0d 0h 0m 18s)

