#
# A fatal error has been detected by the Java Runtime Environment:
#
#  EXCEPTION_ACCESS_VIOLATION (0xc0000005) at pc=0x00007ffb54877fa8, pid=27980, tid=0x0000000000007f6c
#
# JRE version: Java(TM) SE Runtime Environment (8.0_261-b12) (build 1.8.0_261-b12)
# Java VM: Java HotSpot(TM) 64-Bit Server VM (25.261-b12 mixed mode windows-amd64 compressed oops)
# Problematic frame:
# C  [sgfplib.dll+0x7fa8]
#
# Failed to write core dump. Minidumps are not enabled by default on client versions of Windows
#
# If you would like to submit a bug report, please visit:
#   http://bugreport.java.com/bugreport/crash.jsp
# The crash happened outside the Java Virtual Machine in native code.
# See problematic frame for where to report the bug.
#

---------------  T H R E A D  ---------------

Current thread (0x000001a204a54000):  JavaThread "pool-1-thread-1" [_thread_in_native, id=32620, stack(0x0000000bdac00000,0x0000000bdad00000)]

siginfo: ExceptionCode=0xc0000005, reading address 0x0000000000000008

Registers:
RAX=0x0000000000000400, RBX=0x0000000000000000, RCX=0x0000000000000200, RDX=0x0000000000000000
RSP=0x0000000bdacfeb40, RBP=0x0000000bdacfeda8, RSI=0x000001a2035dd1d0, RDI=0x0000000000000190
R8 =0x0000000000000100, R9 =0x0000000000000000, R10=0x00007ffb54896a88, R11=0x0000000000000000
R12=0x0000000000000000, R13=0x0000000000000100, R14=0x0000000000000100, R15=0x0000000000000300
RIP=0x00007ffb54877fa8, EFLAGS=0x0000000000010246

Top of Stack: (sp=0x0000000bdacfeb40)
0x0000000bdacfeb40:   00000000000000c0 00007ffb5487fccb
0x0000000bdacfeb50:   00000000000000c2 000001a207310080
0x0000000bdacfeb60:   00000000000000c0 00000000000000c0
0x0000000bdacfeb70:   000001a207310080 00007ffb5487fccb
0x0000000bdacfeb80:   fffffffffffffffe 000001a207310080
0x0000000bdacfeb90:   00000000000000c0 00007ffb54874743
0x0000000bdacfeba0:   0000000000000000 0000000000000000
0x0000000bdacfebb0:   0000000000000000 00000000000000c0
0x0000000bdacfebc0:   000001a204a54000 0000000bdacfee00
0x0000000bdacfebd0:   000001a205fa48d0 0000000000000000
0x0000000bdacfebe0:   0000000000000000 000001a2035dd1d0
0x0000000bdacfebf0:   0000000bdacfeda8 00007ffb5487792c
0x0000000bdacfec00:   0000000bdacfee00 0000000000000000
0x0000000bdacfec10:   0000000000000000 000001a200000000
0x0000000bdacfec20:   000001a2050e6780 000000006e460100
0x0000000bdacfec30:   000001a200000000 0000000bdacfecc8 

Instructions: (pc=0x00007ffb54877fa8)
0x00007ffb54877f88:   8d 4c 24 48 e8 8f ca ff ff eb 10 66 45 3b f5 74
0x00007ffb54877f98:   0f b8 66 00 00 00 e9 c1 01 00 00 b9 00 02 00 00
0x00007ffb54877fa8:   0f b6 43 08 66 c1 e0 08 44 0f b7 e0 0f b6 43 09
0x00007ffb54877fb8:   44 0b e0 b8 00 04 00 00 0f b7 ac 24 e8 00 00 00 


Register to memory mapping:

RAX=0x0000000000000400 is an unknown value
RBX=0x0000000000000000 is an unknown value
RCX=0x0000000000000200 is an unknown value
RDX=0x0000000000000000 is an unknown value
RSP=0x0000000bdacfeb40 is pointing into the stack for thread: 0x000001a204a54000
RBP=0x0000000bdacfeda8 is pointing into the stack for thread: 0x000001a204a54000
RSI=0x000001a2035dd1d0 is an unknown value
RDI=0x0000000000000190 is an unknown value
R8 =0x0000000000000100 is an unknown value
R9 =0x0000000000000000 is an unknown value
R10=0x00007ffb54896a88 is an unknown value
R11=0x0000000000000000 is an unknown value
R12=0x0000000000000000 is an unknown value
R13=0x0000000000000100 is an unknown value
R14=0x0000000000000100 is an unknown value
R15=0x0000000000000300 is an unknown value


Stack: [0x0000000bdac00000,0x0000000bdad00000],  sp=0x0000000bdacfeb40,  free space=1018k
Native frames: (J=compiled Java code, j=interpreted, Vv=VM code, C=native code)
C  [sgfplib.dll+0x7fa8]
C  [sgfplib.dll+0x792c]
C  [jnisgfplib.dll+0x262a]
C  0x000001a267bb4c47

Java frames: (J=compiled Java code, j=interpreted, Vv=VM code)
j  SecuGen.FDxSDKPro.jni.JSGFPLib.GetIsoMatchingScore([BJ[BJ[I)J+0
j  com.nmrs.umb.biometriclinux.main.FingerPrintUtilImpl.getMatchedRecord(Ljava/util/List;[Z[B)I+116
j  com.nmrs.umb.biometriclinux.main.FingerPrintUtilImpl.lambda$verify$0(Ljava/util/List;[Z[BLjava/util/concurrent/ConcurrentHashMap;Ljava/util/concurrent/ExecutorService;)V+4
j  com.nmrs.umb.biometriclinux.main.FingerPrintUtilImpl$$Lambda$414.run()V+24
j  java.lang.Thread.run()V+11
j  java.util.concurrent.Executors$RunnableAdapter.call()Ljava/lang/Object;+4
j  java.util.concurrent.FutureTask.run$$$capture()V+42
j  java.util.concurrent.FutureTask.run()V+5
j  java.util.concurrent.ThreadPoolExecutor.runWorker(Ljava/util/concurrent/ThreadPoolExecutor$Worker;)V+95
j  java.util.concurrent.ThreadPoolExecutor$Worker.run()V+5
j  java.lang.Thread.run()V+11
v  ~StubRoutines::call_stub

---------------  P R O C E S S  ---------------

Java Threads: ( => current thread )
=>0x000001a204a54000 JavaThread "pool-1-thread-1" [_thread_in_native, id=32620, stack(0x0000000bdac00000,0x0000000bdad00000)]
  0x000001a204a4e000 JavaThread "mysql-cj-abandoned-connection-cleanup" daemon [_thread_blocked, id=15056, stack(0x0000000bdab00000,0x0000000bdac00000)]
  0x000001a204a50000 JavaThread "RMI TCP Connection(idle)" daemon [_thread_blocked, id=29164, stack(0x0000000bda800000,0x0000000bda900000)]
  0x000001a203864800 JavaThread "DestroyJavaVM" [_thread_blocked, id=13680, stack(0x0000000bd7e00000,0x0000000bd7f00000)]
  0x000001a203863800 JavaThread "http-nio-2018-Acceptor-0" daemon [_thread_in_native, id=24392, stack(0x0000000bda700000,0x0000000bda800000)]
  0x000001a203860800 JavaThread "http-nio-2018-ClientPoller-1" daemon [_thread_in_native, id=28356, stack(0x0000000bda600000,0x0000000bda700000)]
  0x000001a203860000 JavaThread "http-nio-2018-ClientPoller-0" daemon [_thread_in_native, id=32252, stack(0x0000000bda500000,0x0000000bda600000)]
  0x000001a203865000 JavaThread "http-nio-2018-exec-10" daemon [_thread_blocked, id=28624, stack(0x0000000bda400000,0x0000000bda500000)]
  0x000001a203863000 JavaThread "http-nio-2018-exec-9" daemon [_thread_blocked, id=4772, stack(0x0000000bda300000,0x0000000bda400000)]
  0x000001a203866000 JavaThread "http-nio-2018-exec-8" daemon [_thread_blocked, id=27616, stack(0x0000000bda200000,0x0000000bda300000)]
  0x000001a203862000 JavaThread "http-nio-2018-exec-7" daemon [_thread_blocked, id=27852, stack(0x0000000bda100000,0x0000000bda200000)]
  0x000001a203861800 JavaThread "http-nio-2018-exec-6" daemon [_thread_blocked, id=12412, stack(0x0000000bda000000,0x0000000bda100000)]
  0x000001a20385f000 JavaThread "http-nio-2018-exec-5" daemon [_thread_blocked, id=18216, stack(0x0000000bd9f00000,0x0000000bda000000)]
  0x000001a2037fa800 JavaThread "http-nio-2018-exec-4" daemon [_thread_blocked, id=26060, stack(0x0000000bd9e00000,0x0000000bd9f00000)]
  0x000001a2037f9800 JavaThread "http-nio-2018-exec-3" daemon [_thread_blocked, id=19432, stack(0x0000000bd9d00000,0x0000000bd9e00000)]
  0x000001a203029800 JavaThread "http-nio-2018-exec-2" daemon [_thread_blocked, id=29740, stack(0x0000000bd9c00000,0x0000000bd9d00000)]
  0x000001a203028800 JavaThread "http-nio-2018-exec-1" daemon [_thread_blocked, id=8540, stack(0x0000000bd9b00000,0x0000000bd9c00000)]
  0x000001a204b9d000 JavaThread "NioBlockingSelector.BlockPoller-1" daemon [_thread_in_native, id=6152, stack(0x0000000bd9a00000,0x0000000bd9b00000)]
  0x000001a2050a2800 JavaThread "container-0" [_thread_blocked, id=31368, stack(0x0000000bd9900000,0x0000000bd9a00000)]
  0x000001a20509b000 JavaThread "Catalina-utility-1" [_thread_blocked, id=24788, stack(0x0000000bd9800000,0x0000000bd9900000)]
  0x000001a204e20000 JavaThread "RMI Scheduler(0)" daemon [_thread_blocked, id=20424, stack(0x0000000bd9700000,0x0000000bd9800000)]
  0x000001a204e0b000 JavaThread "RMI TCP Connection(idle)" daemon [_thread_blocked, id=30584, stack(0x0000000bd9600000,0x0000000bd9700000)]
  0x000001a20368a000 JavaThread "RMI TCP Accept-0" daemon [_thread_in_native, id=29312, stack(0x0000000bd9400000,0x0000000bd9500000)]
  0x000001a203059800 JavaThread "Service Thread" daemon [_thread_blocked, id=3672, stack(0x0000000bd9300000,0x0000000bd9400000)]
  0x000001a203012000 JavaThread "C1 CompilerThread3" daemon [_thread_blocked, id=25596, stack(0x0000000bd9200000,0x0000000bd9300000)]
  0x000001a203011000 JavaThread "C2 CompilerThread2" daemon [_thread_blocked, id=19872, stack(0x0000000bd9100000,0x0000000bd9200000)]
  0x000001a203010800 JavaThread "C2 CompilerThread1" daemon [_thread_blocked, id=4280, stack(0x0000000bd9000000,0x0000000bd9100000)]
  0x000001a203008000 JavaThread "C2 CompilerThread0" daemon [_thread_blocked, id=30640, stack(0x0000000bd8f00000,0x0000000bd9000000)]
  0x000001a27ff6a800 JavaThread "JDWP Command Reader" daemon [_thread_in_native, id=15464, stack(0x0000000bd8e00000,0x0000000bd8f00000)]
  0x000001a27ff63000 JavaThread "JDWP Event Helper Thread" daemon [_thread_blocked, id=14020, stack(0x0000000bd8d00000,0x0000000bd8e00000)]
  0x000001a27ff54000 JavaThread "JDWP Transport Listener: dt_socket" daemon [_thread_blocked, id=16432, stack(0x0000000bd8c00000,0x0000000bd8d00000)]
  0x000001a27ff49800 JavaThread "Attach Listener" daemon [_thread_blocked, id=19704, stack(0x0000000bd8b00000,0x0000000bd8c00000)]
  0x000001a27ff49000 JavaThread "Signal Dispatcher" daemon [_thread_blocked, id=24420, stack(0x0000000bd8a00000,0x0000000bd8b00000)]
  0x000001a27ff1e800 JavaThread "Finalizer" daemon [_thread_blocked, id=33100, stack(0x0000000bd8900000,0x0000000bd8a00000)]
  0x000001a27ff17000 JavaThread "Reference Handler" daemon [_thread_blocked, id=13332, stack(0x0000000bd8800000,0x0000000bd8900000)]

Other Threads:
  0x000001a27feef000 VMThread [stack: 0x0000000bd8700000,0x0000000bd8800000] [id=29028]
  0x000001a203696800 WatcherThread [stack: 0x0000000bd9500000,0x0000000bd9600000] [id=22848]

VM state:not at safepoint (normal execution)

VM Mutex/Monitor currently owned by a thread: None

heap address: 0x00000006c0000000, size: 4096 MB, Compressed Oops mode: Zero based, Oop shift amount: 3
Narrow klass base: 0x0000000000000000, Narrow klass shift: 3
Compressed class space size: 1073741824 Address: 0x00000007c0000000

Heap:
 PSYoungGen      total 305664K, used 74045K [0x000000076ab00000, 0x0000000783b00000, 0x00000007c0000000)
  eden space 262144K, 28% used [0x000000076ab00000,0x000000076f34f6c0,0x000000077ab00000)
  from space 43520K, 0% used [0x000000077d580000,0x000000077d580000,0x0000000780000000)
  to   space 43520K, 0% used [0x000000077ab00000,0x000000077ab00000,0x000000077d580000)
 ParOldGen       total 824320K, used 24810K [0x00000006c0000000, 0x00000006f2500000, 0x000000076ab00000)
  object space 824320K, 3% used [0x00000006c0000000,0x00000006c183aab8,0x00000006f2500000)
 Metaspace       used 35543K, capacity 37190K, committed 37504K, reserved 1081344K
  class space    used 4637K, capacity 4963K, committed 4992K, reserved 1048576K

Card table byte_map: [0x000001a276f50000,0x000001a277760000] byte_map_base: 0x000001a273950000

Marking Bits: (ParMarkBitMap*) 0x000000006eaf4fb0
 Begin Bits: [0x000001a277cc0000, 0x000001a27bcc0000)
 End Bits:   [0x000001a27bcc0000, 0x000001a27fcc0000)

Polling page: 0x000001a266180000

CodeCache: size=245760Kb used=7482Kb max_used=7502Kb free=238278Kb
 bounds [0x000001a267b90000, 0x000001a2682f0000, 0x000001a276b90000]
 total_blobs=3842 nmethods=3336 adapters=425
 compilation: enabled

Compilation events (10 events):
Event: 26.765 Thread 0x000001a203012000 3379       1       java.lang.System$2::blockedOn (6 bytes)
Event: 26.765 Thread 0x000001a203012000 nmethod 3379 0x000001a267e18350 code [0x000001a267e184c0, 0x000001a267e18798]
Event: 26.766 Thread 0x000001a203012000 3380   !   1       java.lang.Thread::blockedOn (23 bytes)
Event: 26.766 Thread 0x000001a203012000 nmethod 3380 0x000001a267e17e10 code [0x000001a267e17f80, 0x000001a267e18258]
Event: 26.862 Thread 0x000001a203012000 3381       1       java.util.SubList$1::next (25 bytes)
Event: 26.862 Thread 0x000001a203012000 nmethod 3381 0x000001a267e178d0 code [0x000001a267e17a60, 0x000001a267e17c70]
Event: 26.863 Thread 0x000001a203012000 3382       1       java.lang.StackTraceElement::getFileName (5 bytes)
Event: 26.863 Thread 0x000001a203012000 nmethod 3382 0x000001a267e12290 code [0x000001a267e123e0, 0x000001a267e124f8]
Event: 26.863 Thread 0x000001a203012000 3383       1       java.lang.StackTraceElement::getLineNumber (5 bytes)
Event: 26.863 Thread 0x000001a203012000 nmethod 3383 0x000001a267deed10 code [0x000001a267deee60, 0x000001a267deef78]

GC Heap History (8 events):
Event: 5.820 GC heap before
{Heap before GC invocations=1 (full 0):
 PSYoungGen      total 305664K, used 157386K [0x000000076ab00000, 0x0000000780000000, 0x00000007c0000000)
  eden space 262144K, 60% used [0x000000076ab00000,0x00000007744b2bf8,0x000000077ab00000)
  from space 43520K, 0% used [0x000000077d580000,0x000000077d580000,0x0000000780000000)
  to   space 43520K, 0% used [0x000000077ab00000,0x000000077ab00000,0x000000077d580000)
 ParOldGen       total 699392K, used 0K [0x00000006c0000000, 0x00000006eab00000, 0x000000076ab00000)
  object space 699392K, 0% used [0x00000006c0000000,0x00000006c0000000,0x00000006eab00000)
 Metaspace       used 20740K, capacity 21222K, committed 21296K, reserved 1067008K
  class space    used 2724K, capacity 2894K, committed 2944K, reserved 1048576K
Event: 5.842 GC heap after
Heap after GC invocations=1 (full 0):
 PSYoungGen      total 305664K, used 14243K [0x000000076ab00000, 0x0000000780000000, 0x00000007c0000000)
  eden space 262144K, 0% used [0x000000076ab00000,0x000000076ab00000,0x000000077ab00000)
  from space 43520K, 32% used [0x000000077ab00000,0x000000077b8e8d20,0x000000077d580000)
  to   space 43520K, 0% used [0x000000077d580000,0x000000077d580000,0x0000000780000000)
 ParOldGen       total 699392K, used 16K [0x00000006c0000000, 0x00000006eab00000, 0x000000076ab00000)
  object space 699392K, 0% used [0x00000006c0000000,0x00000006c0004000,0x00000006eab00000)
 Metaspace       used 20740K, capacity 21222K, committed 21296K, reserved 1067008K
  class space    used 2724K, capacity 2894K, committed 2944K, reserved 1048576K
}
Event: 5.842 GC heap before
{Heap before GC invocations=2 (full 1):
 PSYoungGen      total 305664K, used 14243K [0x000000076ab00000, 0x0000000780000000, 0x00000007c0000000)
  eden space 262144K, 0% used [0x000000076ab00000,0x000000076ab00000,0x000000077ab00000)
  from space 43520K, 32% used [0x000000077ab00000,0x000000077b8e8d20,0x000000077d580000)
  to   space 43520K, 0% used [0x000000077d580000,0x000000077d580000,0x0000000780000000)
 ParOldGen       total 699392K, used 16K [0x00000006c0000000, 0x00000006eab00000, 0x000000076ab00000)
  object space 699392K, 0% used [0x00000006c0000000,0x00000006c0004000,0x00000006eab00000)
 Metaspace       used 20740K, capacity 21222K, committed 21296K, reserved 1067008K
  class space    used 2724K, capacity 2894K, committed 2944K, reserved 1048576K
Event: 5.903 GC heap after
Heap after GC invocations=2 (full 1):
 PSYoungGen      total 305664K, used 0K [0x000000076ab00000, 0x0000000780000000, 0x00000007c0000000)
  eden space 262144K, 0% used [0x000000076ab00000,0x000000076ab00000,0x000000077ab00000)
  from space 43520K, 0% used [0x000000077ab00000,0x000000077ab00000,0x000000077d580000)
  to   space 43520K, 0% used [0x000000077d580000,0x000000077d580000,0x0000000780000000)
 ParOldGen       total 699392K, used 13544K [0x00000006c0000000, 0x00000006eab00000, 0x000000076ab00000)
  object space 699392K, 1% used [0x00000006c0000000,0x00000006c0d3a288,0x00000006eab00000)
 Metaspace       used 20738K, capacity 21216K, committed 21296K, reserved 1067008K
  class space    used 2723K, capacity 2893K, committed 2944K, reserved 1048576K
}
Event: 17.533 GC heap before
{Heap before GC invocations=3 (full 1):
 PSYoungGen      total 305664K, used 199609K [0x000000076ab00000, 0x0000000780000000, 0x00000007c0000000)
  eden space 262144K, 76% used [0x000000076ab00000,0x0000000776dee778,0x000000077ab00000)
  from space 43520K, 0% used [0x000000077ab00000,0x000000077ab00000,0x000000077d580000)
  to   space 43520K, 0% used [0x000000077d580000,0x000000077d580000,0x0000000780000000)
 ParOldGen       total 699392K, used 13544K [0x00000006c0000000, 0x00000006eab00000, 0x000000076ab00000)
  object space 699392K, 1% used [0x00000006c0000000,0x00000006c0d3a288,0x00000006eab00000)
 Metaspace       used 33742K, capacity 35328K, committed 35496K, reserved 1079296K
  class space    used 4463K, capacity 4758K, committed 4864K, reserved 1048576K
Event: 17.562 GC heap after
Heap after GC invocations=3 (full 1):
 PSYoungGen      total 305664K, used 20662K [0x000000076ab00000, 0x0000000783b00000, 0x00000007c0000000)
  eden space 262144K, 0% used [0x000000076ab00000,0x000000076ab00000,0x000000077ab00000)
  from space 43520K, 47% used [0x000000077d580000,0x000000077e9ad810,0x0000000780000000)
  to   space 43520K, 0% used [0x000000077ab00000,0x000000077ab00000,0x000000077d580000)
 ParOldGen       total 699392K, used 13616K [0x00000006c0000000, 0x00000006eab00000, 0x000000076ab00000)
  object space 699392K, 1% used [0x00000006c0000000,0x00000006c0d4c298,0x00000006eab00000)
 Metaspace       used 33742K, capacity 35328K, committed 35496K, reserved 1079296K
  class space    used 4463K, capacity 4758K, committed 4864K, reserved 1048576K
}
Event: 17.562 GC heap before
{Heap before GC invocations=4 (full 2):
 PSYoungGen      total 305664K, used 20662K [0x000000076ab00000, 0x0000000783b00000, 0x00000007c0000000)
  eden space 262144K, 0% used [0x000000076ab00000,0x000000076ab00000,0x000000077ab00000)
  from space 43520K, 47% used [0x000000077d580000,0x000000077e9ad810,0x0000000780000000)
  to   space 43520K, 0% used [0x000000077ab00000,0x000000077ab00000,0x000000077d580000)
 ParOldGen       total 699392K, used 13616K [0x00000006c0000000, 0x00000006eab00000, 0x000000076ab00000)
  object space 699392K, 1% used [0x00000006c0000000,0x00000006c0d4c298,0x00000006eab00000)
 Metaspace       used 33742K, capacity 35328K, committed 35496K, reserved 1079296K
  class space    used 4463K, capacity 4758K, committed 4864K, reserved 1048576K
Event: 17.668 GC heap after
Heap after GC invocations=4 (full 2):
 PSYoungGen      total 305664K, used 0K [0x000000076ab00000, 0x0000000783b00000, 0x00000007c0000000)
  eden space 262144K, 0% used [0x000000076ab00000,0x000000076ab00000,0x000000077ab00000)
  from space 43520K, 0% used [0x000000077d580000,0x000000077d580000,0x0000000780000000)
  to   space 43520K, 0% used [0x000000077ab00000,0x000000077ab00000,0x000000077d580000)
 ParOldGen       total 824320K, used 24810K [0x00000006c0000000, 0x00000006f2500000, 0x000000076ab00000)
  object space 824320K, 3% used [0x00000006c0000000,0x00000006c183aab8,0x00000006f2500000)
 Metaspace       used 33742K, capacity 35328K, committed 35496K, reserved 1079296K
  class space    used 4463K, capacity 4758K, committed 4864K, reserved 1048576K
}

Deoptimization events (0 events):
No events

Classes redefined (0 events):
No events

Internal exceptions (10 events):
Event: 9.143 Thread 0x000001a2661d9000 Exception <a 'java/lang/ArrayIndexOutOfBoundsException'> (0x0000000774598530) thrown at [C:\jenkins\workspace\8-2-build-windows-amd64-cygwin\jdk8u261\295\hotspot\src\share\vm\runtime\sharedRuntime.cpp, line 605]
Event: 9.144 Thread 0x000001a2661d9000 Exception <a 'java/lang/ArrayIndexOutOfBoundsException'> (0x000000077459afa0) thrown at [C:\jenkins\workspace\8-2-build-windows-amd64-cygwin\jdk8u261\295\hotspot\src\share\vm\runtime\sharedRuntime.cpp, line 605]
Event: 9.144 Thread 0x000001a2661d9000 Exception <a 'java/lang/ArrayIndexOutOfBoundsException'> (0x000000077459db50) thrown at [C:\jenkins\workspace\8-2-build-windows-amd64-cygwin\jdk8u261\295\hotspot\src\share\vm\runtime\sharedRuntime.cpp, line 605]
Event: 9.149 Thread 0x000001a2661d9000 Exception <a 'java/lang/ArrayIndexOutOfBoundsException'> (0x00000007745c8800) thrown at [C:\jenkins\workspace\8-2-build-windows-amd64-cygwin\jdk8u261\295\hotspot\src\share\vm\runtime\sharedRuntime.cpp, line 605]
Event: 9.283 Thread 0x000001a2661d9000 Exception <a 'java/lang/ArrayIndexOutOfBoundsException'> (0x0000000774b41f88) thrown at [C:\jenkins\workspace\8-2-build-windows-amd64-cygwin\jdk8u261\295\hotspot\src\share\vm\runtime\sharedRuntime.cpp, line 605]
Event: 9.317 Thread 0x000001a2661d9000 Exception <a 'java/lang/ArrayIndexOutOfBoundsException'> (0x0000000774d17a30) thrown at [C:\jenkins\workspace\8-2-build-windows-amd64-cygwin\jdk8u261\295\hotspot\src\share\vm\runtime\sharedRuntime.cpp, line 605]
Event: 9.378 Thread 0x000001a2661d9000 Exception <a 'java/lang/ArrayIndexOutOfBoundsException'> (0x00000007750b5c30) thrown at [C:\jenkins\workspace\8-2-build-windows-amd64-cygwin\jdk8u261\295\hotspot\src\share\vm\runtime\sharedRuntime.cpp, line 605]
Event: 9.378 Thread 0x000001a2661d9000 Exception <a 'java/lang/ArrayIndexOutOfBoundsException'> (0x00000007750b6bf0) thrown at [C:\jenkins\workspace\8-2-build-windows-amd64-cygwin\jdk8u261\295\hotspot\src\share\vm\runtime\sharedRuntime.cpp, line 605]
Event: 9.378 Thread 0x000001a2661d9000 Exception <a 'java/lang/ArrayIndexOutOfBoundsException'> (0x00000007750b8c10) thrown at [C:\jenkins\workspace\8-2-build-windows-amd64-cygwin\jdk8u261\295\hotspot\src\share\vm\runtime\sharedRuntime.cpp, line 605]
Event: 16.065 Thread 0x000001a203029800 Exception <a 'java/io/FileNotFoundException'> (0x0000000776876bf0) thrown at [C:\jenkins\workspace\8-2-build-windows-amd64-cygwin\jdk8u261\295\hotspot\src\share\vm\prims\jni.cpp, line 710]

Events (10 events):
Event: 27.880 Executing VM operation: GetCurrentLocation
Event: 27.880 Executing VM operation: GetCurrentLocation done
Event: 27.880 Executing VM operation: ChangeSingleStep
Event: 27.880 Executing VM operation: ChangeSingleStep done
Event: 27.881 Executing VM operation: ChangeSingleStep
Event: 27.881 Executing VM operation: ChangeSingleStep done
Event: 27.881 Executing VM operation: GetCurrentLocation
Event: 27.881 Executing VM operation: GetCurrentLocation done
Event: 27.881 Executing VM operation: ChangeSingleStep
Event: 27.881 Executing VM operation: ChangeSingleStep done


Dynamic libraries:
0x00007ff659db0000 - 0x00007ff659df7000 	C:\Program Files\Java\jdk1.8.0_261\bin\java.exe
0x00007ffb82d00000 - 0x00007ffb82ef0000 	C:\WINDOWS\SYSTEM32\ntdll.dll
0x00007ffb81320000 - 0x00007ffb813d2000 	C:\WINDOWS\System32\KERNEL32.DLL
0x00007ffb7ffe0000 - 0x00007ffb80285000 	C:\WINDOWS\System32\KERNELBASE.dll
0x00007ffb819e0000 - 0x00007ffb81a83000 	C:\WINDOWS\System32\ADVAPI32.dll
0x00007ffb81dc0000 - 0x00007ffb81e5e000 	C:\WINDOWS\System32\msvcrt.dll
0x00007ffb82340000 - 0x00007ffb823d7000 	C:\WINDOWS\System32\sechost.dll
0x00007ffb81440000 - 0x00007ffb81560000 	C:\WINDOWS\System32\RPCRT4.dll
0x00007ffb81770000 - 0x00007ffb81904000 	C:\WINDOWS\System32\USER32.dll
0x00007ffb7fee0000 - 0x00007ffb7ff01000 	C:\WINDOWS\System32\win32u.dll
0x00007ffb812f0000 - 0x00007ffb81316000 	C:\WINDOWS\System32\GDI32.dll
0x00007ffb80aa0000 - 0x00007ffb80c36000 	C:\WINDOWS\System32\gdi32full.dll
0x00007ffb80d10000 - 0x00007ffb80dae000 	C:\WINDOWS\System32\msvcp_win.dll
0x00007ffb7fde0000 - 0x00007ffb7feda000 	C:\WINDOWS\System32\ucrtbase.dll
0x00007ffb63430000 - 0x00007ffb636b4000 	C:\WINDOWS\WinSxS\amd64_microsoft.windows.common-controls_6595b64144ccf1df_6.0.18362.1139_none_9e7bf2d3e4605ac6\COMCTL32.dll
0x00007ffb80db0000 - 0x00007ffb810e5000 	C:\WINDOWS\System32\combase.dll
0x00007ffb80c40000 - 0x00007ffb80cc0000 	C:\WINDOWS\System32\bcryptPrimitives.dll
0x00007ffb823f0000 - 0x00007ffb8241e000 	C:\WINDOWS\System32\IMM32.DLL
0x00007ffb4d840000 - 0x00007ffb4d855000 	C:\Program Files\Java\jdk1.8.0_261\jre\bin\vcruntime140.dll
0x00007ffb0ec30000 - 0x00007ffb0eccb000 	C:\Program Files\Java\jdk1.8.0_261\jre\bin\msvcp140.dll
0x000000006e300000 - 0x000000006eb6c000 	C:\Program Files\Java\jdk1.8.0_261\jre\bin\server\jvm.dll
0x00007ffb81b50000 - 0x00007ffb81b58000 	C:\WINDOWS\System32\PSAPI.DLL
0x00007ffb7ec70000 - 0x00007ffb7ec7a000 	C:\WINDOWS\SYSTEM32\VERSION.dll
0x00007ffb70050000 - 0x00007ffb70074000 	C:\WINDOWS\SYSTEM32\WINMM.dll
0x00007ffb70010000 - 0x00007ffb7003d000 	C:\WINDOWS\SYSTEM32\winmmbase.dll
0x00007ffb80cc0000 - 0x00007ffb80d0a000 	C:\WINDOWS\System32\cfgmgr32.dll
0x00007ffb65770000 - 0x00007ffb65779000 	C:\WINDOWS\SYSTEM32\WSOCK32.dll
0x00007ffb81e60000 - 0x00007ffb81ecf000 	C:\WINDOWS\System32\WS2_32.dll
0x00007ffb7fc50000 - 0x00007ffb7fc61000 	C:\WINDOWS\System32\kernel.appcore.dll
0x00007ffb524c0000 - 0x00007ffb524d0000 	C:\Program Files\Java\jdk1.8.0_261\jre\bin\verify.dll
0x00007ffb3a520000 - 0x00007ffb3a54b000 	C:\Program Files\Java\jdk1.8.0_261\jre\bin\java.dll
0x00007ffb5a310000 - 0x00007ffb5a346000 	C:\Program Files\Java\jdk1.8.0_261\jre\bin\jdwp.dll
0x00007ffb7c330000 - 0x00007ffb7c339000 	C:\Program Files\Java\jdk1.8.0_261\jre\bin\npt.dll
0x00007ffb54980000 - 0x00007ffb549b2000 	C:\Program Files\Java\jdk1.8.0_261\jre\bin\instrument.dll
0x00007ffb48d30000 - 0x00007ffb48d48000 	C:\Program Files\Java\jdk1.8.0_261\jre\bin\zip.dll
0x00007ffb825d0000 - 0x00007ffb82cb7000 	C:\WINDOWS\System32\SHELL32.dll
0x00007ffb81a90000 - 0x00007ffb81b39000 	C:\WINDOWS\System32\shcore.dll
0x00007ffb80290000 - 0x00007ffb80a10000 	C:\WINDOWS\System32\windows.storage.dll
0x00007ffb7fbd0000 - 0x00007ffb7fbf3000 	C:\WINDOWS\System32\profapi.dll
0x00007ffb7fc00000 - 0x00007ffb7fc4a000 	C:\WINDOWS\System32\powrprof.dll
0x00007ffb7fbc0000 - 0x00007ffb7fbd0000 	C:\WINDOWS\System32\UMPDC.dll
0x00007ffb81290000 - 0x00007ffb812e2000 	C:\WINDOWS\System32\shlwapi.dll
0x00007ffb7ffc0000 - 0x00007ffb7ffd7000 	C:\WINDOWS\System32\cryptsp.dll
0x00007ffb74730000 - 0x00007ffb7473a000 	C:\Program Files\Java\jdk1.8.0_261\jre\bin\dt_socket.dll
0x00007ffb7f410000 - 0x00007ffb7f477000 	C:\WINDOWS\system32\mswsock.dll
0x00007ffb3b880000 - 0x00007ffb3b89c000 	C:\Program Files\Java\jdk1.8.0_261\jre\bin\net.dll
0x00007ffb7f160000 - 0x00007ffb7f22b000 	C:\WINDOWS\SYSTEM32\DNSAPI.dll
0x00007ffb823e0000 - 0x00007ffb823e8000 	C:\WINDOWS\System32\NSI.dll
0x00007ffb7f0c0000 - 0x00007ffb7f0fa000 	C:\WINDOWS\SYSTEM32\IPHLPAPI.DLL
0x00007ffb799f0000 - 0x00007ffb799fa000 	C:\Windows\System32\rasadhlp.dll
0x00007ffb74e40000 - 0x00007ffb74eb7000 	C:\WINDOWS\System32\fwpuclnt.dll
0x00007ffb80a10000 - 0x00007ffb80a36000 	C:\WINDOWS\System32\bcrypt.dll
0x00007ffb4ec80000 - 0x00007ffb4ec8d000 	C:\Program Files\Java\jdk1.8.0_261\jre\bin\management.dll
0x00007ffb33a50000 - 0x00007ffb33a63000 	C:\Program Files\Java\jdk1.8.0_261\jre\bin\nio.dll
0x00007ffb7ef20000 - 0x00007ffb7ef53000 	C:\WINDOWS\system32\rsaenh.dll
0x00007ffb7faa0000 - 0x00007ffb7fac5000 	C:\WINDOWS\SYSTEM32\USERENV.dll
0x00007ffb7f5e0000 - 0x00007ffb7f5ec000 	C:\WINDOWS\SYSTEM32\CRYPTBASE.dll
0x00007ffb76b80000 - 0x00007ffb76b96000 	C:\WINDOWS\SYSTEM32\dhcpcsvc6.DLL
0x00007ffb780f0000 - 0x00007ffb7810c000 	C:\WINDOWS\SYSTEM32\dhcpcsvc.DLL
0x00007ffb60340000 - 0x00007ffb60356000 	C:\WINDOWS\system32\napinsp.dll
0x00007ffb602e0000 - 0x00007ffb602fa000 	C:\WINDOWS\system32\pnrpnsp.dll
0x00007ffb62800000 - 0x00007ffb6280e000 	C:\WINDOWS\System32\winrnr.dll
0x00007ffb7c230000 - 0x00007ffb7c24c000 	C:\WINDOWS\system32\NLAapi.dll
0x00007ffb7b430000 - 0x00007ffb7b445000 	C:\WINDOWS\system32\wshbth.dll
0x0000000180000000 - 0x000000018000b000 	C:\Windows\SysWOW64\jnisgfplib.dll
0x000000006f610000 - 0x000000006f6b3000 	C:\WINDOWS\WinSxS\amd64_microsoft.vc90.crt_1fc8b3b9a1e18e3b_9.0.30729.9619_none_08e065a3a84109b0\MSVCR90.dll
0x00007ffb54870000 - 0x00007ffb548ac000 	C:\windows\SysWOW64\sgfplib.dll
0x00007ffb81ed0000 - 0x00007ffb82340000 	C:\WINDOWS\System32\SETUPAPI.dll
0x00007ffb54850000 - 0x00007ffb54868000 	C:\windows\SysWOW64\sgwsqlib.dll
0x00007ffb81c60000 - 0x00007ffb81db7000 	C:\WINDOWS\System32\ole32.dll
0x00007ffb81560000 - 0x00007ffb81625000 	C:\WINDOWS\System32\OLEAUT32.dll
0x00007ffb7bde0000 - 0x00007ffb7bed0000 	C:\WINDOWS\SYSTEM32\PROPSYS.dll
0x00007ffb66c90000 - 0x00007ffb66cc1000 	C:\WINDOWS\SYSTEM32\winbio.dll
0x00007ffb66eb0000 - 0x00007ffb66ebf000 	C:\WINDOWS\SYSTEM32\winbioext.dll
0x000001a2065c0000 - 0x000001a20661f000 	C:\WINDOWS\SYSTEM32\sgfdu04x64.dll
0x00007ffb62d80000 - 0x00007ffb62e09000 	C:\WINDOWS\SYSTEM32\WINSPOOL.DRV
0x0000000010000000 - 0x0000000010033000 	C:\WINDOWS\SYSTEM32\sgfpaMX.dll
0x00007ffb1bfa0000 - 0x00007ffb1c134000 	C:\Program Files\Java\jdk1.8.0_261\jre\bin\awt.dll
0x00007ffb7d8f0000 - 0x00007ffb7d97f000 	C:\WINDOWS\SYSTEM32\apphelp.dll
0x00007ffb7e410000 - 0x00007ffb7e604000 	C:\WINDOWS\SYSTEM32\dbghelp.dll

VM Arguments:
jvm_args: -agentlib:jdwp=transport=dt_socket,address=127.0.0.1:54128,suspend=y,server=n -Xms1024m -Xmx4096m -XX:MaxPermSize=1024m -XX:TieredStopAtLevel=1 -Xverify:none -Dspring.output.ansi.enabled=always -Dcom.sun.management.jmxremote -Dspring.jmx.enabled=true -Dspring.liveBeansView.mbeanDomain -Dspring.application.admin.enabled=true -javaagent:C:\Users\MGIC\AppData\Local\JetBrains\IntelliJIdea2020.1\captureAgent\debugger-agent.jar -Dfile.encoding=UTF-8 
java_command: com.nmrs.umb.biometriclinux.main.BiometricLinuxApplication
java_class_path (initial): C:\Program Files\Java\jdk1.8.0_261\jre\lib\charsets.jar;C:\Program Files\Java\jdk1.8.0_261\jre\lib\deploy.jar;C:\Program Files\Java\jdk1.8.0_261\jre\lib\ext\access-bridge-64.jar;C:\Program Files\Java\jdk1.8.0_261\jre\lib\ext\cldrdata.jar;C:\Program Files\Java\jdk1.8.0_261\jre\lib\ext\dnsns.jar;C:\Program Files\Java\jdk1.8.0_261\jre\lib\ext\jaccess.jar;C:\Program Files\Java\jdk1.8.0_261\jre\lib\ext\jfxrt.jar;C:\Program Files\Java\jdk1.8.0_261\jre\lib\ext\localedata.jar;C:\Program Files\Java\jdk1.8.0_261\jre\lib\ext\nashorn.jar;C:\Program Files\Java\jdk1.8.0_261\jre\lib\ext\sunec.jar;C:\Program Files\Java\jdk1.8.0_261\jre\lib\ext\sunjce_provider.jar;C:\Program Files\Java\jdk1.8.0_261\jre\lib\ext\sunmscapi.jar;C:\Program Files\Java\jdk1.8.0_261\jre\lib\ext\sunpkcs11.jar;C:\Program Files\Java\jdk1.8.0_261\jre\lib\ext\zipfs.jar;C:\Program Files\Java\jdk1.8.0_261\jre\lib\javaws.jar;C:\Program Files\Java\jdk1.8.0_261\jre\lib\jce.jar;C:\Program Files\Java\jdk1.8.0_261\jre\lib\jfr.jar;C:\Program Files\Java\jdk1.8.0_261\jre\lib\jfxswt.jar;C:\Program Files\Java\jdk1.8.0_261\jre\lib\jsse.jar;C:\Program Files\Java\jdk1.8.0_261\jre\lib\management-agent.jar;C:\Program Files\Java\jdk1.8.0_261\jre\lib\plugin.jar;C:\Program Files\Java\jdk1.8.0_261\jre\lib\resources.jar;C:\Program Files\Java\jdk1.8.0_261\jre\lib\rt.jar;C:\MGIC\nmrs-biometric\target\classes;C:\Users\MGIC\.m2\repository\mysql\mysql-connector-java\8.0.15\mysql-connector-java-8.0.15.jar;C:\Users\MGIC\.m2\repository\org\springframework\boot\spring-boot-starter-web\2.1.2.RELEASE\spring-boot-starter-web-2.1.2.RELEASE.jar;C:\Users\MGIC\.m2\repository\org\springframework\boot\spring-boot-starter\2.1.2.RELEASE\spring-boot-starter-2.1.2.RELEASE.jar;C:\Users\MGIC\.m2\repository\org\springframework\boot\spring-boot\2.1.2.RELEASE\spring-boot-2.1.2.RELEASE.jar;C:\Users\MGIC\.m2\repository\org\springframework\boot\spring-boot-autoconfigure\2.1.2.RELEASE\spring-boot-autoconfigure-2.1.2.RELEASE.jar;C:\Users
Launcher Type: SUN_STANDARD

Environment Variables:
JAVA_HOME=C:\Program Files\Java\jdk1.8.0_271
PATH=C:\Program Files (x86)\Common Files\Oracle\Java\javapath;C:\WINDOWS\system32;C:\WINDOWS;C:\WINDOWS\System32\Wbem;C:\WINDOWS\System32\WindowsPowerShell\v1.0\;C:\WINDOWS\System32\OpenSSH\;C:\Program Files\Java\jdk1.8.0_271\bin;C:\Program Files\Git\cmd;C:\apache-maven-3.6.3\bin;C:\Program Files\MySQL\MySQL Server 5.7\bin;C:\Program Files\Git\bin;C:\Program Files\liquibase;C:\windows\SysWOW64;C:\Program Files\MySQL\MySQL Shell 8.0\bin\;C:\Users\MGIC\AppData\Local\Microsoft\WindowsApps;C:\Users\MGIC\AppData\Local\GitHubDesktop\bin;C:\Program Files\Java\jdk1.8.0_261\bin;C:\Users\MGIC\AppData\Local\Programs\Microsoft VS Code\bin;C:\apache-maven-3.6.3\bin;C:\Program Files\MySQL\MySQL Server 5.7\bin;C:\Program Files\Git\bin;C:\Program Files\liquibase;
USERNAME=MGIC
OS=Windows_NT
PROCESSOR_IDENTIFIER=Intel64 Family 6 Model 142 Stepping 12, GenuineIntel



---------------  S Y S T E M  ---------------

OS: Windows 10.0 , 64 bit Build 18362 (10.0.18362.1110)

CPU:total 8 (initial active 8) (4 cores per cpu, 2 threads per core) family 6 model 142 stepping 12, cmov, cx8, fxsr, mmx, sse, sse2, sse3, ssse3, sse4.1, sse4.2, popcnt, avx, avx2, aes, clmul, erms, 3dnowpref, lzcnt, ht, tsc, tscinvbit, bmi1, bmi2, adx

Memory: 4k page, physical 33356064k(15338380k free), swap 38336800k(9036124k free)

vm_info: Java HotSpot(TM) 64-Bit Server VM (25.261-b12) for windows-amd64 JRE (1.8.0_261-b12), built on Jun 18 2020 06:56:32 by "" with unknown MS VC++:1916

time: Wed Nov  4 20:05:04 2020
timezone: W. Central Africa Standard Time
elapsed time: 28 seconds (0d 0h 0m 28s)

