#
# A fatal error has been detected by the Java Runtime Environment:
#
#  EXCEPTION_ACCESS_VIOLATION (0xc0000005) at pc=0x000000000321c58e, pid=29352, tid=0x0000000000014cc8
#
# JRE version: Java(TM) SE Runtime Environment (8.0_181-b13) (build 1.8.0_181-b13)
# Java VM: Java HotSpot(TM) 64-Bit Server VM (25.181-b13 mixed mode windows-amd64 compressed oops)
# Problematic frame:
# C  [sgfpaMX.dll+0xc58e]
#
# Failed to write core dump. Minidumps are not enabled by default on client versions of Windows
#
# If you would like to submit a bug report, please visit:
#   http://bugreport.java.com/bugreport/crash.jsp
# The crash happened outside the Java Virtual Machine in native code.
# See problematic frame for where to report the bug.
#

---------------  T H R E A D  ---------------

Current thread (0x000000001ffa5000):  JavaThread "http-nio-2018-exec-1" daemon [_thread_in_native, id=85192, stack(0x00000000251a0000,0x00000000252a0000)]

siginfo: ExceptionCode=0xc0000005, reading address 0x0000000000000008

Registers:
RAX=0x0000000003257ae0, RBX=0x0000000000000000, RCX=0x000000007ffe0380, RDX=0x0000000000000000
RSP=0x000000002529b5c0, RBP=0x0000000000000000, RSI=0x000000002529b860, RDI=0x000000002529b860
R8 =0x0000000000000000, R9 =0x0000000000000000, R10=0x0000000003257a90, R11=0x0000000000000000
R12=0x0000000000000000, R13=0x0000000025f96b10, R14=0x000000002529b670, R15=0x000000001ffa5000
RIP=0x000000000321c58e, EFLAGS=0x0000000000010206

Top of Stack: (sp=0x000000002529b5c0)
0x000000002529b5c0:   00000000232c34d0 0000000000000000
0x000000002529b5d0:   000000002529b860 000000002529b860
0x000000002529b5e0:   000000001ffa5000 00000000266bc890
0x000000002529b5f0:   0000000025f96b10 0000000000000000
0x000000002529b600:   000000002529b860 000000001ffa5000
0x000000002529b610:   000000002529d0a8 0000000025f96b10
0x000000002529b620:   0000000000000000 000000002529b860
0x000000002529b630:   0000000020000021 000000002529d078
0x000000002529b640:   0000000000000000 000000000321ceaa
0x000000002529b650:   000000002529b7e0 0000000000000000
0x000000002529b660:   0000000020000021 0000000000000000
0x000000002529b670:   000000001c0be1d8 000000001c286e88
0x000000002529b680:   000000001ffa5000 00000000266bc890
0x000000002529b690:   000000001c286e88 000000001ffa5000
0x000000002529b6a0:   000000002529b848 00000000770a1571
0x000000002529b6b0:   000000001ffa5000 000000001eba8cb0 

Instructions: (pc=0x000000000321c58e)
0x000000000321c56e:   c0 48 8b 41 18 4c 8b f1 b9 28 00 00 00 41 8b d9
0x000000000321c57e:   48 89 44 24 28 49 8b e8 48 8b f2 e8 52 4a 00 00
0x000000000321c58e:   66 83 7d 08 00 4c 8b e8 48 89 44 24 30 0f 84 b9
0x000000000321c59e:   03 00 00 48 8b 45 00 48 83 c5 1a 49 89 45 00 48 


Register to memory mapping:

RAX=0x0000000003257ae0 is an unknown value
RBX=0x0000000000000000 is an unknown value
RCX=0x000000007ffe0380 is an unknown value
RDX=0x0000000000000000 is an unknown value
RSP=0x000000002529b5c0 is pointing into the stack for thread: 0x000000001ffa5000
RBP=0x0000000000000000 is an unknown value
RSI=0x000000002529b860 is pointing into the stack for thread: 0x000000001ffa5000
RDI=0x000000002529b860 is pointing into the stack for thread: 0x000000001ffa5000
R8 =0x0000000000000000 is an unknown value
R9 =0x0000000000000000 is an unknown value
R10=0x0000000003257a90 is an unknown value
R11=0x0000000000000000 is an unknown value
R12=0x0000000000000000 is an unknown value
R13={method} {0x0000000025f96b18} 'GetIsoTemplateInfo' '([BLSecuGen/FDxSDKPro/jni/SGISOTemplateInfo;)J' in 'SecuGen/FDxSDKPro/jni/JSGFPLib'
R14=0x000000002529b670 is pointing into the stack for thread: 0x000000001ffa5000
R15=0x000000001ffa5000 is a thread


Stack: [0x00000000251a0000,0x00000000252a0000],  sp=0x000000002529b5c0,  free space=1005k
Native frames: (J=compiled Java code, j=interpreted, Vv=VM code, C=native code)

Java frames: (J=compiled Java code, j=interpreted, Vv=VM code)
j  SecuGen.FDxSDKPro.jni.JSGFPLib.GetIsoTemplateInfo([BLSecuGen/FDxSDKPro/jni/SGISOTemplateInfo;)J+0
j  com.nmrs.umb.biometriclinux.main.FingerPrintUtilImpl.verify(Lcom/nmrs/umb/biometriclinux/models/FingerPrintMatchInputModel;)I+82
j  com.nmrs.umb.biometriclinux.controllers.FingerPrintController.CapturePrint(I)Lorg/springframework/http/ResponseEntity;+93
v  ~StubRoutines::call_stub
J 2231  sun.reflect.NativeMethodAccessorImpl.invoke0(Ljava/lang/reflect/Method;Ljava/lang/Object;[Ljava/lang/Object;)Ljava/lang/Object; (0 bytes) @ 0x0000000003c1ab7f [0x0000000003c1ab00+0x7f]
J 1586 C1 sun.reflect.NativeMethodAccessorImpl.invoke(Ljava/lang/Object;[Ljava/lang/Object;)Ljava/lang/Object; (104 bytes) @ 0x00000000039a93fc [0x00000000039a8200+0x11fc]
J 2580 C2 java.lang.reflect.Method.invoke(Ljava/lang/Object;[Ljava/lang/Object;)Ljava/lang/Object; (62 bytes) @ 0x0000000003d9a208 [0x0000000003d9a160+0xa8]
j  org.springframework.web.method.support.InvocableHandlerMethod.doInvoke([Ljava/lang/Object;)Ljava/lang/Object;+16
j  org.springframework.web.method.support.InvocableHandlerMethod.invokeForRequest(Lorg/springframework/web/context/request/NativeWebRequest;Lorg/springframework/web/method/support/ModelAndViewContainer;[Ljava/lang/Object;)Ljava/lang/Object;+56
j  org.springframework.web.servlet.mvc.method.annotation.ServletInvocableHandlerMethod.invokeAndHandle(Lorg/springframework/web/context/request/ServletWebRequest;Lorg/springframework/web/method/support/ModelAndViewContainer;[Ljava/lang/Object;)V+4
j  org.springframework.web.servlet.mvc.method.annotation.RequestMappingHandlerAdapter.invokeHandlerMethod(Ljavax/servlet/http/HttpServletRequest;Ljavax/servlet/http/HttpServletResponse;Lorg/springframework/web/method/HandlerMethod;)Lorg/springframework/web/servlet/ModelAndView;+244
j  org.springframework.web.servlet.mvc.method.annotation.RequestMappingHandlerAdapter.handleInternal(Ljavax/servlet/http/HttpServletRequest;Ljavax/servlet/http/HttpServletResponse;Lorg/springframework/web/method/HandlerMethod;)Lorg/springframework/web/servlet/ModelAndView;+81
j  org.springframework.web.servlet.mvc.method.AbstractHandlerMethodAdapter.handle(Ljavax/servlet/http/HttpServletRequest;Ljavax/servlet/http/HttpServletResponse;Ljava/lang/Object;)Lorg/springframework/web/servlet/ModelAndView;+7
j  org.springframework.web.servlet.DispatcherServlet.doDispatch(Ljavax/servlet/http/HttpServletRequest;Ljavax/servlet/http/HttpServletResponse;)V+257
j  org.springframework.web.servlet.DispatcherServlet.doService(Ljavax/servlet/http/HttpServletRequest;Ljavax/servlet/http/HttpServletResponse;)V+212
j  org.springframework.web.servlet.FrameworkServlet.processRequest(Ljavax/servlet/http/HttpServletRequest;Ljavax/servlet/http/HttpServletResponse;)V+71
j  org.springframework.web.servlet.FrameworkServlet.doGet(Ljavax/servlet/http/HttpServletRequest;Ljavax/servlet/http/HttpServletResponse;)V+3
j  javax.servlet.http.HttpServlet.service(Ljavax/servlet/http/HttpServletRequest;Ljavax/servlet/http/HttpServletResponse;)V+35
j  org.springframework.web.servlet.FrameworkServlet.service(Ljavax/servlet/http/HttpServletRequest;Ljavax/servlet/http/HttpServletResponse;)V+33
j  javax.servlet.http.HttpServlet.service(Ljavax/servlet/ServletRequest;Ljavax/servlet/ServletResponse;)V+30
j  org.apache.catalina.core.ApplicationFilterChain.internalDoFilter(Ljavax/servlet/ServletRequest;Ljavax/servlet/ServletResponse;)V+304
j  org.apache.catalina.core.ApplicationFilterChain.doFilter(Ljavax/servlet/ServletRequest;Ljavax/servlet/ServletResponse;)V+101
j  org.apache.tomcat.websocket.server.WsFilter.doFilter(Ljavax/servlet/ServletRequest;Ljavax/servlet/ServletResponse;Ljavax/servlet/FilterChain;)V+21
j  org.apache.catalina.core.ApplicationFilterChain.internalDoFilter(Ljavax/servlet/ServletRequest;Ljavax/servlet/ServletResponse;)V+135
j  org.apache.catalina.core.ApplicationFilterChain.doFilter(Ljavax/servlet/ServletRequest;Ljavax/servlet/ServletResponse;)V+101
j  org.springframework.web.filter.RequestContextFilter.doFilterInternal(Ljavax/servlet/http/HttpServletRequest;Ljavax/servlet/http/HttpServletResponse;Ljavax/servlet/FilterChain;)V+21
j  org.springframework.web.filter.OncePerRequestFilter.doFilter(Ljavax/servlet/ServletRequest;Ljavax/servlet/ServletResponse;Ljavax/servlet/FilterChain;)V+111
j  org.apache.catalina.core.ApplicationFilterChain.internalDoFilter(Ljavax/servlet/ServletRequest;Ljavax/servlet/ServletResponse;)V+135
j  org.apache.catalina.core.ApplicationFilterChain.doFilter(Ljavax/servlet/ServletRequest;Ljavax/servlet/ServletResponse;)V+101
j  org.springframework.web.filter.FormContentFilter.doFilterInternal(Ljavax/servlet/http/HttpServletRequest;Ljavax/servlet/http/HttpServletResponse;Ljavax/servlet/FilterChain;)V+38
j  org.springframework.web.filter.OncePerRequestFilter.doFilter(Ljavax/servlet/ServletRequest;Ljavax/servlet/ServletResponse;Ljavax/servlet/FilterChain;)V+111
j  org.apache.catalina.core.ApplicationFilterChain.internalDoFilter(Ljavax/servlet/ServletRequest;Ljavax/servlet/ServletResponse;)V+135
j  org.apache.catalina.core.ApplicationFilterChain.doFilter(Ljavax/servlet/ServletRequest;Ljavax/servlet/ServletResponse;)V+101
j  org.springframework.web.filter.HiddenHttpMethodFilter.doFilterInternal(Ljavax/servlet/http/HttpServletRequest;Ljavax/servlet/http/HttpServletResponse;Ljavax/servlet/FilterChain;)V+87
j  org.springframework.web.filter.OncePerRequestFilter.doFilter(Ljavax/servlet/ServletRequest;Ljavax/servlet/ServletResponse;Ljavax/servlet/FilterChain;)V+111
j  org.apache.catalina.core.ApplicationFilterChain.internalDoFilter(Ljavax/servlet/ServletRequest;Ljavax/servlet/ServletResponse;)V+135
j  org.apache.catalina.core.ApplicationFilterChain.doFilter(Ljavax/servlet/ServletRequest;Ljavax/servlet/ServletResponse;)V+101
j  org.springframework.web.filter.CharacterEncodingFilter.doFilterInternal(Ljavax/servlet/http/HttpServletRequest;Ljavax/servlet/http/HttpServletResponse;Ljavax/servlet/FilterChain;)V+53
j  org.springframework.web.filter.OncePerRequestFilter.doFilter(Ljavax/servlet/ServletRequest;Ljavax/servlet/ServletResponse;Ljavax/servlet/FilterChain;)V+111
j  org.apache.catalina.core.ApplicationFilterChain.internalDoFilter(Ljavax/servlet/ServletRequest;Ljavax/servlet/ServletResponse;)V+135
j  org.apache.catalina.core.ApplicationFilterChain.doFilter(Ljavax/servlet/ServletRequest;Ljavax/servlet/ServletResponse;)V+101
j  org.apache.catalina.core.StandardWrapperValve.invoke(Lorg/apache/catalina/connector/Request;Lorg/apache/catalina/connector/Response;)V+688
j  org.apache.catalina.core.StandardContextValve.invoke(Lorg/apache/catalina/connector/Request;Lorg/apache/catalina/connector/Response;)V+166
j  org.apache.catalina.authenticator.AuthenticatorBase.invoke(Lorg/apache/catalina/connector/Request;Lorg/apache/catalina/connector/Response;)V+260
j  org.apache.catalina.core.StandardHostValve.invoke(Lorg/apache/catalina/connector/Request;Lorg/apache/catalina/connector/Response;)V+114
j  org.apache.catalina.valves.ErrorReportValve.invoke(Lorg/apache/catalina/connector/Request;Lorg/apache/catalina/connector/Response;)V+6
j  org.apache.catalina.core.StandardEngineValve.invoke(Lorg/apache/catalina/connector/Request;Lorg/apache/catalina/connector/Response;)V+45
j  org.apache.catalina.connector.CoyoteAdapter.service(Lorg/apache/coyote/Request;Lorg/apache/coyote/Response;)V+199
j  org.apache.coyote.http11.Http11Processor.service(Lorg/apache/tomcat/util/net/SocketWrapperBase;)Lorg/apache/tomcat/util/net/AbstractEndpoint$Handler$SocketState;+791
j  org.apache.coyote.AbstractProcessorLight.process(Lorg/apache/tomcat/util/net/SocketWrapperBase;Lorg/apache/tomcat/util/net/SocketEvent;)Lorg/apache/tomcat/util/net/AbstractEndpoint$Handler$SocketState;+113
j  org.apache.coyote.AbstractProtocol$ConnectionHandler.process(Lorg/apache/tomcat/util/net/SocketWrapperBase;Lorg/apache/tomcat/util/net/SocketEvent;)Lorg/apache/tomcat/util/net/AbstractEndpoint$Handler$SocketState;+414
j  org.apache.tomcat.util.net.NioEndpoint$SocketProcessor.doRun()V+191
j  org.apache.tomcat.util.net.SocketProcessorBase.run()V+21
j  java.util.concurrent.ThreadPoolExecutor.runWorker(Ljava/util/concurrent/ThreadPoolExecutor$Worker;)V+95
j  java.util.concurrent.ThreadPoolExecutor$Worker.run()V+5
j  org.apache.tomcat.util.threads.TaskThread$WrappingRunnable.run()V+4
j  java.lang.Thread.run()V+11
v  ~StubRoutines::call_stub

---------------  P R O C E S S  ---------------

Java Threads: ( => current thread )
  0x0000000022aee000 JavaThread "mysql-cj-abandoned-connection-cleanup" daemon [_thread_blocked, id=96528, stack(0x000000002c550000,0x000000002c650000)]
  0x0000000022af1000 JavaThread "DestroyJavaVM" [_thread_blocked, id=46276, stack(0x00000000030f0000,0x00000000031f0000)]
  0x0000000022aef800 JavaThread "http-nio-2018-Acceptor-0" daemon [_thread_in_native, id=89272, stack(0x0000000025da0000,0x0000000025ea0000)]
  0x0000000022aed800 JavaThread "http-nio-2018-ClientPoller-1" daemon [_thread_in_native, id=5292, stack(0x0000000025ca0000,0x0000000025da0000)]
  0x0000000022aec800 JavaThread "http-nio-2018-ClientPoller-0" daemon [_thread_in_native, id=5288, stack(0x0000000025ba0000,0x0000000025ca0000)]
  0x0000000022af2000 JavaThread "http-nio-2018-exec-10" daemon [_thread_blocked, id=19220, stack(0x0000000025aa0000,0x0000000025ba0000)]
  0x0000000022aef000 JavaThread "http-nio-2018-exec-9" daemon [_thread_blocked, id=58056, stack(0x00000000259a0000,0x0000000025aa0000)]
  0x0000000022af2800 JavaThread "http-nio-2018-exec-8" daemon [_thread_blocked, id=9116, stack(0x00000000258a0000,0x00000000259a0000)]
  0x0000000022af0800 JavaThread "http-nio-2018-exec-7" daemon [_thread_blocked, id=3684, stack(0x00000000257a0000,0x00000000258a0000)]
  0x0000000022af3800 JavaThread "http-nio-2018-exec-6" daemon [_thread_blocked, id=103388, stack(0x00000000256a0000,0x00000000257a0000)]
  0x0000000021fc9800 JavaThread "http-nio-2018-exec-5" daemon [_thread_blocked, id=22588, stack(0x00000000255a0000,0x00000000256a0000)]
  0x0000000021fc9000 JavaThread "http-nio-2018-exec-4" daemon [_thread_blocked, id=40360, stack(0x00000000254a0000,0x00000000255a0000)]
  0x0000000021fc8000 JavaThread "http-nio-2018-exec-3" daemon [_thread_blocked, id=39108, stack(0x00000000253a0000,0x00000000254a0000)]
  0x0000000022a01800 JavaThread "http-nio-2018-exec-2" daemon [_thread_blocked, id=59300, stack(0x00000000252a0000,0x00000000253a0000)]
=>0x000000001ffa5000 JavaThread "http-nio-2018-exec-1" daemon [_thread_in_native, id=85192, stack(0x00000000251a0000,0x00000000252a0000)]
  0x000000001ffa4000 JavaThread "NioBlockingSelector.BlockPoller-1" daemon [_thread_in_native, id=19284, stack(0x0000000024b30000,0x0000000024c30000)]
  0x00000000202fe000 JavaThread "container-0" [_thread_blocked, id=65964, stack(0x0000000024a30000,0x0000000024b30000)]
  0x0000000022060800 JavaThread "Catalina-utility-1" [_thread_blocked, id=37432, stack(0x0000000024930000,0x0000000024a30000)]
  0x000000001e393000 JavaThread "Service Thread" daemon [_thread_blocked, id=49968, stack(0x000000001e770000,0x000000001e870000)]
  0x000000001ca64800 JavaThread "C1 CompilerThread2" daemon [_thread_blocked, id=61888, stack(0x000000001e270000,0x000000001e370000)]
  0x000000001ca3d000 JavaThread "C2 CompilerThread1" daemon [_thread_blocked, id=20548, stack(0x000000001e170000,0x000000001e270000)]
  0x000000001ca35000 JavaThread "C2 CompilerThread0" daemon [_thread_blocked, id=69704, stack(0x000000001e070000,0x000000001e170000)]
  0x000000001ca33800 JavaThread "Attach Listener" daemon [_thread_blocked, id=109548, stack(0x000000001df70000,0x000000001e070000)]
  0x000000001ca30800 JavaThread "Signal Dispatcher" daemon [_thread_blocked, id=52008, stack(0x000000001de70000,0x000000001df70000)]
  0x000000000339e800 JavaThread "Finalizer" daemon [_thread_blocked, id=92272, stack(0x000000001dc80000,0x000000001dd80000)]
  0x0000000003395000 JavaThread "Reference Handler" daemon [_thread_blocked, id=68692, stack(0x000000001db80000,0x000000001dc80000)]

Other Threads:
  0x000000001c9f7800 VMThread [stack: 0x000000001da80000,0x000000001db80000] [id=50156]
  0x000000001e3a1000 WatcherThread [stack: 0x000000001e870000,0x000000001e970000] [id=19976]

VM state:not at safepoint (normal execution)

VM Mutex/Monitor currently owned by a thread: None

Heap:
 PSYoungGen      total 141824K, used 19203K [0x000000076b500000, 0x0000000777680000, 0x00000007c0000000)
  eden space 131072K, 14% used [0x000000076b500000,0x000000076c7c0d08,0x0000000773500000)
  from space 10752K, 0% used [0x0000000773500000,0x0000000773500000,0x0000000773f80000)
  to   space 10752K, 0% used [0x0000000776c00000,0x0000000776c00000,0x0000000777680000)
 ParOldGen       total 185344K, used 21274K [0x00000006c1e00000, 0x00000006cd300000, 0x000000076b500000)
  object space 185344K, 11% used [0x00000006c1e00000,0x00000006c32c6830,0x00000006cd300000)
 Metaspace       used 38284K, capacity 39910K, committed 40104K, reserved 1083392K
  class space    used 4875K, capacity 5174K, committed 5288K, reserved 1048576K

Card table byte_map: [0x0000000012830000,0x0000000013030000] byte_map_base: 0x000000000f221000

Marking Bits: (ParMarkBitMap*) 0x0000000077852d00
 Begin Bits: [0x0000000013980000, 0x0000000017908000)
 End Bits:   [0x0000000017908000, 0x000000001b890000)

Polling page: 0x00000000013a0000

CodeCache: size=245760Kb used=12728Kb max_used=12728Kb free=233031Kb
 bounds [0x0000000003470000, 0x00000000040f0000, 0x0000000012470000]
 total_blobs=3921 nmethods=3434 adapters=398
 compilation: enabled

Compilation events (10 events):
Event: 18.329 Thread 0x000000001ca64800 nmethod 3468 0x000000000361c7d0 code [0x000000000361ca20, 0x000000000361d7a8]
Event: 18.329 Thread 0x000000001ca35000 3477  s    4       java.lang.Throwable::fillInStackTrace (29 bytes)
Event: 18.329 Thread 0x000000001ca64800 3469       3       com.mysql.cj.result.DefaultColumnDefinition::findColumn (189 bytes)
Event: 18.329 Thread 0x000000001ca64800 nmethod 3469 0x00000000040dd550 code [0x00000000040dd7c0, 0x00000000040de8f8]
Event: 18.329 Thread 0x000000001ca64800 3470   !   3       com.mysql.cj.jdbc.result.ResultSetImpl::findColumn (105 bytes)
Event: 18.330 Thread 0x000000001ca35000 nmethod 3477 0x000000000361c290 code [0x000000000361c3e0, 0x000000000361c708]
Event: 18.330 Thread 0x000000001ca64800 nmethod 3470 0x00000000040e0950 code [0x00000000040e0c20, 0x00000000040e2018]
Event: 18.330 Thread 0x000000001ca64800 3472       3       com.mysql.cj.jdbc.result.ResultSetImpl::checkRowPos (27 bytes)
Event: 18.330 Thread 0x000000001ca64800 nmethod 3472 0x000000000361bad0 code [0x000000000361bc60, 0x000000000361c128]
Event: 18.330 Thread 0x000000001ca64800 3473   !   3       com.mysql.cj.jdbc.result.ResultSetImpl::checkColumnBounds (149 bytes)

GC Heap History (10 events):
Event: 1.045 GC heap before
{Heap before GC invocations=1 (full 0):
 PSYoungGen      total 76288K, used 65536K [0x000000076b500000, 0x0000000770a00000, 0x00000007c0000000)
  eden space 65536K, 100% used [0x000000076b500000,0x000000076f500000,0x000000076f500000)
  from space 10752K, 0% used [0x000000076ff80000,0x000000076ff80000,0x0000000770a00000)
  to   space 10752K, 0% used [0x000000076f500000,0x000000076f500000,0x000000076ff80000)
 ParOldGen       total 175104K, used 0K [0x00000006c1e00000, 0x00000006cc900000, 0x000000076b500000)
  object space 175104K, 0% used [0x00000006c1e00000,0x00000006c1e00000,0x00000006cc900000)
 Metaspace       used 14538K, capacity 14936K, committed 15104K, reserved 1062912K
  class space    used 1924K, capacity 2035K, committed 2048K, reserved 1048576K
Event: 1.065 GC heap after
Heap after GC invocations=1 (full 0):
 PSYoungGen      total 76288K, used 9403K [0x000000076b500000, 0x0000000774a00000, 0x00000007c0000000)
  eden space 65536K, 0% used [0x000000076b500000,0x000000076b500000,0x000000076f500000)
  from space 10752K, 87% used [0x000000076f500000,0x000000076fe2ed20,0x000000076ff80000)
  to   space 10752K, 0% used [0x0000000773f80000,0x0000000773f80000,0x0000000774a00000)
 ParOldGen       total 175104K, used 8K [0x00000006c1e00000, 0x00000006cc900000, 0x000000076b500000)
  object space 175104K, 0% used [0x00000006c1e00000,0x00000006c1e02000,0x00000006cc900000)
 Metaspace       used 14538K, capacity 14936K, committed 15104K, reserved 1062912K
  class space    used 1924K, capacity 2035K, committed 2048K, reserved 1048576K
}
Event: 1.481 GC heap before
{Heap before GC invocations=2 (full 0):
 PSYoungGen      total 76288K, used 51102K [0x000000076b500000, 0x0000000774a00000, 0x00000007c0000000)
  eden space 65536K, 63% used [0x000000076b500000,0x000000076ddb8b70,0x000000076f500000)
  from space 10752K, 87% used [0x000000076f500000,0x000000076fe2ed20,0x000000076ff80000)
  to   space 10752K, 0% used [0x0000000773f80000,0x0000000773f80000,0x0000000774a00000)
 ParOldGen       total 175104K, used 8K [0x00000006c1e00000, 0x00000006cc900000, 0x000000076b500000)
  object space 175104K, 0% used [0x00000006c1e00000,0x00000006c1e02000,0x00000006cc900000)
 Metaspace       used 20703K, capacity 21264K, committed 21296K, reserved 1067008K
  class space    used 2675K, capacity 2859K, committed 2864K, reserved 1048576K
Event: 1.493 GC heap after
Heap after GC invocations=2 (full 0):
 PSYoungGen      total 141824K, used 10329K [0x000000076b500000, 0x0000000774a00000, 0x00000007c0000000)
  eden space 131072K, 0% used [0x000000076b500000,0x000000076b500000,0x0000000773500000)
  from space 10752K, 96% used [0x0000000773f80000,0x0000000774996788,0x0000000774a00000)
  to   space 10752K, 0% used [0x0000000773500000,0x0000000773500000,0x0000000773f80000)
 ParOldGen       total 175104K, used 16K [0x00000006c1e00000, 0x00000006cc900000, 0x000000076b500000)
  object space 175104K, 0% used [0x00000006c1e00000,0x00000006c1e04000,0x00000006cc900000)
 Metaspace       used 20703K, capacity 21264K, committed 21296K, reserved 1067008K
  class space    used 2675K, capacity 2859K, committed 2864K, reserved 1048576K
}
Event: 1.493 GC heap before
{Heap before GC invocations=3 (full 1):
 PSYoungGen      total 141824K, used 10329K [0x000000076b500000, 0x0000000774a00000, 0x00000007c0000000)
  eden space 131072K, 0% used [0x000000076b500000,0x000000076b500000,0x0000000773500000)
  from space 10752K, 96% used [0x0000000773f80000,0x0000000774996788,0x0000000774a00000)
  to   space 10752K, 0% used [0x0000000773500000,0x0000000773500000,0x0000000773f80000)
 ParOldGen       total 175104K, used 16K [0x00000006c1e00000, 0x00000006cc900000, 0x000000076b500000)
  object space 175104K, 0% used [0x00000006c1e00000,0x00000006c1e04000,0x00000006cc900000)
 Metaspace       used 20703K, capacity 21264K, committed 21296K, reserved 1067008K
  class space    used 2675K, capacity 2859K, committed 2864K, reserved 1048576K
Event: 1.536 GC heap after
Heap after GC invocations=3 (full 1):
 PSYoungGen      total 141824K, used 0K [0x000000076b500000, 0x0000000774a00000, 0x00000007c0000000)
  eden space 131072K, 0% used [0x000000076b500000,0x000000076b500000,0x0000000773500000)
  from space 10752K, 0% used [0x0000000773f80000,0x0000000773f80000,0x0000000774a00000)
  to   space 10752K, 0% used [0x0000000773500000,0x0000000773500000,0x0000000773f80000)
 ParOldGen       total 112640K, used 9807K [0x00000006c1e00000, 0x00000006c8c00000, 0x000000076b500000)
  object space 112640K, 8% used [0x00000006c1e00000,0x00000006c2793c10,0x00000006c8c00000)
 Metaspace       used 20702K, capacity 21258K, committed 21296K, reserved 1067008K
  class space    used 2674K, capacity 2858K, committed 2864K, reserved 1048576K
}
Event: 16.412 GC heap before
{Heap before GC invocations=4 (full 1):
 PSYoungGen      total 141824K, used 121854K [0x000000076b500000, 0x0000000774a00000, 0x00000007c0000000)
  eden space 131072K, 92% used [0x000000076b500000,0x0000000772bffb08,0x0000000773500000)
  from space 10752K, 0% used [0x0000000773f80000,0x0000000773f80000,0x0000000774a00000)
  to   space 10752K, 0% used [0x0000000773500000,0x0000000773500000,0x0000000773f80000)
 ParOldGen       total 112640K, used 9807K [0x00000006c1e00000, 0x00000006c8c00000, 0x000000076b500000)
  object space 112640K, 8% used [0x00000006c1e00000,0x00000006c2793c10,0x00000006c8c00000)
 Metaspace       used 33885K, capacity 35376K, committed 35496K, reserved 1079296K
  class space    used 4367K, capacity 4661K, committed 4776K, reserved 1048576K
Event: 16.425 GC heap after
Heap after GC invocations=4 (full 1):
 PSYoungGen      total 141824K, used 10730K [0x000000076b500000, 0x0000000777680000, 0x00000007c0000000)
  eden space 131072K, 0% used [0x000000076b500000,0x000000076b500000,0x0000000773500000)
  from space 10752K, 99% used [0x0000000773500000,0x0000000773f7a8a0,0x0000000773f80000)
  to   space 10752K, 0% used [0x0000000776c00000,0x0000000776c00000,0x0000000777680000)
 ParOldGen       total 112640K, used 17220K [0x00000006c1e00000, 0x00000006c8c00000, 0x000000076b500000)
  object space 112640K, 15% used [0x00000006c1e00000,0x00000006c2ed1148,0x00000006c8c00000)
 Metaspace       used 33885K, capacity 35376K, committed 35496K, reserved 1079296K
  class space    used 4367K, capacity 4661K, committed 4776K, reserved 1048576K
}
Event: 16.425 GC heap before
{Heap before GC invocations=5 (full 2):
 PSYoungGen      total 141824K, used 10730K [0x000000076b500000, 0x0000000777680000, 0x00000007c0000000)
  eden space 131072K, 0% used [0x000000076b500000,0x000000076b500000,0x0000000773500000)
  from space 10752K, 99% used [0x0000000773500000,0x0000000773f7a8a0,0x0000000773f80000)
  to   space 10752K, 0% used [0x0000000776c00000,0x0000000776c00000,0x0000000777680000)
 ParOldGen       total 112640K, used 17220K [0x00000006c1e00000, 0x00000006c8c00000, 0x000000076b500000)
  object space 112640K, 15% used [0x00000006c1e00000,0x00000006c2ed1148,0x00000006c8c00000)
 Metaspace       used 33885K, capacity 35376K, committed 35496K, reserved 1079296K
  class space    used 4367K, capacity 4661K, committed 4776K, reserved 1048576K
Event: 16.509 GC heap after
Heap after GC invocations=5 (full 2):
 PSYoungGen      total 141824K, used 0K [0x000000076b500000, 0x0000000777680000, 0x00000007c0000000)
  eden space 131072K, 0% used [0x000000076b500000,0x000000076b500000,0x0000000773500000)
  from space 10752K, 0% used [0x0000000773500000,0x0000000773500000,0x0000000773f80000)
  to   space 10752K, 0% used [0x0000000776c00000,0x0000000776c00000,0x0000000777680000)
 ParOldGen       total 185344K, used 21274K [0x00000006c1e00000, 0x00000006cd300000, 0x000000076b500000)
  object space 185344K, 11% used [0x00000006c1e00000,0x00000006c32c6830,0x00000006cd300000)
 Metaspace       used 33885K, capacity 35376K, committed 35496K, reserved 1079296K
  class space    used 4367K, capacity 4661K, committed 4776K, reserved 1048576K
}

Deoptimization events (10 events):
Event: 16.636 Thread 0x000000001ffa5000 Uncommon trap: reason=class_check action=maybe_recompile pc=0x0000000003fb61b4 method=org.springframework.core.annotation.AnnotationUtils.getDeclaredAnnotations(Ljava/lang/reflect/AnnotatedElement;)[Ljava/lang/annotation/Annotation; @ 33
Event: 17.617 Thread 0x000000001ffa5000 Uncommon trap: reason=class_check action=maybe_recompile pc=0x0000000003e51338 method=java.util.Properties$LineReader.readLine()I @ 62
Event: 18.195 Thread 0x0000000022aee000 Uncommon trap: reason=unstable_if action=reinterpret pc=0x00000000038928fc method=java.net.URL.<init>(Ljava/net/URL;Ljava/lang/String;Ljava/net/URLStreamHandler;)V @ 57
Event: 18.195 Thread 0x0000000022aee000 Uncommon trap: reason=unstable_if action=reinterpret pc=0x0000000003eb5f6c method=java.net.URLStreamHandler.parseURL(Ljava/net/URL;Ljava/lang/String;II)V @ 57
Event: 18.196 Thread 0x000000001ffa5000 Uncommon trap: reason=unstable_if action=reinterpret pc=0x00000000036ce858 method=java.lang.AbstractStringBuilder.append(Ljava/lang/String;)Ljava/lang/AbstractStringBuilder; @ 1
Event: 18.204 Thread 0x000000001ffa5000 Uncommon trap: reason=unstable_if action=reinterpret pc=0x0000000003e88ffc method=java.net.URI.match(CJJ)Z @ 45
Event: 18.207 Thread 0x000000001ffa5000 Uncommon trap: reason=unstable_if action=reinterpret pc=0x0000000003e8ba08 method=java.util.Properties.load0(Ljava/util/Properties$LineReader;)V @ 161
Event: 18.208 Thread 0x000000001ffa5000 Uncommon trap: reason=unstable_if action=reinterpret pc=0x0000000003e51238 method=java.util.Properties$LineReader.readLine()I @ 271
Event: 18.208 Thread 0x000000001ffa5000 Uncommon trap: reason=unstable_if action=reinterpret pc=0x0000000003e01298 method=java.util.Properties.loadConvert([CII[C)Ljava/lang/String; @ 4
Event: 18.297 Thread 0x000000001ffa5000 Uncommon trap: reason=unstable_if action=reinterpret pc=0x00000000036b06d0 method=java.lang.AbstractStringBuilder.append(Ljava/lang/String;)Ljava/lang/AbstractStringBuilder; @ 1

Classes redefined (0 events):
No events

Internal exceptions (10 events):
Event: 4.195 Thread 0x00000000032a4800 Exception <a 'java/lang/ClassNotFoundException': org/springframework/beans/factory/BeanFactoryAwareCustomizer> (0x0000000770d09720) thrown at [C:\re\workspace\8-2-build-windows-amd64-cygwin\jdk8u181\11358\hotspot\src\share\vm\classfile\systemDictionary.cp
Event: 4.195 Thread 0x00000000032a4800 Exception <a 'java/lang/ClassNotFoundException': org/springframework/beans/factory/AwareCustomizer> (0x0000000770d16278) thrown at [C:\re\workspace\8-2-build-windows-amd64-cygwin\jdk8u181\11358\hotspot\src\share\vm\classfile\systemDictionary.cpp, line 210
Event: 4.196 Thread 0x00000000032a4800 Exception <a 'java/lang/ClassNotFoundException': org/springframework/context/ApplicationContextAwareCustomizer> (0x0000000770d23260) thrown at [C:\re\workspace\8-2-build-windows-amd64-cygwin\jdk8u181\11358\hotspot\src\share\vm\classfile\systemDictionary.c
Event: 4.196 Thread 0x00000000032a4800 Exception <a 'java/lang/ClassNotFoundException': org/springframework/beans/factory/AwareCustomizer> (0x0000000770d2fd90) thrown at [C:\re\workspace\8-2-build-windows-amd64-cygwin\jdk8u181\11358\hotspot\src\share\vm\classfile\systemDictionary.cpp, line 210
Event: 4.196 Thread 0x00000000032a4800 Exception <a 'java/lang/ClassNotFoundException': org/springframework/web/context/ServletContextAwareCustomizer> (0x0000000770d3cd08) thrown at [C:\re\workspace\8-2-build-windows-amd64-cygwin\jdk8u181\11358\hotspot\src\share\vm\classfile\systemDictionary.c
Event: 4.197 Thread 0x00000000032a4800 Exception <a 'java/lang/ClassNotFoundException': org/springframework/beans/factory/AwareCustomizer> (0x0000000770d492a8) thrown at [C:\re\workspace\8-2-build-windows-amd64-cygwin\jdk8u181\11358\hotspot\src\share\vm\classfile\systemDictionary.cpp, line 210
Event: 4.197 Thread 0x00000000032a4800 Implicit null exception at 0x0000000003d9624c to 0x0000000003d963d9
Event: 17.617 Thread 0x000000001ffa5000 Exception <a 'java/io/FileNotFoundException'> (0x000000076bbecb28) thrown at [C:\re\workspace\8-2-build-windows-amd64-cygwin\jdk8u181\11358\hotspot\src\share\vm\prims\jni.cpp, line 709]
Event: 18.196 Thread 0x000000001ffa5000 Implicit null exception at 0x00000000036ce496 to 0x00000000036ce841
Event: 18.297 Thread 0x000000001ffa5000 Implicit null exception at 0x00000000036b0316 to 0x00000000036b06b9

Events (10 events):
Event: 18.324 loading class com/mysql/cj/result/StringConverter
Event: 18.324 loading class com/mysql/cj/result/StringConverter done
Event: 18.324 loading class com/mysql/cj/result/YearToDateValueFactory
Event: 18.324 loading class com/mysql/cj/result/YearToDateValueFactory done
Event: 18.329 loading class com/nmrs/umb/biometriclinux/models/FingerPrintMatchInputModel
Event: 18.329 loading class com/nmrs/umb/biometriclinux/models/FingerPrintMatchInputModel done
Event: 18.330 loading class java/util/Base64$Decoder
Event: 18.330 loading class java/util/Base64$Decoder done
Event: 18.330 loading class SecuGen/FDxSDKPro/jni/SGISOTemplateInfo
Event: 18.330 loading class SecuGen/FDxSDKPro/jni/SGISOTemplateInfo done


Dynamic libraries:
0x00007ff640ba0000 - 0x00007ff640bd7000 	C:\Program Files\Java\jdk1.8.0_181\bin\java.exe
0x00007ff969a70000 - 0x00007ff969c51000 	C:\WINDOWS\SYSTEM32\ntdll.dll
0x00007ff968810000 - 0x00007ff9688c2000 	C:\WINDOWS\System32\KERNEL32.DLL
0x00007ff965e40000 - 0x00007ff9660b3000 	C:\WINDOWS\System32\KERNELBASE.dll
0x00007ff968cb0000 - 0x00007ff968d51000 	C:\WINDOWS\System32\ADVAPI32.dll
0x00007ff9688d0000 - 0x00007ff96896e000 	C:\WINDOWS\System32\msvcrt.dll
0x00007ff9699e0000 - 0x00007ff969a3b000 	C:\WINDOWS\System32\sechost.dll
0x00007ff9692b0000 - 0x00007ff9693d4000 	C:\WINDOWS\System32\RPCRT4.dll
0x00007ff968e00000 - 0x00007ff968f90000 	C:\WINDOWS\System32\USER32.dll
0x00007ff966c10000 - 0x00007ff966c30000 	C:\WINDOWS\System32\win32u.dll
0x00007ff968b90000 - 0x00007ff968bb8000 	C:\WINDOWS\System32\GDI32.dll
0x00007ff9660c0000 - 0x00007ff966252000 	C:\WINDOWS\System32\gdi32full.dll
0x00007ff966d90000 - 0x00007ff966e2f000 	C:\WINDOWS\System32\msvcp_win.dll
0x00007ff966c90000 - 0x00007ff966d88000 	C:\WINDOWS\System32\ucrtbase.dll
0x00007ff950a10000 - 0x00007ff950c79000 	C:\WINDOWS\WinSxS\amd64_microsoft.windows.common-controls_6595b64144ccf1df_6.0.17134.648_none_fb45a0e93062a6d2\COMCTL32.dll
0x00007ff9684e0000 - 0x00007ff968802000 	C:\WINDOWS\System32\combase.dll
0x00007ff966e80000 - 0x00007ff966efa000 	C:\WINDOWS\System32\bcryptPrimitives.dll
0x00007ff969280000 - 0x00007ff9692ad000 	C:\WINDOWS\System32\IMM32.DLL
0x0000000051040000 - 0x0000000051112000 	C:\Program Files\Java\jdk1.8.0_181\jre\bin\msvcr100.dll
0x0000000077030000 - 0x00000000778d2000 	C:\Program Files\Java\jdk1.8.0_181\jre\bin\server\jvm.dll
0x00007ff9693e0000 - 0x00007ff9693e8000 	C:\WINDOWS\System32\PSAPI.DLL
0x00007ff943320000 - 0x00007ff943329000 	C:\WINDOWS\SYSTEM32\WSOCK32.dll
0x00007ff95aae0000 - 0x00007ff95ab03000 	C:\WINDOWS\SYSTEM32\WINMM.dll
0x00007ff968b10000 - 0x00007ff968b7c000 	C:\WINDOWS\System32\WS2_32.dll
0x00007ff964e60000 - 0x00007ff964e6a000 	C:\WINDOWS\SYSTEM32\VERSION.dll
0x00007ff95aab0000 - 0x00007ff95aada000 	C:\WINDOWS\SYSTEM32\WINMMBASE.dll
0x00007ff966e30000 - 0x00007ff966e79000 	C:\WINDOWS\System32\cfgmgr32.dll
0x0000000050ff0000 - 0x0000000050fff000 	C:\Program Files\Java\jdk1.8.0_181\jre\bin\verify.dll
0x00000000505e0000 - 0x0000000050609000 	C:\Program Files\Java\jdk1.8.0_181\jre\bin\java.dll
0x00000000505c0000 - 0x00000000505d6000 	C:\Program Files\Java\jdk1.8.0_181\jre\bin\zip.dll
0x00007ff966f00000 - 0x00007ff968340000 	C:\WINDOWS\System32\SHELL32.dll
0x00007ff968410000 - 0x00007ff9684b9000 	C:\WINDOWS\System32\shcore.dll
0x00007ff966500000 - 0x00007ff966c0d000 	C:\WINDOWS\System32\windows.storage.dll
0x00007ff969980000 - 0x00007ff9699d1000 	C:\WINDOWS\System32\shlwapi.dll
0x00007ff965da0000 - 0x00007ff965db1000 	C:\WINDOWS\System32\kernel.appcore.dll
0x00007ff965d80000 - 0x00007ff965d9f000 	C:\WINDOWS\System32\profapi.dll
0x00007ff965dc0000 - 0x00007ff965e0c000 	C:\WINDOWS\System32\powrprof.dll
0x00007ff965e10000 - 0x00007ff965e1a000 	C:\WINDOWS\System32\FLTLIB.DLL
0x0000000050330000 - 0x000000005033d000 	C:\Program Files\Java\jdk1.8.0_181\jre\bin\management.dll
0x00000000505a0000 - 0x00000000505ba000 	C:\Program Files\Java\jdk1.8.0_181\jre\bin\net.dll
0x00007ff965600000 - 0x00007ff965666000 	C:\WINDOWS\system32\mswsock.dll
0x00007ff94e240000 - 0x00007ff94e256000 	C:\WINDOWS\system32\napinsp.dll
0x00007ff94e220000 - 0x00007ff94e23a000 	C:\WINDOWS\system32\pnrpnsp.dll
0x00007ff95ea40000 - 0x00007ff95ea59000 	C:\WINDOWS\system32\NLAapi.dll
0x00007ff9653c0000 - 0x00007ff96547e000 	C:\WINDOWS\SYSTEM32\DNSAPI.dll
0x00007ff969270000 - 0x00007ff969278000 	C:\WINDOWS\System32\NSI.dll
0x00007ff965380000 - 0x00007ff9653b8000 	C:\WINDOWS\SYSTEM32\IPHLPAPI.DLL
0x00007ff951720000 - 0x00007ff95172e000 	C:\WINDOWS\System32\winrnr.dll
0x00007ff95fde0000 - 0x00007ff95fdf5000 	C:\WINDOWS\System32\wshbth.dll
0x00007ff95c360000 - 0x00007ff95c36a000 	C:\Windows\System32\rasadhlp.dll
0x00007ff95c370000 - 0x00007ff95c3e2000 	C:\WINDOWS\System32\fwpuclnt.dll
0x00007ff9658e0000 - 0x00007ff965905000 	C:\WINDOWS\SYSTEM32\bcrypt.dll
0x0000000050580000 - 0x0000000050591000 	C:\Program Files\Java\jdk1.8.0_181\jre\bin\nio.dll
0x00007ff9657b0000 - 0x00007ff9657c7000 	C:\WINDOWS\SYSTEM32\CRYPTSP.dll
0x00007ff9651e0000 - 0x00007ff965213000 	C:\WINDOWS\system32\rsaenh.dll
0x00007ff965cb0000 - 0x00007ff965cd8000 	C:\WINDOWS\SYSTEM32\USERENV.dll
0x00007ff9657d0000 - 0x00007ff9657db000 	C:\WINDOWS\SYSTEM32\CRYPTBASE.dll
0x00007ff95e210000 - 0x00007ff95e226000 	C:\WINDOWS\SYSTEM32\dhcpcsvc6.DLL
0x00007ff95e1a0000 - 0x00007ff95e1ba000 	C:\WINDOWS\SYSTEM32\dhcpcsvc.DLL
0x0000000180000000 - 0x000000018000b000 	C:\Windows\SysWOW64\jnifplib\x64\jnisgfplib.dll
0x0000000050140000 - 0x00000000501e3000 	C:\WINDOWS\WinSxS\amd64_microsoft.vc90.crt_1fc8b3b9a1e18e3b_9.0.30729.9415_none_08e0c10ba840a28a\MSVCR90.dll
0x00007ff92b840000 - 0x00007ff92b87c000 	C:\Windows\SysWOW64\jnifplib\x64\sgfplib.dll
0x00007ff9694b0000 - 0x00007ff9698fb000 	C:\WINDOWS\System32\SETUPAPI.dll
0x00007ff93ec40000 - 0x00007ff93ec58000 	C:\Windows\SysWOW64\jnifplib\x64\sgwsqlib.dll
0x00007ff968340000 - 0x00007ff968403000 	C:\WINDOWS\System32\OLEAUT32.dll
0x00007ff962320000 - 0x00007ff9624d4000 	C:\WINDOWS\SYSTEM32\PROPSYS.dll
0x00007ff964860000 - 0x00007ff96488f000 	C:\WINDOWS\SYSTEM32\winbio.dll
0x00007ff953190000 - 0x00007ff95319f000 	C:\WINDOWS\SYSTEM32\winbioext.dll
0x00000000260a0000 - 0x0000000026152000 	C:\WINDOWS\SYSTEM32\SGFu03x64.dll
0x00007ff968bc0000 - 0x00007ff968cad000 	C:\WINDOWS\System32\COMDLG32.dll
0x00007ff95fad0000 - 0x00007ff95fb55000 	C:\WINDOWS\SYSTEM32\WINSPOOL.DRV
0x0000000003210000 - 0x0000000003243000 	C:\WINDOWS\SYSTEM32\sgfpaMX.dll
0x00000000503e0000 - 0x0000000050579000 	C:\Program Files\Java\jdk1.8.0_181\jre\bin\awt.dll
0x00007ff963a10000 - 0x00007ff963a9b000 	C:\WINDOWS\SYSTEM32\apphelp.dll
0x00007ff95e870000 - 0x00007ff95ea39000 	C:\WINDOWS\SYSTEM32\dbghelp.dll

VM Arguments:
java_command: com.nmrs.umb.biometriclinux.main.BiometricLinuxApplication
java_class_path (initial): C:\Users\MORRISON.I\Documents\NetBeansProjects\biometric-linux\target\classes;C:\Users\MORRISON.I\.m2\repository\mysql\mysql-connector-java\8.0.15\mysql-connector-java-8.0.15.jar;C:\Users\MORRISON.I\.m2\repository\org\springframework\boot\spring-boot-starter-web\2.1.2.RELEASE\spring-boot-starter-web-2.1.2.RELEASE.jar;C:\Users\MORRISON.I\.m2\repository\org\springframework\boot\spring-boot-starter\2.1.2.RELEASE\spring-boot-starter-2.1.2.RELEASE.jar;C:\Users\MORRISON.I\.m2\repository\org\springframework\boot\spring-boot\2.1.2.RELEASE\spring-boot-2.1.2.RELEASE.jar;C:\Users\MORRISON.I\.m2\repository\org\springframework\boot\spring-boot-autoconfigure\2.1.2.RELEASE\spring-boot-autoconfigure-2.1.2.RELEASE.jar;C:\Users\MORRISON.I\.m2\repository\org\springframework\boot\spring-boot-starter-logging\2.1.2.RELEASE\spring-boot-starter-logging-2.1.2.RELEASE.jar;C:\Users\MORRISON.I\.m2\repository\ch\qos\logback\logback-classic\1.2.3\logback-classic-1.2.3.jar;C:\Users\MORRISON.I\.m2\repository\ch\qos\logback\logback-core\1.2.3\logback-core-1.2.3.jar;C:\Users\MORRISON.I\.m2\repository\org\apache\logging\log4j\log4j-to-slf4j\2.11.1\log4j-to-slf4j-2.11.1.jar;C:\Users\MORRISON.I\.m2\repository\org\apache\logging\log4j\log4j-api\2.11.1\log4j-api-2.11.1.jar;C:\Users\MORRISON.I\.m2\repository\org\slf4j\jul-to-slf4j\1.7.25\jul-to-slf4j-1.7.25.jar;C:\Users\MORRISON.I\.m2\repository\javax\annotation\javax.annotation-api\1.3.2\javax.annotation-api-1.3.2.jar;C:\Users\MORRISON.I\.m2\repository\org\yaml\snakeyaml\1.23\snakeyaml-1.23.jar;C:\Users\MORRISON.I\.m2\repository\org\springframework\boot\spring-boot-starter-json\2.1.2.RELEASE\spring-boot-starter-json-2.1.2.RELEASE.jar;C:\Users\MORRISON.I\.m2\repository\com\fasterxml\jackson\core\jackson-databind\2.9.8\jackson-databind-2.9.8.jar;C:\Users\MORRISON.I\.m2\repository\com\fasterxml\jackson\core\jackson-annotations\2.9.0\jackson-annotations-2.9.0.jar;C:\Users\MORRISON.I\.m2\repository\com\fasterxml\jackson\core\jacks
Launcher Type: SUN_STANDARD

Environment Variables:
JAVA_HOME=C:\Program Files\Java\jdk1.8.0_181
JRE_HOME=C:\Program Files\Java\jre1.8.0_181
PATH=C:\Program Files\Docker\Docker\Resources\bin;C:\Python3\Scripts\;C:\Python3\;C:\Program Files (x86)\Common Files\Oracle\Java\javapath;C:\WINDOWS\system32;C:\WINDOWS;C:\WINDOWS\System32\Wbem;C:\WINDOWS\System32\WindowsPowerShell\v1.0\;C:\Program Files\dotnet\;C:\Program Files\Microsoft SQL Server\130\Tools\Binn\;C:\Program Files\Microsoft SQL Server\Client SDK\ODBC\130\Tools\Binn\;C:\Program Files (x86)\Microsoft SQL Server\140\Tools\Binn\;C:\Program Files\Microsoft SQL Server\140\Tools\Binn\;C:\Program Files\Microsoft SQL Server\140\DTS\Binn\;C:\Program Files (x86)\Microsoft SQL Server\Client SDK\ODBC\130\Tools\Binn\;C:\Program Files (x86)\Microsoft SQL Server\140\DTS\Binn\;C:\Program Files (x86)\Microsoft SQL Server\140\Tools\Binn\ManagementStudio\;C:\Program Files\Git\cmd;C:\WINDOWS\System32\OpenSSH\;C:\Program Files\Microsoft VS Code\bin;C:\Program Files\nodejs\;C:\Program Files\MongoDB\Server\4.0\bin;C:\Program Files\Intel\WiFi\bin\;C:\Program Files\Common Files\Intel\WirelessCommon\;C:\apache-maven-3.5.4\bin;C:\Windows\SysWOW64\jnifplib\x64;C:\Windows\SysWOW64\jnifplib\win32;C:\apache-tomcat-8.5.32\bin;C:\Program Files (x86)\Intel\Intel(R) Management Engine Components\DAL;C:\Program Files\Intel\Intel(R) Management Engine Components\DAL;C:\Users\MORRISON.I\AppData\Local\Microsoft\WindowsApps;C:\apache-maven-3.5.4\bin;C:\apache-tomcat-8.5.32\bin;C:\Program Files\Java\jdk1.8.0_181\bin;C:\Program Files\Java\jdk1.8.0_181\jre\bin;C:\Program Files\Java\jre1.8.0_181\bin;C:\src\flutter\bin;C:\Program Files (x86)\Microsoft Visual Studio\2017\Enterprise\SDK\ScopeCppSDK\VC\bin;C:\Users\MORRISON.I\.dotnet\tools;C:\Users\MORRISON.I\AppData\Roaming\npm;C:\Program Files\nodejs\node_modules\npm;
USERNAME=MORRISON.I
OS=Windows_NT
PROCESSOR_IDENTIFIER=Intel64 Family 6 Model 142 Stepping 9, GenuineIntel



---------------  S Y S T E M  ---------------

OS: Windows 10.0 , 64 bit Build 17134 (10.0.17134.648)

CPU:total 4 (initial active 4) (2 cores per cpu, 2 threads per core) family 6 model 142 stepping 9, cmov, cx8, fxsr, mmx, sse, sse2, sse3, ssse3, sse4.1, sse4.2, popcnt, avx, avx2, aes, clmul, erms, rtm, 3dnowpref, lzcnt, ht, tsc, tscinvbit, bmi1, bmi2, adx

Memory: 4k page, physical 16653528k(5579916k free), swap 21132880k(2700244k free)

vm_info: Java HotSpot(TM) 64-Bit Server VM (25.181-b13) for windows-amd64 JRE (1.8.0_181-b13), built on Jul  7 2018 04:01:33 by "java_re" with MS VC++ 10.0 (VS2010)

time: Mon Mar 18 11:34:02 2019
elapsed time: 18 seconds (0d 0h 0m 18s)

