#
# A fatal error has been detected by the Java Runtime Environment:
#
#  EXCEPTION_ACCESS_VIOLATION (0xc0000005) at pc=0x0000000000000000, pid=22488, tid=0x0000000000004500
#
# JRE version: Java(TM) SE Runtime Environment (8.0_211-b12) (build 1.8.0_211-b12)
# Java VM: Java HotSpot(TM) 64-Bit Server VM (25.211-b12 mixed mode windows-amd64 compressed oops)
# Problematic frame:
# C  0x0000000000000000
#
# Failed to write core dump. Minidumps are not enabled by default on client versions of Windows
#
# If you would like to submit a bug report, please visit:
#   http://bugreport.java.com/bugreport/crash.jsp
# The crash happened outside the Java Virtual Machine in native code.
# See problematic frame for where to report the bug.
#

---------------  T H R E A D  ---------------

Current thread (0x000000002ca9a000):  JavaThread "http-nio-2018-exec-3" daemon [_thread_in_native, id=17664, stack(0x0000000033710000,0x0000000033810000)]

siginfo: ExceptionCode=0xc0000005, ExceptionInformation=0x0000000000000008 0x0000000000000000

Registers:
RAX=0x000000003380cb00, RBX=0x0000000034431090, RCX=0x00000000344313e0, RDX=0x000000003380cb48
RSP=0x000000003380caa8, RBP=0x0000000000000000, RSI=0x000000003380cb48, RDI=0x0000000000000000
R8 =0x00000000333834d0, R9 =0x0000000000000000, R10=0x0000000000000000, R11=0x000000003380cb98
R12=0x0000000000000001, R13=0x0000000000000032, R14=0x0000000000002710, R15=0x0000000000000032
RIP=0x0000000000000000, EFLAGS=0x0000000000010297

Top of Stack: (sp=0x000000003380caa8)
0x000000003380caa8:   000000002f5a5d43 0000000000000000
0x000000003380cab8:   0000000000000000 0000000000002710
0x000000003380cac8:   000000003280fd00 0000000000000000
0x000000003380cad8:   000000002f5b21ae 0000000000000000
0x000000003380cae8:   0000000033383490 0000000000000000
0x000000003380caf8:   0000000000000004 0000000000000000
0x000000003380cb08:   0000000000000032 00000000ffffffff
0x000000003380cb18:   0000000100000000 000000003280fd00
0x000000003380cb28:   0000000000000000 0000000000000001
0x000000003380cb38:   000000002f5b2ab0 0000000000000032
0x000000003380cb48:   000000003380cb00 0000000034343140
0x000000003380cb58:   0000000033383490 000000003380cb80
0x000000003380cb68:   000000003380cb84 000000003380cb88
0x000000003380cb78:   0000000033383490 ffffffff3380cc00
0x000000003380cb88:   0000000000000000 0000000034431180
0x000000003380cb98:   000000002f5a51c8 0000000034431090 

Instructions: (pc=0x0000000000000000)
0xffffffffffffffe0:   


Register to memory mapping:

RAX=0x000000003380cb00 is pointing into the stack for thread: 0x000000002ca9a000
RBX=0x0000000034431090 is an unknown value
RCX=0x00000000344313e0 is an unknown value
RDX=0x000000003380cb48 is pointing into the stack for thread: 0x000000002ca9a000
RSP=0x000000003380caa8 is pointing into the stack for thread: 0x000000002ca9a000
RBP=0x0000000000000000 is an unknown value
RSI=0x000000003380cb48 is pointing into the stack for thread: 0x000000002ca9a000
RDI=0x0000000000000000 is an unknown value
R8 =0x00000000333834d0 is an unknown value
R9 =0x0000000000000000 is an unknown value
R10=0x0000000000000000 is an unknown value
R11=0x000000003380cb98 is pointing into the stack for thread: 0x000000002ca9a000
R12=0x0000000000000001 is an unknown value
R13=0x0000000000000032 is an unknown value
R14=0x0000000000002710 is an unknown value
R15=0x0000000000000032 is an unknown value


Stack: [0x0000000033710000,0x0000000033810000],  sp=0x000000003380caa8,  free space=1010k
Native frames: (J=compiled Java code, j=interpreted, Vv=VM code, C=native code)

Java frames: (J=compiled Java code, j=interpreted, Vv=VM code)
j  SecuGen.FDxSDKPro.jni.JSGFPLib.GetImageEx([BJJJ)J+0
j  com.nmrs.umb.biometriclinux.main.FingerPrintUtilImpl.capture(ILjava/lang/String;Z)Lcom/nmrs/umb/biometriclinux/models/FingerPrintInfo;+96
j  com.nmrs.umb.biometriclinux.controllers.FingerPrintController.CapturePrint(I)Lorg/springframework/http/ResponseEntity;+7
v  ~StubRoutines::call_stub
J 1724  sun.reflect.NativeMethodAccessorImpl.invoke0(Ljava/lang/reflect/Method;Ljava/lang/Object;[Ljava/lang/Object;)Ljava/lang/Object; (0 bytes) @ 0x00000000034bd1bf [0x00000000034bd140+0x7f]
J 1723 C1 sun.reflect.NativeMethodAccessorImpl.invoke(Ljava/lang/Object;[Ljava/lang/Object;)Ljava/lang/Object; (104 bytes) @ 0x00000000034c1d7c [0x00000000034c0b80+0x11fc]
J 4939 C2 java.lang.reflect.Method.invoke(Ljava/lang/Object;[Ljava/lang/Object;)Ljava/lang/Object; (62 bytes) @ 0x0000000003ebf3b0 [0x0000000003ebf300+0xb0]
j  org.springframework.web.method.support.InvocableHandlerMethod.doInvoke([Ljava/lang/Object;)Ljava/lang/Object;+32
j  org.springframework.web.method.support.InvocableHandlerMethod.invokeForRequest(Lorg/springframework/web/context/request/NativeWebRequest;Lorg/springframework/web/method/support/ModelAndViewContainer;[Ljava/lang/Object;)Ljava/lang/Object;+54
j  org.springframework.web.servlet.mvc.method.annotation.ServletInvocableHandlerMethod.invokeAndHandle(Lorg/springframework/web/context/request/ServletWebRequest;Lorg/springframework/web/method/support/ModelAndViewContainer;[Ljava/lang/Object;)V+4
j  org.springframework.web.servlet.mvc.method.annotation.RequestMappingHandlerAdapter.invokeHandlerMethod(Ljavax/servlet/http/HttpServletRequest;Ljavax/servlet/http/HttpServletResponse;Lorg/springframework/web/method/HandlerMethod;)Lorg/springframework/web/servlet/ModelAndView;+244
j  org.springframework.web.servlet.mvc.method.annotation.RequestMappingHandlerAdapter.handleInternal(Ljavax/servlet/http/HttpServletRequest;Ljavax/servlet/http/HttpServletResponse;Lorg/springframework/web/method/HandlerMethod;)Lorg/springframework/web/servlet/ModelAndView;+81
j  org.springframework.web.servlet.mvc.method.AbstractHandlerMethodAdapter.handle(Ljavax/servlet/http/HttpServletRequest;Ljavax/servlet/http/HttpServletResponse;Ljava/lang/Object;)Lorg/springframework/web/servlet/ModelAndView;+7
j  org.springframework.web.servlet.DispatcherServlet.doDispatch(Ljavax/servlet/http/HttpServletRequest;Ljavax/servlet/http/HttpServletResponse;)V+257
j  org.springframework.web.servlet.DispatcherServlet.doService(Ljavax/servlet/http/HttpServletRequest;Ljavax/servlet/http/HttpServletResponse;)V+241
j  org.springframework.web.servlet.FrameworkServlet.processRequest(Ljavax/servlet/http/HttpServletRequest;Ljavax/servlet/http/HttpServletResponse;)V+71
j  org.springframework.web.servlet.FrameworkServlet.doGet(Ljavax/servlet/http/HttpServletRequest;Ljavax/servlet/http/HttpServletResponse;)V+3
j  javax.servlet.http.HttpServlet.service(Ljavax/servlet/http/HttpServletRequest;Ljavax/servlet/http/HttpServletResponse;)V+35
j  org.springframework.web.servlet.FrameworkServlet.service(Ljavax/servlet/http/HttpServletRequest;Ljavax/servlet/http/HttpServletResponse;)V+33
j  javax.servlet.http.HttpServlet.service(Ljavax/servlet/ServletRequest;Ljavax/servlet/ServletResponse;)V+36
j  org.apache.catalina.core.ApplicationFilterChain.internalDoFilter(Ljavax/servlet/ServletRequest;Ljavax/servlet/ServletResponse;)V+304
j  org.apache.catalina.core.ApplicationFilterChain.doFilter(Ljavax/servlet/ServletRequest;Ljavax/servlet/ServletResponse;)V+99
j  org.apache.tomcat.websocket.server.WsFilter.doFilter(Ljavax/servlet/ServletRequest;Ljavax/servlet/ServletResponse;Ljavax/servlet/FilterChain;)V+21
j  org.apache.catalina.core.ApplicationFilterChain.internalDoFilter(Ljavax/servlet/ServletRequest;Ljavax/servlet/ServletResponse;)V+135
j  org.apache.catalina.core.ApplicationFilterChain.doFilter(Ljavax/servlet/ServletRequest;Ljavax/servlet/ServletResponse;)V+99
j  org.springframework.web.filter.RequestContextFilter.doFilterInternal(Ljavax/servlet/http/HttpServletRequest;Ljavax/servlet/http/HttpServletResponse;Ljavax/servlet/FilterChain;)V+21
j  org.springframework.web.filter.OncePerRequestFilter.doFilter(Ljavax/servlet/ServletRequest;Ljavax/servlet/ServletResponse;Ljavax/servlet/FilterChain;)V+147
j  org.apache.catalina.core.ApplicationFilterChain.internalDoFilter(Ljavax/servlet/ServletRequest;Ljavax/servlet/ServletResponse;)V+135
j  org.apache.catalina.core.ApplicationFilterChain.doFilter(Ljavax/servlet/ServletRequest;Ljavax/servlet/ServletResponse;)V+99
j  org.springframework.web.filter.FormContentFilter.doFilterInternal(Ljavax/servlet/http/HttpServletRequest;Ljavax/servlet/http/HttpServletResponse;Ljavax/servlet/FilterChain;)V+38
j  org.springframework.web.filter.OncePerRequestFilter.doFilter(Ljavax/servlet/ServletRequest;Ljavax/servlet/ServletResponse;Ljavax/servlet/FilterChain;)V+147
j  org.apache.catalina.core.ApplicationFilterChain.internalDoFilter(Ljavax/servlet/ServletRequest;Ljavax/servlet/ServletResponse;)V+135
j  org.apache.catalina.core.ApplicationFilterChain.doFilter(Ljavax/servlet/ServletRequest;Ljavax/servlet/ServletResponse;)V+99
j  org.springframework.web.filter.CharacterEncodingFilter.doFilterInternal(Ljavax/servlet/http/HttpServletRequest;Ljavax/servlet/http/HttpServletResponse;Ljavax/servlet/FilterChain;)V+53
j  org.springframework.web.filter.OncePerRequestFilter.doFilter(Ljavax/servlet/ServletRequest;Ljavax/servlet/ServletResponse;Ljavax/servlet/FilterChain;)V+147
j  org.apache.catalina.core.ApplicationFilterChain.internalDoFilter(Ljavax/servlet/ServletRequest;Ljavax/servlet/ServletResponse;)V+135
j  org.apache.catalina.core.ApplicationFilterChain.doFilter(Ljavax/servlet/ServletRequest;Ljavax/servlet/ServletResponse;)V+99
j  org.apache.catalina.core.StandardWrapperValve.invoke(Lorg/apache/catalina/connector/Request;Lorg/apache/catalina/connector/Response;)V+694
j  org.apache.catalina.core.StandardContextValve.invoke(Lorg/apache/catalina/connector/Request;Lorg/apache/catalina/connector/Response;)V+169
j  org.apache.catalina.authenticator.AuthenticatorBase.invoke(Lorg/apache/catalina/connector/Request;Lorg/apache/catalina/connector/Response;)V+260
j  org.apache.catalina.core.StandardHostValve.invoke(Lorg/apache/catalina/connector/Request;Lorg/apache/catalina/connector/Response;)V+128
j  org.apache.catalina.valves.ErrorReportValve.invoke(Lorg/apache/catalina/connector/Request;Lorg/apache/catalina/connector/Response;)V+6
j  org.apache.catalina.core.StandardEngineValve.invoke(Lorg/apache/catalina/connector/Request;Lorg/apache/catalina/connector/Response;)V+59
j  org.apache.catalina.connector.CoyoteAdapter.service(Lorg/apache/coyote/Request;Lorg/apache/coyote/Response;)V+199
j  org.apache.coyote.http11.Http11Processor.service(Lorg/apache/tomcat/util/net/SocketWrapperBase;)Lorg/apache/tomcat/util/net/AbstractEndpoint$Handler$SocketState;+737
j  org.apache.coyote.AbstractProcessorLight.process(Lorg/apache/tomcat/util/net/SocketWrapperBase;Lorg/apache/tomcat/util/net/SocketEvent;)Lorg/apache/tomcat/util/net/AbstractEndpoint$Handler$SocketState;+170
j  org.apache.coyote.AbstractProtocol$ConnectionHandler.process(Lorg/apache/tomcat/util/net/SocketWrapperBase;Lorg/apache/tomcat/util/net/SocketEvent;)Lorg/apache/tomcat/util/net/AbstractEndpoint$Handler$SocketState;+505
j  org.apache.tomcat.util.net.NioEndpoint$SocketProcessor.doRun()V+216
j  org.apache.tomcat.util.net.SocketProcessorBase.run()V+21
j  java.util.concurrent.ThreadPoolExecutor.runWorker(Ljava/util/concurrent/ThreadPoolExecutor$Worker;)V+95
j  java.util.concurrent.ThreadPoolExecutor$Worker.run()V+5
j  org.apache.tomcat.util.threads.TaskThread$WrappingRunnable.run()V+4
j  java.lang.Thread.run()V+11
v  ~StubRoutines::call_stub

---------------  P R O C E S S  ---------------

Java Threads: ( => current thread )
  0x000000002fec7800 JavaThread "DestroyJavaVM" [_thread_blocked, id=18944, stack(0x0000000002d40000,0x0000000002e40000)]
  0x000000002feca800 JavaThread "http-nio-2018-Acceptor" daemon [_thread_in_native, id=8808, stack(0x0000000034010000,0x0000000034110000)]
  0x000000002fec9800 JavaThread "http-nio-2018-ClientPoller" daemon [_thread_in_native, id=16068, stack(0x0000000033f10000,0x0000000034010000)]
  0x000000002fec8000 JavaThread "http-nio-2018-exec-10" daemon [_thread_blocked, id=8584, stack(0x0000000033e10000,0x0000000033f10000)]
  0x000000002fecd800 JavaThread "http-nio-2018-exec-9" daemon [_thread_blocked, id=19628, stack(0x0000000033d10000,0x0000000033e10000)]
  0x000000002fecc800 JavaThread "http-nio-2018-exec-8" daemon [_thread_blocked, id=8876, stack(0x0000000033c10000,0x0000000033d10000)]
  0x000000002fec9000 JavaThread "http-nio-2018-exec-7" daemon [_thread_blocked, id=19868, stack(0x0000000033b10000,0x0000000033c10000)]
  0x000000002fecc000 JavaThread "http-nio-2018-exec-6" daemon [_thread_blocked, id=17252, stack(0x0000000033a10000,0x0000000033b10000)]
  0x000000002ca9b800 JavaThread "http-nio-2018-exec-5" daemon [_thread_blocked, id=8288, stack(0x0000000033910000,0x0000000033a10000)]
  0x000000002ca9b000 JavaThread "http-nio-2018-exec-4" daemon [_thread_blocked, id=23224, stack(0x0000000033810000,0x0000000033910000)]
=>0x000000002ca9a000 JavaThread "http-nio-2018-exec-3" daemon [_thread_in_native, id=17664, stack(0x0000000033710000,0x0000000033810000)]
  0x000000002ca98800 JavaThread "http-nio-2018-exec-2" daemon [_thread_blocked, id=1488, stack(0x0000000033610000,0x0000000033710000)]
  0x000000002ca98000 JavaThread "http-nio-2018-exec-1" daemon [_thread_in_native, id=1728, stack(0x0000000033510000,0x0000000033610000)]
  0x000000002ca9d000 JavaThread "http-nio-2018-BlockPoller" daemon [_thread_in_native, id=12036, stack(0x0000000033410000,0x0000000033510000)]
  0x000000002ca9e000 JavaThread "Live Reload Server" daemon [_thread_in_native, id=2512, stack(0x00000000321b0000,0x00000000322b0000)]
  0x000000002ca99800 JavaThread "File Watcher" daemon [_thread_blocked, id=14292, stack(0x0000000033200000,0x0000000033300000)]
  0x000000002ca9c800 JavaThread "HikariPool-1 housekeeper" daemon [_thread_blocked, id=17788, stack(0x0000000030d50000,0x0000000030e50000)]
  0x000000002f198800 JavaThread "mysql-cj-abandoned-connection-cleanup" daemon [_thread_blocked, id=19784, stack(0x000000002f4a0000,0x000000002f5a0000)]
  0x000000002c5b9000 JavaThread "container-0" [_thread_blocked, id=17060, stack(0x000000002e310000,0x000000002e410000)]
  0x000000002c608000 JavaThread "Catalina-utility-2" [_thread_blocked, id=5692, stack(0x000000002b840000,0x000000002b940000)]
  0x000000002c7f8800 JavaThread "Catalina-utility-1" [_thread_blocked, id=668, stack(0x000000002b540000,0x000000002b640000)]
  0x000000002773a800 JavaThread "Service Thread" daemon [_thread_blocked, id=19800, stack(0x00000000290f0000,0x00000000291f0000)]
  0x00000000276b6800 JavaThread "C1 CompilerThread3" daemon [_thread_blocked, id=20360, stack(0x0000000028ff0000,0x00000000290f0000)]
  0x00000000276b4800 JavaThread "C2 CompilerThread2" daemon [_thread_blocked, id=2832, stack(0x0000000028ef0000,0x0000000028ff0000)]
  0x00000000276ae800 JavaThread "C2 CompilerThread1" daemon [_thread_blocked, id=16984, stack(0x0000000028df0000,0x0000000028ef0000)]
  0x00000000276aa800 JavaThread "C2 CompilerThread0" daemon [_thread_blocked, id=19676, stack(0x0000000028cf0000,0x0000000028df0000)]
  0x00000000276a9000 JavaThread "Attach Listener" daemon [_thread_blocked, id=4424, stack(0x0000000028bf0000,0x0000000028cf0000)]
  0x00000000276a7800 JavaThread "Signal Dispatcher" daemon [_thread_blocked, id=20536, stack(0x0000000028af0000,0x0000000028bf0000)]
  0x0000000025fd4800 JavaThread "Finalizer" daemon [_thread_blocked, id=9140, stack(0x00000000288f0000,0x00000000289f0000)]
  0x0000000027693000 JavaThread "Reference Handler" daemon [_thread_blocked, id=12748, stack(0x00000000287f0000,0x00000000288f0000)]

Other Threads:
  0x0000000027672800 VMThread [stack: 0x00000000286f0000,0x00000000287f0000] [id=328]
  0x0000000027780000 WatcherThread [stack: 0x00000000291f0000,0x00000000292f0000] [id=16820]

VM state:not at safepoint (normal execution)

VM Mutex/Monitor currently owned by a thread: None

heap address: 0x00000005c4400000, size: 8124 MB, Compressed Oops mode: Zero based, Oop shift amount: 3
Narrow klass base: 0x0000000000000000, Narrow klass shift: 3
Compressed class space size: 1073741824 Address: 0x00000007c0000000

Heap:
 PSYoungGen      total 278016K, used 146518K [0x0000000716c00000, 0x0000000729a80000, 0x00000007c0000000)
  eden space 250368K, 58% used [0x0000000716c00000,0x000000071fb158f8,0x0000000726080000)
  from space 27648K, 0% used [0x0000000727a00000,0x0000000727a00000,0x0000000729500000)
  to   space 26112K, 0% used [0x0000000726080000,0x0000000726080000,0x0000000727a00000)
 ParOldGen       total 498688K, used 24498K [0x00000005c4400000, 0x00000005e2b00000, 0x0000000716c00000)
  object space 498688K, 4% used [0x00000005c4400000,0x00000005c5becbe0,0x00000005e2b00000)
 Metaspace       used 68118K, capacity 71652K, committed 71896K, reserved 1112064K
  class space    used 9067K, capacity 9677K, committed 9688K, reserved 1048576K

Card table byte_map: [0x0000000012300000,0x00000000132e0000] byte_map_base: 0x000000000f4de000

Marking Bits: (ParMarkBitMap*) 0x0000000054955ce0
 Begin Bits: [0x0000000014780000, 0x000000001c670000)
 End Bits:   [0x000000001c670000, 0x0000000024560000)

Polling page: 0x0000000002bb0000

CodeCache: size=245760Kb used=17734Kb max_used=18252Kb free=228025Kb
 bounds [0x0000000002f40000, 0x0000000004130000, 0x0000000011f40000]
 total_blobs=5468 nmethods=4854 adapters=526
 compilation: enabled

Compilation events (10 events):
Event: 73.804 Thread 0x00000000276b6800 5738   !   3       java.util.AbstractSet::equals (48 bytes)
Event: 73.805 Thread 0x00000000276b6800 nmethod 5738 0x0000000003bdf090 code [0x0000000003bdf240, 0x0000000003bdf928]
Event: 74.829 Thread 0x00000000276b6800 5739       3       org.springframework.boot.devtools.filewatch.DirectorySnapshot::filter (72 bytes)
Event: 74.829 Thread 0x00000000276b6800 nmethod 5739 0x00000000037c8e50 code [0x00000000037c90a0, 0x00000000037c9d18]
Event: 77.352 Thread 0x00000000276b6800 5741       3       ch.qos.logback.core.pattern.DynamicConverter::getFirstOption (35 bytes)
Event: 77.352 Thread 0x00000000276b6800 nmethod 5741 0x0000000003132b10 code [0x0000000003132ca0, 0x00000000031330f8]
Event: 77.353 Thread 0x00000000276b6800 5742       3       org.springframework.boot.ansi.AnsiOutput::toString (32 bytes)
Event: 77.353 Thread 0x00000000276b6800 nmethod 5742 0x0000000003bb7790 code [0x0000000003bb7940, 0x0000000003bb7ef8]
Event: 77.353 Thread 0x00000000276b6800 5743       3       org.springframework.boot.ansi.AnsiOutput::isEnabled (46 bytes)
Event: 77.354 Thread 0x00000000276b6800 nmethod 5743 0x00000000032f29d0 code [0x00000000032f2b60, 0x00000000032f2f68]

GC Heap History (10 events):
Event: 3.659 GC heap before
{Heap before GC invocations=5 (full 1):
 PSYoungGen      total 151552K, used 123412K [0x0000000716c00000, 0x0000000724780000, 0x00000007c0000000)
  eden space 130048K, 85% used [0x0000000716c00000,0x000000071d87d830,0x000000071eb00000)
  from space 21504K, 57% used [0x000000071eb00000,0x000000071f707a18,0x0000000720000000)
  to   space 21504K, 0% used [0x0000000723280000,0x0000000723280000,0x0000000724780000)
 ParOldGen       total 210432K, used 10032K [0x00000005c4400000, 0x00000005d1180000, 0x0000000716c00000)
  object space 210432K, 4% used [0x00000005c4400000,0x00000005c4dcc380,0x00000005d1180000)
 Metaspace       used 33187K, capacity 35358K, committed 35416K, reserved 1079296K
  class space    used 4215K, capacity 4642K, committed 4696K, reserved 1048576K
Event: 3.666 GC heap after
Heap after GC invocations=5 (full 1):
 PSYoungGen      total 203264K, used 9688K [0x0000000716c00000, 0x0000000724a00000, 0x00000007c0000000)
  eden space 181760K, 0% used [0x0000000716c00000,0x0000000716c00000,0x0000000721d80000)
  from space 21504K, 45% used [0x0000000723280000,0x0000000723bf6350,0x0000000724780000)
  to   space 21504K, 0% used [0x0000000721d80000,0x0000000721d80000,0x0000000723280000)
 ParOldGen       total 210432K, used 10040K [0x00000005c4400000, 0x00000005d1180000, 0x0000000716c00000)
  object space 210432K, 4% used [0x00000005c4400000,0x00000005c4dce380,0x00000005d1180000)
 Metaspace       used 33187K, capacity 35358K, committed 35416K, reserved 1079296K
  class space    used 4215K, capacity 4642K, committed 4696K, reserved 1048576K
}
Event: 3.666 GC heap before
{Heap before GC invocations=6 (full 2):
 PSYoungGen      total 203264K, used 9688K [0x0000000716c00000, 0x0000000724a00000, 0x00000007c0000000)
  eden space 181760K, 0% used [0x0000000716c00000,0x0000000716c00000,0x0000000721d80000)
  from space 21504K, 45% used [0x0000000723280000,0x0000000723bf6350,0x0000000724780000)
  to   space 21504K, 0% used [0x0000000721d80000,0x0000000721d80000,0x0000000723280000)
 ParOldGen       total 210432K, used 10040K [0x00000005c4400000, 0x00000005d1180000, 0x0000000716c00000)
  object space 210432K, 4% used [0x00000005c4400000,0x00000005c4dce380,0x00000005d1180000)
 Metaspace       used 33187K, capacity 35358K, committed 35416K, reserved 1079296K
  class space    used 4215K, capacity 4642K, committed 4696K, reserved 1048576K
Event: 3.711 GC heap after
Heap after GC invocations=6 (full 2):
 PSYoungGen      total 203264K, used 0K [0x0000000716c00000, 0x0000000724a00000, 0x00000007c0000000)
  eden space 181760K, 0% used [0x0000000716c00000,0x0000000716c00000,0x0000000721d80000)
  from space 21504K, 0% used [0x0000000723280000,0x0000000723280000,0x0000000724780000)
  to   space 21504K, 0% used [0x0000000721d80000,0x0000000721d80000,0x0000000723280000)
 ParOldGen       total 343040K, used 14521K [0x00000005c4400000, 0x00000005d9300000, 0x0000000716c00000)
  object space 343040K, 4% used [0x00000005c4400000,0x00000005c522e6f0,0x00000005d9300000)
 Metaspace       used 33187K, capacity 35358K, committed 35416K, reserved 1079296K
  class space    used 4215K, capacity 4642K, committed 4696K, reserved 1048576K
}
Event: 6.450 GC heap before
{Heap before GC invocations=7 (full 2):
 PSYoungGen      total 203264K, used 181760K [0x0000000716c00000, 0x0000000724a00000, 0x00000007c0000000)
  eden space 181760K, 100% used [0x0000000716c00000,0x0000000721d80000,0x0000000721d80000)
  from space 21504K, 0% used [0x0000000723280000,0x0000000723280000,0x0000000724780000)
  to   space 21504K, 0% used [0x0000000721d80000,0x0000000721d80000,0x0000000723280000)
 ParOldGen       total 343040K, used 14521K [0x00000005c4400000, 0x00000005d9300000, 0x0000000716c00000)
  object space 343040K, 4% used [0x00000005c4400000,0x00000005c522e6f0,0x00000005d9300000)
 Metaspace       used 51288K, capacity 53780K, committed 54232K, reserved 1095680K
  class space    used 6675K, capacity 7107K, committed 7128K, reserved 1048576K
Event: 6.480 GC heap after
Heap after GC invocations=7 (full 2):
 PSYoungGen      total 203264K, used 21499K [0x0000000716c00000, 0x0000000729500000, 0x00000007c0000000)
  eden space 181760K, 0% used [0x0000000716c00000,0x0000000716c00000,0x0000000721d80000)
  from space 21504K, 99% used [0x0000000721d80000,0x000000072327ec30,0x0000000723280000)
  to   space 27648K, 0% used [0x0000000727a00000,0x0000000727a00000,0x0000000729500000)
 ParOldGen       total 343040K, used 25751K [0x00000005c4400000, 0x00000005d9300000, 0x0000000716c00000)
  object space 343040K, 7% used [0x00000005c4400000,0x00000005c5d25cc0,0x00000005d9300000)
 Metaspace       used 51288K, capacity 53780K, committed 54232K, reserved 1095680K
  class space    used 6675K, capacity 7107K, committed 7128K, reserved 1048576K
}
Event: 7.006 GC heap before
{Heap before GC invocations=8 (full 2):
 PSYoungGen      total 203264K, used 64565K [0x0000000716c00000, 0x0000000729500000, 0x00000007c0000000)
  eden space 181760K, 23% used [0x0000000716c00000,0x000000071960ea08,0x0000000721d80000)
  from space 21504K, 99% used [0x0000000721d80000,0x000000072327ec30,0x0000000723280000)
  to   space 27648K, 0% used [0x0000000727a00000,0x0000000727a00000,0x0000000729500000)
 ParOldGen       total 343040K, used 25751K [0x00000005c4400000, 0x00000005d9300000, 0x0000000716c00000)
  object space 343040K, 7% used [0x00000005c4400000,0x00000005c5d25cc0,0x00000005d9300000)
 Metaspace       used 56198K, capacity 58678K, committed 59028K, reserved 1099776K
  class space    used 7403K, capacity 7856K, committed 7896K, reserved 1048576K
Event: 7.016 GC heap after
Heap after GC invocations=8 (full 2):
 PSYoungGen      total 278016K, used 13522K [0x0000000716c00000, 0x0000000729a80000, 0x00000007c0000000)
  eden space 250368K, 0% used [0x0000000716c00000,0x0000000716c00000,0x0000000726080000)
  from space 27648K, 48% used [0x0000000727a00000,0x00000007287349e0,0x0000000729500000)
  to   space 26112K, 0% used [0x0000000726080000,0x0000000726080000,0x0000000727a00000)
 ParOldGen       total 343040K, used 25759K [0x00000005c4400000, 0x00000005d9300000, 0x0000000716c00000)
  object space 343040K, 7% used [0x00000005c4400000,0x00000005c5d27cc0,0x00000005d9300000)
 Metaspace       used 56198K, capacity 58678K, committed 59028K, reserved 1099776K
  class space    used 7403K, capacity 7856K, committed 7896K, reserved 1048576K
}
Event: 7.016 GC heap before
{Heap before GC invocations=9 (full 3):
 PSYoungGen      total 278016K, used 13522K [0x0000000716c00000, 0x0000000729a80000, 0x00000007c0000000)
  eden space 250368K, 0% used [0x0000000716c00000,0x0000000716c00000,0x0000000726080000)
  from space 27648K, 48% used [0x0000000727a00000,0x00000007287349e0,0x0000000729500000)
  to   space 26112K, 0% used [0x0000000726080000,0x0000000726080000,0x0000000727a00000)
 ParOldGen       total 343040K, used 25759K [0x00000005c4400000, 0x00000005d9300000, 0x0000000716c00000)
  object space 343040K, 7% used [0x00000005c4400000,0x00000005c5d27cc0,0x00000005d9300000)
 Metaspace       used 56198K, capacity 58678K, committed 59028K, reserved 1099776K
  class space    used 7403K, capacity 7856K, committed 7896K, reserved 1048576K
Event: 7.195 GC heap after
Heap after GC invocations=9 (full 3):
 PSYoungGen      total 278016K, used 0K [0x0000000716c00000, 0x0000000729a80000, 0x00000007c0000000)
  eden space 250368K, 0% used [0x0000000716c00000,0x0000000716c00000,0x0000000726080000)
  from space 27648K, 0% used [0x0000000727a00000,0x0000000727a00000,0x0000000729500000)
  to   space 26112K, 0% used [0x0000000726080000,0x0000000726080000,0x0000000727a00000)
 ParOldGen       total 498688K, used 24498K [0x00000005c4400000, 0x00000005e2b00000, 0x0000000716c00000)
  object space 498688K, 4% used [0x00000005c4400000,0x00000005c5becbe0,0x00000005e2b00000)
 Metaspace       used 56198K, capacity 58678K, committed 59028K, reserved 1099776K
  class space    used 7403K, capacity 7856K, committed 7896K, reserved 1048576K
}

Deoptimization events (10 events):
Event: 16.459 Thread 0x000000002ca98000 Uncommon trap: reason=bimorphic action=maybe_recompile pc=0x000000000409a338 method=java.util.Collections$UnmodifiableCollection.contains(Ljava/lang/Object;)Z @ 5
Event: 16.459 Thread 0x000000002ca98000 Uncommon trap: reason=bimorphic action=maybe_recompile pc=0x000000000409a338 method=java.util.Collections$UnmodifiableCollection.contains(Ljava/lang/Object;)Z @ 5
Event: 16.475 Thread 0x000000002ca98000 Uncommon trap: reason=bimorphic action=maybe_recompile pc=0x0000000004116c84 method=java.util.concurrent.ConcurrentHashMap.putVal(Ljava/lang/Object;Ljava/lang/Object;Z)Ljava/lang/Object; @ 192
Event: 64.657 Thread 0x000000002ca98800 Uncommon trap: reason=bimorphic action=maybe_recompile pc=0x000000000409a338 method=java.util.Collections$UnmodifiableCollection.contains(Ljava/lang/Object;)Z @ 5
Event: 64.657 Thread 0x000000002ca98800 Uncommon trap: reason=bimorphic action=maybe_recompile pc=0x000000000409a338 method=java.util.Collections$UnmodifiableCollection.contains(Ljava/lang/Object;)Z @ 5
Event: 64.668 Thread 0x000000002ca98800 Uncommon trap: reason=unstable_if action=reinterpret pc=0x0000000003cc81a8 method=java.util.regex.Matcher.find()Z @ 10
Event: 64.715 Thread 0x000000002ca98800 Uncommon trap: reason=bimorphic action=maybe_recompile pc=0x0000000004116c84 method=java.util.concurrent.ConcurrentHashMap.putVal(Ljava/lang/Object;Ljava/lang/Object;Z)Ljava/lang/Object; @ 192
Event: 64.716 Thread 0x000000002ca98800 Uncommon trap: reason=bimorphic action=maybe_recompile pc=0x0000000004116c84 method=java.util.concurrent.ConcurrentHashMap.putVal(Ljava/lang/Object;Ljava/lang/Object;Z)Ljava/lang/Object; @ 192
Event: 64.716 Thread 0x000000002ca98800 Uncommon trap: reason=bimorphic action=maybe_recompile pc=0x0000000004116c84 method=java.util.concurrent.ConcurrentHashMap.putVal(Ljava/lang/Object;Ljava/lang/Object;Z)Ljava/lang/Object; @ 192
Event: 69.298 Thread 0x000000002ca9a000 Uncommon trap: reason=unstable_if action=reinterpret pc=0x0000000003cede80 method=java.nio.Buffer.limit(I)Ljava/nio/Buffer; @ 33

Classes redefined (0 events):
No events

Internal exceptions (10 events):
Event: 8.343 Thread 0x000000002a0c9000 Exception <a 'java/lang/ClassNotFoundException': org/springframework/web/servlet/config/annotation/DelegatingWebMvcConfigurationCustomizer> (0x000000071adc5b68) thrown at [C:\re\workspace\8-2-build-windows-amd64-cygwin\jdk8u211\12973\hotspot\src\share\vm\
Event: 8.344 Thread 0x000000002a0c9000 Exception <a 'java/lang/ClassNotFoundException': org/springframework/boot/autoconfigure/web/servlet/WebMvcAutoConfiguration$EnableWebMvcConfigurationCustomizer> (0x000000071adf3b78) thrown at [C:\re\workspace\8-2-build-windows-amd64-cygwin\jdk8u211\12973\
Event: 8.345 Thread 0x000000002a0c9000 Exception <a 'java/lang/ClassNotFoundException': org/springframework/context/ResourceLoaderAwareCustomizer> (0x000000071ae21108) thrown at [C:\re\workspace\8-2-build-windows-amd64-cygwin\jdk8u211\12973\hotspot\src\share\vm\classfile\systemDictionary.cpp, 
Event: 8.346 Thread 0x000000002a0c9000 Exception <a 'java/lang/ClassNotFoundException': org/springframework/beans/factory/AwareCustomizer> (0x000000071ae38648) thrown at [C:\re\workspace\8-2-build-windows-amd64-cygwin\jdk8u211\12973\hotspot\src\share\vm\classfile\systemDictionary.cpp, line 210
Event: 8.346 Thread 0x000000002a0c9000 Exception <a 'java/lang/ClassNotFoundException': org/springframework/context/ApplicationContextAwareCustomizer> (0x000000071ae527e0) thrown at [C:\re\workspace\8-2-build-windows-amd64-cygwin\jdk8u211\12973\hotspot\src\share\vm\classfile\systemDictionary.c
Event: 8.347 Thread 0x000000002a0c9000 Exception <a 'java/lang/ClassNotFoundException': org/springframework/beans/factory/AwareCustomizer> (0x000000071ae6a328) thrown at [C:\re\workspace\8-2-build-windows-amd64-cygwin\jdk8u211\12973\hotspot\src\share\vm\classfile\systemDictionary.cpp, line 210
Event: 8.348 Thread 0x000000002a0c9000 Exception <a 'java/lang/ClassNotFoundException': org/springframework/web/context/ServletContextAwareCustomizer> (0x000000071ae844b8) thrown at [C:\re\workspace\8-2-build-windows-amd64-cygwin\jdk8u211\12973\hotspot\src\share\vm\classfile\systemDictionary.c
Event: 8.348 Thread 0x000000002a0c9000 Exception <a 'java/lang/ClassNotFoundException': org/springframework/beans/factory/AwareCustomizer> (0x000000071ae9ba70) thrown at [C:\re\workspace\8-2-build-windows-amd64-cygwin\jdk8u211\12973\hotspot\src\share\vm\classfile\systemDictionary.cpp, line 210
Event: 8.713 Thread 0x000000002a0c9000 Exception <a 'java/lang/IncompatibleClassChangeError': Found class java.lang.Object, but interface was expected> (0x000000071c5a8300) thrown at [C:\re\workspace\8-2-build-windows-amd64-cygwin\jdk8u211\12973\hotspot\src\share\vm\interpreter\linkResolver.cp
Event: 67.354 Thread 0x000000002ca98000 Exception <a 'java/io/FileNotFoundException'> (0x000000071ed3eba0) thrown at [C:\re\workspace\8-2-build-windows-amd64-cygwin\jdk8u211\12973\hotspot\src\share\vm\prims\jni.cpp, line 710]

Events (10 events):
Event: 77.353 Thread 0x00000000276b6800 flushing nmethod 0x0000000003634b50
Event: 77.354 Thread 0x00000000276b6800 flushing nmethod 0x00000000036dd6d0
Event: 77.354 Thread 0x00000000276b6800 flushing nmethod 0x00000000036e0910
Event: 77.354 Thread 0x00000000276b6800 flushing nmethod 0x0000000003727f50
Event: 77.354 Thread 0x00000000276b6800 flushing nmethod 0x000000000374ced0
Event: 77.354 Thread 0x00000000276b6800 flushing nmethod 0x000000000374f8d0
Event: 77.354 Thread 0x00000000276b6800 flushing nmethod 0x0000000003756510
Event: 77.354 Thread 0x00000000276b6800 flushing nmethod 0x0000000003781d90
Event: 77.354 Thread 0x00000000276b6800 flushing nmethod 0x0000000003789910
Event: 77.354 Thread 0x00000000276b6800 flushing nmethod 0x00000000037c3750


Dynamic libraries:
0x00007ff754380000 - 0x00007ff7543b7000 	C:\Program Files\Java\jdk1.8.0_211\bin\java.exe
0x00007ff8df190000 - 0x00007ff8df385000 	C:\WINDOWS\SYSTEM32\ntdll.dll
0x00007ff8de960000 - 0x00007ff8dea1d000 	C:\WINDOWS\System32\KERNEL32.DLL
0x00007ff8dcf00000 - 0x00007ff8dd1c9000 	C:\WINDOWS\System32\KERNELBASE.dll
0x00007ff8dd390000 - 0x00007ff8dd43c000 	C:\WINDOWS\System32\ADVAPI32.dll
0x00007ff8dd570000 - 0x00007ff8dd60e000 	C:\WINDOWS\System32\msvcrt.dll
0x00007ff8de7c0000 - 0x00007ff8de85b000 	C:\WINDOWS\System32\sechost.dll
0x00007ff8dd440000 - 0x00007ff8dd56a000 	C:\WINDOWS\System32\RPCRT4.dll
0x00007ff8dec50000 - 0x00007ff8dedf0000 	C:\WINDOWS\System32\USER32.dll
0x00007ff8dd1d0000 - 0x00007ff8dd1f2000 	C:\WINDOWS\System32\win32u.dll
0x00007ff8de880000 - 0x00007ff8de8aa000 	C:\WINDOWS\System32\GDI32.dll
0x00007ff8dcc60000 - 0x00007ff8dcd6b000 	C:\WINDOWS\System32\gdi32full.dll
0x00007ff8dc960000 - 0x00007ff8dc9fd000 	C:\WINDOWS\System32\msvcp_win.dll
0x00007ff8dca00000 - 0x00007ff8dcb00000 	C:\WINDOWS\System32\ucrtbase.dll
0x00007ff8c3a40000 - 0x00007ff8c3cda000 	C:\WINDOWS\WinSxS\amd64_microsoft.windows.common-controls_6595b64144ccf1df_6.0.19041.1110_none_60b5254171f9507e\COMCTL32.dll
0x00007ff8dd960000 - 0x00007ff8dd990000 	C:\WINDOWS\System32\IMM32.DLL
0x0000000055510000 - 0x00000000555e2000 	C:\Program Files\Java\jdk1.8.0_211\jre\bin\msvcr100.dll
0x0000000054130000 - 0x00000000549d5000 	C:\Program Files\Java\jdk1.8.0_211\jre\bin\server\jvm.dll
0x00007ff8de860000 - 0x00007ff8de868000 	C:\WINDOWS\System32\PSAPI.DLL
0x00007ff8d1310000 - 0x00007ff8d131a000 	C:\WINDOWS\SYSTEM32\VERSION.dll
0x00007ff8d3a10000 - 0x00007ff8d3a19000 	C:\WINDOWS\SYSTEM32\WSOCK32.dll
0x00007ff8c9620000 - 0x00007ff8c9647000 	C:\WINDOWS\SYSTEM32\WINMM.dll
0x00007ff8dda10000 - 0x00007ff8dda7b000 	C:\WINDOWS\System32\WS2_32.dll
0x00007ff8d3a80000 - 0x00007ff8d3a8f000 	C:\Program Files\Java\jdk1.8.0_211\jre\bin\verify.dll
0x00007ff8c52f0000 - 0x00007ff8c5319000 	C:\Program Files\Java\jdk1.8.0_211\jre\bin\java.dll
0x00007ff8c8610000 - 0x00007ff8c8626000 	C:\Program Files\Java\jdk1.8.0_211\jre\bin\zip.dll
0x00007ff8ddf50000 - 0x00007ff8de68f000 	C:\WINDOWS\System32\SHELL32.dll
0x00007ff8da9e0000 - 0x00007ff8db171000 	C:\WINDOWS\SYSTEM32\windows.storage.dll
0x00007ff8dedf0000 - 0x00007ff8df145000 	C:\WINDOWS\System32\combase.dll
0x00007ff8dc340000 - 0x00007ff8dc36c000 	C:\WINDOWS\SYSTEM32\Wldp.dll
0x00007ff8dd850000 - 0x00007ff8dd8fe000 	C:\WINDOWS\System32\SHCORE.dll
0x00007ff8dda80000 - 0x00007ff8ddad5000 	C:\WINDOWS\System32\shlwapi.dll
0x00007ff8dc810000 - 0x00007ff8dc82f000 	C:\WINDOWS\SYSTEM32\profapi.dll
0x00007ff8d3860000 - 0x00007ff8d386d000 	C:\Program Files\Java\jdk1.8.0_211\jre\bin\management.dll
0x00007ff8c5260000 - 0x00007ff8c527a000 	C:\Program Files\Java\jdk1.8.0_211\jre\bin\net.dll
0x00007ff8c2720000 - 0x00007ff8c290c000 	C:\WINDOWS\SYSTEM32\urlmon.dll
0x00007ff8ccfb0000 - 0x00007ff8cd260000 	C:\WINDOWS\SYSTEM32\iertutil.dll
0x00007ff8c26d0000 - 0x00007ff8c26f8000 	C:\WINDOWS\SYSTEM32\srvcli.dll
0x00007ff8dbe50000 - 0x00007ff8dbe5c000 	C:\WINDOWS\SYSTEM32\netutils.dll
0x00007ff8dc0a0000 - 0x00007ff8dc10a000 	C:\WINDOWS\system32\mswsock.dll
0x00007ff8bb410000 - 0x00007ff8bb427000 	C:\WINDOWS\system32\napinsp.dll
0x00007ff8bb3f0000 - 0x00007ff8bb40b000 	C:\WINDOWS\system32\pnrpnsp.dll
0x00007ff8d4380000 - 0x00007ff8d4395000 	C:\WINDOWS\system32\wshbth.dll
0x00007ff8d4fe0000 - 0x00007ff8d4ffd000 	C:\WINDOWS\system32\NLAapi.dll
0x00007ff8dbd40000 - 0x00007ff8dbd7b000 	C:\WINDOWS\SYSTEM32\IPHLPAPI.DLL
0x00007ff8dbd80000 - 0x00007ff8dbe4c000 	C:\WINDOWS\SYSTEM32\DNSAPI.dll
0x00007ff8de690000 - 0x00007ff8de698000 	C:\WINDOWS\System32\NSI.dll
0x00007ff8bb280000 - 0x00007ff8bb292000 	C:\WINDOWS\System32\winrnr.dll
0x00007ff8d1390000 - 0x00007ff8d139a000 	C:\Windows\System32\rasadhlp.dll
0x00007ff8d0800000 - 0x00007ff8d087f000 	C:\WINDOWS\System32\fwpuclnt.dll
0x00007ff8dced0000 - 0x00007ff8dcef7000 	C:\WINDOWS\System32\bcrypt.dll
0x00007ff8c4840000 - 0x00007ff8c4852000 	C:\Program Files\Java\jdk1.8.0_211\jre\bin\nio.dll
0x00007ff8dc290000 - 0x00007ff8dc2a8000 	C:\WINDOWS\SYSTEM32\CRYPTSP.dll
0x00007ff8db9d0000 - 0x00007ff8dba04000 	C:\WINDOWS\system32\rsaenh.dll
0x00007ff8dc790000 - 0x00007ff8dc7be000 	C:\WINDOWS\SYSTEM32\USERENV.dll
0x00007ff8dc8d0000 - 0x00007ff8dc953000 	C:\WINDOWS\System32\bcryptprimitives.dll
0x00007ff8dc280000 - 0x00007ff8dc28c000 	C:\WINDOWS\SYSTEM32\CRYPTBASE.dll
0x00007ff8d1540000 - 0x00007ff8d1557000 	C:\WINDOWS\SYSTEM32\dhcpcsvc6.DLL
0x00007ff8d18a0000 - 0x00007ff8d18bd000 	C:\WINDOWS\SYSTEM32\dhcpcsvc.DLL
0x00007ff8c8d90000 - 0x00007ff8c8db4000 	C:\Program Files\Java\jdk1.8.0_211\jre\bin\sunec.dll
0x00007ff8d2630000 - 0x00007ff8d263b000 	C:\Program Files\Java\jdk1.8.0_211\jre\bin\sunmscapi.dll
0x00007ff8dcd70000 - 0x00007ff8dcecf000 	C:\WINDOWS\System32\CRYPT32.dll
0x0000000180000000 - 0x000000018000b000 	C:\Windows\SysWOW64\x64\jnisgfplib.dll
0x0000000055460000 - 0x0000000055503000 	C:\WINDOWS\WinSxS\amd64_microsoft.vc90.crt_1fc8b3b9a1e18e3b_9.0.30729.9625_none_08e1c10da83fbc83\MSVCR90.dll
0x00007ff8c53b0000 - 0x00007ff8c53ec000 	C:\Windows\SysWOW64\x64\sgfplib.dll
0x00007ff8ddae0000 - 0x00007ff8ddf49000 	C:\WINDOWS\System32\SETUPAPI.dll
0x00007ff8dcbb0000 - 0x00007ff8dcbfe000 	C:\WINDOWS\System32\cfgmgr32.dll
0x00007ff8ccf50000 - 0x00007ff8ccf68000 	C:\Windows\SysWOW64\x64\sgwsqlib.dll
0x00007ff8c58e0000 - 0x00007ff8c5911000 	C:\WINDOWS\SYSTEM32\winbio.dll
0x00007ff8c7af0000 - 0x00007ff8c7aff000 	C:\WINDOWS\SYSTEM32\winbioext.dll
0x00007ff8dd610000 - 0x00007ff8dd6dd000 	C:\WINDOWS\System32\OLEAUT32.dll
0x00007ff8740c0000 - 0x00007ff874259000 	C:\Program Files\Java\jdk1.8.0_211\jre\bin\awt.dll
0x00007ff8d6d20000 - 0x00007ff8d6db0000 	C:\WINDOWS\SYSTEM32\apphelp.dll
0x00007ff8d7520000 - 0x00007ff8d7704000 	C:\WINDOWS\SYSTEM32\dbghelp.dll
0x000000002e410000 - 0x000000002e443000 	C:\WINDOWS\SYSTEM32\sgfpaMX.dll
0x00007ff865c30000 - 0x00007ff865f1a000 	C:\WINDOWS\SYSTEM32\sgfdu07x64.dll
0x00007ff8dd200000 - 0x00007ff8dd32a000 	C:\WINDOWS\System32\ole32.dll
0x00007ff8c6030000 - 0x00007ff8c6037000 	C:\WINDOWS\SYSTEM32\MSIMG32.dll
0x00007ff8d6e20000 - 0x00007ff8d6ebe000 	C:\WINDOWS\SYSTEM32\UxTheme.dll
0x00007ff8c5fa0000 - 0x00007ff8c602e000 	C:\WINDOWS\SYSTEM32\WINSPOOL.DRV
0x00007ff8c3ce0000 - 0x00007ff8c3e89000 	C:\WINDOWS\WinSxS\amd64_microsoft.windows.gdiplus_6595b64144ccf1df_1.1.19041.1110_none_91a01826cc8bca4c\gdiplus.dll
0x00007ff8c5f30000 - 0x00007ff8c5f96000 	C:\WINDOWS\SYSTEM32\OLEACC.dll

VM Arguments:
java_command: com.nmrs.umb.biometriclinux.main.BiometricLinuxApplication
java_class_path (initial): C:\Users\mails\Documents\NetBeansProjects\pbs-service\target\classes;C:\Users\mails\.m2\repository\org\springframework\boot\spring-boot-starter-thymeleaf\2.4.5\spring-boot-starter-thymeleaf-2.4.5.jar;C:\Users\mails\.m2\repository\org\springframework\boot\spring-boot-starter\2.4.5\spring-boot-starter-2.4.5.jar;C:\Users\mails\.m2\repository\org\springframework\boot\spring-boot-starter-logging\2.4.5\spring-boot-starter-logging-2.4.5.jar;C:\Users\mails\.m2\repository\ch\qos\logback\logback-classic\1.2.3\logback-classic-1.2.3.jar;C:\Users\mails\.m2\repository\ch\qos\logback\logback-core\1.2.3\logback-core-1.2.3.jar;C:\Users\mails\.m2\repository\org\apache\logging\log4j\log4j-to-slf4j\2.13.3\log4j-to-slf4j-2.13.3.jar;C:\Users\mails\.m2\repository\org\apache\logging\log4j\log4j-api\2.13.3\log4j-api-2.13.3.jar;C:\Users\mails\.m2\repository\org\slf4j\jul-to-slf4j\1.7.30\jul-to-slf4j-1.7.30.jar;C:\Users\mails\.m2\repository\jakarta\annotation\jakarta.annotation-api\1.3.5\jakarta.annotation-api-1.3.5.jar;C:\Users\mails\.m2\repository\org\yaml\snakeyaml\1.27\snakeyaml-1.27.jar;C:\Users\mails\.m2\repository\org\thymeleaf\thymeleaf-spring5\3.0.12.RELEASE\thymeleaf-spring5-3.0.12.RELEASE.jar;C:\Users\mails\.m2\repository\org\thymeleaf\thymeleaf\3.0.12.RELEASE\thymeleaf-3.0.12.RELEASE.jar;C:\Users\mails\.m2\repository\org\attoparser\attoparser\2.0.5.RELEASE\attoparser-2.0.5.RELEASE.jar;C:\Users\mails\.m2\repository\org\unbescape\unbescape\1.1.6.RELEASE\unbescape-1.1.6.RELEASE.jar;C:\Users\mails\.m2\repository\org\slf4j\slf4j-api\1.7.30\slf4j-api-1.7.30.jar;C:\Users\mails\.m2\repository\org\thymeleaf\extras\thymeleaf-extras-java8time\3.0.4.RELEASE\thymeleaf-extras-java8time-3.0.4.RELEASE.jar;C:\Users\mails\.m2\repository\org\springframework\boot\spring-boot-starter-data-jpa\2.4.5\spring-boot-starter-data-jpa-2.4.5.jar;C:\Users\mails\.m2\repository\org\springframework\boot\spring-boot-starter-aop\2.4.5\spring-boot-starter-aop-2.4.5.jar;C:\Users\mails\.m2\
Launcher Type: SUN_STANDARD

Environment Variables:
JAVA_HOME=C:\Program Files\Java\jdk1.8.0_211
PATH=C:\Program Files (x86)\Common Files\Oracle\Java\javapath;C:\Windows\system32;C:\Windows;C:\Windows\System32\Wbem;C:\Program Files\Java\jdk1.8.0_211\bin;C:\Windows\System32\WindowsPowerShell\v1.0\;C:\Windows\System32\OpenSSH\;C:\Program Files (x86)\NVIDIA Corporation\PhysX\Common;C:\Program Files\NVIDIA Corporation\NVIDIA NvDLISR;C:\Program Files\dotnet\;C:\Program Files\Microsoft SQL Server\130\Tools\Binn\;C:\Program Files\Microsoft SQL Server\Client SDK\ODBC\170\Tools\Binn\;C:\Program Files\jaxb-ri\bin;C:\WINDOWS\system32;C:\WINDOWS;C:\WINDOWS\System32\Wbem;C:\WINDOWS\System32\WindowsPowerShell\v1.0\;C:\WINDOWS\System32\OpenSSH\;C:\Program Files\Git\cmd;C:\Program Files\PuTTY\;C:\Program Files\nodejs\;C:\Windows\SysWOW64\x64;C:\Program Files\MySQL\MySQL Shell 8.0\bin\;C:\Users\mails\AppData\Local\Microsoft\WindowsApps;C:\Program Files\JetBrains\IntelliJ IDEA 2020.3.2\bin;;C:\apache-maven-3.2.5\bin;C:\Program Files\JetBrains\PyCharm 2020.3.3\bin;;C:\Program Files\Java\jdk1.8.0_211\bin;C:\Users\mails\AppData\Roaming\npm
USERNAME=mails
OS=Windows_NT
PROCESSOR_IDENTIFIER=Intel64 Family 6 Model 158 Stepping 10, GenuineIntel



---------------  S Y S T E M  ---------------

OS: Windows 10.0 , 64 bit Build 19041 (10.0.19041.1023)

CPU:total 12 (initial active 12) (6 cores per cpu, 2 threads per core) family 6 model 158 stepping 10, cmov, cx8, fxsr, mmx, sse, sse2, sse3, ssse3, sse4.1, sse4.2, popcnt, avx, avx2, aes, clmul, erms, 3dnowpref, lzcnt, ht, tsc, tscinvbit, bmi1, bmi2, adx

Memory: 4k page, physical 33275220k(18609764k free), swap 38255956k(14656060k free)

vm_info: Java HotSpot(TM) 64-Bit Server VM (25.211-b12) for windows-amd64 JRE (1.8.0_211-b12), built on Apr  1 2019 20:53:26 by "java_re" with MS VC++ 10.0 (VS2010)

time: Fri Jul 23 12:33:22 2021
timezone: W. Central Africa Standard Time
elapsed time: 77 seconds (0d 0h 1m 17s)

