#
# A fatal error has been detected by the Java Runtime Environment:
#
#  EXCEPTION_ACCESS_VIOLATION (0xc0000005) at pc=0x00007ffb54987fa8, pid=27580, tid=0x0000000000006e44
#
# JRE version: Java(TM) SE Runtime Environment (8.0_261-b12) (build 1.8.0_261-b12)
# Java VM: Java HotSpot(TM) 64-Bit Server VM (25.261-b12 mixed mode windows-amd64 compressed oops)
# Problematic frame:
# C  [sgfplib.dll+0x7fa8]
#
# Failed to write core dump. Minidumps are not enabled by default on client versions of Windows
#
# If you would like to submit a bug report, please visit:
#   http://bugreport.java.com/bugreport/crash.jsp
# The crash happened outside the Java Virtual Machine in native code.
# See problematic frame for where to report the bug.
#

---------------  T H R E A D  ---------------

Current thread (0x000002807ed01800):  JavaThread "pool-1-thread-1" [_thread_in_native, id=28228, stack(0x000000d349400000,0x000000d349500000)]

siginfo: ExceptionCode=0xc0000005, reading address 0x0000000000000008

Registers:
RAX=0x0000000000000400, RBX=0x0000000000000000, RCX=0x0000000000000200, RDX=0x0000000000000000
RSP=0x000000d3494fe910, RBP=0x000000d3494febf8, RSI=0x000002807eaad930, RDI=0x0000000000000190
R8 =0x0000000000000100, R9 =0x0000000000000000, R10=0x00007ffb549a6a88, R11=0x0000000000000000
R12=0x0000000000000000, R13=0x0000000000000100, R14=0x0000000000000100, R15=0x0000000000000300
RIP=0x00007ffb54987fa8, EFLAGS=0x0000000000010246

Top of Stack: (sp=0x000000d3494fe910)
0x000000d3494fe910:   000002807ed01800 0000000000000100
0x000000d3494fe920:   00000280095861d8 0000000000000000
0x000000d3494fe930:   000000d3494fea78 00007ffb54990993
0x000000d3494fe940:   0000000000000002 00000000000000bc
0x000000d3494fe950:   fffffffffffffffe 00000000000000bc
0x000000d3494fe960:   00000000000000ba 00007ffb5498fccb
0x000000d3494fe970:   00000000000000bc 000002800b613310
0x000000d3494fe980:   00000000000000ba 00000000000000ba
0x000000d3494fe990:   000002807ed01800 000000d3494fec60
0x000000d3494fe9a0:   00000280095861d8 0000000000000000
0x000000d3494fe9b0:   000002807eaad930 000000000000005a
0x000000d3494fe9c0:   000000d3494febf8 00007ffb54988b52
0x000000d3494fe9d0:   0000000000000000 0000000000000000
0x000000d3494fe9e0:   0000000000000000 00007ffb00000000
0x000000d3494fe9f0:   000002807ed51da0 000002800b610100
0x000000d3494fea00:   0000000000000000 000000d3494fea20 

Instructions: (pc=0x00007ffb54987fa8)
0x00007ffb54987f88:   8d 4c 24 48 e8 8f ca ff ff eb 10 66 45 3b f5 74
0x00007ffb54987f98:   0f b8 66 00 00 00 e9 c1 01 00 00 b9 00 02 00 00
0x00007ffb54987fa8:   0f b6 43 08 66 c1 e0 08 44 0f b7 e0 0f b6 43 09
0x00007ffb54987fb8:   44 0b e0 b8 00 04 00 00 0f b7 ac 24 e8 00 00 00 


Register to memory mapping:

RAX=0x0000000000000400 is an unknown value
RBX=0x0000000000000000 is an unknown value
RCX=0x0000000000000200 is an unknown value
RDX=0x0000000000000000 is an unknown value
RSP=0x000000d3494fe910 is pointing into the stack for thread: 0x000002807ed01800
RBP=0x000000d3494febf8 is pointing into the stack for thread: 0x000002807ed01800
RSI=0x000002807eaad930 is an unknown value
RDI=0x0000000000000190 is an unknown value
R8 =0x0000000000000100 is an unknown value
R9 =0x0000000000000000 is an unknown value
R10=0x00007ffb549a6a88 is an unknown value
R11=0x0000000000000000 is an unknown value
R12=0x0000000000000000 is an unknown value
R13=0x0000000000000100 is an unknown value
R14=0x0000000000000100 is an unknown value
R15=0x0000000000000300 is an unknown value


Stack: [0x000000d349400000,0x000000d349500000],  sp=0x000000d3494fe910,  free space=1018k
Native frames: (J=compiled Java code, j=interpreted, Vv=VM code, C=native code)
C  [sgfplib.dll+0x7fa8]
C  [sgfplib.dll+0x8b52]
C  [sgfplib.dll+0x8a07]
C  [jnisgfplib.dll+0x27a4]
C  0x000002806b044c47

Java frames: (J=compiled Java code, j=interpreted, Vv=VM code)
j  SecuGen.FDxSDKPro.jni.JSGFPLib.MatchIsoTemplate([BJ[BJJ[Z)J+0
j  com.nmrs.umb.biometriclinux.main.FingerPrintUtilImpl.getMatchedRecord(Ljava/util/List;[Z[B)I+118
j  com.nmrs.umb.biometriclinux.main.FingerPrintUtilImpl.lambda$verify$0(Ljava/util/List;[Z[BLjava/util/concurrent/ConcurrentHashMap;Ljava/util/concurrent/ExecutorService;)V+4
j  com.nmrs.umb.biometriclinux.main.FingerPrintUtilImpl$$Lambda$414.run()V+24
j  java.lang.Thread.run()V+11
j  java.util.concurrent.Executors$RunnableAdapter.call()Ljava/lang/Object;+4
j  java.util.concurrent.FutureTask.run$$$capture()V+42
j  java.util.concurrent.FutureTask.run()V+5
j  java.util.concurrent.ThreadPoolExecutor.runWorker(Ljava/util/concurrent/ThreadPoolExecutor$Worker;)V+95
j  java.util.concurrent.ThreadPoolExecutor$Worker.run()V+5
j  java.lang.Thread.run()V+11
v  ~StubRoutines::call_stub

---------------  P R O C E S S  ---------------

Java Threads: ( => current thread )
=>0x000002807ed01800 JavaThread "pool-1-thread-1" [_thread_in_native, id=28228, stack(0x000000d349400000,0x000000d349500000)]
  0x000002807ed08800 JavaThread "mysql-cj-abandoned-connection-cleanup" daemon [_thread_blocked, id=24612, stack(0x000000d349200000,0x000000d349300000)]
  0x000002800825f800 JavaThread "RMI TCP Connection(idle)" daemon [_thread_blocked, id=28596, stack(0x000000d348f00000,0x000000d349000000)]
  0x000002800825e000 JavaThread "DestroyJavaVM" [_thread_blocked, id=14644, stack(0x000000d346500000,0x000000d346600000)]
  0x0000028008263800 JavaThread "http-nio-2018-Acceptor-0" daemon [_thread_in_native, id=29072, stack(0x000000d348e00000,0x000000d348f00000)]
  0x000002800825f000 JavaThread "http-nio-2018-ClientPoller-1" daemon [_thread_in_native, id=3672, stack(0x000000d348d00000,0x000000d348e00000)]
  0x0000028008262000 JavaThread "http-nio-2018-ClientPoller-0" daemon [_thread_in_native, id=28504, stack(0x000000d348c00000,0x000000d348d00000)]
  0x0000028008260800 JavaThread "http-nio-2018-exec-10" daemon [_thread_blocked, id=32416, stack(0x000000d348b00000,0x000000d348c00000)]
  0x0000028008262800 JavaThread "http-nio-2018-exec-9" daemon [_thread_blocked, id=21808, stack(0x000000d348a00000,0x000000d348b00000)]
  0x0000028008261000 JavaThread "http-nio-2018-exec-8" daemon [_thread_blocked, id=33240, stack(0x000000d348900000,0x000000d348a00000)]
  0x000002800825d800 JavaThread "http-nio-2018-exec-7" daemon [_thread_blocked, id=14424, stack(0x000000d348800000,0x000000d348900000)]
  0x000002800825c800 JavaThread "http-nio-2018-exec-6" daemon [_thread_blocked, id=15712, stack(0x000000d348700000,0x000000d348800000)]
  0x000002800825a000 JavaThread "http-nio-2018-exec-5" daemon [_thread_blocked, id=24628, stack(0x000000d348600000,0x000000d348700000)]
  0x0000028008254800 JavaThread "http-nio-2018-exec-4" daemon [_thread_blocked, id=31436, stack(0x000000d348500000,0x000000d348600000)]
  0x00000280083b0000 JavaThread "http-nio-2018-exec-3" daemon [_thread_blocked, id=23568, stack(0x000000d348400000,0x000000d348500000)]
  0x00000280083ab800 JavaThread "http-nio-2018-exec-2" daemon [_thread_blocked, id=30088, stack(0x000000d348300000,0x000000d348400000)]
  0x00000280083a8800 JavaThread "http-nio-2018-exec-1" daemon [_thread_blocked, id=7076, stack(0x000000d348200000,0x000000d348300000)]
  0x00000280083a0000 JavaThread "NioBlockingSelector.BlockPoller-1" daemon [_thread_in_native, id=12596, stack(0x000000d348100000,0x000000d348200000)]
  0x0000028008a01000 JavaThread "container-0" [_thread_blocked, id=33132, stack(0x000000d348000000,0x000000d348100000)]
  0x0000028008a00800 JavaThread "Catalina-utility-1" [_thread_blocked, id=31820, stack(0x000000d347f00000,0x000000d348000000)]
  0x00000280087bd000 JavaThread "RMI Scheduler(0)" daemon [_thread_blocked, id=24632, stack(0x000000d347e00000,0x000000d347f00000)]
  0x000002800875b000 JavaThread "RMI TCP Connection(3)-192.168.0.152" daemon [_thread_in_native, id=33440, stack(0x000000d347d00000,0x000000d347e00000)]
  0x000002807eb54000 JavaThread "RMI TCP Accept-0" daemon [_thread_in_native, id=29040, stack(0x000000d347b00000,0x000000d347c00000)]
  0x000002807e57f800 JavaThread "Service Thread" daemon [_thread_blocked, id=20568, stack(0x000000d347a00000,0x000000d347b00000)]
  0x000002807e4cf000 JavaThread "C1 CompilerThread3" daemon [_thread_blocked, id=16920, stack(0x000000d347900000,0x000000d347a00000)]
  0x000002807e4ce000 JavaThread "C2 CompilerThread2" daemon [_thread_blocked, id=29964, stack(0x000000d347800000,0x000000d347900000)]
  0x000002807e4cb800 JavaThread "C2 CompilerThread1" daemon [_thread_blocked, id=22508, stack(0x000000d347700000,0x000000d347800000)]
  0x000002807e4c4800 JavaThread "C2 CompilerThread0" daemon [_thread_blocked, id=26996, stack(0x000000d347600000,0x000000d347700000)]
  0x000002807c448000 JavaThread "JDWP Command Reader" daemon [_thread_in_native, id=14688, stack(0x000000d347500000,0x000000d347600000)]
  0x000002807c442800 JavaThread "JDWP Event Helper Thread" daemon [_thread_blocked, id=32576, stack(0x000000d347400000,0x000000d347500000)]
  0x000002807c438800 JavaThread "JDWP Transport Listener: dt_socket" daemon [_thread_blocked, id=3496, stack(0x000000d347300000,0x000000d347400000)]
  0x000002807c42b000 JavaThread "Attach Listener" daemon [_thread_blocked, id=33284, stack(0x000000d347200000,0x000000d347300000)]
  0x000002807c42a800 JavaThread "Signal Dispatcher" daemon [_thread_blocked, id=32308, stack(0x000000d347100000,0x000000d347200000)]
  0x000002807c400000 JavaThread "Finalizer" daemon [_thread_blocked, id=29956, stack(0x000000d347000000,0x000000d347100000)]
  0x000002807c3f7800 JavaThread "Reference Handler" daemon [_thread_blocked, id=29656, stack(0x000000d346f00000,0x000000d347000000)]

Other Threads:
  0x000002807c3cf800 VMThread [stack: 0x000000d346e00000,0x000000d346f00000] [id=25636]
  0x000002807eb5e000 WatcherThread [stack: 0x000000d347c00000,0x000000d347d00000] [id=16944]

VM state:not at safepoint (normal execution)

VM Mutex/Monitor currently owned by a thread: None

heap address: 0x00000006c0000000, size: 4096 MB, Compressed Oops mode: Zero based, Oop shift amount: 3
Narrow klass base: 0x0000000000000000, Narrow klass shift: 3
Compressed class space size: 1073741824 Address: 0x00000007c0000000

Heap:
 PSYoungGen      total 305664K, used 181850K [0x000000076ab00000, 0x0000000785d80000, 0x00000007c0000000)
  eden space 262144K, 57% used [0x000000076ab00000,0x0000000773f43fc0,0x000000077ab00000)
  from space 43520K, 68% used [0x000000077ab00000,0x000000077c852b18,0x000000077d580000)
  to   space 43520K, 0% used [0x0000000783300000,0x0000000783300000,0x0000000785d80000)
 ParOldGen       total 699392K, used 24771K [0x00000006c0000000, 0x00000006eab00000, 0x000000076ab00000)
  object space 699392K, 3% used [0x00000006c0000000,0x00000006c1830ff8,0x00000006eab00000)
 Metaspace       used 35592K, capacity 37250K, committed 37504K, reserved 1081344K
  class space    used 4638K, capacity 4963K, committed 4992K, reserved 1048576K

Card table byte_map: [0x000002807a3e0000,0x000002807abf0000] byte_map_base: 0x0000028076de0000

Marking Bits: (ParMarkBitMap*) 0x000000006eaf4fb0
 Begin Bits: [0x0000028000000000, 0x0000028004000000)
 End Bits:   [0x0000028004000000, 0x0000028008000000)

Polling page: 0x0000028069840000

CodeCache: size=245760Kb used=7940Kb max_used=7940Kb free=237819Kb
 bounds [0x000002806b020000, 0x000002806b7f0000, 0x000002807a020000]
 total_blobs=4026 nmethods=3519 adapters=425
 compilation: enabled

Compilation events (10 events):
Event: 50.355 Thread 0x000002807e4cf000 3557       1       java.text.DateFormatSymbols::initializeData (368 bytes)
Event: 50.359 Thread 0x000002807e4cf000 nmethod 3557 0x000002806b7de9d0 code [0x000002806b7ded40, 0x000002806b7dff70]
Event: 50.369 Thread 0x000002807e4cf000 3558       1       java.text.DecimalFormat::setMaximumIntegerDigits (87 bytes)
Event: 50.369 Thread 0x000002807e4cf000 nmethod 3558 0x000002806b7e1050 code [0x000002806b7e11a0, 0x000002806b7e1358]
Event: 50.369 Thread 0x000002807e4cf000 3559       1       java.text.NumberFormat::setMaximumIntegerDigits (29 bytes)
Event: 50.370 Thread 0x000002807e4cf000 nmethod 3559 0x000002806b7e13d0 code [0x000002806b7e1520, 0x000002806b7e1658]
Event: 50.371 Thread 0x000002807e4cf000 3560   !   1       java.text.DecimalFormat::format (255 bytes)
Event: 50.372 Thread 0x000002807e4cf000 nmethod 3560 0x000002806b7e16d0 code [0x000002806b7e1860, 0x000002806b7e1f20]
Event: 50.372 Thread 0x000002807e4cf000 3561       1       java.text.DecimalFormat::getPositivePrefixFieldPositions (41 bytes)
Event: 50.372 Thread 0x000002807e4cf000 nmethod 3561 0x000002806b7e2250 code [0x000002806b7e23a0, 0x000002806b7e2570]

GC Heap History (10 events):
Event: 6.150 GC heap before
{Heap before GC invocations=1 (full 0):
 PSYoungGen      total 305664K, used 157367K [0x000000076ab00000, 0x0000000780000000, 0x00000007c0000000)
  eden space 262144K, 60% used [0x000000076ab00000,0x00000007744add70,0x000000077ab00000)
  from space 43520K, 0% used [0x000000077d580000,0x000000077d580000,0x0000000780000000)
  to   space 43520K, 0% used [0x000000077ab00000,0x000000077ab00000,0x000000077d580000)
 ParOldGen       total 699392K, used 0K [0x00000006c0000000, 0x00000006eab00000, 0x000000076ab00000)
  object space 699392K, 0% used [0x00000006c0000000,0x00000006c0000000,0x00000006eab00000)
 Metaspace       used 20740K, capacity 21222K, committed 21296K, reserved 1067008K
  class space    used 2723K, capacity 2894K, committed 2944K, reserved 1048576K
Event: 6.171 GC heap after
Heap after GC invocations=1 (full 0):
 PSYoungGen      total 305664K, used 14335K [0x000000076ab00000, 0x0000000780000000, 0x00000007c0000000)
  eden space 262144K, 0% used [0x000000076ab00000,0x000000076ab00000,0x000000077ab00000)
  from space 43520K, 32% used [0x000000077ab00000,0x000000077b8ffd78,0x000000077d580000)
  to   space 43520K, 0% used [0x000000077d580000,0x000000077d580000,0x0000000780000000)
 ParOldGen       total 699392K, used 16K [0x00000006c0000000, 0x00000006eab00000, 0x000000076ab00000)
  object space 699392K, 0% used [0x00000006c0000000,0x00000006c0004000,0x00000006eab00000)
 Metaspace       used 20740K, capacity 21222K, committed 21296K, reserved 1067008K
  class space    used 2723K, capacity 2894K, committed 2944K, reserved 1048576K
}
Event: 6.171 GC heap before
{Heap before GC invocations=2 (full 1):
 PSYoungGen      total 305664K, used 14335K [0x000000076ab00000, 0x0000000780000000, 0x00000007c0000000)
  eden space 262144K, 0% used [0x000000076ab00000,0x000000076ab00000,0x000000077ab00000)
  from space 43520K, 32% used [0x000000077ab00000,0x000000077b8ffd78,0x000000077d580000)
  to   space 43520K, 0% used [0x000000077d580000,0x000000077d580000,0x0000000780000000)
 ParOldGen       total 699392K, used 16K [0x00000006c0000000, 0x00000006eab00000, 0x000000076ab00000)
  object space 699392K, 0% used [0x00000006c0000000,0x00000006c0004000,0x00000006eab00000)
 Metaspace       used 20740K, capacity 21222K, committed 21296K, reserved 1067008K
  class space    used 2723K, capacity 2894K, committed 2944K, reserved 1048576K
Event: 6.240 GC heap after
Heap after GC invocations=2 (full 1):
 PSYoungGen      total 305664K, used 0K [0x000000076ab00000, 0x0000000780000000, 0x00000007c0000000)
  eden space 262144K, 0% used [0x000000076ab00000,0x000000076ab00000,0x000000077ab00000)
  from space 43520K, 0% used [0x000000077ab00000,0x000000077ab00000,0x000000077d580000)
  to   space 43520K, 0% used [0x000000077d580000,0x000000077d580000,0x0000000780000000)
 ParOldGen       total 699392K, used 13794K [0x00000006c0000000, 0x00000006eab00000, 0x000000076ab00000)
  object space 699392K, 1% used [0x00000006c0000000,0x00000006c0d78bd8,0x00000006eab00000)
 Metaspace       used 20738K, capacity 21216K, committed 21296K, reserved 1067008K
  class space    used 2723K, capacity 2893K, committed 2944K, reserved 1048576K
}
Event: 47.930 GC heap before
{Heap before GC invocations=3 (full 1):
 PSYoungGen      total 305664K, used 197280K [0x000000076ab00000, 0x0000000780000000, 0x00000007c0000000)
  eden space 262144K, 75% used [0x000000076ab00000,0x0000000776ba82d0,0x000000077ab00000)
  from space 43520K, 0% used [0x000000077ab00000,0x000000077ab00000,0x000000077d580000)
  to   space 43520K, 0% used [0x000000077d580000,0x000000077d580000,0x0000000780000000)
 ParOldGen       total 699392K, used 13794K [0x00000006c0000000, 0x00000006eab00000, 0x000000076ab00000)
  object space 699392K, 1% used [0x00000006c0000000,0x00000006c0d78bd8,0x00000006eab00000)
 Metaspace       used 33781K, capacity 35390K, committed 35496K, reserved 1079296K
  class space    used 4468K, capacity 4759K, committed 4864K, reserved 1048576K
Event: 47.973 GC heap after
Heap after GC invocations=3 (full 1):
 PSYoungGen      total 305664K, used 20503K [0x000000076ab00000, 0x0000000782a80000, 0x00000007c0000000)
  eden space 262144K, 0% used [0x000000076ab00000,0x000000076ab00000,0x000000077ab00000)
  from space 43520K, 47% used [0x000000077d580000,0x000000077e985d00,0x0000000780000000)
  to   space 43520K, 0% used [0x000000077ab00000,0x000000077ab00000,0x000000077d580000)
 ParOldGen       total 699392K, used 13866K [0x00000006c0000000, 0x00000006eab00000, 0x000000076ab00000)
  object space 699392K, 1% used [0x00000006c0000000,0x00000006c0d8abe8,0x00000006eab00000)
 Metaspace       used 33781K, capacity 35390K, committed 35496K, reserved 1079296K
  class space    used 4468K, capacity 4759K, committed 4864K, reserved 1048576K
}
Event: 47.973 GC heap before
{Heap before GC invocations=4 (full 2):
 PSYoungGen      total 305664K, used 20503K [0x000000076ab00000, 0x0000000782a80000, 0x00000007c0000000)
  eden space 262144K, 0% used [0x000000076ab00000,0x000000076ab00000,0x000000077ab00000)
  from space 43520K, 47% used [0x000000077d580000,0x000000077e985d00,0x0000000780000000)
  to   space 43520K, 0% used [0x000000077ab00000,0x000000077ab00000,0x000000077d580000)
 ParOldGen       total 699392K, used 13866K [0x00000006c0000000, 0x00000006eab00000, 0x000000076ab00000)
  object space 699392K, 1% used [0x00000006c0000000,0x00000006c0d8abe8,0x00000006eab00000)
 Metaspace       used 33781K, capacity 35390K, committed 35496K, reserved 1079296K
  class space    used 4468K, capacity 4759K, committed 4864K, reserved 1048576K
Event: 48.077 GC heap after
Heap after GC invocations=4 (full 2):
 PSYoungGen      total 305664K, used 0K [0x000000076ab00000, 0x0000000782a80000, 0x00000007c0000000)
  eden space 262144K, 0% used [0x000000076ab00000,0x000000076ab00000,0x000000077ab00000)
  from space 43520K, 0% used [0x000000077d580000,0x000000077d580000,0x0000000780000000)
  to   space 43520K, 0% used [0x000000077ab00000,0x000000077ab00000,0x000000077d580000)
 ParOldGen       total 699392K, used 24763K [0x00000006c0000000, 0x00000006eab00000, 0x000000076ab00000)
  object space 699392K, 3% used [0x00000006c0000000,0x00000006c182eff8,0x00000006eab00000)
 Metaspace       used 33781K, capacity 35390K, committed 35496K, reserved 1079296K
  class space    used 4468K, capacity 4759K, committed 4864K, reserved 1048576K
}
Event: 49.981 GC heap before
{Heap before GC invocations=5 (full 2):
 PSYoungGen      total 305664K, used 262144K [0x000000076ab00000, 0x0000000782a80000, 0x00000007c0000000)
  eden space 262144K, 100% used [0x000000076ab00000,0x000000077ab00000,0x000000077ab00000)
  from space 43520K, 0% used [0x000000077d580000,0x000000077d580000,0x0000000780000000)
  to   space 43520K, 0% used [0x000000077ab00000,0x000000077ab00000,0x000000077d580000)
 ParOldGen       total 699392K, used 24763K [0x00000006c0000000, 0x00000006eab00000, 0x000000076ab00000)
  object space 699392K, 3% used [0x00000006c0000000,0x00000006c182eff8,0x00000006eab00000)
 Metaspace       used 35548K, capacity 37250K, committed 37504K, reserved 1081344K
  class space    used 4638K, capacity 4963K, committed 4992K, reserved 1048576K
Event: 49.997 GC heap after
Heap after GC invocations=5 (full 2):
 PSYoungGen      total 305664K, used 30026K [0x000000076ab00000, 0x0000000785d80000, 0x00000007c0000000)
  eden space 262144K, 0% used [0x000000076ab00000,0x000000076ab00000,0x000000077ab00000)
  from space 43520K, 68% used [0x000000077ab00000,0x000000077c852b18,0x000000077d580000)
  to   space 43520K, 0% used [0x0000000783300000,0x0000000783300000,0x0000000785d80000)
 ParOldGen       total 699392K, used 24771K [0x00000006c0000000, 0x00000006eab00000, 0x000000076ab00000)
  object space 699392K, 3% used [0x00000006c0000000,0x00000006c1830ff8,0x00000006eab00000)
 Metaspace       used 35548K, capacity 37250K, committed 37504K, reserved 1081344K
  class space    used 4638K, capacity 4963K, committed 4992K, reserved 1048576K
}

Deoptimization events (0 events):
No events

Classes redefined (0 events):
No events

Internal exceptions (10 events):
Event: 9.342 Thread 0x00000280696fb000 Exception <a 'java/lang/ArrayIndexOutOfBoundsException'> (0x000000077413f698) thrown at [C:\jenkins\workspace\8-2-build-windows-amd64-cygwin\jdk8u261\295\hotspot\src\share\vm\runtime\sharedRuntime.cpp, line 605]
Event: 9.343 Thread 0x00000280696fb000 Exception <a 'java/lang/ArrayIndexOutOfBoundsException'> (0x0000000774142108) thrown at [C:\jenkins\workspace\8-2-build-windows-amd64-cygwin\jdk8u261\295\hotspot\src\share\vm\runtime\sharedRuntime.cpp, line 605]
Event: 9.343 Thread 0x00000280696fb000 Exception <a 'java/lang/ArrayIndexOutOfBoundsException'> (0x0000000774144fb0) thrown at [C:\jenkins\workspace\8-2-build-windows-amd64-cygwin\jdk8u261\295\hotspot\src\share\vm\runtime\sharedRuntime.cpp, line 605]
Event: 9.349 Thread 0x00000280696fb000 Exception <a 'java/lang/ArrayIndexOutOfBoundsException'> (0x000000077416f328) thrown at [C:\jenkins\workspace\8-2-build-windows-amd64-cygwin\jdk8u261\295\hotspot\src\share\vm\runtime\sharedRuntime.cpp, line 605]
Event: 9.492 Thread 0x00000280696fb000 Exception <a 'java/lang/ArrayIndexOutOfBoundsException'> (0x00000007746e8a80) thrown at [C:\jenkins\workspace\8-2-build-windows-amd64-cygwin\jdk8u261\295\hotspot\src\share\vm\runtime\sharedRuntime.cpp, line 605]
Event: 9.534 Thread 0x00000280696fb000 Exception <a 'java/lang/ArrayIndexOutOfBoundsException'> (0x00000007748be680) thrown at [C:\jenkins\workspace\8-2-build-windows-amd64-cygwin\jdk8u261\295\hotspot\src\share\vm\runtime\sharedRuntime.cpp, line 605]
Event: 9.617 Thread 0x00000280696fb000 Exception <a 'java/lang/ArrayIndexOutOfBoundsException'> (0x0000000774b13c80) thrown at [C:\jenkins\workspace\8-2-build-windows-amd64-cygwin\jdk8u261\295\hotspot\src\share\vm\runtime\sharedRuntime.cpp, line 605]
Event: 9.617 Thread 0x00000280696fb000 Exception <a 'java/lang/ArrayIndexOutOfBoundsException'> (0x0000000774b14c40) thrown at [C:\jenkins\workspace\8-2-build-windows-amd64-cygwin\jdk8u261\295\hotspot\src\share\vm\runtime\sharedRuntime.cpp, line 605]
Event: 9.617 Thread 0x00000280696fb000 Exception <a 'java/lang/ArrayIndexOutOfBoundsException'> (0x0000000774b17248) thrown at [C:\jenkins\workspace\8-2-build-windows-amd64-cygwin\jdk8u261\295\hotspot\src\share\vm\runtime\sharedRuntime.cpp, line 605]
Event: 46.562 Thread 0x00000280083a8800 Exception <a 'java/io/FileNotFoundException'> (0x000000077667e500) thrown at [C:\jenkins\workspace\8-2-build-windows-amd64-cygwin\jdk8u261\295\hotspot\src\share\vm\prims\jni.cpp, line 710]

Events (10 events):
Event: 49.979 loading class com/nmrs/umb/biometriclinux/main/FingerPrintUtilImpl done
Event: 49.980 Executing VM operation: BulkRevokeBias
Event: 49.980 Executing VM operation: BulkRevokeBias done
Event: 49.981 Thread 0x000002807ed01800 Thread added: 0x000002807ed01800
Event: 49.981 Executing VM operation: ParallelGCFailedAllocation
Event: 49.997 Executing VM operation: ParallelGCFailedAllocation done
Event: 49.997 Executing VM operation: RevokeBias
Event: 49.997 Executing VM operation: RevokeBias done
Event: 49.997 Executing VM operation: RevokeBias
Event: 49.998 Executing VM operation: RevokeBias done


Dynamic libraries:
0x00007ff659db0000 - 0x00007ff659df7000 	C:\Program Files\Java\jdk1.8.0_261\bin\java.exe
0x00007ffb82d00000 - 0x00007ffb82ef0000 	C:\WINDOWS\SYSTEM32\ntdll.dll
0x00007ffb81320000 - 0x00007ffb813d2000 	C:\WINDOWS\System32\KERNEL32.DLL
0x00007ffb7ffe0000 - 0x00007ffb80285000 	C:\WINDOWS\System32\KERNELBASE.dll
0x00007ffb819e0000 - 0x00007ffb81a83000 	C:\WINDOWS\System32\ADVAPI32.dll
0x00007ffb81dc0000 - 0x00007ffb81e5e000 	C:\WINDOWS\System32\msvcrt.dll
0x00007ffb82340000 - 0x00007ffb823d7000 	C:\WINDOWS\System32\sechost.dll
0x00007ffb81440000 - 0x00007ffb81560000 	C:\WINDOWS\System32\RPCRT4.dll
0x00007ffb81770000 - 0x00007ffb81904000 	C:\WINDOWS\System32\USER32.dll
0x00007ffb7fee0000 - 0x00007ffb7ff01000 	C:\WINDOWS\System32\win32u.dll
0x00007ffb812f0000 - 0x00007ffb81316000 	C:\WINDOWS\System32\GDI32.dll
0x00007ffb80aa0000 - 0x00007ffb80c36000 	C:\WINDOWS\System32\gdi32full.dll
0x00007ffb80d10000 - 0x00007ffb80dae000 	C:\WINDOWS\System32\msvcp_win.dll
0x00007ffb7fde0000 - 0x00007ffb7feda000 	C:\WINDOWS\System32\ucrtbase.dll
0x00007ffb63430000 - 0x00007ffb636b4000 	C:\WINDOWS\WinSxS\amd64_microsoft.windows.common-controls_6595b64144ccf1df_6.0.18362.1139_none_9e7bf2d3e4605ac6\COMCTL32.dll
0x00007ffb80db0000 - 0x00007ffb810e5000 	C:\WINDOWS\System32\combase.dll
0x00007ffb80c40000 - 0x00007ffb80cc0000 	C:\WINDOWS\System32\bcryptPrimitives.dll
0x00007ffb823f0000 - 0x00007ffb8241e000 	C:\WINDOWS\System32\IMM32.DLL
0x00007ffb4d840000 - 0x00007ffb4d855000 	C:\Program Files\Java\jdk1.8.0_261\jre\bin\vcruntime140.dll
0x00007ffb0ec30000 - 0x00007ffb0eccb000 	C:\Program Files\Java\jdk1.8.0_261\jre\bin\msvcp140.dll
0x000000006e300000 - 0x000000006eb6c000 	C:\Program Files\Java\jdk1.8.0_261\jre\bin\server\jvm.dll
0x00007ffb81b50000 - 0x00007ffb81b58000 	C:\WINDOWS\System32\PSAPI.DLL
0x00007ffb65770000 - 0x00007ffb65779000 	C:\WINDOWS\SYSTEM32\WSOCK32.dll
0x00007ffb81e60000 - 0x00007ffb81ecf000 	C:\WINDOWS\System32\WS2_32.dll
0x00007ffb70050000 - 0x00007ffb70074000 	C:\WINDOWS\SYSTEM32\WINMM.dll
0x00007ffb7ec70000 - 0x00007ffb7ec7a000 	C:\WINDOWS\SYSTEM32\VERSION.dll
0x00007ffb70010000 - 0x00007ffb7003d000 	C:\WINDOWS\SYSTEM32\WINMMBASE.dll
0x00007ffb80cc0000 - 0x00007ffb80d0a000 	C:\WINDOWS\System32\cfgmgr32.dll
0x00007ffb7fc50000 - 0x00007ffb7fc61000 	C:\WINDOWS\System32\kernel.appcore.dll
0x00007ffb524c0000 - 0x00007ffb524d0000 	C:\Program Files\Java\jdk1.8.0_261\jre\bin\verify.dll
0x00007ffb3a520000 - 0x00007ffb3a54b000 	C:\Program Files\Java\jdk1.8.0_261\jre\bin\java.dll
0x00007ffb5a3a0000 - 0x00007ffb5a3d6000 	C:\Program Files\Java\jdk1.8.0_261\jre\bin\jdwp.dll
0x00007ffb74730000 - 0x00007ffb74739000 	C:\Program Files\Java\jdk1.8.0_261\jre\bin\npt.dll
0x00007ffb5a310000 - 0x00007ffb5a342000 	C:\Program Files\Java\jdk1.8.0_261\jre\bin\instrument.dll
0x00007ffb48d30000 - 0x00007ffb48d48000 	C:\Program Files\Java\jdk1.8.0_261\jre\bin\zip.dll
0x00007ffb825d0000 - 0x00007ffb82cb7000 	C:\WINDOWS\System32\SHELL32.dll
0x00007ffb81a90000 - 0x00007ffb81b39000 	C:\WINDOWS\System32\shcore.dll
0x00007ffb80290000 - 0x00007ffb80a10000 	C:\WINDOWS\System32\windows.storage.dll
0x00007ffb7fbd0000 - 0x00007ffb7fbf3000 	C:\WINDOWS\System32\profapi.dll
0x00007ffb7fc00000 - 0x00007ffb7fc4a000 	C:\WINDOWS\System32\powrprof.dll
0x00007ffb7fbc0000 - 0x00007ffb7fbd0000 	C:\WINDOWS\System32\UMPDC.dll
0x00007ffb81290000 - 0x00007ffb812e2000 	C:\WINDOWS\System32\shlwapi.dll
0x00007ffb7ffc0000 - 0x00007ffb7ffd7000 	C:\WINDOWS\System32\cryptsp.dll
0x00007ffb71010000 - 0x00007ffb7101a000 	C:\Program Files\Java\jdk1.8.0_261\jre\bin\dt_socket.dll
0x00007ffb7f410000 - 0x00007ffb7f477000 	C:\WINDOWS\system32\mswsock.dll
0x00007ffb3b880000 - 0x00007ffb3b89c000 	C:\Program Files\Java\jdk1.8.0_261\jre\bin\net.dll
0x00007ffb7f160000 - 0x00007ffb7f22b000 	C:\WINDOWS\SYSTEM32\DNSAPI.dll
0x00007ffb823e0000 - 0x00007ffb823e8000 	C:\WINDOWS\System32\NSI.dll
0x00007ffb7f0c0000 - 0x00007ffb7f0fa000 	C:\WINDOWS\SYSTEM32\IPHLPAPI.DLL
0x00007ffb799f0000 - 0x00007ffb799fa000 	C:\Windows\System32\rasadhlp.dll
0x00007ffb74e40000 - 0x00007ffb74eb7000 	C:\WINDOWS\System32\fwpuclnt.dll
0x00007ffb80a10000 - 0x00007ffb80a36000 	C:\WINDOWS\System32\bcrypt.dll
0x00007ffb4ec80000 - 0x00007ffb4ec8d000 	C:\Program Files\Java\jdk1.8.0_261\jre\bin\management.dll
0x00007ffb33a50000 - 0x00007ffb33a63000 	C:\Program Files\Java\jdk1.8.0_261\jre\bin\nio.dll
0x00007ffb7ef20000 - 0x00007ffb7ef53000 	C:\WINDOWS\system32\rsaenh.dll
0x00007ffb7faa0000 - 0x00007ffb7fac5000 	C:\WINDOWS\SYSTEM32\USERENV.dll
0x00007ffb7f5e0000 - 0x00007ffb7f5ec000 	C:\WINDOWS\SYSTEM32\CRYPTBASE.dll
0x00007ffb76b80000 - 0x00007ffb76b96000 	C:\WINDOWS\SYSTEM32\dhcpcsvc6.DLL
0x00007ffb780f0000 - 0x00007ffb7810c000 	C:\WINDOWS\SYSTEM32\dhcpcsvc.DLL
0x00007ffb60340000 - 0x00007ffb60356000 	C:\WINDOWS\system32\napinsp.dll
0x00007ffb602e0000 - 0x00007ffb602fa000 	C:\WINDOWS\system32\pnrpnsp.dll
0x00007ffb62800000 - 0x00007ffb6280e000 	C:\WINDOWS\System32\winrnr.dll
0x00007ffb7c230000 - 0x00007ffb7c24c000 	C:\WINDOWS\system32\NLAapi.dll
0x00007ffb7b430000 - 0x00007ffb7b445000 	C:\WINDOWS\system32\wshbth.dll
0x0000000180000000 - 0x000000018000b000 	C:\Windows\SysWOW64\jnisgfplib.dll
0x000000006f610000 - 0x000000006f6b3000 	C:\WINDOWS\WinSxS\amd64_microsoft.vc90.crt_1fc8b3b9a1e18e3b_9.0.30729.9619_none_08e065a3a84109b0\MSVCR90.dll
0x00007ffb54980000 - 0x00007ffb549bc000 	C:\windows\SysWOW64\sgfplib.dll
0x00007ffb81ed0000 - 0x00007ffb82340000 	C:\WINDOWS\System32\SETUPAPI.dll
0x00007ffb5a2f0000 - 0x00007ffb5a308000 	C:\windows\SysWOW64\sgwsqlib.dll
0x00007ffb81c60000 - 0x00007ffb81db7000 	C:\WINDOWS\System32\ole32.dll
0x00007ffb81560000 - 0x00007ffb81625000 	C:\WINDOWS\System32\OLEAUT32.dll
0x00007ffb7bde0000 - 0x00007ffb7bed0000 	C:\WINDOWS\SYSTEM32\PROPSYS.dll
0x00007ffb66c90000 - 0x00007ffb66cc1000 	C:\WINDOWS\SYSTEM32\winbio.dll
0x00007ffb66eb0000 - 0x00007ffb66ebf000 	C:\WINDOWS\SYSTEM32\winbioext.dll
0x000002800a3b0000 - 0x000002800a40f000 	C:\WINDOWS\SYSTEM32\sgfdu04x64.dll
0x00007ffb62d80000 - 0x00007ffb62e09000 	C:\WINDOWS\SYSTEM32\WINSPOOL.DRV
0x0000000010000000 - 0x0000000010033000 	C:\WINDOWS\SYSTEM32\sgfpaMX.dll
0x00007ffb37720000 - 0x00007ffb378b4000 	C:\Program Files\Java\jdk1.8.0_261\jre\bin\awt.dll
0x00007ffb7d8f0000 - 0x00007ffb7d97f000 	C:\WINDOWS\SYSTEM32\apphelp.dll
0x00007ffb7e410000 - 0x00007ffb7e604000 	C:\WINDOWS\SYSTEM32\dbghelp.dll

VM Arguments:
jvm_args: -agentlib:jdwp=transport=dt_socket,address=127.0.0.1:54534,suspend=y,server=n -Xms1024m -Xmx4096m -XX:MaxPermSize=1024m -XX:TieredStopAtLevel=1 -Xverify:none -Dspring.output.ansi.enabled=always -Dcom.sun.management.jmxremote -Dspring.jmx.enabled=true -Dspring.liveBeansView.mbeanDomain -Dspring.application.admin.enabled=true -javaagent:C:\Users\MGIC\AppData\Local\JetBrains\IntelliJIdea2020.1\captureAgent\debugger-agent.jar -Dfile.encoding=UTF-8 
java_command: com.nmrs.umb.biometriclinux.main.BiometricLinuxApplication
java_class_path (initial): C:\Program Files\Java\jdk1.8.0_261\jre\lib\charsets.jar;C:\Program Files\Java\jdk1.8.0_261\jre\lib\deploy.jar;C:\Program Files\Java\jdk1.8.0_261\jre\lib\ext\access-bridge-64.jar;C:\Program Files\Java\jdk1.8.0_261\jre\lib\ext\cldrdata.jar;C:\Program Files\Java\jdk1.8.0_261\jre\lib\ext\dnsns.jar;C:\Program Files\Java\jdk1.8.0_261\jre\lib\ext\jaccess.jar;C:\Program Files\Java\jdk1.8.0_261\jre\lib\ext\jfxrt.jar;C:\Program Files\Java\jdk1.8.0_261\jre\lib\ext\localedata.jar;C:\Program Files\Java\jdk1.8.0_261\jre\lib\ext\nashorn.jar;C:\Program Files\Java\jdk1.8.0_261\jre\lib\ext\sunec.jar;C:\Program Files\Java\jdk1.8.0_261\jre\lib\ext\sunjce_provider.jar;C:\Program Files\Java\jdk1.8.0_261\jre\lib\ext\sunmscapi.jar;C:\Program Files\Java\jdk1.8.0_261\jre\lib\ext\sunpkcs11.jar;C:\Program Files\Java\jdk1.8.0_261\jre\lib\ext\zipfs.jar;C:\Program Files\Java\jdk1.8.0_261\jre\lib\javaws.jar;C:\Program Files\Java\jdk1.8.0_261\jre\lib\jce.jar;C:\Program Files\Java\jdk1.8.0_261\jre\lib\jfr.jar;C:\Program Files\Java\jdk1.8.0_261\jre\lib\jfxswt.jar;C:\Program Files\Java\jdk1.8.0_261\jre\lib\jsse.jar;C:\Program Files\Java\jdk1.8.0_261\jre\lib\management-agent.jar;C:\Program Files\Java\jdk1.8.0_261\jre\lib\plugin.jar;C:\Program Files\Java\jdk1.8.0_261\jre\lib\resources.jar;C:\Program Files\Java\jdk1.8.0_261\jre\lib\rt.jar;C:\MGIC\nmrs-biometric\target\classes;C:\Users\MGIC\.m2\repository\mysql\mysql-connector-java\8.0.15\mysql-connector-java-8.0.15.jar;C:\Users\MGIC\.m2\repository\org\springframework\boot\spring-boot-starter-web\2.1.2.RELEASE\spring-boot-starter-web-2.1.2.RELEASE.jar;C:\Users\MGIC\.m2\repository\org\springframework\boot\spring-boot-starter\2.1.2.RELEASE\spring-boot-starter-2.1.2.RELEASE.jar;C:\Users\MGIC\.m2\repository\org\springframework\boot\spring-boot\2.1.2.RELEASE\spring-boot-2.1.2.RELEASE.jar;C:\Users\MGIC\.m2\repository\org\springframework\boot\spring-boot-autoconfigure\2.1.2.RELEASE\spring-boot-autoconfigure-2.1.2.RELEASE.jar;C:\Users
Launcher Type: SUN_STANDARD

Environment Variables:
JAVA_HOME=C:\Program Files\Java\jdk1.8.0_271
PATH=C:\Program Files (x86)\Common Files\Oracle\Java\javapath;C:\WINDOWS\system32;C:\WINDOWS;C:\WINDOWS\System32\Wbem;C:\WINDOWS\System32\WindowsPowerShell\v1.0\;C:\WINDOWS\System32\OpenSSH\;C:\Program Files\Java\jdk1.8.0_271\bin;C:\Program Files\Git\cmd;C:\apache-maven-3.6.3\bin;C:\Program Files\MySQL\MySQL Server 5.7\bin;C:\Program Files\Git\bin;C:\Program Files\liquibase;C:\windows\SysWOW64;C:\Program Files\MySQL\MySQL Shell 8.0\bin\;C:\Users\MGIC\AppData\Local\Microsoft\WindowsApps;C:\Users\MGIC\AppData\Local\GitHubDesktop\bin;C:\Program Files\Java\jdk1.8.0_261\bin;C:\Users\MGIC\AppData\Local\Programs\Microsoft VS Code\bin;C:\apache-maven-3.6.3\bin;C:\Program Files\MySQL\MySQL Server 5.7\bin;C:\Program Files\Git\bin;C:\Program Files\liquibase;
USERNAME=MGIC
OS=Windows_NT
PROCESSOR_IDENTIFIER=Intel64 Family 6 Model 142 Stepping 12, GenuineIntel



---------------  S Y S T E M  ---------------

OS: Windows 10.0 , 64 bit Build 18362 (10.0.18362.1110)

CPU:total 8 (initial active 8) (4 cores per cpu, 2 threads per core) family 6 model 142 stepping 12, cmov, cx8, fxsr, mmx, sse, sse2, sse3, ssse3, sse4.1, sse4.2, popcnt, avx, avx2, aes, clmul, erms, 3dnowpref, lzcnt, ht, tsc, tscinvbit, bmi1, bmi2, adx

Memory: 4k page, physical 33356064k(15361460k free), swap 38336800k(9010884k free)

vm_info: Java HotSpot(TM) 64-Bit Server VM (25.261-b12) for windows-amd64 JRE (1.8.0_261-b12), built on Jun 18 2020 06:56:32 by "" with unknown MS VC++:1916

time: Wed Nov  4 20:26:09 2020
timezone: W. Central Africa Standard Time
elapsed time: 51 seconds (0d 0h 0m 51s)

