#
# A fatal error has been detected by the Java Runtime Environment:
#
#  EXCEPTION_ACCESS_VIOLATION (0xc0000005) at pc=0x00000245c6206d6d, pid=33688, tid=0x0000000000002914
#
# JRE version: Java(TM) SE Runtime Environment (8.0_261-b12) (build 1.8.0_261-b12)
# Java VM: Java HotSpot(TM) 64-Bit Server VM (25.261-b12 mixed mode windows-amd64 compressed oops)
# Problematic frame:
# C  [sgfdu04x64.dll+0x26d6d]
#
# Failed to write core dump. Minidumps are not enabled by default on client versions of Windows
#
# If you would like to submit a bug report, please visit:
#   http://bugreport.java.com/bugreport/crash.jsp
# The crash happened outside the Java Virtual Machine in native code.
# See problematic frame for where to report the bug.
#

---------------  T H R E A D  ---------------

Current thread (0x00000245c436c000):  JavaThread "pool-1-thread-1" [_thread_in_native, id=10516, stack(0x0000008194100000,0x0000008194200000)]

siginfo: ExceptionCode=0xc0000005, writing address 0x00000245c58e8000

Registers:
RAX=0xf9f8f8f8f8f8f9f6, RBX=0x00000245c58d9c00, RCX=0x00000245c58e8020, RDX=0x000000000021c060
RSP=0x00000081941fefc8, RBP=0x00000245c58e6fe0, RSI=0x0000000000000000, RDI=0x00000245c5b03040
R8 =0x00000000000152a0, R9 =0x0000000000000a14, R10=0xfaf8f7f9f8f8f9f9, R11=0x00000245c58e6fe0
R12=0x0000000000000000, R13=0x00000245c52db960, R14=0x00000081941ff190, R15=0x00000245c436c000
RIP=0x00000245c6206d6d, EFLAGS=0x0000000000010202

Top of Stack: (sp=0x00000081941fefc8)
0x00000081941fefc8:   00000245c61e3a0e 00000245c58d9c00
0x00000081941fefd8:   00000245c5b03040 00000081941ff008
0x00000081941fefe8:   00000081941ff000 00000245c58e6fe0
0x00000081941feff8:   00000245c61e683f 0000000000000000
0x00000081941ff008:   00000245c58d9c00 00000081941ff168
0x00000081941ff018:   00000245c436c000 0000000000000000
0x00000081941ff028:   00000245c61e620a 0000000000000001
0x00000081941ff038:   00000245c58e6fe0 00000245c58d9c00
0x00000081941ff048:   0000000000000000 0000000000000021
0x00000081941ff058:   00007ffb54837478 00000245c285b9a0
0x00000081941ff068:   00000000f801d790 00000000f801d790
0x00000081941ff078:   0000000000000190 00000245c52db960
0x00000081941ff088:   0000000180003de8 00000245c52db960
0x00000081941ff098:   00000000f801d790 0000000000000021
0x00000081941ff0a8:   00000000f801d790 00000245c52db960
0x00000081941ff0b8:   00000245a6f04921 00000245c58e6fe0 

Instructions: (pc=0x00000245c6206d6d)
0x00000245c6206d4d:   00 00 00 66 66 66 90 66 66 90 49 81 f9 00 20 00
0x00000245c6206d5d:   00 73 42 48 8b 04 0a 4c 8b 54 0a 08 48 83 c1 20
0x00000245c6206d6d:   48 89 41 e0 4c 89 51 e8 48 8b 44 0a f0 4c 8b 54
0x00000245c6206d7d:   0a f8 49 ff c9 48 89 41 f0 4c 89 51 f8 75 d4 49 


Register to memory mapping:

RAX=0xf9f8f8f8f8f8f9f6 is an unknown value
RBX=0x00000245c58d9c00 is an unknown value
RCX=0x00000245c58e8020 is an unknown value
RDX=0x000000000021c060 is an unknown value
RSP=0x00000081941fefc8 is pointing into the stack for thread: 0x00000245c436c000
RBP=0x00000245c58e6fe0 is an unknown value
RSI=0x0000000000000000 is an unknown value
RDI=0x00000245c5b03040 is an unknown value
R8 =0x00000000000152a0 is an unknown value
R9 =0x0000000000000a14 is an unknown value
R10=0xfaf8f7f9f8f8f9f9 is an unknown value
R11=0x00000245c58e6fe0 is an unknown value
R12=0x0000000000000000 is an unknown value
R13={method} {0x00000245c52db968} 'GetImage' '([B)J' in 'SecuGen/FDxSDKPro/jni/JSGFPLib'
R14=0x00000081941ff190 is pointing into the stack for thread: 0x00000245c436c000
R15=0x00000245c436c000 is a thread


Stack: [0x0000008194100000,0x0000008194200000],  sp=0x00000081941fefc8,  free space=1019k
Native frames: (J=compiled Java code, j=interpreted, Vv=VM code, C=native code)
C  [sgfdu04x64.dll+0x26d6d]

Java frames: (J=compiled Java code, j=interpreted, Vv=VM code)
j  SecuGen.FDxSDKPro.jni.JSGFPLib.GetImage([B)J+0
j  com.nmrs.umb.biometriclinux.main.FingerPrintUtilImpl.getMatchedRecord(Ljava/util/List;[Z[B)I+111
j  com.nmrs.umb.biometriclinux.main.FingerPrintUtilImpl.lambda$verify$0(Ljava/util/List;[Z[BLjava/util/concurrent/ConcurrentHashMap;Ljava/util/concurrent/ExecutorService;)V+4
j  com.nmrs.umb.biometriclinux.main.FingerPrintUtilImpl$$Lambda$414.run()V+24
j  java.lang.Thread.run()V+11
j  java.util.concurrent.Executors$RunnableAdapter.call()Ljava/lang/Object;+4
j  java.util.concurrent.FutureTask.run$$$capture()V+42
j  java.util.concurrent.FutureTask.run()V+5
j  java.util.concurrent.ThreadPoolExecutor.runWorker(Ljava/util/concurrent/ThreadPoolExecutor$Worker;)V+95
j  java.util.concurrent.ThreadPoolExecutor$Worker.run()V+5
j  java.lang.Thread.run()V+11
v  ~StubRoutines::call_stub

---------------  P R O C E S S  ---------------

Java Threads: ( => current thread )
=>0x00000245c436c000 JavaThread "pool-1-thread-1" [_thread_in_native, id=10516, stack(0x0000008194100000,0x0000008194200000)]
  0x00000245c436f800 JavaThread "mysql-cj-abandoned-connection-cleanup" daemon [_thread_blocked, id=10452, stack(0x0000008194000000,0x0000008194100000)]
  0x00000245c436e800 JavaThread "RMI TCP Connection(idle)" daemon [_thread_blocked, id=22660, stack(0x0000008193c00000,0x0000008193d00000)]
  0x00000245c4356000 JavaThread "DestroyJavaVM" [_thread_blocked, id=15368, stack(0x0000008191200000,0x0000008191300000)]
  0x00000245c4357000 JavaThread "http-nio-2018-Acceptor-0" daemon [_thread_in_native, id=31760, stack(0x0000008193b00000,0x0000008193c00000)]
  0x00000245c4351800 JavaThread "http-nio-2018-ClientPoller-1" daemon [_thread_in_native, id=8536, stack(0x0000008193a00000,0x0000008193b00000)]
  0x00000245c4355800 JavaThread "http-nio-2018-ClientPoller-0" daemon [_thread_in_native, id=19828, stack(0x0000008193900000,0x0000008193a00000)]
  0x00000245c4354800 JavaThread "http-nio-2018-exec-10" daemon [_thread_blocked, id=22492, stack(0x0000008193800000,0x0000008193900000)]
  0x00000245c4353000 JavaThread "http-nio-2018-exec-9" daemon [_thread_blocked, id=32504, stack(0x0000008193700000,0x0000008193800000)]
  0x00000245c4357800 JavaThread "http-nio-2018-exec-8" daemon [_thread_blocked, id=13652, stack(0x0000008193600000,0x0000008193700000)]
  0x00000245c4352800 JavaThread "http-nio-2018-exec-7" daemon [_thread_blocked, id=31960, stack(0x0000008193500000,0x0000008193600000)]
  0x00000245c4351000 JavaThread "http-nio-2018-exec-6" daemon [_thread_blocked, id=33336, stack(0x0000008193400000,0x0000008193500000)]
  0x00000245c4354000 JavaThread "http-nio-2018-exec-5" daemon [_thread_blocked, id=22044, stack(0x0000008193300000,0x0000008193400000)]
  0x00000245c3c45800 JavaThread "http-nio-2018-exec-4" daemon [_thread_blocked, id=28664, stack(0x0000008193200000,0x0000008193300000)]
  0x00000245c3c45000 JavaThread "http-nio-2018-exec-3" daemon [_thread_blocked, id=15908, stack(0x0000008193100000,0x0000008193200000)]
  0x00000245c4350000 JavaThread "http-nio-2018-exec-2" daemon [_thread_blocked, id=22840, stack(0x0000008193000000,0x0000008193100000)]
  0x00000245c434f800 JavaThread "http-nio-2018-exec-1" daemon [_thread_blocked, id=32940, stack(0x0000008192f00000,0x0000008193000000)]
  0x00000245c25c7800 JavaThread "NioBlockingSelector.BlockPoller-1" daemon [_thread_in_native, id=5928, stack(0x0000008192e00000,0x0000008192f00000)]
  0x00000245c3e3c000 JavaThread "container-0" [_thread_blocked, id=31200, stack(0x0000008192d00000,0x0000008192e00000)]
  0x00000245c3e3a000 JavaThread "Catalina-utility-1" [_thread_blocked, id=9024, stack(0x0000008192c00000,0x0000008192d00000)]
  0x00000245c40ef000 JavaThread "RMI Scheduler(0)" daemon [_thread_blocked, id=31056, stack(0x0000008192b00000,0x0000008192c00000)]
  0x00000245c40a0000 JavaThread "RMI TCP Connection(idle)" daemon [_thread_blocked, id=30412, stack(0x0000008192a00000,0x0000008192b00000)]
  0x00000245c2680800 JavaThread "RMI TCP Accept-0" daemon [_thread_in_native, id=20560, stack(0x0000008192800000,0x0000008192900000)]
  0x00000245c2399800 JavaThread "Service Thread" daemon [_thread_blocked, id=29512, stack(0x0000008192700000,0x0000008192800000)]
  0x00000245c2358000 JavaThread "C1 CompilerThread3" daemon [_thread_blocked, id=12752, stack(0x0000008192600000,0x0000008192700000)]
  0x00000245c2357800 JavaThread "C2 CompilerThread2" daemon [_thread_blocked, id=29524, stack(0x0000008192500000,0x0000008192600000)]
  0x00000245c2356800 JavaThread "C2 CompilerThread1" daemon [_thread_blocked, id=19984, stack(0x0000008192400000,0x0000008192500000)]
  0x00000245c234b800 JavaThread "C2 CompilerThread0" daemon [_thread_blocked, id=31168, stack(0x0000008192300000,0x0000008192400000)]
  0x00000245c02be800 JavaThread "JDWP Command Reader" daemon [_thread_in_native, id=30488, stack(0x0000008192200000,0x0000008192300000)]
  0x00000245c02bd800 JavaThread "JDWP Event Helper Thread" daemon [_thread_blocked, id=7404, stack(0x0000008192100000,0x0000008192200000)]
  0x00000245c02bc000 JavaThread "JDWP Transport Listener: dt_socket" daemon [_thread_blocked, id=30864, stack(0x0000008192000000,0x0000008192100000)]
  0x00000245c0299800 JavaThread "Attach Listener" daemon [_thread_blocked, id=13280, stack(0x0000008191f00000,0x0000008192000000)]
  0x00000245c0299000 JavaThread "Signal Dispatcher" daemon [_thread_blocked, id=28152, stack(0x0000008191e00000,0x0000008191f00000)]
  0x00000245c0271000 JavaThread "Finalizer" daemon [_thread_blocked, id=29996, stack(0x0000008191d00000,0x0000008191e00000)]
  0x00000245c0269800 JavaThread "Reference Handler" daemon [_thread_blocked, id=15756, stack(0x0000008191c00000,0x0000008191d00000)]

Other Threads:
  0x00000245c0242000 VMThread [stack: 0x0000008191b00000,0x0000008191c00000] [id=9260]
  0x00000245c2690000 WatcherThread [stack: 0x0000008192900000,0x0000008192a00000] [id=26892]

VM state:not at safepoint (normal execution)

VM Mutex/Monitor currently owned by a thread: None

heap address: 0x00000006c0000000, size: 4096 MB, Compressed Oops mode: Zero based, Oop shift amount: 3
Narrow klass base: 0x0000000000000000, Narrow klass shift: 3
Compressed class space size: 1073741824 Address: 0x00000007c0000000

Heap:
 PSYoungGen      total 305664K, used 252829K [0x000000076ab00000, 0x0000000783700000, 0x00000007c0000000)
  eden space 262144K, 96% used [0x000000076ab00000,0x000000077a1e74a0,0x000000077ab00000)
  from space 43520K, 0% used [0x000000077d580000,0x000000077d580000,0x0000000780000000)
  to   space 43520K, 0% used [0x000000077ab00000,0x000000077ab00000,0x000000077d580000)
 ParOldGen       total 760832K, used 24950K [0x00000006c0000000, 0x00000006ee700000, 0x000000076ab00000)
  object space 760832K, 3% used [0x00000006c0000000,0x00000006c185d940,0x00000006ee700000)
 Metaspace       used 35537K, capacity 37186K, committed 37504K, reserved 1081344K
  class space    used 4641K, capacity 4963K, committed 4992K, reserved 1048576K

Card table byte_map: [0x00000245b62a0000,0x00000245b6ab0000] byte_map_base: 0x00000245b2ca0000

Marking Bits: (ParMarkBitMap*) 0x000000006eaf4fb0
 Begin Bits: [0x00000245b7010000, 0x00000245bb010000)
 End Bits:   [0x00000245bb010000, 0x00000245bf010000)

Polling page: 0x00000245a5630000

CodeCache: size=245760Kb used=7501Kb max_used=7530Kb free=238258Kb
 bounds [0x00000245a6ee0000, 0x00000245a7640000, 0x00000245b5ee0000]
 total_blobs=3865 nmethods=3360 adapters=425
 compilation: enabled

Compilation events (10 events):
Event: 55.796 Thread 0x00000245c2358000 3408       1       java.lang.Thread::isInterrupted (6 bytes)
Event: 55.796 Thread 0x00000245c2358000 nmethod 3408 0x00000245a725f2d0 code [0x00000245a725f420, 0x00000245a725f570]
Event: 55.797 Thread 0x00000245c2358000 3409       1       java.util.concurrent.ScheduledThreadPoolExecutor$DelayedWorkQueue::setIndex (16 bytes)
Event: 55.797 Thread 0x00000245c2358000 nmethod 3409 0x00000245a7318050 code [0x00000245a73181a0, 0x00000245a7318338]
Event: 55.798 Thread 0x00000245c2358000 3410       1       java.util.concurrent.ThreadPoolExecutor::runStateOf (5 bytes)
Event: 55.798 Thread 0x00000245c2358000 nmethod 3410 0x00000245a712c8d0 code [0x00000245a712ca20, 0x00000245a712cb18]
Event: 55.798 Thread 0x00000245c2358000 3411       1       java.lang.Thread::getThreadGroup (5 bytes)
Event: 55.798 Thread 0x00000245c2358000 nmethod 3411 0x00000245a712c5d0 code [0x00000245a712c720, 0x00000245a712c838]
Event: 55.799 Thread 0x00000245c2358000 3412       1       java.security.AccessControlContext::combine (205 bytes)
Event: 55.800 Thread 0x00000245c2358000 nmethod 3412 0x00000245a72075d0 code [0x00000245a7207760, 0x00000245a7207d20]

GC Heap History (8 events):
Event: 4.908 GC heap before
{Heap before GC invocations=1 (full 0):
 PSYoungGen      total 305664K, used 157352K [0x000000076ab00000, 0x0000000780000000, 0x00000007c0000000)
  eden space 262144K, 60% used [0x000000076ab00000,0x00000007744aa288,0x000000077ab00000)
  from space 43520K, 0% used [0x000000077d580000,0x000000077d580000,0x0000000780000000)
  to   space 43520K, 0% used [0x000000077ab00000,0x000000077ab00000,0x000000077d580000)
 ParOldGen       total 699392K, used 0K [0x00000006c0000000, 0x00000006eab00000, 0x000000076ab00000)
  object space 699392K, 0% used [0x00000006c0000000,0x00000006c0000000,0x00000006eab00000)
 Metaspace       used 20682K, capacity 21222K, committed 21296K, reserved 1067008K
  class space    used 2717K, capacity 2894K, committed 2944K, reserved 1048576K
Event: 4.942 GC heap after
Heap after GC invocations=1 (full 0):
 PSYoungGen      total 305664K, used 14399K [0x000000076ab00000, 0x0000000780000000, 0x00000007c0000000)
  eden space 262144K, 0% used [0x000000076ab00000,0x000000076ab00000,0x000000077ab00000)
  from space 43520K, 33% used [0x000000077ab00000,0x000000077b90ffd8,0x000000077d580000)
  to   space 43520K, 0% used [0x000000077d580000,0x000000077d580000,0x0000000780000000)
 ParOldGen       total 699392K, used 16K [0x00000006c0000000, 0x00000006eab00000, 0x000000076ab00000)
  object space 699392K, 0% used [0x00000006c0000000,0x00000006c0004000,0x00000006eab00000)
 Metaspace       used 20682K, capacity 21222K, committed 21296K, reserved 1067008K
  class space    used 2717K, capacity 2894K, committed 2944K, reserved 1048576K
}
Event: 4.942 GC heap before
{Heap before GC invocations=2 (full 1):
 PSYoungGen      total 305664K, used 14399K [0x000000076ab00000, 0x0000000780000000, 0x00000007c0000000)
  eden space 262144K, 0% used [0x000000076ab00000,0x000000076ab00000,0x000000077ab00000)
  from space 43520K, 33% used [0x000000077ab00000,0x000000077b90ffd8,0x000000077d580000)
  to   space 43520K, 0% used [0x000000077d580000,0x000000077d580000,0x0000000780000000)
 ParOldGen       total 699392K, used 16K [0x00000006c0000000, 0x00000006eab00000, 0x000000076ab00000)
  object space 699392K, 0% used [0x00000006c0000000,0x00000006c0004000,0x00000006eab00000)
 Metaspace       used 20682K, capacity 21222K, committed 21296K, reserved 1067008K
  class space    used 2717K, capacity 2894K, committed 2944K, reserved 1048576K
Event: 5.010 GC heap after
Heap after GC invocations=2 (full 1):
 PSYoungGen      total 305664K, used 0K [0x000000076ab00000, 0x0000000780000000, 0x00000007c0000000)
  eden space 262144K, 0% used [0x000000076ab00000,0x000000076ab00000,0x000000077ab00000)
  from space 43520K, 0% used [0x000000077ab00000,0x000000077ab00000,0x000000077d580000)
  to   space 43520K, 0% used [0x000000077d580000,0x000000077d580000,0x0000000780000000)
 ParOldGen       total 699392K, used 13818K [0x00000006c0000000, 0x00000006eab00000, 0x000000076ab00000)
  object space 699392K, 1% used [0x00000006c0000000,0x00000006c0d7e8a8,0x00000006eab00000)
 Metaspace       used 20680K, capacity 21216K, committed 21296K, reserved 1067008K
  class space    used 2716K, capacity 2893K, committed 2944K, reserved 1048576K
}
Event: 35.114 GC heap before
{Heap before GC invocations=3 (full 1):
 PSYoungGen      total 305664K, used 197675K [0x000000076ab00000, 0x0000000780000000, 0x00000007c0000000)
  eden space 262144K, 75% used [0x000000076ab00000,0x0000000776c0aeb0,0x000000077ab00000)
  from space 43520K, 0% used [0x000000077ab00000,0x000000077ab00000,0x000000077d580000)
  to   space 43520K, 0% used [0x000000077d580000,0x000000077d580000,0x0000000780000000)
 ParOldGen       total 699392K, used 13818K [0x00000006c0000000, 0x00000006eab00000, 0x000000076ab00000)
  object space 699392K, 1% used [0x00000006c0000000,0x00000006c0d7e8a8,0x00000006eab00000)
 Metaspace       used 33766K, capacity 35362K, committed 35496K, reserved 1079296K
  class space    used 4472K, capacity 4791K, committed 4864K, reserved 1048576K
Event: 35.134 GC heap after
Heap after GC invocations=3 (full 1):
 PSYoungGen      total 305664K, used 20590K [0x000000076ab00000, 0x0000000783700000, 0x00000007c0000000)
  eden space 262144K, 0% used [0x000000076ab00000,0x000000076ab00000,0x000000077ab00000)
  from space 43520K, 47% used [0x000000077d580000,0x000000077e99bbf8,0x0000000780000000)
  to   space 43520K, 0% used [0x000000077ab00000,0x000000077ab00000,0x000000077d580000)
 ParOldGen       total 699392K, used 13890K [0x00000006c0000000, 0x00000006eab00000, 0x000000076ab00000)
  object space 699392K, 1% used [0x00000006c0000000,0x00000006c0d908b8,0x00000006eab00000)
 Metaspace       used 33766K, capacity 35362K, committed 35496K, reserved 1079296K
  class space    used 4472K, capacity 4791K, committed 4864K, reserved 1048576K
}
Event: 35.134 GC heap before
{Heap before GC invocations=4 (full 2):
 PSYoungGen      total 305664K, used 20590K [0x000000076ab00000, 0x0000000783700000, 0x00000007c0000000)
  eden space 262144K, 0% used [0x000000076ab00000,0x000000076ab00000,0x000000077ab00000)
  from space 43520K, 47% used [0x000000077d580000,0x000000077e99bbf8,0x0000000780000000)
  to   space 43520K, 0% used [0x000000077ab00000,0x000000077ab00000,0x000000077d580000)
 ParOldGen       total 699392K, used 13890K [0x00000006c0000000, 0x00000006eab00000, 0x000000076ab00000)
  object space 699392K, 1% used [0x00000006c0000000,0x00000006c0d908b8,0x00000006eab00000)
 Metaspace       used 33766K, capacity 35362K, committed 35496K, reserved 1079296K
  class space    used 4472K, capacity 4791K, committed 4864K, reserved 1048576K
Event: 35.206 GC heap after
Heap after GC invocations=4 (full 2):
 PSYoungGen      total 305664K, used 0K [0x000000076ab00000, 0x0000000783700000, 0x00000007c0000000)
  eden space 262144K, 0% used [0x000000076ab00000,0x000000076ab00000,0x000000077ab00000)
  from space 43520K, 0% used [0x000000077d580000,0x000000077d580000,0x0000000780000000)
  to   space 43520K, 0% used [0x000000077ab00000,0x000000077ab00000,0x000000077d580000)
 ParOldGen       total 760832K, used 24950K [0x00000006c0000000, 0x00000006ee700000, 0x000000076ab00000)
  object space 760832K, 3% used [0x00000006c0000000,0x00000006c185d940,0x00000006ee700000)
 Metaspace       used 33766K, capacity 35362K, committed 35496K, reserved 1079296K
  class space    used 4472K, capacity 4791K, committed 4864K, reserved 1048576K
}

Deoptimization events (0 events):
No events

Classes redefined (0 events):
No events

Internal exceptions (10 events):
Event: 9.104 Thread 0x00000245a54d8800 Exception <a 'java/lang/ArrayIndexOutOfBoundsException'> (0x00000007742571d0) thrown at [C:\jenkins\workspace\8-2-build-windows-amd64-cygwin\jdk8u261\295\hotspot\src\share\vm\runtime\sharedRuntime.cpp, line 605]
Event: 9.104 Thread 0x00000245a54d8800 Exception <a 'java/lang/ArrayIndexOutOfBoundsException'> (0x0000000774259de0) thrown at [C:\jenkins\workspace\8-2-build-windows-amd64-cygwin\jdk8u261\295\hotspot\src\share\vm\runtime\sharedRuntime.cpp, line 605]
Event: 9.109 Thread 0x00000245a54d8800 Exception <a 'java/lang/ArrayIndexOutOfBoundsException'> (0x0000000774282190) thrown at [C:\jenkins\workspace\8-2-build-windows-amd64-cygwin\jdk8u261\295\hotspot\src\share\vm\runtime\sharedRuntime.cpp, line 605]
Event: 9.167 Thread 0x00000245c40a0000 Exception <a 'java/lang/reflect/InvocationTargetException'> (0x000000076e5fa9e0) thrown at [C:\jenkins\workspace\8-2-build-windows-amd64-cygwin\jdk8u261\295\hotspot\src\share\vm\runtime\reflection.cpp, line 1092]
Event: 9.203 Thread 0x00000245a54d8800 Exception <a 'java/lang/ArrayIndexOutOfBoundsException'> (0x00000007747fc918) thrown at [C:\jenkins\workspace\8-2-build-windows-amd64-cygwin\jdk8u261\295\hotspot\src\share\vm\runtime\sharedRuntime.cpp, line 605]
Event: 9.230 Thread 0x00000245a54d8800 Exception <a 'java/lang/ArrayIndexOutOfBoundsException'> (0x0000000774b19968) thrown at [C:\jenkins\workspace\8-2-build-windows-amd64-cygwin\jdk8u261\295\hotspot\src\share\vm\runtime\sharedRuntime.cpp, line 605]
Event: 9.269 Thread 0x00000245a54d8800 Exception <a 'java/lang/ArrayIndexOutOfBoundsException'> (0x0000000774d72760) thrown at [C:\jenkins\workspace\8-2-build-windows-amd64-cygwin\jdk8u261\295\hotspot\src\share\vm\runtime\sharedRuntime.cpp, line 605]
Event: 9.269 Thread 0x00000245a54d8800 Exception <a 'java/lang/ArrayIndexOutOfBoundsException'> (0x0000000774d73720) thrown at [C:\jenkins\workspace\8-2-build-windows-amd64-cygwin\jdk8u261\295\hotspot\src\share\vm\runtime\sharedRuntime.cpp, line 605]
Event: 9.269 Thread 0x00000245a54d8800 Exception <a 'java/lang/ArrayIndexOutOfBoundsException'> (0x0000000774d75740) thrown at [C:\jenkins\workspace\8-2-build-windows-amd64-cygwin\jdk8u261\295\hotspot\src\share\vm\runtime\sharedRuntime.cpp, line 605]
Event: 33.807 Thread 0x00000245c434f800 Exception <a 'java/io/FileNotFoundException'> (0x00000007767041f8) thrown at [C:\jenkins\workspace\8-2-build-windows-amd64-cygwin\jdk8u261\295\hotspot\src\share\vm\prims\jni.cpp, line 710]

Events (10 events):
Event: 55.788 Executing VM operation: ChangeBreakpoints done
Event: 55.789 Executing VM operation: ChangeBreakpoints
Event: 55.789 Executing VM operation: ChangeBreakpoints done
Event: 55.790 Executing VM operation: ChangeBreakpoints
Event: 55.792 Executing VM operation: ChangeBreakpoints done
Event: 55.793 Executing VM operation: ChangeBreakpoints
Event: 55.793 Executing VM operation: ChangeBreakpoints done
Event: 55.794 Executing VM operation: ChangeBreakpoints
Event: 55.795 Executing VM operation: ChangeBreakpoints done
Event: 55.798 Thread 0x00000245c2358000 flushing nmethod 0x00000245a7418390


Dynamic libraries:
0x00007ff659db0000 - 0x00007ff659df7000 	C:\Program Files\Java\jdk1.8.0_261\bin\java.exe
0x00007ffb82d00000 - 0x00007ffb82ef0000 	C:\WINDOWS\SYSTEM32\ntdll.dll
0x00007ffb81320000 - 0x00007ffb813d2000 	C:\WINDOWS\System32\KERNEL32.DLL
0x00007ffb7ffe0000 - 0x00007ffb80285000 	C:\WINDOWS\System32\KERNELBASE.dll
0x00007ffb819e0000 - 0x00007ffb81a83000 	C:\WINDOWS\System32\ADVAPI32.dll
0x00007ffb81dc0000 - 0x00007ffb81e5e000 	C:\WINDOWS\System32\msvcrt.dll
0x00007ffb82340000 - 0x00007ffb823d7000 	C:\WINDOWS\System32\sechost.dll
0x00007ffb81440000 - 0x00007ffb81560000 	C:\WINDOWS\System32\RPCRT4.dll
0x00007ffb81770000 - 0x00007ffb81904000 	C:\WINDOWS\System32\USER32.dll
0x00007ffb7fee0000 - 0x00007ffb7ff01000 	C:\WINDOWS\System32\win32u.dll
0x00007ffb812f0000 - 0x00007ffb81316000 	C:\WINDOWS\System32\GDI32.dll
0x00007ffb80aa0000 - 0x00007ffb80c36000 	C:\WINDOWS\System32\gdi32full.dll
0x00007ffb80d10000 - 0x00007ffb80dae000 	C:\WINDOWS\System32\msvcp_win.dll
0x00007ffb7fde0000 - 0x00007ffb7feda000 	C:\WINDOWS\System32\ucrtbase.dll
0x00007ffb63430000 - 0x00007ffb636b4000 	C:\WINDOWS\WinSxS\amd64_microsoft.windows.common-controls_6595b64144ccf1df_6.0.18362.1139_none_9e7bf2d3e4605ac6\COMCTL32.dll
0x00007ffb80db0000 - 0x00007ffb810e5000 	C:\WINDOWS\System32\combase.dll
0x00007ffb80c40000 - 0x00007ffb80cc0000 	C:\WINDOWS\System32\bcryptPrimitives.dll
0x00007ffb823f0000 - 0x00007ffb8241e000 	C:\WINDOWS\System32\IMM32.DLL
0x00007ffb4d840000 - 0x00007ffb4d855000 	C:\Program Files\Java\jdk1.8.0_261\jre\bin\vcruntime140.dll
0x00007ffb0ec30000 - 0x00007ffb0eccb000 	C:\Program Files\Java\jdk1.8.0_261\jre\bin\msvcp140.dll
0x000000006e300000 - 0x000000006eb6c000 	C:\Program Files\Java\jdk1.8.0_261\jre\bin\server\jvm.dll
0x00007ffb81b50000 - 0x00007ffb81b58000 	C:\WINDOWS\System32\PSAPI.DLL
0x00007ffb65770000 - 0x00007ffb65779000 	C:\WINDOWS\SYSTEM32\WSOCK32.dll
0x00007ffb70050000 - 0x00007ffb70074000 	C:\WINDOWS\SYSTEM32\WINMM.dll
0x00007ffb81e60000 - 0x00007ffb81ecf000 	C:\WINDOWS\System32\WS2_32.dll
0x00007ffb7ec70000 - 0x00007ffb7ec7a000 	C:\WINDOWS\SYSTEM32\VERSION.dll
0x00007ffb70010000 - 0x00007ffb7003d000 	C:\WINDOWS\SYSTEM32\WINMMBASE.dll
0x00007ffb80cc0000 - 0x00007ffb80d0a000 	C:\WINDOWS\System32\cfgmgr32.dll
0x00007ffb7fc50000 - 0x00007ffb7fc61000 	C:\WINDOWS\System32\kernel.appcore.dll
0x00007ffb524c0000 - 0x00007ffb524d0000 	C:\Program Files\Java\jdk1.8.0_261\jre\bin\verify.dll
0x00007ffb3a520000 - 0x00007ffb3a54b000 	C:\Program Files\Java\jdk1.8.0_261\jre\bin\java.dll
0x00007ffb5a3a0000 - 0x00007ffb5a3d6000 	C:\Program Files\Java\jdk1.8.0_261\jre\bin\jdwp.dll
0x00007ffb7c330000 - 0x00007ffb7c339000 	C:\Program Files\Java\jdk1.8.0_261\jre\bin\npt.dll
0x00007ffb5a310000 - 0x00007ffb5a342000 	C:\Program Files\Java\jdk1.8.0_261\jre\bin\instrument.dll
0x00007ffb48d30000 - 0x00007ffb48d48000 	C:\Program Files\Java\jdk1.8.0_261\jre\bin\zip.dll
0x00007ffb825d0000 - 0x00007ffb82cb7000 	C:\WINDOWS\System32\SHELL32.dll
0x00007ffb81a90000 - 0x00007ffb81b39000 	C:\WINDOWS\System32\shcore.dll
0x00007ffb80290000 - 0x00007ffb80a10000 	C:\WINDOWS\System32\windows.storage.dll
0x00007ffb7fbd0000 - 0x00007ffb7fbf3000 	C:\WINDOWS\System32\profapi.dll
0x00007ffb7fc00000 - 0x00007ffb7fc4a000 	C:\WINDOWS\System32\powrprof.dll
0x00007ffb7fbc0000 - 0x00007ffb7fbd0000 	C:\WINDOWS\System32\UMPDC.dll
0x00007ffb81290000 - 0x00007ffb812e2000 	C:\WINDOWS\System32\shlwapi.dll
0x00007ffb7ffc0000 - 0x00007ffb7ffd7000 	C:\WINDOWS\System32\cryptsp.dll
0x00007ffb7c2a0000 - 0x00007ffb7c2aa000 	C:\Program Files\Java\jdk1.8.0_261\jre\bin\dt_socket.dll
0x00007ffb7f410000 - 0x00007ffb7f477000 	C:\WINDOWS\system32\mswsock.dll
0x00007ffb3b880000 - 0x00007ffb3b89c000 	C:\Program Files\Java\jdk1.8.0_261\jre\bin\net.dll
0x00007ffb7f160000 - 0x00007ffb7f22b000 	C:\WINDOWS\SYSTEM32\DNSAPI.dll
0x00007ffb823e0000 - 0x00007ffb823e8000 	C:\WINDOWS\System32\NSI.dll
0x00007ffb7f0c0000 - 0x00007ffb7f0fa000 	C:\WINDOWS\SYSTEM32\IPHLPAPI.DLL
0x00007ffb799f0000 - 0x00007ffb799fa000 	C:\Windows\System32\rasadhlp.dll
0x00007ffb74e40000 - 0x00007ffb74eb7000 	C:\WINDOWS\System32\fwpuclnt.dll
0x00007ffb80a10000 - 0x00007ffb80a36000 	C:\WINDOWS\System32\bcrypt.dll
0x00007ffb4ec80000 - 0x00007ffb4ec8d000 	C:\Program Files\Java\jdk1.8.0_261\jre\bin\management.dll
0x00007ffb33a50000 - 0x00007ffb33a63000 	C:\Program Files\Java\jdk1.8.0_261\jre\bin\nio.dll
0x00007ffb7ef20000 - 0x00007ffb7ef53000 	C:\WINDOWS\system32\rsaenh.dll
0x00007ffb7faa0000 - 0x00007ffb7fac5000 	C:\WINDOWS\SYSTEM32\USERENV.dll
0x00007ffb7f5e0000 - 0x00007ffb7f5ec000 	C:\WINDOWS\SYSTEM32\CRYPTBASE.dll
0x00007ffb76b80000 - 0x00007ffb76b96000 	C:\WINDOWS\SYSTEM32\dhcpcsvc6.DLL
0x00007ffb780f0000 - 0x00007ffb7810c000 	C:\WINDOWS\SYSTEM32\dhcpcsvc.DLL
0x00007ffb60340000 - 0x00007ffb60356000 	C:\WINDOWS\system32\napinsp.dll
0x00007ffb602e0000 - 0x00007ffb602fa000 	C:\WINDOWS\system32\pnrpnsp.dll
0x00007ffb62800000 - 0x00007ffb6280e000 	C:\WINDOWS\System32\winrnr.dll
0x00007ffb7c230000 - 0x00007ffb7c24c000 	C:\WINDOWS\system32\NLAapi.dll
0x00007ffb7b430000 - 0x00007ffb7b445000 	C:\WINDOWS\system32\wshbth.dll
0x0000000180000000 - 0x000000018000b000 	C:\Windows\SysWOW64\jnisgfplib.dll
0x00007ffb54830000 - 0x00007ffb5486c000 	C:\windows\SysWOW64\sgfplib.dll
0x00007ffb81ed0000 - 0x00007ffb82340000 	C:\WINDOWS\System32\SETUPAPI.dll
0x000000006f610000 - 0x000000006f6b3000 	C:\WINDOWS\WinSxS\amd64_microsoft.vc90.crt_1fc8b3b9a1e18e3b_9.0.30729.9619_none_08e065a3a84109b0\MSVCR90.dll
0x00007ffb395d0000 - 0x00007ffb395e8000 	C:\windows\SysWOW64\sgwsqlib.dll
0x00007ffb81c60000 - 0x00007ffb81db7000 	C:\WINDOWS\System32\ole32.dll
0x00007ffb81560000 - 0x00007ffb81625000 	C:\WINDOWS\System32\OLEAUT32.dll
0x00007ffb7bde0000 - 0x00007ffb7bed0000 	C:\WINDOWS\SYSTEM32\PROPSYS.dll
0x00007ffb66c90000 - 0x00007ffb66cc1000 	C:\WINDOWS\SYSTEM32\winbio.dll
0x00007ffb66eb0000 - 0x00007ffb66ebf000 	C:\WINDOWS\SYSTEM32\winbioext.dll
0x00000245c61e0000 - 0x00000245c623f000 	C:\WINDOWS\SYSTEM32\sgfdu04x64.dll
0x00007ffb62d80000 - 0x00007ffb62e09000 	C:\WINDOWS\SYSTEM32\WINSPOOL.DRV
0x0000000010000000 - 0x0000000010033000 	C:\WINDOWS\SYSTEM32\sgfpaMX.dll
0x00007ffb35e00000 - 0x00007ffb35f94000 	C:\Program Files\Java\jdk1.8.0_261\jre\bin\awt.dll
0x00007ffb7d8f0000 - 0x00007ffb7d97f000 	C:\WINDOWS\SYSTEM32\apphelp.dll
0x00007ffb7e410000 - 0x00007ffb7e604000 	C:\WINDOWS\SYSTEM32\dbghelp.dll

VM Arguments:
jvm_args: -agentlib:jdwp=transport=dt_socket,address=127.0.0.1:53827,suspend=y,server=n -Xms1024m -Xmx4096m -XX:MaxPermSize=1024m -XX:TieredStopAtLevel=1 -Xverify:none -Dspring.output.ansi.enabled=always -Dcom.sun.management.jmxremote -Dspring.jmx.enabled=true -Dspring.liveBeansView.mbeanDomain -Dspring.application.admin.enabled=true -javaagent:C:\Users\MGIC\AppData\Local\JetBrains\IntelliJIdea2020.1\captureAgent\debugger-agent.jar -Dfile.encoding=UTF-8 
java_command: com.nmrs.umb.biometriclinux.main.BiometricLinuxApplication
java_class_path (initial): C:\Program Files\Java\jdk1.8.0_261\jre\lib\charsets.jar;C:\Program Files\Java\jdk1.8.0_261\jre\lib\deploy.jar;C:\Program Files\Java\jdk1.8.0_261\jre\lib\ext\access-bridge-64.jar;C:\Program Files\Java\jdk1.8.0_261\jre\lib\ext\cldrdata.jar;C:\Program Files\Java\jdk1.8.0_261\jre\lib\ext\dnsns.jar;C:\Program Files\Java\jdk1.8.0_261\jre\lib\ext\jaccess.jar;C:\Program Files\Java\jdk1.8.0_261\jre\lib\ext\jfxrt.jar;C:\Program Files\Java\jdk1.8.0_261\jre\lib\ext\localedata.jar;C:\Program Files\Java\jdk1.8.0_261\jre\lib\ext\nashorn.jar;C:\Program Files\Java\jdk1.8.0_261\jre\lib\ext\sunec.jar;C:\Program Files\Java\jdk1.8.0_261\jre\lib\ext\sunjce_provider.jar;C:\Program Files\Java\jdk1.8.0_261\jre\lib\ext\sunmscapi.jar;C:\Program Files\Java\jdk1.8.0_261\jre\lib\ext\sunpkcs11.jar;C:\Program Files\Java\jdk1.8.0_261\jre\lib\ext\zipfs.jar;C:\Program Files\Java\jdk1.8.0_261\jre\lib\javaws.jar;C:\Program Files\Java\jdk1.8.0_261\jre\lib\jce.jar;C:\Program Files\Java\jdk1.8.0_261\jre\lib\jfr.jar;C:\Program Files\Java\jdk1.8.0_261\jre\lib\jfxswt.jar;C:\Program Files\Java\jdk1.8.0_261\jre\lib\jsse.jar;C:\Program Files\Java\jdk1.8.0_261\jre\lib\management-agent.jar;C:\Program Files\Java\jdk1.8.0_261\jre\lib\plugin.jar;C:\Program Files\Java\jdk1.8.0_261\jre\lib\resources.jar;C:\Program Files\Java\jdk1.8.0_261\jre\lib\rt.jar;C:\MGIC\nmrs-biometric\target\classes;C:\Users\MGIC\.m2\repository\mysql\mysql-connector-java\8.0.15\mysql-connector-java-8.0.15.jar;C:\Users\MGIC\.m2\repository\org\springframework\boot\spring-boot-starter-web\2.1.2.RELEASE\spring-boot-starter-web-2.1.2.RELEASE.jar;C:\Users\MGIC\.m2\repository\org\springframework\boot\spring-boot-starter\2.1.2.RELEASE\spring-boot-starter-2.1.2.RELEASE.jar;C:\Users\MGIC\.m2\repository\org\springframework\boot\spring-boot\2.1.2.RELEASE\spring-boot-2.1.2.RELEASE.jar;C:\Users\MGIC\.m2\repository\org\springframework\boot\spring-boot-autoconfigure\2.1.2.RELEASE\spring-boot-autoconfigure-2.1.2.RELEASE.jar;C:\Users
Launcher Type: SUN_STANDARD

Environment Variables:
JAVA_HOME=C:\Program Files\Java\jdk1.8.0_271
PATH=C:\Program Files (x86)\Common Files\Oracle\Java\javapath;C:\WINDOWS\system32;C:\WINDOWS;C:\WINDOWS\System32\Wbem;C:\WINDOWS\System32\WindowsPowerShell\v1.0\;C:\WINDOWS\System32\OpenSSH\;C:\Program Files\Java\jdk1.8.0_271\bin;C:\Program Files\Git\cmd;C:\apache-maven-3.6.3\bin;C:\Program Files\MySQL\MySQL Server 5.7\bin;C:\Program Files\Git\bin;C:\Program Files\liquibase;C:\windows\SysWOW64;C:\Program Files\MySQL\MySQL Shell 8.0\bin\;C:\Users\MGIC\AppData\Local\Microsoft\WindowsApps;C:\Users\MGIC\AppData\Local\GitHubDesktop\bin;C:\Program Files\Java\jdk1.8.0_261\bin;C:\Users\MGIC\AppData\Local\Programs\Microsoft VS Code\bin;C:\apache-maven-3.6.3\bin;C:\Program Files\MySQL\MySQL Server 5.7\bin;C:\Program Files\Git\bin;C:\Program Files\liquibase;
USERNAME=MGIC
OS=Windows_NT
PROCESSOR_IDENTIFIER=Intel64 Family 6 Model 142 Stepping 12, GenuineIntel



---------------  S Y S T E M  ---------------

OS: Windows 10.0 , 64 bit Build 18362 (10.0.18362.1110)

CPU:total 8 (initial active 8) (4 cores per cpu, 2 threads per core) family 6 model 142 stepping 12, cmov, cx8, fxsr, mmx, sse, sse2, sse3, ssse3, sse4.1, sse4.2, popcnt, avx, avx2, aes, clmul, erms, 3dnowpref, lzcnt, ht, tsc, tscinvbit, bmi1, bmi2, adx

Memory: 4k page, physical 33356064k(15475776k free), swap 38336800k(9407884k free)

vm_info: Java HotSpot(TM) 64-Bit Server VM (25.261-b12) for windows-amd64 JRE (1.8.0_261-b12), built on Jun 18 2020 06:56:32 by "" with unknown MS VC++:1916

time: Wed Nov  4 19:44:01 2020
timezone: W. Central Africa Standard Time
elapsed time: 56 seconds (0d 0h 0m 56s)

