#
# A fatal error has been detected by the Java Runtime Environment:
#
#  EXCEPTION_ACCESS_VIOLATION (0xc0000005) at pc=0x00007ffb5a3a7fa8, pid=8668, tid=0x0000000000008310
#
# JRE version: Java(TM) SE Runtime Environment (8.0_261-b12) (build 1.8.0_261-b12)
# Java VM: Java HotSpot(TM) 64-Bit Server VM (25.261-b12 mixed mode windows-amd64 compressed oops)
# Problematic frame:
# C  [sgfplib.dll+0x7fa8]
#
# Failed to write core dump. Minidumps are not enabled by default on client versions of Windows
#
# If you would like to submit a bug report, please visit:
#   http://bugreport.java.com/bugreport/crash.jsp
# The crash happened outside the Java Virtual Machine in native code.
# See problematic frame for where to report the bug.
#

---------------  T H R E A D  ---------------

Current thread (0x000001b832df5000):  JavaThread "pool-1-thread-1" [_thread_in_native, id=33552, stack(0x0000005de4400000,0x0000005de4500000)]

siginfo: ExceptionCode=0xc0000005, reading address 0x0000000000000008

Registers:
RAX=0x0000000000000400, RBX=0x0000000000000000, RCX=0x0000000000000200, RDX=0x0000000000000000
RSP=0x0000005de44fef60, RBP=0x0000005de44ff1c8, RSI=0x000001b8328f1550, RDI=0x0000000000000190
R8 =0x0000000000000100, R9 =0x0000000000000000, R10=0x00007ffb5a3c6a88, R11=0x0000000000000000
R12=0x0000000000000000, R13=0x0000000000000100, R14=0x0000000000000100, R15=0x0000000000000300
RIP=0x00007ffb5a3a7fa8, EFLAGS=0x0000000000010246

Top of Stack: (sp=0x0000005de44fef60)
0x0000005de44fef60:   00000000000000c0 00007ffb5a3afccb
0x0000005de44fef70:   00000000000000c2 000001b834750080
0x0000005de44fef80:   00000000000000c0 00000000000000c0
0x0000005de44fef90:   000001b834750080 00007ffb5a3afccb
0x0000005de44fefa0:   fffffffffffffffe 000001b834750080
0x0000005de44fefb0:   00000000000000c0 00007ffb5a3a4743
0x0000005de44fefc0:   0000000000000000 0000000000000000
0x0000005de44fefd0:   0000000000000000 00000000000000c0
0x0000005de44fefe0:   000001b832df5000 0000005de44ff220
0x0000005de44feff0:   000001b833d6d888 0000000000000000
0x0000005de44ff000:   0000000000000000 000001b8328f1550
0x0000005de44ff010:   0000005de44ff1c8 00007ffb5a3a792c
0x0000005de44ff020:   0000005de44ff220 0000000000000000
0x0000005de44ff030:   0000000000000000 000001b800000000
0x0000005de44ff040:   000001b830db2d70 000000006e460100
0x0000005de44ff050:   000001b800000000 0000005de44ff0e8 

Instructions: (pc=0x00007ffb5a3a7fa8)
0x00007ffb5a3a7f88:   8d 4c 24 48 e8 8f ca ff ff eb 10 