#
# A fatal error has been detected by the Java Runtime Environment:
#
#  EXCEPTION_ACCESS_VIOLATION (0xc0000005) at pc=0x00007ffb54877fa8, pid=21944, tid=0x0000000000003ad8
#
# JRE version: Java(TM) SE Runtime Environment (8.0_261-b12) (build 1.8.0_261-b12)
# Java VM: Java HotSpot(TM) 64-Bit Server VM (25.261-b12 mixed mode windows-amd64 compressed oops)
# Problematic frame:
# C  [sgfplib.dll+0x7fa8]
#
# Failed to write core dump. Minidumps are not enabled by default on client versions of Windows
#
# If you would like to submit a bug report, please visit:
#   http://bugreport.java.com/bugreport/crash.jsp
# The crash happened outside the Java Virtual Machine in native code.
# See problematic frame for where to report the bug.
#

---------------  T H R E A D  ---------------

Current thread (0x0000020e80b69800):  JavaThread "pool-1-thread-1" [_thread_in_native, id=15064, stack(0x000000f1e5f00000,0x000000f1e6000000)]

siginfo: ExceptionCode=0xc0000005, reading address 0x0000000000000008

Registers:
RAX=0x0000000000000400, RBX=0x0000000000000000, RCX=0x0000000000000200, RDX=0x0000000000000000
RSP=0x000000f1e5ffe610, RBP=0x000000f1e5ffe8f8, RSI=0x0000020e81da91f0, RDI=0x0000000000000190
R8 =0x0000000000000100, R9 =0x0000000000000000, R10=0x00007ffb54896a88, R11=0x0000000000000000
R12=0x0000000000000000, R13=0x0000000000000100, R14=0x0000000000000100, R15=0x0000000000000300
RIP=0x00007ffb54877fa8, EFLAGS=0x0000000000010246

Top of Stack: (sp=0x000000f1e5ffe610)
0x000000f1e5ffe610:   0000020e80b69800 0000000000000100
0x000000f1e5ffe620:   0000020e83305f40 0000000000000000
0x000000f1e5ffe630:   000000f1e5ffe778 00007ffb54880993
0x000000f1e5ffe640:   0000000000000002 00000000000000f2
0x000000f1e5ffe650:   fffffffffffffffe 00000000000000f2
0x000000f1e5ffe660:   00000000000000f0 00007ffb5487fccb
0x000000f1e5ffe670:   00000000000000f2 0000020e83aef370
0x000000f1e5ffe680:   00000000000000f0 00000000000000f0
0x000000f1e5ffe690:   0000020e80b69800 000000f1e5ffe960
0x000000f1e5ffe6a0:   0000020e83305f40 0000000000000000
0x000000f1e5ffe6b0:   0000020e81da91f0 000000000000005a
0x000000f1e5ffe6c0:   000000f1e5ffe8f8 00007ffb54878b52
0x000000f1e5ffe6d0:   0000000000000000 0000000000000000
0x000000f1e5ffe6e0:   0000000000000000 00007ffb00000000
0x000000f1e5ffe6f0:   0000020e81f144f0 0000020e83ae0100
0x000000f1e5ffe700:   0000000000000000 000000f1e5ffe720 

Instructions: (pc=0x00007ffb54877fa8)
0x00007ffb54877f88:   8d 4c 24 48 e8 8f ca ff ff eb 10 66 45 3b f5 74
0x00007ffb54877f98:   0f b8 66 00 00 00 e9 c1 01 00 00 b9 00 02 00 00
0x00007ffb54877fa8:   0f b6 43 08 66 c1 e0 08 44 0f b7 e0 0f b6 43 09
0x00007ffb54877fb8:   44 0b e0 b8 00 04 00 00 0f b7 ac 24 e8 00 00 00 


Register to memory mapping:

RAX=0x0000000000000400 is an unknown value
RBX=0x0000000000000000 is an unknown value
RCX=0x0000000000000200 is an unknown value
RDX=0x0000000000000000 is an unknown value
RSP=0x000000f1e5ffe610 is pointing into the stack for thread: 0x0000020e80b69800
RBP=0x000000f1e5ffe8f8 is pointing into the stack for thread: 0x0000020e80b69800
RSI=0x0000020e81da91f0 is an unknown value
RDI=0x0000000000000190 is an unknown value
R8 =0x0000000000000100 is an unknown value
R9 =0x0000000000000000 is an unknown value
R10=0x00007ffb54896a88 is an unknown value
R11=0x0000000000000000 is an unknown value
R12=0x0000000000000000 is an unknown value
R13=0x0000000000000100 is an unknown value
R14=0x0000000000000100 is an unknown value
R15=0x0000000000000300 is an unknown value


Stack: [0x000000f1e5f00000,0x000000f1e6000000],  sp=0x000000f1e5ffe610,  free space=1017k
Native frames: (J=compiled Java code, j=interpreted, Vv=VM code, C=native code)
C  [sgfplib.dll+0x7fa8]
C  [sgfplib.dll+0x8b52]
C  [sgfplib.dll+0x8a07]
C  [jnisgfplib.dll+0x27a4]
C  0x0000020ee4ee4c47

Java frames: (J=compiled Java code, j=interpreted, Vv=VM code)
j  SecuGen.FDxSDKPro.jni.JSGFPLib.MatchIsoTemplate([BJ[BJJ[Z)J+0
j  com.nmrs.umb.biometriclinux.main.FingerPrintUtilImpl.getMatchedRecord(Ljava/util/List;[Z[B)I+128
j  com.nmrs.umb.biometriclinux.main.FingerPrintUtilImpl.lambda$verify$0(Ljava/util/List;[Z[BLjava/util/concurrent/ConcurrentHashMap;Ljava/util/concurrent/ExecutorService;)V+4
j  com.nmrs.umb.biometriclinux.main.FingerPrintUtilImpl$$Lambda$414.run()V+24
j  java.lang.Thread.run()V+11
j  java.util.concurrent.Executors$RunnableAdapter.call()Ljava/lang/Object;+4
j  java.util.concurrent.FutureTask.run$$$capture()V+42
j  java.util.concurrent.FutureTask.run()V+5
j  java.util.concurrent.ThreadPoolExecutor.runWorker(Ljava/util/concurrent/ThreadPoolExecutor$Worker;)V+95
j  java.util.concurrent.ThreadPoolExecutor$Worker.run()V+5
j  java.lang.Thread.run()V+11
v  ~StubRoutines::call_stub

---------------  P R O C E S S  ---------------

Java Threads: ( => current thread )
  0x0000020e82479800 JavaThread "pool-1-thread-28" [_thread_in_native, id=9280, stack(0x000000f1e7a00000,0x000000f1e7b00000)]
  0x0000020e8247a800 JavaThread "pool-1-thread-22" [_thread_in_native, id=29096, stack(0x000000f1e7400000,0x000000f1e7500000)]
  0x0000020e8247c000 JavaThread "pool-1-thread-21" [_thread_in_native, id=29700, stack(0x000000f1e7300000,0x000000f1e7400000)]
  0x0000020e8247c800 JavaThread "pool-1-thread-20" [_thread_in_native, id=31324, stack(0x000000f1e7200000,0x000000f1e7300000)]
  0x0000020e8247d800 JavaThread "pool-1-thread-19" [_thread_in_native, id=33440, stack(0x000000f1e7100000,0x000000f1e7200000)]
  0x0000020e80b6e800 JavaThread "pool-1-thread-18" [_thread_in_native, id=32052, stack(0x000000f1e7000000,0x000000f1e7100000)]
  0x0000020e80b6e000 JavaThread "pool-1-thread-17" [_thread_in_native, id=32712, stack(0x000000f1e6f00000,0x000000f1e7000000)]
  0x0000020e80b71800 JavaThread "pool-1-thread-16" [_thread_in_native, id=29316, stack(0x000000f1e6e00000,0x000000f1e6f00000)]
  0x0000020e80b70000 JavaThread "pool-1-thread-15" [_thread_in_native, id=32648, stack(0x000000f1e6d00000,0x000000f1e6e00000)]
  0x0000020e80b74000 JavaThread "pool-1-thread-14" [_thread_in_native, id=22624, stack(0x000000f1e6c00000,0x000000f1e6d00000)]
  0x0000020e80b71000 JavaThread "pool-1-thread-13" [_thread_in_native, id=10612, stack(0x000000f1e6b00000,0x000000f1e6c00000)]
  0x0000020e80b73000 JavaThread "pool-1-thread-12" [_thread_in_native, id=30692, stack(0x000000f1e6a00000,0x000000f1e6b00000)]
  0x0000020e80b6f800 JavaThread "pool-1-thread-11" [_thread_in_native, id=25800, stack(0x000000f1e6900000,0x000000f1e6a00000)]
  0x0000020e80b72800 JavaThread "pool-1-thread-10" [_thread_in_native, id=14132, stack(0x000000f1e6800000,0x000000f1e6900000)]
  0x0000020e80b67000 JavaThread "pool-1-thread-9" [_thread_in_native, id=33368, stack(0x000000f1e6700000,0x000000f1e6800000)]
  0x0000020e80b6d000 JavaThread "pool-1-thread-8" [_thread_in_native, id=22520, stack(0x000000f1e6600000,0x000000f1e6700000)]
  0x0000020e80b6c800 JavaThread "pool-1-thread-7" [_thread_in_native, id=14724, stack(0x000000f1e6500000,0x000000f1e6600000)]
  0x0000020e80b65800 JavaThread "pool-1-thread-6" [_thread_in_native, id=4952, stack(0x000000f1e6400000,0x000000f1e6500000)]
  0x0000020e80b6a000 JavaThread "pool-1-thread-5" [_thread_in_native, id=28196, stack(0x000000f1e6300000,0x000000f1e6400000)]
  0x0000020e80b68000 JavaThread "pool-1-thread-4" [_thread_in_native, id=30376, stack(0x000000f1e6200000,0x000000f1e6300000)]
  0x0000020e80b66800 JavaThread "pool-1-thread-3" [_thread_in_native, id=22564, stack(0x000000f1e6100000,0x000000f1e6200000)]
  0x0000020e80b68800 JavaThread "pool-1-thread-2" [_thread_in_native, id=32932, stack(0x000000f1e6000000,0x000000f1e6100000)]
=>0x0000020e80b69800 JavaThread "pool-1-thread-1" [_thread_in_native, id=15064, stack(0x000000f1e5f00000,0x000000f1e6000000)]
  0x0000020e80b6b800 JavaThread "mysql-cj-abandoned-connection-cleanup" daemon [_thread_blocked, id=23120, stack(0x000000f1e5e00000,0x000000f1e5f00000)]
  0x0000020e80b6b000 JavaThread "RMI TCP Connection(3)-192.168.0.152" daemon [_thread_in_native, id=13332, stack(0x000000f1e5a00000,0x000000f1e5b00000)]
  0x0000020e80b65000 JavaThread "DestroyJavaVM" [_thread_blocked, id=7032, stack(0x000000f1e3000000,0x000000f1e3100000)]
  0x0000020e803f9000 JavaThread "http-nio-2018-Acceptor-0" daemon [_thread_in_native, id=31160, stack(0x000000f1e5900000,0x000000f1e5a00000)]
  0x0000020e803f7800 JavaThread "http-nio-2018-ClientPoller-1" daemon [_thread_in_native, id=29344, stack(0x000000f1e5800000,0x000000f1e5900000)]
  0x0000020e803f8800 JavaThread "http-nio-2018-ClientPoller-0" daemon [_thread_in_native, id=19692, stack(0x000000f1e5700000,0x000000f1e5800000)]
  0x0000020e803f4800 JavaThread "http-nio-2018-exec-10" daemon [_thread_blocked, id=24092, stack(0x000000f1e5600000,0x000000f1e5700000)]
  0x0000020e803f4000 JavaThread "http-nio-2018-exec-9" daemon [_thread_blocked, id=8428, stack(0x000000f1e5500000,0x000000f1e5600000)]
  0x0000020e803f3000 JavaThread "http-nio-2018-exec-8" daemon [_thread_blocked, id=14592, stack(0x000000f1e5400000,0x000000f1e5500000)]
  0x0000020e803f5800 JavaThread "http-nio-2018-exec-7" daemon [_thread_blocked, id=25488, stack(0x000000f1e5300000,0x000000f1e5400000)]
  0x0000020e803f7000 JavaThread "http-nio-2018-exec-6" daemon [_thread_blocked, id=2272, stack(0x000000f1e5200000,0x000000f1e5300000)]
  0x0000020e803f2800 JavaThread "http-nio-2018-exec-5" daemon [_thread_blocked, id=26120, stack(0x000000f1e5100000,0x000000f1e5200000)]
  0x0000020e803f6000 JavaThread "http-nio-2018-exec-4" daemon [_thread_blocked, id=22916, stack(0x000000f1e5000000,0x000000f1e5100000)]
  0x0000020e803f1800 JavaThread "http-nio-2018-exec-3" daemon [_thread_blocked, id=21220, stack(0x000000f1e4f00000,0x000000f1e5000000)]
  0x0000020e803e9800 JavaThread "http-nio-2018-exec-2" daemon [_thread_blocked, id=18940, stack(0x000000f1e4e00000,0x000000f1e4f00000)]
  0x0000020e803e8800 JavaThread "http-nio-2018-exec-1" daemon [_thread_blocked, id=30816, stack(0x000000f1e4d00000,0x000000f1e4e00000)]
  0x0000020e80477800 JavaThread "NioBlockingSelector.BlockPoller-1" daemon [_thread_in_native, id=7688, stack(0x000000f1e4c00000,0x000000f1e4d00000)]
  0x0000020e823c9000 JavaThread "container-0" [_thread_blocked, id=29188, stack(0x000000f1e4b00000,0x000000f1e4c00000)]
  0x0000020e823c6800 JavaThread "Catalina-utility-1" [_thread_blocked, id=31800, stack(0x000000f1e4a00000,0x000000f1e4b00000)]
  0x0000020e8215c800 JavaThread "RMI Scheduler(0)" daemon [_thread_blocked, id=20288, stack(0x000000f1e4900000,0x000000f1e4a00000)]
  0x0000020e820e3000 JavaThread "RMI TCP Connection(idle)" daemon [_thread_blocked, id=27692, stack(0x000000f1e4800000,0x000000f1e4900000)]
  0x0000020e809d1800 JavaThread "RMI TCP Accept-0" daemon [_thread_in_native, id=26028, stack(0x000000f1e4600000,0x000000f1e4700000)]
  0x0000020e802b8800 JavaThread "Service Thread" daemon [_thread_blocked, id=32672, stack(0x000000f1e4500000,0x000000f1e4600000)]
  0x0000020e802b8000 JavaThread "C1 CompilerThread3" daemon [_thread_blocked, id=30068, stack(0x000000f1e4400000,0x000000f1e4500000)]
  0x0000020e802df000 JavaThread "C2 CompilerThread2" daemon [_thread_blocked, id=20148, stack(0x000000f1e4300000,0x000000f1e4400000)]
  0x0000020e802de000 JavaThread "C2 CompilerThread1" daemon [_thread_blocked, id=16092, stack(0x000000f1e4200000,0x000000f1e4300000)]
  0x0000020e802dd800 JavaThread "C2 CompilerThread0" daemon [_thread_blocked, id=3648, stack(0x000000f1e4100000,0x000000f1e4200000)]
  0x0000020efe29a800 JavaThread "JDWP Command Reader" daemon [_thread_in_native, id=23852, stack(0x000000f1e4000000,0x000000f1e4100000)]
  0x0000020efe299000 JavaThread "JDWP Event Helper Thread" daemon [_thread_blocked, id=27868, stack(0x000000f1e3f00000,0x000000f1e4000000)]
  0x0000020efe28a000 JavaThread "JDWP Transport Listener: dt_socket" daemon [_thread_blocked, id=21556, stack(0x000000f1e3e00000,0x000000f1e3f00000)]
  0x0000020efe27b800 JavaThread "Attach Listener" daemon [_thread_blocked, id=31816, stack(0x000000f1e3d00000,0x000000f1e3e00000)]
  0x0000020efe27b000 JavaThread "Signal Dispatcher" daemon [_thread_blocked, id=2712, stack(0x000000f1e3c00000,0x000000f1e3d00000)]
  0x0000020efe250000 JavaThread "Finalizer" daemon [_thread_blocked, id=24736, stack(0x000000f1e3b00000,0x000000f1e3c00000)]
  0x0000020efe247000 JavaThread "Reference Handler" daemon [_thread_blocked, id=14400, stack(0x000000f1e3a00000,0x000000f1e3b00000)]

Other Threads:
  0x0000020efe21f000 VMThread [stack: 0x000000f1e3900000,0x000000f1e3a00000] [id=25788]
  0x0000020e809de000 WatcherThread [stack: 0x000000f1e4700000,0x000000f1e4800000] [id=30828]

VM state:not at safepoint (normal execution)

VM Mutex/Monitor currently owned by a thread: None

heap address: 0x00000006c0000000, size: 4096 MB, Compressed Oops mode: Zero based, Oop shift amount: 3
Narrow klass base: 0x0000000000000000, Narrow klass shift: 3
Compressed class space size: 1073741824 Address: 0x00000007c0000000

Heap:
 PSYoungGen      total 305664K, used 94100K [0x000000076ab00000, 0x0000000787400000, 0x00000007c0000000)
  eden space 262144K, 19% used [0x000000076ab00000,0x000000076dc6b118,0x000000077ab00000)
  from space 43520K, 99% used [0x000000077ab00000,0x000000077d57a1f8,0x000000077d580000)
  to   space 43520K, 0% used [0x0000000784980000,0x0000000784980000,0x0000000787400000)
 ParOldGen       total 699392K, used 33388K [0x00000006c0000000, 0x00000006eab00000, 0x000000076ab00000)
  object space 699392K, 4% used [0x00000006c0000000,0x00000006c209b090,0x00000006eab00000)
 Metaspace       used 35676K, capacity 37382K, committed 37504K, reserved 1081344K
  class space    used 4639K, capacity 4963K, committed 4992K, reserved 1048576K

Card table byte_map: [0x0000020ef4280000,0x0000020ef4a90000] byte_map_base: 0x0000020ef0c80000

Marking Bits: (ParMarkBitMap*) 0x000000006eaf4fb0
 Begin Bits: [0x0000020ef4ff0000, 0x0000020ef8ff0000)
 End Bits:   [0x0000020ef8ff0000, 0x0000020efcff0000)

Polling page: 0x0000020ee3610000

CodeCache: size=245760Kb used=7769Kb max_used=7769Kb free=237990Kb
 bounds [0x0000020ee4ec0000, 0x0000020ee5660000, 0x0000020ef3ec0000]
 total_blobs=4005 nmethods=3499 adapters=425
 compilation: enabled

Compilation events (10 events):
Event: 34.287 Thread 0x0000020e802b8000 3542       1       java.util.Calendar::getFieldStrings (134 bytes)
Event: 34.288 Thread 0x0000020e802b8000 nmethod 3542 0x0000020ee5656710 code [0x0000020ee56568e0, 0x0000020ee5656dc0]
Event: 34.289 Thread 0x0000020e802b8000 3543       1       java.text.DateFormatSymbols::getShortMonths (16 bytes)
Event: 34.289 Thread 0x0000020e802b8000 nmethod 3543 0x0000020ee56573d0 code [0x0000020ee5657540, 0x0000020ee56576d0]
Event: 34.289 Thread 0x0000020e802b8000 3544       1       java.text.DecimalFormat::setMinimumIntegerDigits (87 bytes)
Event: 34.290 Thread 0x0000020e802b8000 nmethod 3544 0x0000020ee5657790 code [0x0000020ee56578e0, 0x0000020ee5657a98]
Event: 34.291 Thread 0x0000020e802b8000 3545       1       java.text.DecimalFormat::format (24 bytes)
Event: 34.291 Thread 0x0000020e802b8000 nmethod 3545 0x0000020ee5657b10 code [0x0000020ee5657c80, 0x0000020ee5657e20]
Event: 34.291 Thread 0x0000020e802b8000 3546       1       java.text.FieldPosition::setBeginIndex (6 bytes)
Event: 34.292 Thread 0x0000020e802b8000 nmethod 3546 0x0000020ee5657f10 code [0x0000020ee5658060, 0x0000020ee5658178]

GC Heap History (10 events):
Event: 5.809 GC heap before
{Heap before GC invocations=1 (full 0):
 PSYoungGen      total 305664K, used 157384K [0x000000076ab00000, 0x0000000780000000, 0x00000007c0000000)
  eden space 262144K, 60% used [0x000000076ab00000,0x00000007744b22f8,0x000000077ab00000)
  from space 43520K, 0% used [0x000000077d580000,0x000000077d580000,0x0000000780000000)
  to   space 43520K, 0% used [0x000000077ab00000,0x000000077ab00000,0x000000077d580000)
 ParOldGen       total 699392K, used 0K [0x00000006c0000000, 0x00000006eab00000, 0x000000076ab00000)
  object space 699392K, 0% used [0x00000006c0000000,0x00000006c0000000,0x00000006eab00000)
 Metaspace       used 20695K, capacity 21222K, committed 21296K, reserved 1067008K
  class space    used 2717K, capacity 2894K, committed 2944K, reserved 1048576K
Event: 5.832 GC heap after
Heap after GC invocations=1 (full 0):
 PSYoungGen      total 305664K, used 14192K [0x000000076ab00000, 0x0000000780000000, 0x00000007c0000000)
  eden space 262144K, 0% used [0x000000076ab00000,0x000000076ab00000,0x000000077ab00000)
  from space 43520K, 32% used [0x000000077ab00000,0x000000077b8dc388,0x000000077d580000)
  to   space 43520K, 0% used [0x000000077d580000,0x000000077d580000,0x0000000780000000)
 ParOldGen       total 699392K, used 16K [0x00000006c0000000, 0x00000006eab00000, 0x000000076ab00000)
  object space 699392K, 0% used [0x00000006c0000000,0x00000006c0004000,0x00000006eab00000)
 Metaspace       used 20695K, capacity 21222K, committed 21296K, reserved 1067008K
  class space    used 2717K, capacity 2894K, committed 2944K, reserved 1048576K
}
Event: 5.832 GC heap before
{Heap before GC invocations=2 (full 1):
 PSYoungGen      total 305664K, used 14192K [0x000000076ab00000, 0x0000000780000000, 0x00000007c0000000)
  eden space 262144K, 0% used [0x000000076ab00000,0x000000076ab00000,0x000000077ab00000)
  from space 43520K, 32% used [0x000000077ab00000,0x000000077b8dc388,0x000000077d580000)
  to   space 43520K, 0% used [0x000000077d580000,0x000000077d580000,0x0000000780000000)
 ParOldGen       total 699392K, used 16K [0x00000006c0000000, 0x00000006eab00000, 0x000000076ab00000)
  object space 699392K, 0% used [0x00000006c0000000,0x00000006c0004000,0x00000006eab00000)
 Metaspace       used 20695K, capacity 21222K, committed 21296K, reserved 1067008K
  class space    used 2717K, capacity 2894K, committed 2944K, reserved 1048576K
Event: 5.900 GC heap after
Heap after GC invocations=2 (full 1):
 PSYoungGen      total 305664K, used 0K [0x000000076ab00000, 0x0000000780000000, 0x00000007c0000000)
  eden space 262144K, 0% used [0x000000076ab00000,0x000000076ab00000,0x000000077ab00000)
  from space 43520K, 0% used [0x000000077ab00000,0x000000077ab00000,0x000000077d580000)
  to   space 43520K, 0% used [0x000000077d580000,0x000000077d580000,0x0000000780000000)
 ParOldGen       total 699392K, used 13608K [0x00000006c0000000, 0x00000006eab00000, 0x000000076ab00000)
  object space 699392K, 1% used [0x00000006c0000000,0x00000006c0d4a010,0x00000006eab00000)
 Metaspace       used 20693K, capacity 21216K, committed 21296K, reserved 1067008K
  class space    used 2716K, capacity 2893K, committed 2944K, reserved 1048576K
}
Event: 32.390 GC heap before
{Heap before GC invocations=3 (full 1):
 PSYoungGen      total 305664K, used 199063K [0x000000076ab00000, 0x0000000780000000, 0x00000007c0000000)
  eden space 262144K, 75% used [0x000000076ab00000,0x0000000776d65c70,0x000000077ab00000)
  from space 43520K, 0% used [0x000000077ab00000,0x000000077ab00000,0x000000077d580000)
  to   space 43520K, 0% used [0x000000077d580000,0x000000077d580000,0x0000000780000000)
 ParOldGen       total 699392K, used 13608K [0x00000006c0000000, 0x00000006eab00000, 0x000000076ab00000)
  object space 699392K, 1% used [0x00000006c0000000,0x00000006c0d4a010,0x00000006eab00000)
 Metaspace       used 33783K, capacity 35328K, committed 35496K, reserved 1079296K
  class space    used 4463K, capacity 4758K, committed 4864K, reserved 1048576K
Event: 32.413 GC heap after
Heap after GC invocations=3 (full 1):
 PSYoungGen      total 305664K, used 20718K [0x000000076ab00000, 0x0000000782a80000, 0x00000007c0000000)
  eden space 262144K, 0% used [0x000000076ab00000,0x000000076ab00000,0x000000077ab00000)
  from space 43520K, 47% used [0x000000077d580000,0x000000077e9bb918,0x0000000780000000)
  to   space 43520K, 0% used [0x000000077ab00000,0x000000077ab00000,0x000000077d580000)
 ParOldGen       total 699392K, used 13680K [0x00000006c0000000, 0x00000006eab00000, 0x000000076ab00000)
  object space 699392K, 1% used [0x00000006c0000000,0x00000006c0d5c020,0x00000006eab00000)
 Metaspace       used 33783K, capacity 35328K, committed 35496K, reserved 1079296K
  class space    used 4463K, capacity 4758K, committed 4864K, reserved 1048576K
}
Event: 32.413 GC heap before
{Heap before GC invocations=4 (full 2):
 PSYoungGen      total 305664K, used 20718K [0x000000076ab00000, 0x0000000782a80000, 0x00000007c0000000)
  eden space 262144K, 0% used [0x000000076ab00000,0x000000076ab00000,0x000000077ab00000)
  from space 43520K, 47% used [0x000000077d580000,0x000000077e9bb918,0x0000000780000000)
  to   space 43520K, 0% used [0x000000077ab00000,0x000000077ab00000,0x000000077d580000)
 ParOldGen       total 699392K, used 13680K [0x00000006c0000000, 0x00000006eab00000, 0x000000076ab00000)
  object space 699392K, 1% used [0x00000006c0000000,0x00000006c0d5c020,0x00000006eab00000)
 Metaspace       used 33783K, capacity 35328K, committed 35496K, reserved 1079296K
  class space    used 4463K, capacity 4758K, committed 4864K, reserved 1048576K
Event: 32.500 GC heap after
Heap after GC invocations=4 (full 2):
 PSYoungGen      total 305664K, used 0K [0x000000076ab00000, 0x0000000782a80000, 0x00000007c0000000)
  eden space 262144K, 0% used [0x000000076ab00000,0x000000076ab00000,0x000000077ab00000)
  from space 43520K, 0% used [0x000000077d580000,0x000000077d580000,0x0000000780000000)
  to   space 43520K, 0% used [0x000000077ab00000,0x000000077ab00000,0x000000077d580000)
 ParOldGen       total 699392K, used 24796K [0x00000006c0000000, 0x00000006eab00000, 0x000000076ab00000)
  object space 699392K, 3% used [0x00000006c0000000,0x00000006c1837378,0x00000006eab00000)
 Metaspace       used 33783K, capacity 35328K, committed 35496K, reserved 1079296K
  class space    used 4463K, capacity 4758K, committed 4864K, reserved 1048576K
}
Event: 34.021 GC heap before
{Heap before GC invocations=5 (full 2):
 PSYoungGen      total 305664K, used 262144K [0x000000076ab00000, 0x0000000782a80000, 0x00000007c0000000)
  eden space 262144K, 100% used [0x000000076ab00000,0x000000077ab00000,0x000000077ab00000)
  from space 43520K, 0% used [0x000000077d580000,0x000000077d580000,0x0000000780000000)
  to   space 43520K, 0% used [0x000000077ab00000,0x000000077ab00000,0x000000077d580000)
 ParOldGen       total 699392K, used 24796K [0x00000006c0000000, 0x00000006eab00000, 0x000000076ab00000)
  object space 699392K, 3% used [0x00000006c0000000,0x00000006c1837378,0x00000006eab00000)
 Metaspace       used 35612K, capacity 37318K, committed 37504K, reserved 1081344K
  class space    used 4639K, capacity 4963K, committed 4992K, reserved 1048576K
Event: 34.045 GC heap after
Heap after GC invocations=5 (full 2):
 PSYoungGen      total 305664K, used 43496K [0x000000076ab00000, 0x0000000787400000, 0x00000007c0000000)
  eden space 262144K, 0% used [0x000000076ab00000,0x000000076ab00000,0x000000077ab00000)
  from space 43520K, 99% used [0x000000077ab00000,0x000000077d57a1f8,0x000000077d580000)
  to   space 43520K, 0% used [0x0000000784980000,0x0000000784980000,0x0000000787400000)
 ParOldGen       total 699392K, used 33388K [0x00000006c0000000, 0x00000006eab00000, 0x000000076ab00000)
  object space 699392K, 4% used [0x00000006c0000000,0x00000006c209b090,0x00000006eab00000)
 Metaspace       used 35612K, capacity 37318K, committed 37504K, reserved 1081344K
  class space    used 4639K, capacity 4963K, committed 4992K, reserved 1048576K
}

Deoptimization events (0 events):
No events

Classes redefined (0 events):
No events

Internal exceptions (10 events):
Event: 9.009 Thread 0x0000020ee3519000 Exception <a 'java/lang/ArrayIndexOutOfBoundsException'> (0x00000007744ea968) thrown at [C:\jenkins\workspace\8-2-build-windows-amd64-cygwin\jdk8u261\295\hotspot\src\share\vm\runtime\sharedRuntime.cpp, line 605]
Event: 9.009 Thread 0x0000020ee3519000 Exception <a 'java/lang/ArrayIndexOutOfBoundsException'> (0x00000007744ed570) thrown at [C:\jenkins\workspace\8-2-build-windows-amd64-cygwin\jdk8u261\295\hotspot\src\share\vm\runtime\sharedRuntime.cpp, line 605]
Event: 9.009 Thread 0x0000020ee3519000 Exception <a 'java/lang/ArrayIndexOutOfBoundsException'> (0x00000007744f0278) thrown at [C:\jenkins\workspace\8-2-build-windows-amd64-cygwin\jdk8u261\295\hotspot\src\share\vm\runtime\sharedRuntime.cpp, line 605]
Event: 9.015 Thread 0x0000020ee3519000 Exception <a 'java/lang/ArrayIndexOutOfBoundsException'> (0x000000077451a5f0) thrown at [C:\jenkins\workspace\8-2-build-windows-amd64-cygwin\jdk8u261\295\hotspot\src\share\vm\runtime\sharedRuntime.cpp, line 605]
Event: 9.143 Thread 0x0000020ee3519000 Exception <a 'java/lang/ArrayIndexOutOfBoundsException'> (0x0000000774a92f88) thrown at [C:\jenkins\workspace\8-2-build-windows-amd64-cygwin\jdk8u261\295\hotspot\src\share\vm\runtime\sharedRuntime.cpp, line 605]
Event: 9.177 Thread 0x0000020ee3519000 Exception <a 'java/lang/ArrayIndexOutOfBoundsException'> (0x0000000774c68728) thrown at [C:\jenkins\workspace\8-2-build-windows-amd64-cygwin\jdk8u261\295\hotspot\src\share\vm\runtime\sharedRuntime.cpp, line 605]
Event: 9.249 Thread 0x0000020ee3519000 Exception <a 'java/lang/ArrayIndexOutOfBoundsException'> (0x0000000775007cd8) thrown at [C:\jenkins\workspace\8-2-build-windows-amd64-cygwin\jdk8u261\295\hotspot\src\share\vm\runtime\sharedRuntime.cpp, line 605]
Event: 9.249 Thread 0x0000020ee3519000 Exception <a 'java/lang/ArrayIndexOutOfBoundsException'> (0x0000000775008c98) thrown at [C:\jenkins\workspace\8-2-build-windows-amd64-cygwin\jdk8u261\295\hotspot\src\share\vm\runtime\sharedRuntime.cpp, line 605]
Event: 9.249 Thread 0x0000020ee3519000 Exception <a 'java/lang/ArrayIndexOutOfBoundsException'> (0x000000077500acb8) thrown at [C:\jenkins\workspace\8-2-build-windows-amd64-cygwin\jdk8u261\295\hotspot\src\share\vm\runtime\sharedRuntime.cpp, line 605]
Event: 30.498 Thread 0x0000020e803e8800 Exception <a 'java/io/FileNotFoundException'> (0x000000077685edc8) thrown at [C:\jenkins\workspace\8-2-build-windows-amd64-cygwin\jdk8u261\295\hotspot\src\share\vm\prims\jni.cpp, line 710]

Events (10 events):
Event: 34.309 Thread 0x0000020e8247e800 Thread exited: 0x0000020e8247e800
Event: 34.309 Executing VM operation: RevokeBias
Event: 34.309 Executing VM operation: RevokeBias done
Event: 34.309 Thread 0x0000020e82476800 Thread exited: 0x0000020e82476800
Event: 34.312 Executing VM operation: RevokeBias
Event: 34.313 Executing VM operation: RevokeBias done
Event: 34.313 Thread 0x0000020e82478000 Thread exited: 0x0000020e82478000
Event: 34.313 Executing VM operation: RevokeBias
Event: 34.313 Executing VM operation: RevokeBias done
Event: 34.313 Thread 0x0000020e82477800 Thread exited: 0x0000020e82477800


Dynamic libraries:
0x00007ff659db0000 - 0x00007ff659df7000 	C:\Program Files\Java\jdk1.8.0_261\bin\java.exe
0x00007ffb82d00000 - 0x00007ffb82ef0000 	C:\WINDOWS\SYSTEM32\ntdll.dll
0x00007ffb81320000 - 0x00007ffb813d2000 	C:\WINDOWS\System32\KERNEL32.DLL
0x00007ffb7ffe0000 - 0x00007ffb80285000 	C:\WINDOWS\System32\KERNELBASE.dll
0x00007ffb819e0000 - 0x00007ffb81a83000 	C:\WINDOWS\System32\ADVAPI32.dll
0x00007ffb81dc0000 - 0x00007ffb81e5e000 	C:\WINDOWS\System32\msvcrt.dll
0x00007ffb82340000 - 0x00007ffb823d7000 	C:\WINDOWS\System32\sechost.dll
0x00007ffb81440000 - 0x00007ffb81560000 	C:\WINDOWS\System32\RPCRT4.dll
0x00007ffb81770000 - 0x00007ffb81904000 	C:\WINDOWS\System32\USER32.dll
0x00007ffb7fee0000 - 0x00007ffb7ff01000 	C:\WINDOWS\System32\win32u.dll
0x00007ffb812f0000 - 0x00007ffb81316000 	C:\WINDOWS\System32\GDI32.dll
0x00007ffb80aa0000 - 0x00007ffb80c36000 	C:\WINDOWS\System32\gdi32full.dll
0x00007ffb80d10000 - 0x00007ffb80dae000 	C:\WINDOWS\System32\msvcp_win.dll
0x00007ffb7fde0000 - 0x00007ffb7feda000 	C:\WINDOWS\System32\ucrtbase.dll
0x00007ffb63430000 - 0x00007ffb636b4000 	C:\WINDOWS\WinSxS\amd64_microsoft.windows.common-controls_6595b64144ccf1df_6.0.18362.1139_none_9e7bf2d3e4605ac6\COMCTL32.dll
0x00007ffb80db0000 - 0x00007ffb810e5000 	C:\WINDOWS\System32\combase.dll
0x00007ffb80c40000 - 0x00007ffb80cc0000 	C:\WINDOWS\System32\bcryptPrimitives.dll
0x00007ffb823f0000 - 0x00007ffb8241e000 	C:\WINDOWS\System32\IMM32.DLL
0x00007ffb4d840000 - 0x00007ffb4d855000 	C:\Program Files\Java\jdk1.8.0_261\jre\bin\vcruntime140.dll
0x00007ffb0ec30000 - 0x00007ffb0eccb000 	C:\Program Files\Java\jdk1.8.0_261\jre\bin\msvcp140.dll
0x000000006e300000 - 0x000000006eb6c000 	C:\Program Files\Java\jdk1.8.0_261\jre\bin\server\jvm.dll
0x00007ffb81b50000 - 0x00007ffb81b58000 	C:\WINDOWS\System32\PSAPI.DLL
0x00007ffb70050000 - 0x00007ffb70074000 	C:\WINDOWS\SYSTEM32\WINMM.dll
0x00007ffb7ec70000 - 0x00007ffb7ec7a000 	C:\WINDOWS\SYSTEM32\VERSION.dll
0x00007ffb65770000 - 0x00007ffb65779000 	C:\WINDOWS\SYSTEM32\WSOCK32.dll
0x00007ffb81e60000 - 0x00007ffb81ecf000 	C:\WINDOWS\System32\WS2_32.dll
0x00007ffb70010000 - 0x00007ffb7003d000 	C:\WINDOWS\SYSTEM32\winmmbase.dll
0x00007ffb80cc0000 - 0x00007ffb80d0a000 	C:\WINDOWS\System32\cfgmgr32.dll
0x00007ffb7fc50000 - 0x00007ffb7fc61000 	C:\WINDOWS\System32\kernel.appcore.dll
0x00007ffb524c0000 - 0x00007ffb524d0000 	C:\Program Files\Java\jdk1.8.0_261\jre\bin\verify.dll
0x00007ffb3a520000 - 0x00007ffb3a54b000 	C:\Program Files\Java\jdk1.8.0_261\jre\bin\java.dll
0x00007ffb5a310000 - 0x00007ffb5a346000 	C:\Program Files\Java\jdk1.8.0_261\jre\bin\jdwp.dll
0x00007ffb74730000 - 0x00007ffb74739000 	C:\Program Files\Java\jdk1.8.0_261\jre\bin\npt.dll
0x00007ffb54980000 - 0x00007ffb549b2000 	C:\Program Files\Java\jdk1.8.0_261\jre\bin\instrument.dll
0x00007ffb48d30000 - 0x00007ffb48d48000 	C:\Program Files\Java\jdk1.8.0_261\jre\bin\zip.dll
0x00007ffb825d0000 - 0x00007ffb82cb7000 	C:\WINDOWS\System32\SHELL32.dll
0x00007ffb81a90000 - 0x00007ffb81b39000 	C:\WINDOWS\System32\shcore.dll
0x00007ffb80290000 - 0x00007ffb80a10000 	C:\WINDOWS\System32\windows.storage.dll
0x00007ffb7fbd0000 - 0x00007ffb7fbf3000 	C:\WINDOWS\System32\profapi.dll
0x00007ffb7fc00000 - 0x00007ffb7fc4a000 	C:\WINDOWS\System32\powrprof.dll
0x00007ffb7fbc0000 - 0x00007ffb7fbd0000 	C:\WINDOWS\System32\UMPDC.dll
0x00007ffb81290000 - 0x00007ffb812e2000 	C:\WINDOWS\System32\shlwapi.dll
0x00007ffb7ffc0000 - 0x00007ffb7ffd7000 	C:\WINDOWS\System32\cryptsp.dll
0x00007ffb74680000 - 0x00007ffb7468a000 	C:\Program Files\Java\jdk1.8.0_261\jre\bin\dt_socket.dll
0x00007ffb7f410000 - 0x00007ffb7f477000 	C:\WINDOWS\system32\mswsock.dll
0x00007ffb3b880000 - 0x00007ffb3b89c000 	C:\Program Files\Java\jdk1.8.0_261\jre\bin\net.dll
0x00007ffb7f160000 - 0x00007ffb7f22b000 	C:\WINDOWS\SYSTEM32\DNSAPI.dll
0x00007ffb823e0000 - 0x00007ffb823e8000 	C:\WINDOWS\System32\NSI.dll
0x00007ffb7f0c0000 - 0x00007ffb7f0fa000 	C:\WINDOWS\SYSTEM32\IPHLPAPI.DLL
0x00007ffb799f0000 - 0x00007ffb799fa000 	C:\Windows\System32\rasadhlp.dll
0x00007ffb74e40000 - 0x00007ffb74eb7000 	C:\WINDOWS\System32\fwpuclnt.dll
0x00007ffb80a10000 - 0x00007ffb80a36000 	C:\WINDOWS\System32\bcrypt.dll
0x00007ffb4ec80000 - 0x00007ffb4ec8d000 	C:\Program Files\Java\jdk1.8.0_261\jre\bin\management.dll
0x00007ffb33a50000 - 0x00007ffb33a63000 	C:\Program Files\Java\jdk1.8.0_261\jre\bin\nio.dll
0x00007ffb7ef20000 - 0x00007ffb7ef53000 	C:\WINDOWS\system32\rsaenh.dll
0x00007ffb7faa0000 - 0x00007ffb7fac5000 	C:\WINDOWS\SYSTEM32\USERENV.dll
0x00007ffb7f5e0000 - 0x00007ffb7f5ec000 	C:\WINDOWS\SYSTEM32\CRYPTBASE.dll
0x00007ffb76b80000 - 0x00007ffb76b96000 	C:\WINDOWS\SYSTEM32\dhcpcsvc6.DLL
0x00007ffb780f0000 - 0x00007ffb7810c000 	C:\WINDOWS\SYSTEM32\dhcpcsvc.DLL
0x00007ffb60340000 - 0x00007ffb60356000 	C:\WINDOWS\system32\napinsp.dll
0x00007ffb602e0000 - 0x00007ffb602fa000 	C:\WINDOWS\system32\pnrpnsp.dll
0x00007ffb62800000 - 0x00007ffb6280e000 	C:\WINDOWS\System32\winrnr.dll
0x00007ffb7c230000 - 0x00007ffb7c24c000 	C:\WINDOWS\system32\NLAapi.dll
0x00007ffb7b430000 - 0x00007ffb7b445000 	C:\WINDOWS\system32\wshbth.dll
0x0000000180000000 - 0x000000018000b000 	C:\Windows\SysWOW64\jnisgfplib.dll
0x000000006f610000 - 0x000000006f6b3000 	C:\WINDOWS\WinSxS\amd64_microsoft.vc90.crt_1fc8b3b9a1e18e3b_9.0.30729.9619_none_08e065a3a84109b0\MSVCR90.dll
0x00007ffb54870000 - 0x00007ffb548ac000 	C:\windows\SysWOW64\sgfplib.dll
0x00007ffb81ed0000 - 0x00007ffb82340000 	C:\WINDOWS\System32\SETUPAPI.dll
0x00007ffb5a3a0000 - 0x00007ffb5a3b8000 	C:\windows\SysWOW64\sgwsqlib.dll
0x00007ffb81c60000 - 0x00007ffb81db7000 	C:\WINDOWS\System32\ole32.dll
0x00007ffb81560000 - 0x00007ffb81625000 	C:\WINDOWS\System32\OLEAUT32.dll
0x00007ffb7bde0000 - 0x00007ffb7bed0000 	C:\WINDOWS\SYSTEM32\PROPSYS.dll
0x00007ffb66c90000 - 0x00007ffb66cc1000 	C:\WINDOWS\SYSTEM32\winbio.dll
0x00007ffb66eb0000 - 0x00007ffb66ebf000 	C:\WINDOWS\SYSTEM32\winbioext.dll
0x0000020e83910000 - 0x0000020e8396f000 	C:\WINDOWS\SYSTEM32\sgfdu04x64.dll
0x00007ffb62d80000 - 0x00007ffb62e09000 	C:\WINDOWS\SYSTEM32\WINSPOOL.DRV
0x0000000010000000 - 0x0000000010033000 	C:\WINDOWS\SYSTEM32\sgfpaMX.dll
0x00007ffb37720000 - 0x00007ffb378b4000 	C:\Program Files\Java\jdk1.8.0_261\jre\bin\awt.dll
0x00007ffb7d8f0000 - 0x00007ffb7d97f000 	C:\WINDOWS\SYSTEM32\apphelp.dll
0x00007ffb7e410000 - 0x00007ffb7e604000 	C:\WINDOWS\SYSTEM32\dbghelp.dll

VM Arguments:
jvm_args: -agentlib:jdwp=transport=dt_socket,address=127.0.0.1:53680,suspend=y,server=n -Xms1024m -Xmx4096m -XX:MaxPermSize=1024m -XX:TieredStopAtLevel=1 -Xverify:none -Dspring.output.ansi.enabled=always -Dcom.sun.management.jmxremote -Dspring.jmx.enabled=true -Dspring.liveBeansView.mbeanDomain -Dspring.application.admin.enabled=true -javaagent:C:\Users\MGIC\AppData\Local\JetBrains\IntelliJIdea2020.1\captureAgent\debugger-agent.jar -Dfile.encoding=UTF-8 
java_command: com.nmrs.umb.biometriclinux.main.BiometricLinuxApplication
java_class_path (initial): C:\Program Files\Java\jdk1.8.0_261\jre\lib\charsets.jar;C:\Program Files\Java\jdk1.8.0_261\jre\lib\deploy.jar;C:\Program Files\Java\jdk1.8.0_261\jre\lib\ext\access-bridge-64.jar;C:\Program Files\Java\jdk1.8.0_261\jre\lib\ext\cldrdata.jar;C:\Program Files\Java\jdk1.8.0_261\jre\lib\ext\dnsns.jar;C:\Program Files\Java\jdk1.8.0_261\jre\lib\ext\jaccess.jar;C:\Program Files\Java\jdk1.8.0_261\jre\lib\ext\jfxrt.jar;C:\Program Files\Java\jdk1.8.0_261\jre\lib\ext\localedata.jar;C:\Program Files\Java\jdk1.8.0_261\jre\lib\ext\nashorn.jar;C:\Program Files\Java\jdk1.8.0_261\jre\lib\ext\sunec.jar;C:\Program Files\Java\jdk1.8.0_261\jre\lib\ext\sunjce_provider.jar;C:\Program Files\Java\jdk1.8.0_261\jre\lib\ext\sunmscapi.jar;C:\Program Files\Java\jdk1.8.0_261\jre\lib\ext\sunpkcs11.jar;C:\Program Files\Java\jdk1.8.0_261\jre\lib\ext\zipfs.jar;C:\Program Files\Java\jdk1.8.0_261\jre\lib\javaws.jar;C:\Program Files\Java\jdk1.8.0_261\jre\lib\jce.jar;C:\Program Files\Java\jdk1.8.0_261\jre\lib\jfr.jar;C:\Program Files\Java\jdk1.8.0_261\jre\lib\jfxswt.jar;C:\Program Files\Java\jdk1.8.0_261\jre\lib\jsse.jar;C:\Program Files\Java\jdk1.8.0_261\jre\lib\management-agent.jar;C:\Program Files\Java\jdk1.8.0_261\jre\lib\plugin.jar;C:\Program Files\Java\jdk1.8.0_261\jre\lib\resources.jar;C:\Program Files\Java\jdk1.8.0_261\jre\lib\rt.jar;C:\MGIC\nmrs-biometric\target\classes;C:\Users\MGIC\.m2\repository\mysql\mysql-connector-java\8.0.15\mysql-connector-java-8.0.15.jar;C:\Users\MGIC\.m2\repository\org\springframework\boot\spring-boot-starter-web\2.1.2.RELEASE\spring-boot-starter-web-2.1.2.RELEASE.jar;C:\Users\MGIC\.m2\repository\org\springframework\boot\spring-boot-starter\2.1.2.RELEASE\spring-boot-starter-2.1.2.RELEASE.jar;C:\Users\MGIC\.m2\repository\org\springframework\boot\spring-boot\2.1.2.RELEASE\spring-boot-2.1.2.RELEASE.jar;C:\Users\MGIC\.m2\repository\org\springframework\boot\spring-boot-autoconfigure\2.1.2.RELEASE\spring-boot-autoconfigure-2.1.2.RELEASE.jar;C:\Users
Launcher Type: SUN_STANDARD

Environment Variables:
JAVA_HOME=C:\Program Files\Java\jdk1.8.0_271
PATH=C:\Program Files (x86)\Common Files\Oracle\Java\javapath;C:\WINDOWS\system32;C:\WINDOWS;C:\WINDOWS\System32\Wbem;C:\WINDOWS\System32\WindowsPowerShell\v1.0\;C:\WINDOWS\System32\OpenSSH\;C:\Program Files\Java\jdk1.8.0_271\bin;C:\Program Files\Git\cmd;C:\apache-maven-3.6.3\bin;C:\Program Files\MySQL\MySQL Server 5.7\bin;C:\Program Files\Git\bin;C:\Program Files\liquibase;C:\windows\SysWOW64;C:\Program Files\MySQL\MySQL Shell 8.0\bin\;C:\Users\MGIC\AppData\Local\Microsoft\WindowsApps;C:\Users\MGIC\AppData\Local\GitHubDesktop\bin;C:\Program Files\Java\jdk1.8.0_261\bin;C:\Users\MGIC\AppData\Local\Programs\Microsoft VS Code\bin;C:\apache-maven-3.6.3\bin;C:\Program Files\MySQL\MySQL Server 5.7\bin;C:\Program Files\Git\bin;C:\Program Files\liquibase;
USERNAME=MGIC
OS=Windows_NT
PROCESSOR_IDENTIFIER=Intel64 Family 6 Model 142 Stepping 12, GenuineIntel



---------------  S Y S T E M  ---------------

OS: Windows 10.0 , 64 bit Build 18362 (10.0.18362.1110)

CPU:total 8 (initial active 8) (4 cores per cpu, 2 threads per core) family 6 model 142 stepping 12, cmov, cx8, fxsr, mmx, sse, sse2, sse3, ssse3, sse4.1, sse4.2, popcnt, avx, avx2, aes, clmul, erms, 3dnowpref, lzcnt, ht, tsc, tscinvbit, bmi1, bmi2, adx

Memory: 4k page, physical 33356064k(15799432k free), swap 38336800k(9647704k free)

vm_info: Java HotSpot(TM) 64-Bit Server VM (25.261-b12) for windows-amd64 JRE (1.8.0_261-b12), built on Jun 18 2020 06:56:32 by "" with unknown MS VC++:1916

time: Wed Nov  4 19:34:57 2020
timezone: W. Central Africa Standard Time
elapsed time: 34 seconds (0d 0h 0m 34s)

