#
# A fatal error has been detected by the Java Runtime Environment:
#
#  EXCEPTION_ACCESS_VIOLATION (0xc0000005) at pc=0x00007ffb37807fa8, pid=28280, tid=0x0000000000007530
#
# JRE version: Java(TM) SE Runtime Environment (8.0_261-b12) (build 1.8.0_261-b12)
# Java VM: Java HotSpot(TM) 64-Bit Server VM (25.261-b12 mixed mode windows-amd64 compressed oops)
# Problematic frame:
# C  [sgfplib.dll+0x7fa8]
#
# Failed to write core dump. Minidumps are not enabled by default on client versions of Windows
#
# If you would like to submit a bug report, please visit:
#   http://bugreport.java.com/bugreport/crash.jsp
# The crash happened outside the Java Virtual Machine in native code.
# See problematic frame for where to report the bug.
#

---------------  T H R E A D  ---------------

Current thread (0x0000028d4d7e9800):  JavaThread "pool-1-thread-1" [_thread_in_native, id=30000, stack(0x000000f4ff500000,0x000000f4ff600000)]

siginfo: ExceptionCode=0xc0000005, reading address 0x0000000000000008

Registers:
RAX=0x0000000000000400, RBX=0x0000000000000000, RCX=0x0000000000000200, RDX=0x0000000000000000
RSP=0x000000f4ff5fefe0, RBP=0x000000f4ff5ff248, RSI=0x0000028d4c72b970, RDI=0x0000000000000190
R8 =0x0000000000000100, R9 =0x0000000000000000, R10=0x00007ffb37826a88, R11=0x0000000000000000
R12=0x0000000000000000, R13=0x0000000000000100, R14=0x0000000000000100, R15=0x0000000000000300
RIP=0x00007ffb37807fa8, EFLAGS=0x0000000000010246

Top of Stack: (sp=0x000000f4ff5fefe0)
0x000000f4ff5fefe0:   00000000000000b4 00007ffb3780fccb
0x000000f4ff5feff0:   00000000000000b6 0000028d50250080
0x000000f4ff5ff000:   00000000000000b4 00000000000000b4
0x000000f4ff5ff010:   0000028d50250080 00007ffb3780fccb
0x000000f4ff5ff020:   fffffffffffffffe 0000028d50250080
0x000000f4ff5ff030:   00000000000000b4 00007ffb37804743
0x000000f4ff5ff040:   0000000000000000 0000000000000000
0x000000f4ff5ff050:   0000000000000000 00000000000000b4
0x000000f4ff5ff060:   0000028d4d7e9800 000000f4ff5ff2a0
0x000000f4ff5ff070:   0000028d4ee91fd8 0000000000000000
0x000000f4ff5ff080:   0000000000000000 0000028d4c72b970
0x000000f4ff5ff090:   000000f4ff5ff248 00007ffb3780792c
0x000000f4ff5ff0a0:   000000f4ff5ff2a0 0000000000000000
0x000000f4ff5ff0b0:   0000000000000000 0000028d00000000
0x000000f4ff5ff0c0:   0000028d4c637d90 000000006e460100
0x000000f4ff5ff0d0:   0000028d00000000 000000f4ff5ff168 

Instructions: (pc=0x00007ffb37807fa8)
0x00007ffb37807f88:   8d 4c 24 48 e8 8f ca ff ff eb 10 66 45 3b f5 74