#
# A fatal error has been detected by the Java Runtime Environment:
#
#  EXCEPTION_ACCESS_VIOLATION (0xc0000005) at pc=0x00007ffb54877fa8, pid=31192, tid=0x0000000000005148
#
# JRE version: Java(TM) SE Runtime Environment (8.0_261-b12) (build 1.8.0_261-b12)
# Java VM: Java HotSpot(TM) 64-Bit Server VM (25.261-b12 mixed mode windows-amd64 compressed oops)
# Problematic frame:
# C  [sgfplib.dll+0x7fa8]
#
# Failed to write core dump. Minidumps are not enabled by default on client versions of Windows
#
# If you would like to submit a bug report, please visit:
#   http://bugreport.java.com/bugreport/crash.jsp
# The crash happened outside the Java Virtual Machine in native code.
# See problematic frame for where to report the bug.
#

---------------  T H R E A D  ---------------

Current thread (0x000001ae3ee79000):  JavaThread "pool-1-thread-1" [_thread_in_native, id=20808, stack(0x0000006434900000,0x0000006434a00000)]

siginfo: ExceptionCode=0xc0000005, reading address 0x0000000000000008

Registers:
RAX=0x0000000000000400, RBX=0x0000000000000000, RCX=0x0000000000000200, RDX=0x0000000000000000
RSP=0x00000064349fec10, RBP=0x00000064349fee70, RSI=0x000001ae3f6579d0, RDI=0x0000000000000190
R8 =0x0000000000000100, R9 =0x0000000000000000, R10=0x00007ffb54896a88, R11=0x0000000000000000
R12=0x0000000000000000, R13=0x0000000000000100, R14=0x0000000000000100, R15=0x0000000000000300
RIP=0x00007ffb54877fa8, EFLAGS=0x0000000000010246

Top of Stack: (sp=0x00000064349fec10)
0x00000064349fec10:   00000000000000c6 00007ffb5487fccb
0x00000064349fec20:   00000000000000c8 000001ae418c0080
0x00000064349fec30:   00000000000000c6 00000000000000c6
0x00000064349fec40:   000001ae418c0080 00007ffb5487fccb
0x00000064349fec50:   fffffffffffffffe 000001ae418c0080
0x00000064349fec60:   00000000000000c6 00007ffb54874743
0x00000064349fec70:   0000000000000000 0000000000000000
0x00000064349fec80:   0000000000000000 00000000000000c6
0x00000064349fec90:   000001ae3ee79000 00000064349feec8
0x00000064349feca0:   000001ae40533b78 0000000000000000
0x00000064349fecb0:   0000000000000000 000001ae3f6579d0
0x00000064349fecc0:   00000064349fee70 00007ffb5487792c
0x00000064349fecd0:   00000064349feec8 0000000000000000
0x00000064349fece0:   0000000000000000 000001ae00000000
0x00000064349fecf0:   000001ae3f697080 000000006e460100
