#
# A fatal error has been detected by the Java Runtime Environment:
#
#  EXCEPTION_ACCESS_VIOLATION (0xc0000005) at pc=0x00007ffb54987fa8, pid=32592, tid=0x0000000000005e20
#
# JRE version: Java(TM) SE Runtime Environment (8.0_261-b12) (build 1.8.0_261-b12)
# Java VM: Java HotSpot(TM) 64-Bit Server VM (25.261-b12 mixed mode windows-amd64 compressed oops)
# Problematic frame:
# C  [sgfplib.dll+0x7fa8]
#
# Failed to write core dump. Minidumps are not enabled by default on client versions of Windows
#
# If you would like to submit a bug report, please visit:
#   http://bugreport.java.com/bugreport/crash.jsp
# The crash happened outside the Java Virtual Machine in native code.
# See problematic frame for where to report the bug.
#

---------------  T H R E A D  ---------------

Current thread (0x000001c062e37800):  JavaThread "pool-1-thread-2" [_thread_in_native, id=24096, stack(0x00000010a0600000,0x00000010a0700000)]

siginfo: ExceptionCode=0xc0000005, reading address 0x0000000000000008

Registers:
RAX=0x0000000000000400, RBX=0x0000000000000000, RCX=0x0000000000000200, RDX=0x0000000000000000
RSP=0x00000010a06feec0, RBP=0x00000010a06ff1a8, RSI=0x000001c061a449e0, RDI=0x0000000000000190
R8 =0x0000000000000100, R9 =0x0000000000000000, R10=0x00007ffb549a6a88, R11=0x0000000000000000
R12=0x0000000000000000, R13=0x0000000000000100, R14=0x0000000000000100, R15=0x0000000000000300
RIP=0x00007ffb54987fa8, EFLAGS=0x0000000000010246

Top of Stack: (sp=0x00000010a06feec0)
0x00000010a06feec0:   000001c062e37800 0000000000000100
0x00000010a06feed0:   000001c0645114d0 0000000000000000
0x00000010a06feee0:   00000010a06ff028 00007ffb54990993
0x00000010a06feef0:   0000000000000002 00000000000000e0
0x00000010a06fef00:   fffffffffffffffe 00000000000000e0
0x00000010a06fef10:   00000000000000de 00007ffb5498fccb
0x00000010a06fef20:   00000000000000e0 000001c06573f370
0x00000010a06fef30:   00000000000000de 00000000000000de
0x00000010a06fef40:   000001c062e37800 00000010a06ff210
0x00000010a06fef50:   000001c0645114d0 0000000000000000
0x00000010a06fef60:   000001c061a449e0 000000000000005a
0x00000010a06fef70:   00000010a06ff1a8 00007ffb54988b52
0x00000010a06fef80:   0000000000000000 0000000000000000
0x00000010a06fef90:   0000000000000000 00007ffb00000000
0x00000010a06fefa0:   000001c061a28990 000001c065730100
0x00000010a06fefb0:   0000000000000000 00000010a06fefd0 

Instructions: (pc=0x00007ffb54987fa8)
0x00007ffb54987f88:   8d 4c 24 48 e8 8f ca ff ff eb 10 66 45 3b f5 74
0x00007ffb54987f98:   0f b8 66 00 00 00 e9 c1 01 00 00 b9 00 02 00 00
0x00007ffb54987fa8:   0f b6 43 08 66 c1 e0 08 44 0f b7 e0 0f b6 43 09
0x00007ffb54987fb8:   44 0b e0 b8 00 04 00 00 0f b7 ac 24 e8 00 00 00 


Register to memory mapping:

RAX=0x0000000000000400 is an unknown value
RBX=0x0000000000000000 is an unknown value
RCX=0x0000000000000200 is an unknown value
RDX=0x0000000000000000 is an unknown value
RSP=0x00000010a06feec0 is pointing into the stack for thread: 0x000001c062e37800
RBP=0x00000010a06ff1a8 is pointing into the stack for thread: 0x000001c062e37800
RSI=0x000001c061a449e0 is an unknown value
RDI=0x0000000000000190 is an unknown value
R8 =0x0000000000000100 is an unknown value
R9 =0x0000000000000000 is an unknown value
R10=0x00007ffb549a6a88 is an unknown value
R11=0x0000000000000000 is an unknown value
R12=0x0000000000000000 is an unknown value
R13=0x0000000000000100 is an unknown value
R14=0x0000000000000100 is an unknown value
R15=0x0000000000000300 is an unknown value


Stack: [0x00000010a0600000,0x00000010a0700000],  sp=0x00000010a06feec0,  free space=1019k
Native frames: (J=compiled Java code, j=interpreted, Vv=VM code, C=native code)
C  [sgfplib.dll+0x7fa8]
C  [sgfplib.dll+0x8b52]
C  [sgfplib.dll+0x8a07]
C  [jnisgfplib.dll+0x27a4]
C  0x000001c046144c47

Java frames: (J=compiled Java code, j=interpreted, Vv=VM code)
j  SecuGen.FDxSDKPro.jni.JSGFPLib.MatchIsoTemplate([BJ[BJJ[Z)J+0
j  com.nmrs.umb.biometriclinux.main.FingerPrintUtilImpl.getMatchedRecord(Ljava/util/List;[Z[B)I+128
j  com.nmrs.umb.biometriclinux.main.FingerPrintUtilImpl.lambda$verify$0(Ljava/util/List;[Z[BLjava/util/concurrent/ConcurrentHashMap;Ljava/util/concurrent/ExecutorService;)V+4
j  com.nmrs.umb.biometriclinux.main.FingerPrintUtilImpl$$Lambda$414.run()V+24
j  java.lang.Thread.run()V+11
j  java.util.concurrent.Executors$RunnableAdapter.call()Ljava/lang/Object;+4
j  java.util.concurrent.FutureTask.run$$$capture()V+42
j  java.util.concurrent.FutureTask.run()V+5
j  java.util.concurrent.ThreadPoolExecutor.runWorker(Ljava/util/concurrent/ThreadPoolExecutor$Worker;)V+95
j  java.util.concurrent.ThreadPoolExecutor$Worker.run()V+5
j  java.lang.Thread.run()V+11
v  ~StubRoutines::call_stub

---------------  P R O C E S S  ---------------

Java Threads: ( => current thread )
  0x000001c06135e000 JavaThread "pool-1-thread-28" [_thread_in_native, id=28260, stack(0x00000010a2000000,0x00000010a2100000)]
  0x000001c06135f000 JavaThread "pool-1-thread-22" [_thread_in_native, id=29528, stack(0x00000010a1a00000,0x00000010a1b00000)]
  0x000001c061359000 JavaThread "pool-1-thread-21" [_thread_in_native, id=24664, stack(0x00000010a1900000,0x00000010a1a00000)]
  0x000001c06135a800 JavaThread "pool-1-thread-20" [_thread_in_native, id=23044, stack(0x00000010a1800000,0x00000010a1900000)]
  0x000001c061351800 JavaThread "pool-1-thread-19" [_thread_in_native, id=28460, stack(0x00000010a1700000,0x00000010a1800000)]
  0x000001c061353800 JavaThread "pool-1-thread-18" [_thread_in_native, id=6928, stack(0x00000010a1600000,0x00000010a1700000)]
  0x000001c061356000 JavaThread "pool-1-thread-17" [_thread_in_native, id=4208, stack(0x00000010a1500000,0x00000010a1600000)]
  0x000001c061358000 JavaThread "pool-1-thread-16" [_thread_in_native, id=32184, stack(0x00000010a1400000,0x00000010a1500000)]
  0x000001c061350800 JavaThread "pool-1-thread-15" [_thread_in_native, id=5736, stack(0x00000010a1300000,0x00000010a1400000)]
  0x000001c061352000 JavaThread "pool-1-thread-14" [_thread_in_native, id=26316, stack(0x00000010a1200000,0x00000010a1300000)]
  0x000001c061355000 JavaThread "pool-1-thread-13" [_thread_in_native, id=32948, stack(0x00000010a1100000,0x00000010a1200000)]
  0x000001c061356800 JavaThread "pool-1-thread-12" [_thread_in_native, id=26440, stack(0x00000010a1000000,0x00000010a1100000)]
  0x000001c061354800 JavaThread "pool-1-thread-11" [_thread_in_native, id=30008, stack(0x00000010a0f00000,0x00000010a1000000)]
  0x000001c061357800 JavaThread "pool-1-thread-10" [_thread_in_native, id=25548, stack(0x00000010a0e00000,0x00000010a0f00000)]
  0x000001c061350000 JavaThread "pool-1-thread-9" [_thread_in_native, id=27388, stack(0x00000010a0d00000,0x00000010a0e00000)]
  0x000001c061353000 JavaThread "pool-1-thread-8" [_thread_in_native, id=31988, stack(0x00000010a0c00000,0x00000010a0d00000)]
  0x000001c062e3a800 JavaThread "pool-1-thread-7" [_thread_in_native, id=12244, stack(0x00000010a0b00000,0x00000010a0c00000)]
  0x000001c062e39800 JavaThread "pool-1-thread-6" [_thread_in_native, id=28960, stack(0x00000010a0a00000,0x00000010a0b00000)]
  0x000001c062e39000 JavaThread "pool-1-thread-5" [_thread_in_native, id=30812, stack(0x00000010a0900000,0x00000010a0a00000)]
  0x000001c062e38000 JavaThread "pool-1-thread-4" [_thread_in_native, id=20076, stack(0x00000010a0800000,0x00000010a0900000)]
  0x000001c062e36000 JavaThread "pool-1-thread-3" [_thread_in_native, id=25620, stack(0x00000010a0700000,0x00000010a0800000)]
=>0x000001c062e37800 JavaThread "pool-1-thread-2" [_thread_in_native, id=24096, stack(0x00000010a0600000,0x00000010a0700000)]
  0x000001c062e33800 JavaThread "pool-1-thread-1" [_thread_in_native, id=27748, stack(0x00000010a0500000,0x00000010a0600000)]
  0x000001c062e32000 JavaThread "mysql-cj-abandoned-connection-cleanup" daemon [_thread_blocked, id=31124, stack(0x00000010a0400000,0x00000010a0500000)]
  0x000001c062e36800 JavaThread "RMI TCP Connection(idle)" daemon [_thread_blocked, id=27996, stack(0x00000010a0000000,0x00000010a0100000)]
  0x000001c062e35000 JavaThread "DestroyJavaVM" [_thread_blocked, id=836, stack(0x000000109d600000,0x000000109d700000)]
  0x000001c062e2e800 JavaThread "http-nio-2018-Acceptor-0" daemon [_thread_in_native, id=30096, stack(0x000000109ff00000,0x00000010a0000000)]
  0x000001c062e30800 JavaThread "http-nio-2018-ClientPoller-1" daemon [_thread_in_native, id=14280, stack(0x000000109fe00000,0x000000109ff00000)]
  0x000001c062e30000 JavaThread "http-nio-2018-ClientPoller-0" daemon [_thread_in_native, id=33028, stack(0x000000109fd00000,0x000000109fe00000)]
  0x000001c062e31800 JavaThread "http-nio-2018-exec-10" daemon [_thread_blocked, id=22460, stack(0x000000109fc00000,0x000000109fd00000)]
  0x000001c062e2f000 JavaThread "http-nio-2018-exec-9" daemon [_thread_blocked, id=28616, stack(0x000000109fb00000,0x000000109fc00000)]
  0x000001c062e34800 JavaThread "http-nio-2018-exec-8" daemon [_thread_blocked, id=28412, stack(0x000000109fa00000,0x000000109fb00000)]
  0x000001c062e2c000 JavaThread "http-nio-2018-exec-7" daemon [_thread_blocked, id=28116, stack(0x000000109f900000,0x000000109fa00000)]
  0x000001c062e2d800 JavaThread "http-nio-2018-exec-6" daemon [_thread_blocked, id=29256, stack(0x000000109f800000,0x000000109f900000)]
  0x000001c062e33000 JavaThread "http-nio-2018-exec-5" daemon [_thread_blocked, id=28080, stack(0x000000109f700000,0x000000109f800000)]
  0x000001c062e2b800 JavaThread "http-nio-2018-exec-4" daemon [_thread_blocked, id=28016, stack(0x000000109f600000,0x000000109f700000)]
  0x000001c062e2d000 JavaThread "http-nio-2018-exec-3" daemon [_thread_blocked, id=20888, stack(0x000000109f500000,0x000000109f600000)]
  0x000001c061646800 JavaThread "http-nio-2018-exec-2" daemon [_thread_blocked, id=27804, stack(0x000000109f400000,0x000000109f500000)]
  0x000001c061645800 JavaThread "http-nio-2018-exec-1" daemon [_thread_blocked, id=32900, stack(0x000000109f300000,0x000000109f400000)]
  0x000001c061644000 JavaThread "NioBlockingSelector.BlockPoller-1" daemon [_thread_in_native, id=5332, stack(0x000000109f200000,0x000000109f300000)]
  0x000001c061643800 JavaThread "container-0" [_thread_blocked, id=33748, stack(0x000000109f100000,0x000000109f200000)]
  0x000001c061642800 JavaThread "Catalina-utility-1" [_thread_blocked, id=32516, stack(0x000000109f000000,0x000000109f100000)]
  0x000001c061647000 JavaThread "RMI Scheduler(0)" daemon [_thread_blocked, id=29472, stack(0x000000109ef00000,0x000000109f000000)]
  0x000001c061645000 JavaThread "RMI TCP Connection(idle)" daemon [_thread_blocked, id=20676, stack(0x000000109ee00000,0x000000109ef00000)]
  0x000001c061648800 JavaThread "RMI TCP Accept-0" daemon [_thread_in_native, id=31984, stack(0x000000109ec00000,0x000000109ed00000)]
  0x000001c061642000 JavaThread "Service Thread" daemon [_thread_blocked, id=22940, stack(0x000000109eb00000,0x000000109ec00000)]
  0x000001c06158a800 JavaThread "C1 CompilerThread3" daemon [_thread_blocked, id=24980, stack(0x000000109ea00000,0x000000109eb00000)]
  0x000001c06157d800 JavaThread "C2 CompilerThread2" daemon [_thread_blocked, id=13200, stack(0x000000109e900000,0x000000109ea00000)]
  0x000001c06157d000 JavaThread "C2 CompilerThread1" daemon [_thread_blocked, id=30064, stack(0x000000109e800000,0x000000109e900000)]
  0x000001c06157c000 JavaThread "C2 CompilerThread0" daemon [_thread_blocked, id=33372, stack(0x000000109e700000,0x000000109e800000)]
  0x000001c05f501000 JavaThread "JDWP Command Reader" daemon [_thread_in_native, id=5928, stack(0x000000109e600000,0x000000109e700000)]
  0x000001c05f4fb000 JavaThread "JDWP Event Helper Thread" daemon [_thread_blocked, id=28240, stack(0x000000109e500000,0x000000109e600000)]
  0x000001c05f4f8000 JavaThread "JDWP Transport Listener: dt_socket" daemon [_thread_blocked, id=26712, stack(0x000000109e400000,0x000000109e500000)]
  0x000001c05f4df800 JavaThread "Attach Listener" daemon [_thread_blocked, id=2176, stack(0x000000109e300000,0x000000109e400000)]
  0x000001c05f4de000 JavaThread "Signal Dispatcher" daemon [_thread_blocked, id=20628, stack(0x000000109e200000,0x000000109e300000)]
  0x000001c05f4b3000 JavaThread "Finalizer" daemon [_thread_blocked, id=20448, stack(0x000000109e100000,0x000000109e200000)]
  0x000001c05f4ab000 JavaThread "Reference Handler" daemon [_thread_blocked, id=29728, stack(0x000000109e000000,0x000000109e100000)]

Other Threads:
  0x000001c05f47f000 VMThread [stack: 0x000000109df00000,0x000000109e000000] [id=1420]
  0x000001c0618d0000 WatcherThread [stack: 0x000000109ed00000,0x000000109ee00000] [id=28804]

VM state:not at safepoint (normal execution)

VM Mutex/Monitor currently owned by a thread: None

heap address: 0x00000006c0000000, size: 4096 MB, Compressed Oops mode: Zero based, Oop shift amount: 3
Narrow klass base: 0x0000000000000000, Narrow klass shift: 3
Compressed class space size: 1073741824 Address: 0x00000007c0000000

Heap:
 PSYoungGen      total 305664K, used 97169K [0x000000076ab00000, 0x0000000788200000, 0x00000007c0000000)
  eden space 262144K, 20% used [0x000000076ab00000,0x000000076df64fd0,0x000000077ab00000)
  from space 43520K, 99% used [0x000000077ab00000,0x000000077d57f4c8,0x000000077d580000)
  to   space 43520K, 0% used [0x0000000785780000,0x0000000785780000,0x0000000788200000)
 ParOldGen       total 786432K, used 33430K [0x00000006c0000000, 0x00000006f0000000, 0x000000076ab00000)
  object space 786432K, 4% used [0x00000006c0000000,0x00000006c20a5810,0x00000006f0000000)
 Metaspace       used 35614K, capacity 37254K, committed 37504K, reserved 1081344K
  class space    used 4640K, capacity 4963K, committed 4992K, reserved 1048576K

Card table byte_map: [0x000001c0554e0000,0x000001c055cf0000] byte_map_base: 0x000001c051ee0000

Marking Bits: (ParMarkBitMap*) 0x000000006eaf4fb0
 Begin Bits: [0x000001c056250000, 0x000001c05a250000)
 End Bits:   [0x000001c05a250000, 0x000001c05e250000)

Polling page: 0x000001c044810000

CodeCache: size=245760Kb used=7824Kb max_used=7839Kb free=237935Kb
 bounds [0x000001c046120000, 0x000001c0468d0000, 0x000001c055120000]
 total_blobs=4038 nmethods=3531 adapters=425
 compilation: enabled

Compilation events (10 events):
Event: 50.996 Thread 0x000001c06158a800 3573       1       sun.nio.ch.WindowsSelectorImpl::access$1200 (5 bytes)
Event: 50.996 Thread 0x000001c06158a800 nmethod 3573 0x000001c0463a7790 code [0x000001c0463a78e0, 0x000001c0463a79d8]
Event: 50.997 Thread 0x000001c06158a800 3574       1       sun.nio.ch.WindowsSelectorImpl::access$1400 (5 bytes)
Event: 50.997 Thread 0x000001c06158a800 nmethod 3574 0x000001c0463523d0 code [0x000001c046352520, 0x000001c046352618]
Event: 50.997 Thread 0x000001c06158a800 3575       1       sun.nio.ch.WindowsSelectorImpl::access$1500 (5 bytes)
Event: 50.998 Thread 0x000001c06158a800 nmethod 3575 0x000001c0463ae250 code [0x000001c0463ae3a0, 0x000001c0463ae498]
Event: 51.102 Thread 0x000001c06158a800 3576   !   1       sun.nio.ch.SelectorImpl::processDeregisterQueue (101 bytes)
Event: 51.103 Thread 0x000001c06158a800 nmethod 3576 0x000001c0463ad590 code [0x000001c0463ad780, 0x000001c0463add20]
Event: 53.998 Thread 0x000001c06158a800 3577       1       org.apache.tomcat.util.net.NioEndpoint$NioSocketWrapper::interestOps (5 bytes)
Event: 53.998 Thread 0x000001c06158a800 nmethod 3577 0x000001c0463ad2d0 code [0x000001c0463ad420, 0x000001c0463ad538]

GC Heap History (10 events):
Event: 5.253 GC heap before
{Heap before GC invocations=1 (full 0):
 PSYoungGen      total 305664K, used 152055K [0x000000076ab00000, 0x0000000780000000, 0x00000007c0000000)
  eden space 262144K, 58% used [0x000000076ab00000,0x0000000773f7dcc0,0x000000077ab00000)
  from space 43520K, 0% used [0x000000077d580000,0x000000077d580000,0x0000000780000000)
  to   space 43520K, 0% used [0x000000077ab00000,0x000000077ab00000,0x000000077d580000)
 ParOldGen       total 699392K, used 0K [0x00000006c0000000, 0x00000006eab00000, 0x000000076ab00000)
  object space 699392K, 0% used [0x00000006c0000000,0x00000006c0000000,0x00000006eab00000)
 Metaspace       used 20737K, capacity 21190K, committed 21296K, reserved 1067008K
  class space    used 2724K, capacity 2862K, committed 2944K, reserved 1048576K
Event: 5.281 GC heap after
Heap after GC invocations=1 (full 0):
 PSYoungGen      total 305664K, used 14149K [0x000000076ab00000, 0x0000000780000000, 0x00000007c0000000)
  eden space 262144K, 0% used [0x000000076ab00000,0x000000076ab00000,0x000000077ab00000)
  from space 43520K, 32% used [0x000000077ab00000,0x000000077b8d1428,0x000000077d580000)
  to   space 43520K, 0% used [0x000000077d580000,0x000000077d580000,0x0000000780000000)
 ParOldGen       total 699392K, used 16K [0x00000006c0000000, 0x00000006eab00000, 0x000000076ab00000)
  object space 699392K, 0% used [0x00000006c0000000,0x00000006c0004000,0x00000006eab00000)
 Metaspace       used 20737K, capacity 21190K, committed 21296K, reserved 1067008K
  class space    used 2724K, capacity 2862K, committed 2944K, reserved 1048576K
}
Event: 5.281 GC heap before
{Heap before GC invocations=2 (full 1):
 PSYoungGen      total 305664K, used 14149K [0x000000076ab00000, 0x0000000780000000, 0x00000007c0000000)
  eden space 262144K, 0% used [0x000000076ab00000,0x000000076ab00000,0x000000077ab00000)
  from space 43520K, 32% used [0x000000077ab00000,0x000000077b8d1428,0x000000077d580000)
  to   space 43520K, 0% used [0x000000077d580000,0x000000077d580000,0x0000000780000000)
 ParOldGen       total 699392K, used 16K [0x00000006c0000000, 0x00000006eab00000, 0x000000076ab00000)
  object space 699392K, 0% used [0x00000006c0000000,0x00000006c0004000,0x00000006eab00000)
 Metaspace       used 20737K, capacity 21190K, committed 21296K, reserved 1067008K
  class space    used 2724K, capacity 2862K, committed 2944K, reserved 1048576K
Event: 5.344 GC heap after
Heap after GC invocations=2 (full 1):
 PSYoungGen      total 305664K, used 0K [0x000000076ab00000, 0x0000000780000000, 0x00000007c0000000)
  eden space 262144K, 0% used [0x000000076ab00000,0x000000076ab00000,0x000000077ab00000)
  from space 43520K, 0% used [0x000000077ab00000,0x000000077ab00000,0x000000077d580000)
  to   space 43520K, 0% used [0x000000077d580000,0x000000077d580000,0x0000000780000000)
 ParOldGen       total 699392K, used 13542K [0x00000006c0000000, 0x00000006eab00000, 0x000000076ab00000)
  object space 699392K, 1% used [0x00000006c0000000,0x00000006c0d399a0,0x00000006eab00000)
 Metaspace       used 20736K, capacity 21184K, committed 21296K, reserved 1067008K
  class space    used 2724K, capacity 2861K, committed 2944K, reserved 1048576K
}
Event: 32.481 GC heap before
{Heap before GC invocations=3 (full 1):
 PSYoungGen      total 305664K, used 201008K [0x000000076ab00000, 0x0000000780000000, 0x00000007c0000000)
  eden space 262144K, 76% used [0x000000076ab00000,0x0000000776f4c3e8,0x000000077ab00000)
  from space 43520K, 0% used [0x000000077ab00000,0x000000077ab00000,0x000000077d580000)
  to   space 43520K, 0% used [0x000000077d580000,0x000000077d580000,0x0000000780000000)
 ParOldGen       total 699392K, used 13542K [0x00000006c0000000, 0x00000006eab00000, 0x000000076ab00000)
  object space 699392K, 1% used [0x00000006c0000000,0x00000006c0d399a0,0x00000006eab00000)
 Metaspace       used 33745K, capacity 35328K, committed 35496K, reserved 1079296K
  class space    used 4463K, capacity 4758K, committed 4864K, reserved 1048576K
Event: 32.503 GC heap after
Heap after GC invocations=3 (full 1):
 PSYoungGen      total 305664K, used 20762K [0x000000076ab00000, 0x0000000783300000, 0x00000007c0000000)
  eden space 262144K, 0% used [0x000000076ab00000,0x000000076ab00000,0x000000077ab00000)
  from space 43520K, 47% used [0x000000077d580000,0x000000077e9c69a8,0x0000000780000000)
  to   space 43520K, 0% used [0x000000077ab00000,0x000000077ab00000,0x000000077d580000)
 ParOldGen       total 699392K, used 13614K [0x00000006c0000000, 0x00000006eab00000, 0x000000076ab00000)
  object space 699392K, 1% used [0x00000006c0000000,0x00000006c0d4b9b0,0x00000006eab00000)
 Metaspace       used 33745K, capacity 35328K, committed 35496K, reserved 1079296K
  class space    used 4463K, capacity 4758K, committed 4864K, reserved 1048576K
}
Event: 32.503 GC heap before
{Heap before GC invocations=4 (full 2):
 PSYoungGen      total 305664K, used 20762K [0x000000076ab00000, 0x0000000783300000, 0x00000007c0000000)
  eden space 262144K, 0% used [0x000000076ab00000,0x000000076ab00000,0x000000077ab00000)
  from space 43520K, 47% used [0x000000077d580000,0x000000077e9c69a8,0x0000000780000000)
  to   space 43520K, 0% used [0x000000077ab00000,0x000000077ab00000,0x000000077d580000)
 ParOldGen       total 699392K, used 13614K [0x00000006c0000000, 0x00000006eab00000, 0x000000076ab00000)
  object space 699392K, 1% used [0x00000006c0000000,0x00000006c0d4b9b0,0x00000006eab00000)
 Metaspace       used 33745K, capacity 35328K, committed 35496K, reserved 1079296K
  class space    used 4463K, capacity 4758K, committed 4864K, reserved 1048576K
Event: 32.565 GC heap after
Heap after GC invocations=4 (full 2):
 PSYoungGen      total 305664K, used 0K [0x000000076ab00000, 0x0000000783300000, 0x00000007c0000000)
  eden space 262144K, 0% used [0x000000076ab00000,0x000000076ab00000,0x000000077ab00000)
  from space 43520K, 0% used [0x000000077d580000,0x000000077d580000,0x0000000780000000)
  to   space 43520K, 0% used [0x000000077ab00000,0x000000077ab00000,0x000000077d580000)
 ParOldGen       total 786432K, used 24794K [0x00000006c0000000, 0x00000006f0000000, 0x000000076ab00000)
  object space 786432K, 3% used [0x00000006c0000000,0x00000006c1836910,0x00000006f0000000)
 Metaspace       used 33745K, capacity 35328K, committed 35496K, reserved 1079296K
  class space    used 4463K, capacity 4758K, committed 4864K, reserved 1048576K
}
Event: 33.796 GC heap before
{Heap before GC invocations=5 (full 2):
 PSYoungGen      total 305664K, used 262144K [0x000000076ab00000, 0x0000000783300000, 0x00000007c0000000)
  eden space 262144K, 100% used [0x000000076ab00000,0x000000077ab00000,0x000000077ab00000)
  from space 43520K, 0% used [0x000000077d580000,0x000000077d580000,0x0000000780000000)
  to   space 43520K, 0% used [0x000000077ab00000,0x000000077ab00000,0x000000077d580000)
 ParOldGen       total 786432K, used 24794K [0x00000006c0000000, 0x00000006f0000000, 0x000000076ab00000)
  object space 786432K, 3% used [0x00000006c0000000,0x00000006c1836910,0x00000006f0000000)
 Metaspace       used 35551K, capacity 37254K, committed 37504K, reserved 1081344K
  class space    used 4639K, capacity 4963K, committed 4992K, reserved 1048576K
Event: 33.818 GC heap after
Heap after GC invocations=5 (full 2):
 PSYoungGen      total 305664K, used 43517K [0x000000076ab00000, 0x0000000788200000, 0x00000007c0000000)
  eden space 262144K, 0% used [0x000000076ab00000,0x000000076ab00000,0x000000077ab00000)
  from space 43520K, 99% used [0x000000077ab00000,0x000000077d57f4c8,0x000000077d580000)
  to   space 43520K, 0% used [0x0000000785780000,0x0000000785780000,0x0000000788200000)
 ParOldGen       total 786432K, used 33430K [0x00000006c0000000, 0x00000006f0000000, 0x000000076ab00000)
  object space 786432K, 4% used [0x00000006c0000000,0x00000006c20a5810,0x00000006f0000000)
 Metaspace       used 35551K, capacity 37254K, committed 37504K, reserved 1081344K
  class space    used 4639K, capacity 4963K, committed 4992K, reserved 1048576K
}

Deoptimization events (0 events):
No events

Classes redefined (0 events):
No events

Internal exceptions (10 events):
Event: 8.823 Thread 0x000001c0445fb000 Exception <a 'java/lang/ArrayIndexOutOfBoundsException'> (0x0000000774729b00) thrown at [C:\jenkins\workspace\8-2-build-windows-amd64-cygwin\jdk8u261\295\hotspot\src\share\vm\runtime\sharedRuntime.cpp, line 605]
Event: 8.823 Thread 0x000001c0445fb000 Exception <a 'java/lang/ArrayIndexOutOfBoundsException'> (0x000000077472c8e8) thrown at [C:\jenkins\workspace\8-2-build-windows-amd64-cygwin\jdk8u261\295\hotspot\src\share\vm\runtime\sharedRuntime.cpp, line 605]
Event: 8.824 Thread 0x000001c0445fb000 Exception <a 'java/lang/ArrayIndexOutOfBoundsException'> (0x000000077472f4f8) thrown at [C:\jenkins\workspace\8-2-build-windows-amd64-cygwin\jdk8u261\295\hotspot\src\share\vm\runtime\sharedRuntime.cpp, line 605]
Event: 8.830 Thread 0x000001c0445fb000 Exception <a 'java/lang/ArrayIndexOutOfBoundsException'> (0x00000007747583b8) thrown at [C:\jenkins\workspace\8-2-build-windows-amd64-cygwin\jdk8u261\295\hotspot\src\share\vm\runtime\sharedRuntime.cpp, line 605]
Event: 8.957 Thread 0x000001c0445fb000 Exception <a 'java/lang/ArrayIndexOutOfBoundsException'> (0x0000000774cd44f8) thrown at [C:\jenkins\workspace\8-2-build-windows-amd64-cygwin\jdk8u261\295\hotspot\src\share\vm\runtime\sharedRuntime.cpp, line 605]
Event: 8.991 Thread 0x000001c0445fb000 Exception <a 'java/lang/ArrayIndexOutOfBoundsException'> (0x0000000774ea9498) thrown at [C:\jenkins\workspace\8-2-build-windows-amd64-cygwin\jdk8u261\295\hotspot\src\share\vm\runtime\sharedRuntime.cpp, line 605]
Event: 9.047 Thread 0x000001c0445fb000 Exception <a 'java/lang/ArrayIndexOutOfBoundsException'> (0x0000000775100110) thrown at [C:\jenkins\workspace\8-2-build-windows-amd64-cygwin\jdk8u261\295\hotspot\src\share\vm\runtime\sharedRuntime.cpp, line 605]
Event: 9.047 Thread 0x000001c0445fb000 Exception <a 'java/lang/ArrayIndexOutOfBoundsException'> (0x00000007751010d0) thrown at [C:\jenkins\workspace\8-2-build-windows-amd64-cygwin\jdk8u261\295\hotspot\src\share\vm\runtime\sharedRuntime.cpp, line 605]
Event: 9.047 Thread 0x000001c0445fb000 Exception <a 'java/lang/ArrayIndexOutOfBoundsException'> (0x0000000775103138) thrown at [C:\jenkins\workspace\8-2-build-windows-amd64-cygwin\jdk8u261\295\hotspot\src\share\vm\runtime\sharedRuntime.cpp, line 605]
Event: 30.311 Thread 0x000001c061645800 Exception <a 'java/io/FileNotFoundException'> (0x0000000776a45408) thrown at [C:\jenkins\workspace\8-2-build-windows-amd64-cygwin\jdk8u261\295\hotspot\src\share\vm\prims\jni.cpp, line 710]

Events (10 events):
Event: 34.119 Executing VM operation: RevokeBias done
Event: 34.119 Thread 0x000001c06135d800 Thread exited: 0x000001c06135d800
Event: 34.120 Executing VM operation: RevokeBias
Event: 34.120 Executing VM operation: RevokeBias done
Event: 34.120 Thread 0x000001c06135c800 Thread exited: 0x000001c06135c800
Event: 35.933 Thread 0x000001c06158a800 flushing nmethod 0x000001c046279290
Event: 37.097 Thread 0x000001c06158a800 flushing nmethod 0x000001c0463523d0
Event: 37.991 Thread 0x000001c06158a800 flushing nmethod 0x000001c0463a7790
Event: 37.991 Thread 0x000001c06158a800 flushing nmethod 0x000001c0463acb50
Event: 51.103 Thread 0x000001c06158a800 flushing nmethod 0x000001c0465e6650


Dynamic libraries:
0x00007ff659db0000 - 0x00007ff659df7000 	C:\Program Files\Java\jdk1.8.0_261\bin\java.exe
0x00007ffb82d00000 - 0x00007ffb82ef0000 	C:\WINDOWS\SYSTEM32\ntdll.dll
0x00007ffb81320000 - 0x00007ffb813d2000 	C:\WINDOWS\System32\KERNEL32.DLL
0x00007ffb7ffe0000 - 0x00007ffb80285000 	C:\WINDOWS\System32\KERNELBASE.dll
0x00007ffb819e0000 - 0x00007ffb81a83000 	C:\WINDOWS\System32\ADVAPI32.dll
0x00007ffb81dc0000 - 0x00007ffb81e5e000 	C:\WINDOWS\System32\msvcrt.dll
0x00007ffb82340000 - 0x00007ffb823d7000 	C:\WINDOWS\System32\sechost.dll
0x00007ffb81440000 - 0x00007ffb81560000 	C:\WINDOWS\System32\RPCRT4.dll
0x00007ffb81770000 - 0x00007ffb81904000 	C:\WINDOWS\System32\USER32.dll
0x00007ffb7fee0000 - 0x00007ffb7ff01000 	C:\WINDOWS\System32\win32u.dll
0x00007ffb812f0000 - 0x00007ffb81316000 	C:\WINDOWS\System32\GDI32.dll
0x00007ffb80aa0000 - 0x00007ffb80c36000 	C:\WINDOWS\System32\gdi32full.dll
0x00007ffb80d10000 - 0x00007ffb80dae000 	C:\WINDOWS\System32\msvcp_win.dll
0x00007ffb7fde0000 - 0x00007ffb7feda000 	C:\WINDOWS\System32\ucrtbase.dll
0x00007ffb63430000 - 0x00007ffb636b4000 	C:\WINDOWS\WinSxS\amd64_microsoft.windows.common-controls_6595b64144ccf1df_6.0.18362.1139_none_9e7bf2d3e4605ac6\COMCTL32.dll
0x00007ffb80db0000 - 0x00007ffb810e5000 	C:\WINDOWS\System32\combase.dll
0x00007ffb80c40000 - 0x00007ffb80cc0000 	C:\WINDOWS\System32\bcryptPrimitives.dll
0x00007ffb823f0000 - 0x00007ffb8241e000 	C:\WINDOWS\System32\IMM32.DLL
0x00007ffb4d840000 - 0x00007ffb4d855000 	C:\Program Files\Java\jdk1.8.0_261\jre\bin\vcruntime140.dll
0x00007ffb0ec30000 - 0x00007ffb0eccb000 	C:\Program Files\Java\jdk1.8.0_261\jre\bin\msvcp140.dll
0x000000006e300000 - 0x000000006eb6c000 	C:\Program Files\Java\jdk1.8.0_261\jre\bin\server\jvm.dll
0x00007ffb81b50000 - 0x00007ffb81b58000 	C:\WINDOWS\System32\PSAPI.DLL
0x00007ffb70050000 - 0x00007ffb70074000 	C:\WINDOWS\SYSTEM32\WINMM.dll
0x00007ffb65770000 - 0x00007ffb65779000 	C:\WINDOWS\SYSTEM32\WSOCK32.dll
0x00007ffb7ec70000 - 0x00007ffb7ec7a000 	C:\WINDOWS\SYSTEM32\VERSION.dll
0x00007ffb81e60000 - 0x00007ffb81ecf000 	C:\WINDOWS\System32\WS2_32.dll
0x00007ffb70010000 - 0x00007ffb7003d000 	C:\WINDOWS\SYSTEM32\winmmbase.dll
0x00007ffb80cc0000 - 0x00007ffb80d0a000 	C:\WINDOWS\System32\cfgmgr32.dll
0x00007ffb7fc50000 - 0x00007ffb7fc61000 	C:\WINDOWS\System32\kernel.appcore.dll
0x00007ffb524c0000 - 0x00007ffb524d0000 	C:\Program Files\Java\jdk1.8.0_261\jre\bin\verify.dll
0x00007ffb3a520000 - 0x00007ffb3a54b000 	C:\Program Files\Java\jdk1.8.0_261\jre\bin\java.dll
0x00007ffb5a3a0000 - 0x00007ffb5a3d6000 	C:\Program Files\Java\jdk1.8.0_261\jre\bin\jdwp.dll
0x00007ffb7c330000 - 0x00007ffb7c339000 	C:\Program Files\Java\jdk1.8.0_261\jre\bin\npt.dll
0x00007ffb5a310000 - 0x00007ffb5a342000 	C:\Program Files\Java\jdk1.8.0_261\jre\bin\instrument.dll
0x00007ffb48d30000 - 0x00007ffb48d48000 	C:\Program Files\Java\jdk1.8.0_261\jre\bin\zip.dll
0x00007ffb825d0000 - 0x00007ffb82cb7000 	C:\WINDOWS\System32\SHELL32.dll
0x00007ffb81a90000 - 0x00007ffb81b39000 	C:\WINDOWS\System32\shcore.dll
0x00007ffb80290000 - 0x00007ffb80a10000 	C:\WINDOWS\System32\windows.storage.dll
0x00007ffb7fbd0000 - 0x00007ffb7fbf3000 	C:\WINDOWS\System32\profapi.dll
0x00007ffb7fc00000 - 0x00007ffb7fc4a000 	C:\WINDOWS\System32\powrprof.dll
0x00007ffb7fbc0000 - 0x00007ffb7fbd0000 	C:\WINDOWS\System32\UMPDC.dll
0x00007ffb81290000 - 0x00007ffb812e2000 	C:\WINDOWS\System32\shlwapi.dll
0x00007ffb7ffc0000 - 0x00007ffb7ffd7000 	C:\WINDOWS\System32\cryptsp.dll
0x00007ffb7c2a0000 - 0x00007ffb7c2aa000 	C:\Program Files\Java\jdk1.8.0_261\jre\bin\dt_socket.dll
0x00007ffb7f410000 - 0x00007ffb7f477000 	C:\WINDOWS\system32\mswsock.dll
0x00007ffb3b880000 - 0x00007ffb3b89c000 	C:\Program Files\Java\jdk1.8.0_261\jre\bin\net.dll
0x00007ffb7f160000 - 0x00007ffb7f22b000 	C:\WINDOWS\SYSTEM32\DNSAPI.dll
0x00007ffb823e0000 - 0x00007ffb823e8000 	C:\WINDOWS\System32\NSI.dll
0x00007ffb7f0c0000 - 0x00007ffb7f0fa000 	C:\WINDOWS\SYSTEM32\IPHLPAPI.DLL
0x00007ffb799f0000 - 0x00007ffb799fa000 	C:\Windows\System32\rasadhlp.dll
0x00007ffb74e40000 - 0x00007ffb74eb7000 	C:\WINDOWS\System32\fwpuclnt.dll
0x00007ffb80a10000 - 0x00007ffb80a36000 	C:\WINDOWS\System32\bcrypt.dll
0x00007ffb4ec80000 - 0x00007ffb4ec8d000 	C:\Program Files\Java\jdk1.8.0_261\jre\bin\management.dll
0x00007ffb33a50000 - 0x00007ffb33a63000 	C:\Program Files\Java\jdk1.8.0_261\jre\bin\nio.dll
0x00007ffb7ef20000 - 0x00007ffb7ef53000 	C:\WINDOWS\system32\rsaenh.dll
0x00007ffb7faa0000 - 0x00007ffb7fac5000 	C:\WINDOWS\SYSTEM32\USERENV.dll
0x00007ffb7f5e0000 - 0x00007ffb7f5ec000 	C:\WINDOWS\SYSTEM32\CRYPTBASE.dll
0x00007ffb76b80000 - 0x00007ffb76b96000 	C:\WINDOWS\SYSTEM32\dhcpcsvc6.DLL
0x00007ffb780f0000 - 0x00007ffb7810c000 	C:\WINDOWS\SYSTEM32\dhcpcsvc.DLL
0x00007ffb60340000 - 0x00007ffb60356000 	C:\WINDOWS\system32\napinsp.dll
0x00007ffb602e0000 - 0x00007ffb602fa000 	C:\WINDOWS\system32\pnrpnsp.dll
0x00007ffb62800000 - 0x00007ffb6280e000 	C:\WINDOWS\System32\winrnr.dll
0x00007ffb7c230000 - 0x00007ffb7c24c000 	C:\WINDOWS\system32\NLAapi.dll
0x00007ffb7b430000 - 0x00007ffb7b445000 	C:\WINDOWS\system32\wshbth.dll
0x0000000180000000 - 0x000000018000b000 	C:\Windows\SysWOW64\jnisgfplib.dll
0x000000006f610000 - 0x000000006f6b3000 	C:\WINDOWS\WinSxS\amd64_microsoft.vc90.crt_1fc8b3b9a1e18e3b_9.0.30729.9619_none_08e065a3a84109b0\MSVCR90.dll
0x00007ffb54980000 - 0x00007ffb549bc000 	C:\windows\SysWOW64\sgfplib.dll
0x00007ffb81ed0000 - 0x00007ffb82340000 	C:\WINDOWS\System32\SETUPAPI.dll
0x00007ffb5a2f0000 - 0x00007ffb5a308000 	C:\windows\SysWOW64\sgwsqlib.dll
0x00007ffb81c60000 - 0x00007ffb81db7000 	C:\WINDOWS\System32\ole32.dll
0x00007ffb81560000 - 0x00007ffb81625000 	C:\WINDOWS\System32\OLEAUT32.dll
0x00007ffb7bde0000 - 0x00007ffb7bed0000 	C:\WINDOWS\SYSTEM32\PROPSYS.dll
0x00007ffb66c90000 - 0x00007ffb66cc1000 	C:\WINDOWS\SYSTEM32\winbio.dll
0x00007ffb66eb0000 - 0x00007ffb66ebf000 	C:\WINDOWS\SYSTEM32\winbioext.dll
0x000001c064ac0000 - 0x000001c064b1f000 	C:\WINDOWS\SYSTEM32\sgfdu04x64.dll
0x00007ffb62d80000 - 0x00007ffb62e09000 	C:\WINDOWS\SYSTEM32\WINSPOOL.DRV
0x0000000010000000 - 0x0000000010033000 	C:\WINDOWS\SYSTEM32\sgfpaMX.dll
0x00007ffb37720000 - 0x00007ffb378b4000 	C:\Program Files\Java\jdk1.8.0_261\jre\bin\awt.dll
0x00007ffb7d8f0000 - 0x00007ffb7d97f000 	C:\WINDOWS\SYSTEM32\apphelp.dll
0x00007ffb7e410000 - 0x00007ffb7e604000 	C:\WINDOWS\SYSTEM32\dbghelp.dll

VM Arguments:
jvm_args: -agentlib:jdwp=transport=dt_socket,address=127.0.0.1:53592,suspend=y,server=n -Xms1024m -Xmx4096m -XX:MaxPermSize=1024m -XX:TieredStopAtLevel=1 -Xverify:none -Dspring.output.ansi.enabled=always -Dcom.sun.management.jmxremote -Dspring.jmx.enabled=true -Dspring.liveBeansView.mbeanDomain -Dspring.application.admin.enabled=true -javaagent:C:\Users\MGIC\AppData\Local\JetBrains\IntelliJIdea2020.1\captureAgent\debugger-agent.jar -Dfile.encoding=UTF-8 
java_command: com.nmrs.umb.biometriclinux.main.BiometricLinuxApplication
java_class_path (initial): C:\Program Files\Java\jdk1.8.0_261\jre\lib\charsets.jar;C:\Program Files\Java\jdk1.8.0_261\jre\lib\deploy.jar;C:\Program Files\Java\jdk1.8.0_261\jre\lib\ext\access-bridge-64.jar;C:\Program Files\Java\jdk1.8.0_261\jre\lib\ext\cldrdata.jar;C:\Program Files\Java\jdk1.8.0_261\jre\lib\ext\dnsns.jar;C:\Program Files\Java\jdk1.8.0_261\jre\lib\ext\jaccess.jar;C:\Program Files\Java\jdk1.8.0_261\jre\lib\ext\jfxrt.jar;C:\Program Files\Java\jdk1.8.0_261\jre\lib\ext\localedata.jar;C:\Program Files\Java\jdk1.8.0_261\jre\lib\ext\nashorn.jar;C:\Program Files\Java\jdk1.8.0_261\jre\lib\ext\sunec.jar;C:\Program Files\Java\jdk1.8.0_261\jre\lib\ext\sunjce_provider.jar;C:\Program Files\Java\jdk1.8.0_261\jre\lib\ext\sunmscapi.jar;C:\Program Files\Java\jdk1.8.0_261\jre\lib\ext\sunpkcs11.jar;C:\Program Files\Java\jdk1.8.0_261\jre\lib\ext\zipfs.jar;C:\Program Files\Java\jdk1.8.0_261\jre\lib\javaws.jar;C:\Program Files\Java\jdk1.8.0_261\jre\lib\jce.jar;C:\Program Files\Java\jdk1.8.0_261\jre\lib\jfr.jar;C:\Program Files\Java\jdk1.8.0_261\jre\lib\jfxswt.jar;C:\Program Files\Java\jdk1.8.0_261\jre\lib\jsse.jar;C:\Program Files\Java\jdk1.8.0_261\jre\lib\management-agent.jar;C:\Program Files\Java\jdk1.8.0_261\jre\lib\plugin.jar;C:\Program Files\Java\jdk1.8.0_261\jre\lib\resources.jar;C:\Program Files\Java\jdk1.8.0_261\jre\lib\rt.jar;C:\MGIC\nmrs-biometric\target\classes;C:\Users\MGIC\.m2\repository\mysql\mysql-connector-java\8.0.15\mysql-connector-java-8.0.15.jar;C:\Users\MGIC\.m2\repository\org\springframework\boot\spring-boot-starter-web\2.1.2.RELEASE\spring-boot-starter-web-2.1.2.RELEASE.jar;C:\Users\MGIC\.m2\repository\org\springframework\boot\spring-boot-starter\2.1.2.RELEASE\spring-boot-starter-2.1.2.RELEASE.jar;C:\Users\MGIC\.m2\repository\org\springframework\boot\spring-boot\2.1.2.RELEASE\spring-boot-2.1.2.RELEASE.jar;C:\Users\MGIC\.m2\repository\org\springframework\boot\spring-boot-autoconfigure\2.1.2.RELEASE\spring-boot-autoconfigure-2.1.2.RELEASE.jar;C:\Users
Launcher Type: SUN_STANDARD

Environment Variables:
JAVA_HOME=C:\Program Files\Java\jdk1.8.0_271
PATH=C:\Program Files (x86)\Common Files\Oracle\Java\javapath;C:\WINDOWS\system32;C:\WINDOWS;C:\WINDOWS\System32\Wbem;C:\WINDOWS\System32\WindowsPowerShell\v1.0\;C:\WINDOWS\System32\OpenSSH\;C:\Program Files\Java\jdk1.8.0_271\bin;C:\Program Files\Git\cmd;C:\apache-maven-3.6.3\bin;C:\Program Files\MySQL\MySQL Server 5.7\bin;C:\Program Files\Git\bin;C:\Program Files\liquibase;C:\windows\SysWOW64;C:\Program Files\MySQL\MySQL Shell 8.0\bin\;C:\Users\MGIC\AppData\Local\Microsoft\WindowsApps;C:\Users\MGIC\AppData\Local\GitHubDesktop\bin;C:\Program Files\Java\jdk1.8.0_261\bin;C:\Users\MGIC\AppData\Local\Programs\Microsoft VS Code\bin;C:\apache-maven-3.6.3\bin;C:\Program Files\MySQL\MySQL Server 5.7\bin;C:\Program Files\Git\bin;C:\Program Files\liquibase;
USERNAME=MGIC
OS=Windows_NT
PROCESSOR_IDENTIFIER=Intel64 Family 6 Model 142 Stepping 12, GenuineIntel



---------------  S Y S T E M  ---------------

OS: Windows 10.0 , 64 bit Build 18362 (10.0.18362.1110)

CPU:total 8 (initial active 8) (4 cores per cpu, 2 threads per core) family 6 model 142 stepping 12, cmov, cx8, fxsr, mmx, sse, sse2, sse3, ssse3, sse4.1, sse4.2, popcnt, avx, avx2, aes, clmul, erms, 3dnowpref, lzcnt, ht, tsc, tscinvbit, bmi1, bmi2, adx

Memory: 4k page, physical 33356064k(16033288k free), swap 38336800k(9547300k free)

vm_info: Java HotSpot(TM) 64-Bit Server VM (25.261-b12) for windows-amd64 JRE (1.8.0_261-b12), built on Jun 18 2020 06:56:32 by "" with unknown MS VC++:1916

time: Wed Nov  4 19:32:51 2020
timezone: W. Central Africa Standard Time
elapsed time: 54 seconds (0d 0h 0m 54s)

